This is XeTeX, Version 3.141592653-2.6-0.999997 (TeX Live 2025) (preloaded format=xelatex 2026.1.18)  20 JAN 2026 20:27
entering extended mode
 restricted \write18 enabled.
 %&-line parsing enabled.
**languageAndCommunicationVocab.tex
(./languageAndCommunicationVocab.tex
LaTeX2e <2024-11-01> patch level 2
L3 programming layer <2025-01-18>
(./forumvocab.cls
Document Class: forumvocab 2026/01/19 v1.0 IELTS Vocabulary Document Class
(/usr/local/texlive/2025/texmf-dist/tex/latex/base/article.cls
Document Class: article 2024/06/29 v1.4n Standard LaTeX document class
(/usr/local/texlive/2025/texmf-dist/tex/latex/base/size12.clo
File: size12.clo 2024/06/29 v1.4n Standard LaTeX file (size option)
)
\c@part=\count192
\c@section=\count193
\c@subsection=\count194
\c@subsubsection=\count195
\c@paragraph=\count196
\c@subparagraph=\count197
\c@figure=\count198
\c@table=\count199
\abovecaptionskip=\skip49
\belowcaptionskip=\skip50
\bibindent=\dimen141
)
(/usr/local/texlive/2025/texmf-dist/tex/generic/babel/babel.sty
Package: babel 2025/02/14 v25.4 The multilingual framework for pdfLaTeX, LuaLaT
eX and XeLaTeX
\babel@savecnt=\count266
\U@D=\dimen142
\l@unhyphenated=\language90

(/usr/local/texlive/2025/texmf-dist/tex/generic/babel/xebabel.def)
\bbl@readstream=\read2
\bbl@dirlevel=\count267

(/usr/local/texlive/2025/texmf-dist/tex/generic/babel-english/english.ldf
Language: english 2017/06/06 v3.3r English support from the babel system
Package babel Info: Hyphen rules for 'canadian' set to \l@english
(babel)             (\language0). Reported on input line 102.
Package babel Info: Hyphen rules for 'australian' set to \l@ukenglish
(babel)             (\language22). Reported on input line 105.
Package babel Info: Hyphen rules for 'newzealand' set to \l@ukenglish
(babel)             (\language22). Reported on input line 108.
)
(/usr/local/texlive/2025/texmf-dist/tex/generic/babel-vietnamese/vietnamese.ldf
Language: vietnamese 
Package babel Info: Making " an active character on input line 147.
))
(/usr/local/texlive/2025/texmf-dist/tex/generic/babel/locale/vi/babel-vietnames
e.tex
Package babel Info: Importing font and identification data for vietnamese
(babel)             from babel-vi.ini. Reported on input line 11.
)
(/usr/local/texlive/2025/texmf-dist/tex/generic/babel/locale/en/babel-english.t
ex
Package babel Info: Importing font and identification data for english
(babel)             from babel-en.ini. Reported on input line 11.
) (/usr/local/texlive/2025/texmf-dist/tex/latex/geometry/geometry.sty
Package: geometry 2020/01/02 v5.9 Page Geometry

(/usr/local/texlive/2025/texmf-dist/tex/latex/graphics/keyval.sty
Package: keyval 2022/05/29 v1.15 key=value parser (DPC)
\KV@toks@=\toks17
)
(/usr/local/texlive/2025/texmf-dist/tex/generic/iftex/ifvtex.sty
Package: ifvtex 2019/10/25 v1.7 ifvtex legacy package. Use iftex instead.

(/usr/local/texlive/2025/texmf-dist/tex/generic/iftex/iftex.sty
Package: iftex 2024/12/12 v1.0g TeX engine tests
))
\Gm@cnth=\count268
\Gm@cntv=\count269
\c@Gm@tempcnt=\count270
\Gm@bindingoffset=\dimen143
\Gm@wd@mp=\dimen144
\Gm@odd@mp=\dimen145
\Gm@even@mp=\dimen146
\Gm@layoutwidth=\dimen147
\Gm@layoutheight=\dimen148
\Gm@layouthoffset=\dimen149
\Gm@layoutvoffset=\dimen150
\Gm@dimlist=\toks18
)
(/usr/local/texlive/2025/texmf-dist/tex/latex/fancyhdr/fancyhdr.sty
Package: fancyhdr 2025/02/07 v5.2 Extensive control of page headers and footers

\f@nch@headwidth=\skip51
\f@nch@offset@elh=\skip52
\f@nch@offset@erh=\skip53
\f@nch@offset@olh=\skip54
\f@nch@offset@orh=\skip55
\f@nch@offset@elf=\skip56
\f@nch@offset@erf=\skip57
\f@nch@offset@olf=\skip58
\f@nch@offset@orf=\skip59
\f@nch@height=\skip60
\f@nch@footalignment=\skip61
\f@nch@widthL=\skip62
\f@nch@widthC=\skip63
\f@nch@widthR=\skip64
\@temptokenb=\toks19
)
(/usr/local/texlive/2025/texmf-dist/tex/latex/tools/multicol.sty
Package: multicol 2024/09/14 v1.9i multicolumn formatting (FMi)
\c@tracingmulticols=\count271
\mult@box=\box52
\multicol@leftmargin=\dimen151
\c@unbalance=\count272
\c@collectmore=\count273
\doublecol@number=\count274
\multicoltolerance=\count275
\multicolpretolerance=\count276
\full@width=\dimen152
\page@free=\dimen153
\premulticols=\dimen154
\postmulticols=\dimen155
\multicolsep=\skip65
\multicolbaselineskip=\skip66
\partial@page=\box53
\last@line=\box54
\mc@boxedresult=\box55
\maxbalancingoverflow=\dimen156
\mult@rightbox=\box56
\mult@grightbox=\box57
\mult@firstbox=\box58
\mult@gfirstbox=\box59
\@tempa=\box60
\@tempa=\box61
\@tempa=\box62
\@tempa=\box63
\@tempa=\box64
\@tempa=\box65
\@tempa=\box66
\@tempa=\box67
\@tempa=\box68
\@tempa=\box69
\@tempa=\box70
\@tempa=\box71
\@tempa=\box72
\@tempa=\box73
\@tempa=\box74
\@tempa=\box75
\@tempa=\box76
\@tempa=\box77
\@tempa=\box78
\@tempa=\box79
\@tempa=\box80
\@tempa=\box81
\@tempa=\box82
\@tempa=\box83
\@tempa=\box84
\@tempa=\box85
\@tempa=\box86
\@tempa=\box87
\@tempa=\box88
\@tempa=\box89
\@tempa=\box90
\@tempa=\box91
\@tempa=\box92
\@tempa=\box93
\@tempa=\box94
\@tempa=\box95
\c@minrows=\count277
\c@columnbadness=\count278
\c@finalcolumnbadness=\count279
\last@try=\dimen157
\multicolovershoot=\dimen158
\multicolundershoot=\dimen159
\mult@nat@firstbox=\box96
\colbreak@box=\box97
\mc@col@check@num=\count280
)
(/usr/local/texlive/2025/texmf-dist/tex/latex/xcolor/xcolor.sty
Package: xcolor 2024/09/29 v3.02 LaTeX color extensions (UK)

(/usr/local/texlive/2025/texmf-dist/tex/latex/graphics-cfg/color.cfg
File: color.cfg 2016/01/02 v1.6 sample color configuration
)
Package xcolor Info: Driver file: xetex.def on input line 274.

(/usr/local/texlive/2025/texmf-dist/tex/latex/graphics-def/xetex.def
File: xetex.def 2022/09/22 v5.0n Graphics/color driver for xetex
)
(/usr/local/texlive/2025/texmf-dist/tex/latex/graphics/mathcolor.ltx)
Package xcolor Info: Model `cmy' substituted by `cmy0' on input line 1349.
Package xcolor Info: Model `RGB' extended on input line 1365.
Package xcolor Info: Model `HTML' substituted by `rgb' on input line 1367.
Package xcolor Info: Model `Hsb' substituted by `hsb' on input line 1368.
Package xcolor Info: Model `tHsb' substituted by `hsb' on input line 1369.
Package xcolor Info: Model `HSB' substituted by `hsb' on input line 1370.
Package xcolor Info: Model `Gray' substituted by `gray' on input line 1371.
Package xcolor Info: Model `wave' substituted by `hsb' on input line 1372.
)
(/usr/local/texlive/2025/texmf-dist/tex/latex/tcolorbox/tcolorbox.sty
Package: tcolorbox 2024/10/22 version 6.4.1 text color boxes

(/usr/local/texlive/2025/texmf-dist/tex/latex/pgf/frontendlayer/tikz.sty
(/usr/local/texlive/2025/texmf-dist/tex/latex/pgf/basiclayer/pgf.sty
(/usr/local/texlive/2025/texmf-dist/tex/latex/pgf/utilities/pgfrcs.sty
(/usr/local/texlive/2025/texmf-dist/tex/generic/pgf/utilities/pgfutil-common.te
x
\pgfutil@everybye=\toks20
\pgfutil@tempdima=\dimen160
\pgfutil@tempdimb=\dimen161
)
(/usr/local/texlive/2025/texmf-dist/tex/generic/pgf/utilities/pgfutil-latex.def
\pgfutil@abb=\box98
) (/usr/local/texlive/2025/texmf-dist/tex/generic/pgf/utilities/pgfrcs.code.tex
(/usr/local/texlive/2025/texmf-dist/tex/generic/pgf/pgf.revision.tex)
Package: pgfrcs 2023-01-15 v3.1.10 (3.1.10)
))
Package: pgf 2023-01-15 v3.1.10 (3.1.10)

(/usr/local/texlive/2025/texmf-dist/tex/latex/pgf/basiclayer/pgfcore.sty
(/usr/local/texlive/2025/texmf-dist/tex/latex/graphics/graphicx.sty
Package: graphicx 2021/09/16 v1.2d Enhanced LaTeX Graphics (DPC,SPQR)

(/usr/local/texlive/2025/texmf-dist/tex/latex/graphics/graphics.sty
Package: graphics 2024/08/06 v1.4g Standard LaTeX Graphics (DPC,SPQR)

(/usr/local/texlive/2025/texmf-dist/tex/latex/graphics/trig.sty
Package: trig 2023/12/02 v1.11 sin cos tan (DPC)
)
(/usr/local/texlive/2025/texmf-dist/tex/latex/graphics-cfg/graphics.cfg
File: graphics.cfg 2016/06/04 v1.11 sample graphics configuration
)
Package graphics Info: Driver file: xetex.def on input line 106.
)
\Gin@req@height=\dimen162
\Gin@req@width=\dimen163
)
(/usr/local/texlive/2025/texmf-dist/tex/latex/pgf/systemlayer/pgfsys.sty
(/usr/local/texlive/2025/texmf-dist/tex/generic/pgf/systemlayer/pgfsys.code.tex
Package: pgfsys 2023-01-15 v3.1.10 (3.1.10)
(/usr/local/texlive/2025/texmf-dist/tex/generic/pgf/utilities/pgfkeys.code.tex
\pgfkeys@pathtoks=\toks21
\pgfkeys@temptoks=\toks22

(/usr/local/texlive/2025/texmf-dist/tex/generic/pgf/utilities/pgfkeyslibraryfil
tered.code.tex
\pgfkeys@tmptoks=\toks23
))
\pgf@x=\dimen164
\pgf@y=\dimen165
\pgf@xa=\dimen166
\pgf@ya=\dimen167
\pgf@xb=\dimen168
\pgf@yb=\dimen169
\pgf@xc=\dimen170
\pgf@yc=\dimen171
\pgf@xd=\dimen172
\pgf@yd=\dimen173
\w@pgf@writea=\write3
\r@pgf@reada=\read3
\c@pgf@counta=\count281
\c@pgf@countb=\count282
\c@pgf@countc=\count283
\c@pgf@countd=\count284
\t@pgf@toka=\toks24
\t@pgf@tokb=\toks25
\t@pgf@tokc=\toks26
\pgf@sys@id@count=\count285

(/usr/local/texlive/2025/texmf-dist/tex/generic/pgf/systemlayer/pgf.cfg
File: pgf.cfg 2023-01-15 v3.1.10 (3.1.10)
)
Driver file for pgf: pgfsys-xetex.def

(/usr/local/texlive/2025/texmf-dist/tex/generic/pgf/systemlayer/pgfsys-xetex.de
f
File: pgfsys-xetex.def 2023-01-15 v3.1.10 (3.1.10)

(/usr/local/texlive/2025/texmf-dist/tex/generic/pgf/systemlayer/pgfsys-dvipdfmx
.def
File: pgfsys-dvipdfmx.def 2023-01-15 v3.1.10 (3.1.10)

(/usr/local/texlive/2025/texmf-dist/tex/generic/pgf/systemlayer/pgfsys-common-p
df.def
File: pgfsys-common-pdf.def 2023-01-15 v3.1.10 (3.1.10)
)
\pgfsys@objnum=\count286
)))
(/usr/local/texlive/2025/texmf-dist/tex/generic/pgf/systemlayer/pgfsyssoftpath.
code.tex
File: pgfsyssoftpath.code.tex 2023-01-15 v3.1.10 (3.1.10)
\pgfsyssoftpath@smallbuffer@items=\count287
\pgfsyssoftpath@bigbuffer@items=\count288
)
(/usr/local/texlive/2025/texmf-dist/tex/generic/pgf/systemlayer/pgfsysprotocol.
code.tex
File: pgfsysprotocol.code.tex 2023-01-15 v3.1.10 (3.1.10)
))
(/usr/local/texlive/2025/texmf-dist/tex/generic/pgf/basiclayer/pgfcore.code.tex
Package: pgfcore 2023-01-15 v3.1.10 (3.1.10)
(/usr/local/texlive/2025/texmf-dist/tex/generic/pgf/math/pgfmath.code.tex
(/usr/local/texlive/2025/texmf-dist/tex/generic/pgf/math/pgfmathutil.code.tex)
(/usr/local/texlive/2025/texmf-dist/tex/generic/pgf/math/pgfmathparser.code.tex
\pgfmath@dimen=\dimen174
\pgfmath@count=\count289
\pgfmath@box=\box99
\pgfmath@toks=\toks27
\pgfmath@stack@operand=\toks28
\pgfmath@stack@operation=\toks29
)
(/usr/local/texlive/2025/texmf-dist/tex/generic/pgf/math/pgfmathfunctions.code.
tex)
(/usr/local/texlive/2025/texmf-dist/tex/generic/pgf/math/pgfmathfunctions.basic
.code.tex)
(/usr/local/texlive/2025/texmf-dist/tex/generic/pgf/math/pgfmathfunctions.trigo
nometric.code.tex)
(/usr/local/texlive/2025/texmf-dist/tex/generic/pgf/math/pgfmathfunctions.rando
m.code.tex)
(/usr/local/texlive/2025/texmf-dist/tex/generic/pgf/math/pgfmathfunctions.compa
rison.code.tex)
(/usr/local/texlive/2025/texmf-dist/tex/generic/pgf/math/pgfmathfunctions.base.
code.tex)
(/usr/local/texlive/2025/texmf-dist/tex/generic/pgf/math/pgfmathfunctions.round
.code.tex)
(/usr/local/texlive/2025/texmf-dist/tex/generic/pgf/math/pgfmathfunctions.misc.
code.tex)
(/usr/local/texlive/2025/texmf-dist/tex/generic/pgf/math/pgfmathfunctions.integ
erarithmetics.code.tex)
(/usr/local/texlive/2025/texmf-dist/tex/generic/pgf/math/pgfmathcalc.code.tex)
(/usr/local/texlive/2025/texmf-dist/tex/generic/pgf/math/pgfmathfloat.code.tex
\c@pgfmathroundto@lastzeros=\count290
)) (/usr/local/texlive/2025/texmf-dist/tex/generic/pgf/math/pgfint.code.tex)
(/usr/local/texlive/2025/texmf-dist/tex/generic/pgf/basiclayer/pgfcorepoints.co
de.tex
File: pgfcorepoints.code.tex 2023-01-15 v3.1.10 (3.1.10)
\pgf@picminx=\dimen175
\pgf@picmaxx=\dimen176
\pgf@picminy=\dimen177
\pgf@picmaxy=\dimen178
\pgf@pathminx=\dimen179
\pgf@pathmaxx=\dimen180
\pgf@pathminy=\dimen181
\pgf@pathmaxy=\dimen182
\pgf@xx=\dimen183
\pgf@xy=\dimen184
\pgf@yx=\dimen185
\pgf@yy=\dimen186
\pgf@zx=\dimen187
\pgf@zy=\dimen188
)
(/usr/local/texlive/2025/texmf-dist/tex/generic/pgf/basiclayer/pgfcorepathconst
ruct.code.tex
File: pgfcorepathconstruct.code.tex 2023-01-15 v3.1.10 (3.1.10)
\pgf@path@lastx=\dimen189
\pgf@path@lasty=\dimen190
)
(/usr/local/texlive/2025/texmf-dist/tex/generic/pgf/basiclayer/pgfcorepathusage
.code.tex
File: pgfcorepathusage.code.tex 2023-01-15 v3.1.10 (3.1.10)
\pgf@shorten@end@additional=\dimen191
\pgf@shorten@start@additional=\dimen192
)
(/usr/local/texlive/2025/texmf-dist/tex/generic/pgf/basiclayer/pgfcorescopes.co
de.tex
File: pgfcorescopes.code.tex 2023-01-15 v3.1.10 (3.1.10)
\pgfpic=\box100
\pgf@hbox=\box101
\pgf@layerbox@main=\box102
\pgf@picture@serial@count=\count291
)
(/usr/local/texlive/2025/texmf-dist/tex/generic/pgf/basiclayer/pgfcoregraphicst
ate.code.tex
File: pgfcoregraphicstate.code.tex 2023-01-15 v3.1.10 (3.1.10)
\pgflinewidth=\dimen193
)
(/usr/local/texlive/2025/texmf-dist/tex/generic/pgf/basiclayer/pgfcoretransform
ations.code.tex
File: pgfcoretransformations.code.tex 2023-01-15 v3.1.10 (3.1.10)
\pgf@pt@x=\dimen194
\pgf@pt@y=\dimen195
\pgf@pt@temp=\dimen196
)
(/usr/local/texlive/2025/texmf-dist/tex/generic/pgf/basiclayer/pgfcorequick.cod
e.tex
File: pgfcorequick.code.tex 2023-01-15 v3.1.10 (3.1.10)
)
(/usr/local/texlive/2025/texmf-dist/tex/generic/pgf/basiclayer/pgfcoreobjects.c
ode.tex
File: pgfcoreobjects.code.tex 2023-01-15 v3.1.10 (3.1.10)
)
(/usr/local/texlive/2025/texmf-dist/tex/generic/pgf/basiclayer/pgfcorepathproce
ssing.code.tex
File: pgfcorepathprocessing.code.tex 2023-01-15 v3.1.10 (3.1.10)
)
(/usr/local/texlive/2025/texmf-dist/tex/generic/pgf/basiclayer/pgfcorearrows.co
de.tex
File: pgfcorearrows.code.tex 2023-01-15 v3.1.10 (3.1.10)
\pgfarrowsep=\dimen197
)
(/usr/local/texlive/2025/texmf-dist/tex/generic/pgf/basiclayer/pgfcoreshade.cod
e.tex
File: pgfcoreshade.code.tex 2023-01-15 v3.1.10 (3.1.10)
\pgf@max=\dimen198
\pgf@sys@shading@range@num=\count292
\pgf@shadingcount=\count293
)
(/usr/local/texlive/2025/texmf-dist/tex/generic/pgf/basiclayer/pgfcoreimage.cod
e.tex
File: pgfcoreimage.code.tex 2023-01-15 v3.1.10 (3.1.10)
)
(/usr/local/texlive/2025/texmf-dist/tex/generic/pgf/basiclayer/pgfcoreexternal.
code.tex
File: pgfcoreexternal.code.tex 2023-01-15 v3.1.10 (3.1.10)
\pgfexternal@startupbox=\box103
)
(/usr/local/texlive/2025/texmf-dist/tex/generic/pgf/basiclayer/pgfcorelayers.co
de.tex
File: pgfcorelayers.code.tex 2023-01-15 v3.1.10 (3.1.10)
)
(/usr/local/texlive/2025/texmf-dist/tex/generic/pgf/basiclayer/pgfcoretranspare
ncy.code.tex
File: pgfcoretransparency.code.tex 2023-01-15 v3.1.10 (3.1.10)
)
(/usr/local/texlive/2025/texmf-dist/tex/generic/pgf/basiclayer/pgfcorepatterns.
code.tex
File: pgfcorepatterns.code.tex 2023-01-15 v3.1.10 (3.1.10)
)
(/usr/local/texlive/2025/texmf-dist/tex/generic/pgf/basiclayer/pgfcorerdf.code.
tex
File: pgfcorerdf.code.tex 2023-01-15 v3.1.10 (3.1.10)
)))
(/usr/local/texlive/2025/texmf-dist/tex/generic/pgf/modules/pgfmoduleshapes.cod
e.tex
File: pgfmoduleshapes.code.tex 2023-01-15 v3.1.10 (3.1.10)
\pgfnodeparttextbox=\box104
)
(/usr/local/texlive/2025/texmf-dist/tex/generic/pgf/modules/pgfmoduleplot.code.
tex
File: pgfmoduleplot.code.tex 2023-01-15 v3.1.10 (3.1.10)
)
(/usr/local/texlive/2025/texmf-dist/tex/latex/pgf/compatibility/pgfcomp-version
-0-65.sty
Package: pgfcomp-version-0-65 2023-01-15 v3.1.10 (3.1.10)
\pgf@nodesepstart=\dimen199
\pgf@nodesepend=\dimen256
)
(/usr/local/texlive/2025/texmf-dist/tex/latex/pgf/compatibility/pgfcomp-version
-1-18.sty
Package: pgfcomp-version-1-18 2023-01-15 v3.1.10 (3.1.10)
))
(/usr/local/texlive/2025/texmf-dist/tex/latex/pgf/utilities/pgffor.sty
(/usr/local/texlive/2025/texmf-dist/tex/latex/pgf/utilities/pgfkeys.sty
(/usr/local/texlive/2025/texmf-dist/tex/generic/pgf/utilities/pgfkeys.code.tex)
) (/usr/local/texlive/2025/texmf-dist/tex/latex/pgf/math/pgfmath.sty
(/usr/local/texlive/2025/texmf-dist/tex/generic/pgf/math/pgfmath.code.tex))
(/usr/local/texlive/2025/texmf-dist/tex/generic/pgf/utilities/pgffor.code.tex
Package: pgffor 2023-01-15 v3.1.10 (3.1.10)
\pgffor@iter=\dimen257
\pgffor@skip=\dimen258
\pgffor@stack=\toks30
\pgffor@toks=\toks31
))
(/usr/local/texlive/2025/texmf-dist/tex/generic/pgf/frontendlayer/tikz/tikz.cod
e.tex
Package: tikz 2023-01-15 v3.1.10 (3.1.10)

(/usr/local/texlive/2025/texmf-dist/tex/generic/pgf/libraries/pgflibraryplothan
dlers.code.tex
File: pgflibraryplothandlers.code.tex 2023-01-15 v3.1.10 (3.1.10)
\pgf@plot@mark@count=\count294
\pgfplotmarksize=\dimen259
)
\tikz@lastx=\dimen260
\tikz@lasty=\dimen261
\tikz@lastxsaved=\dimen262
\tikz@lastysaved=\dimen263
\tikz@lastmovetox=\dimen264
\tikz@lastmovetoy=\dimen265
\tikzleveldistance=\dimen266
\tikzsiblingdistance=\dimen267
\tikz@figbox=\box105
\tikz@figbox@bg=\box106
\tikz@tempbox=\box107
\tikz@tempbox@bg=\box108
\tikztreelevel=\count295
\tikznumberofchildren=\count296
\tikznumberofcurrentchild=\count297
\tikz@fig@count=\count298

(/usr/local/texlive/2025/texmf-dist/tex/generic/pgf/modules/pgfmodulematrix.cod
e.tex
File: pgfmodulematrix.code.tex 2023-01-15 v3.1.10 (3.1.10)
\pgfmatrixcurrentrow=\count299
\pgfmatrixcurrentcolumn=\count300
\pgf@matrix@numberofcolumns=\count301
)
\tikz@expandcount=\count302

(/usr/local/texlive/2025/texmf-dist/tex/generic/pgf/frontendlayer/tikz/librarie
s/tikzlibrarytopaths.code.tex
File: tikzlibrarytopaths.code.tex 2023-01-15 v3.1.10 (3.1.10)
)))
(/usr/local/texlive/2025/texmf-dist/tex/latex/tools/verbatim.sty
Package: verbatim 2024-01-22 v1.5x LaTeX2e package for verbatim enhancements
\every@verbatim=\toks32
\verbatim@line=\toks33
\verbatim@in@stream=\read4
)
(/usr/local/texlive/2025/texmf-dist/tex/latex/environ/environ.sty
Package: environ 2014/05/04 v0.3 A new way to define environments

(/usr/local/texlive/2025/texmf-dist/tex/latex/trimspaces/trimspaces.sty
Package: trimspaces 2009/09/17 v1.1 Trim spaces around a token list
)
\@envbody=\toks34
)
(/usr/local/texlive/2025/texmf-dist/tex/latex/etoolbox/etoolbox.sty
Package: etoolbox 2025/02/11 v2.5l e-TeX tools for LaTeX (JAW)
\etb@tempcnta=\count303
)
\tcb@titlebox=\box109
\tcb@upperbox=\box110
\tcb@lowerbox=\box111
\tcb@phantombox=\box112
\c@tcbbreakpart=\count304
\c@tcblayer=\count305
\c@tcolorbox@number=\count306
\l__tcobox_tmpa_box=\box113
\l__tcobox_tmpa_dim=\dimen268
\tcb@temp=\box114
\tcb@temp=\box115
\tcb@temp=\box116
\tcb@temp=\box117
)
(/usr/local/texlive/2025/texmf-dist/tex/latex/eso-pic/eso-pic.sty
Package: eso-pic 2023/05/03 v3.0c eso-pic (RN)
\ESO@tempdima=\dimen269
\ESO@tempdimb=\dimen270
)
(/usr/local/texlive/2025/texmf-dist/tex/latex/fontspec/fontspec.sty
(/usr/local/texlive/2025/texmf-dist/tex/latex/l3packages/xparse/xparse.sty
(/usr/local/texlive/2025/texmf-dist/tex/latex/l3kernel/expl3.sty
Package: expl3 2025-01-18 L3 programming layer (loader) 

(/usr/local/texlive/2025/texmf-dist/tex/latex/l3backend/l3backend-xetex.def
File: l3backend-xetex.def 2024-05-08 L3 backend support: XeTeX
\g__graphics_track_int=\count307
\l__pdf_internal_box=\box118
\g__pdf_backend_annotation_int=\count308
\g__pdf_backend_link_int=\count309
))
Package: xparse 2024-08-16 L3 Experimental document command parser
)
Package: fontspec 2024/05/11 v2.9e Font selection for XeLaTeX and LuaLaTeX

(/usr/local/texlive/2025/texmf-dist/tex/latex/fontspec/fontspec-xetex.sty
Package: fontspec-xetex 2024/05/11 v2.9e Font selection for XeLaTeX and LuaLaTe
X
\l__fontspec_script_int=\count310
\l__fontspec_language_int=\count311
\l__fontspec_strnum_int=\count312
\l__fontspec_tmp_int=\count313
\l__fontspec_tmpa_int=\count314
\l__fontspec_tmpb_int=\count315
\l__fontspec_tmpc_int=\count316
\l__fontspec_em_int=\count317
\l__fontspec_emdef_int=\count318
\l__fontspec_strong_int=\count319
\l__fontspec_strongdef_int=\count320
\l__fontspec_tmpa_dim=\dimen271
\l__fontspec_tmpb_dim=\dimen272
\l__fontspec_tmpc_dim=\dimen273

(/usr/local/texlive/2025/texmf-dist/tex/latex/base/fontenc.sty
Package: fontenc 2021/04/29 v2.0v Standard LaTeX package
)
(/usr/local/texlive/2025/texmf-dist/tex/latex/fontspec/fontspec.cfg)))
(/usr/local/texlive/2025/texmf-dist/tex/generic/pgf/frontendlayer/tikz/librarie
s/tikzlibrarycalc.code.tex
File: tikzlibrarycalc.code.tex 2023-01-15 v3.1.10 (3.1.10)
)

Package fontspec Info: 
(fontspec)             Font family 'LatinModernRoman(0)' created for font
(fontspec)             'Latin Modern Roman' with options
(fontspec)             [Ligatures=TeX,Path=../../font/latin-modern-roman/,Exten
sion=.otf,UprightFont=lmroman10-regular,BoldFont=lmroman10-bold,ItalicFont=lmro
man10-italic,BoldItalicFont=lmroman10-bolditalic].
(fontspec)              
(fontspec)              This font family consists of the following NFSS
(fontspec)             series/shapes:
(fontspec)              
(fontspec)             - 'normal' (m/n) with NFSS spec.:
(fontspec)             <->"[../../font/latin-modern-roman/lmroman10-regular.otf
]/OT:script=latn;language=dflt;mapping=tex-text;"
(fontspec)             - 'bold' (b/n) with NFSS spec.:
(fontspec)             <->"[../../font/latin-modern-roman/lmroman10-bold.otf]/O
T:script=latn;language=dflt;mapping=tex-text;"
(fontspec)             - 'italic' (m/it) with NFSS spec.:
(fontspec)             <->"[../../font/latin-modern-roman/lmroman10-italic.otf]
/OT:script=latn;language=dflt;mapping=tex-text;"
(fontspec)             - 'bold italic' (b/it) with NFSS spec.:
(fontspec)             <->"[../../font/latin-modern-roman/lmroman10-bolditalic.
otf]/OT:script=latn;language=dflt;mapping=tex-text;"


Package fontspec Info: 
(fontspec)             Font family 'LatinModernSans(0)' created for font
(fontspec)             'Latin Modern Sans' with options
(fontspec)             [Ligatures=TeX,Path=../../font/Latin-Modern-Sans/,Extens
ion=.otf,UprightFont=lmsans10-regular,BoldFont=lmsans10-bold,ItalicFont=lmsans1
0-oblique,BoldItalicFont=lmsans10-boldoblique].
(fontspec)              
(fontspec)              This font family consists of the following NFSS
(fontspec)             series/shapes:
(fontspec)              
(fontspec)             - 'normal' (m/n) with NFSS spec.:
(fontspec)             <->"[../../font/Latin-Modern-Sans/lmsans10-regular.otf]/
OT:script=latn;language=dflt;mapping=tex-text;"
(fontspec)             - 'bold' (b/n) with NFSS spec.:
(fontspec)             <->"[../../font/Latin-Modern-Sans/lmsans10-bold.otf]/OT:
script=latn;language=dflt;mapping=tex-text;"
(fontspec)             - 'italic' (m/it) with NFSS spec.:
(fontspec)             <->"[../../font/Latin-Modern-Sans/lmsans10-oblique.otf]/
OT:script=latn;language=dflt;mapping=tex-text;"
(fontspec)             - 'bold italic' (b/it) with NFSS spec.:
(fontspec)             <->"[../../font/Latin-Modern-Sans/lmsans10-boldoblique.o
tf]/OT:script=latn;language=dflt;mapping=tex-text;"


Package fontspec Info: 
(fontspec)             Font family 'UTM-Impact.ttf(0)' created for font
(fontspec)             'UTM-Impact.ttf' with options [Path = ./,Extension =
(fontspec)             .ttf,UprightFont = UTM-Impact].
(fontspec)              
(fontspec)              This font family consists of the following NFSS
(fontspec)             series/shapes:
(fontspec)              
(fontspec)             - 'normal' (m/n) with NFSS spec.:
(fontspec)             <->"[./UTM-Impact.ttf]/OT:language=dflt;"


Package fontspec Info: 
(fontspec)             Times New Roman scale = 0.9636299023440277.


Package fontspec Info: 
(fontspec)             Times New Roman scale = 0.9636299023440277.


Package fontspec Info: 
(fontspec)             Times New Roman/B scale = 0.9440481727713549.


Package fontspec Info: 
(fontspec)             Times New Roman/I scale = 1.001912475428977.


Package fontspec Info: 
(fontspec)             Times New Roman/BI scale = 0.9818519945425632.


Package fontspec Info: 
(fontspec)             Font family 'TimesNewRoman(0)' created for font 'Times
(fontspec)             New Roman' with options [Scale=MatchLowercase].
(fontspec)              
(fontspec)              This font family consists of the following NFSS
(fontspec)             series/shapes:
(fontspec)              
(fontspec)             - 'normal' (m/n) with NFSS spec.:
(fontspec)             <->s*[0.9636299023440277]"Times New
(fontspec)             Roman/OT:script=latn;language=dflt;"
(fontspec)             - 'bold' (b/n) with NFSS spec.:
(fontspec)             <->s*[0.9440481727713549]"Times New
(fontspec)             Roman/B/OT:script=latn;language=dflt;"
(fontspec)             - 'italic' (m/it) with NFSS spec.:
(fontspec)             <->s*[1.001912475428977]"Times New
(fontspec)             Roman/I/OT:script=latn;language=dflt;"
(fontspec)             - 'bold italic' (b/it) with NFSS spec.:
(fontspec)             <->s*[0.9818519945425632]"Times New
(fontspec)             Roman/BI/OT:script=latn;language=dflt;"

) (./languageAndCommunicationVocab.aux)
\openout1 = `languageAndCommunicationVocab.aux'.

LaTeX Font Info:    Checking defaults for OML/cmm/m/it on input line 11.
LaTeX Font Info:    ... okay on input line 11.
LaTeX Font Info:    Checking defaults for OMS/cmsy/m/n on input line 11.
LaTeX Font Info:    ... okay on input line 11.
LaTeX Font Info:    Checking defaults for OT1/cmr/m/n on input line 11.
LaTeX Font Info:    ... okay on input line 11.
LaTeX Font Info:    Checking defaults for T1/cmr/m/n on input line 11.
LaTeX Font Info:    ... okay on input line 11.
LaTeX Font Info:    Checking defaults for TS1/cmr/m/n on input line 11.
LaTeX Font Info:    ... okay on input line 11.
LaTeX Font Info:    Checking defaults for TU/lmr/m/n on input line 11.
LaTeX Font Info:    ... okay on input line 11.
LaTeX Font Info:    Checking defaults for OMX/cmex/m/n on input line 11.
LaTeX Font Info:    ... okay on input line 11.
LaTeX Font Info:    Checking defaults for U/cmr/m/n on input line 11.
LaTeX Font Info:    ... okay on input line 11.

*geometry* driver: auto-detecting
*geometry* detected driver: xetex
*geometry* verbose mode - [ preamble ] result:
* driver: xetex
* paper: a4paper
* layout: <same size as paper>
* layoutoffset:(h,v)=(0.0pt,0.0pt)
* modes: includehead includefoot 
* h-part:(L,W,R)=(56.9055pt, 483.69687pt, 56.9055pt)
* v-part:(T,H,B)=(0.0pt, 845.04684pt, 0.0pt)
* \paperwidth=597.50787pt
* \paperheight=845.04684pt
* \textwidth=483.69687pt
* \textheight=727.36772pt
* \oddsidemargin=-15.36449pt
* \evensidemargin=-15.36449pt
* \topmargin=-72.26999pt
* \headheight=40.0pt
* \headsep=25.0pt
* \topskip=12.0pt
* \footskip=42.67912pt
* \marginparwidth=35.0pt
* \marginparsep=10.0pt
* \columnsep=42.67912pt
* \skip\footins=10.8pt plus 4.0pt minus 2.0pt
* \hoffset=0.0pt
* \voffset=0.0pt
* \mag=1000
* \@twocolumnfalse
* \@twosidefalse
* \@mparswitchfalse
* \@reversemarginfalse
* (1in=72.27pt=25.4mm, 1cm=28.453pt)


Package fontspec Info: 
(fontspec)             Adjusting the maths setup (use [no-math] to avoid
(fontspec)             this).

\symlegacymaths=\mathgroup4
LaTeX Font Info:    Overwriting symbol font `legacymaths' in version `bold'
(Font)                  OT1/cmr/m/n --> OT1/cmr/bx/n on input line 11.
LaTeX Font Info:    Redeclaring math accent \acute on input line 11.
LaTeX Font Info:    Redeclaring math accent \grave on input line 11.
LaTeX Font Info:    Redeclaring math accent \ddot on input line 11.
LaTeX Font Info:    Redeclaring math accent \tilde on input line 11.
LaTeX Font Info:    Redeclaring math accent \bar on input line 11.
LaTeX Font Info:    Redeclaring math accent \breve on input line 11.
LaTeX Font Info:    Redeclaring math accent \check on input line 11.
LaTeX Font Info:    Redeclaring math accent \hat on input line 11.
LaTeX Font Info:    Redeclaring math accent \dot on input line 11.
LaTeX Font Info:    Redeclaring math accent \mathring on input line 11.
LaTeX Font Info:    Redeclaring math symbol \colon on input line 11.
LaTeX Font Info:    Redeclaring math symbol \Gamma on input line 11.
LaTeX Font Info:    Redeclaring math symbol \Delta on input line 11.
LaTeX Font Info:    Redeclaring math symbol \Theta on input line 11.
LaTeX Font Info:    Redeclaring math symbol \Lambda on input line 11.
LaTeX Font Info:    Redeclaring math symbol \Xi on input line 11.
LaTeX Font Info:    Redeclaring math symbol \Pi on input line 11.
LaTeX Font Info:    Redeclaring math symbol \Sigma on input line 11.
LaTeX Font Info:    Redeclaring math symbol \Upsilon on input line 11.
LaTeX Font Info:    Redeclaring math symbol \Phi on input line 11.
LaTeX Font Info:    Redeclaring math symbol \Psi on input line 11.
LaTeX Font Info:    Redeclaring math symbol \Omega on input line 11.
LaTeX Font Info:    Redeclaring math symbol \mathdollar on input line 11.
LaTeX Font Info:    Redeclaring symbol font `operators' on input line 11.
LaTeX Font Info:    Encoding `OT1' has changed to `TU' for symbol font
(Font)              `operators' in the math version `normal' on input line 11.
LaTeX Font Info:    Overwriting symbol font `operators' in version `normal'
(Font)                  OT1/cmr/m/n --> TU/LatinModernRoman(0)/m/n on input lin
e 11.
LaTeX Font Info:    Encoding `OT1' has changed to `TU' for symbol font
(Font)              `operators' in the math version `bold' on input line 11.
LaTeX Font Info:    Overwriting symbol font `operators' in version `bold'
(Font)                  OT1/cmr/bx/n --> TU/LatinModernRoman(0)/m/n on input li
ne 11.
LaTeX Font Info:    Overwriting symbol font `operators' in version `normal'
(Font)                  TU/LatinModernRoman(0)/m/n --> TU/LatinModernRoman(0)/m
/n on input line 11.
LaTeX Font Info:    Overwriting math alphabet `\mathit' in version `normal'
(Font)                  OT1/cmr/m/it --> TU/LatinModernRoman(0)/m/it on input l
ine 11.
LaTeX Font Info:    Overwriting math alphabet `\mathbf' in version `normal'
(Font)                  OT1/cmr/bx/n --> TU/LatinModernRoman(0)/b/n on input li
ne 11.
LaTeX Font Info:    Overwriting math alphabet `\mathsf' in version `normal'
(Font)                  OT1/cmss/m/n --> TU/LatinModernSans(0)/m/n on input lin
e 11.
LaTeX Font Info:    Overwriting math alphabet `\mathtt' in version `normal'
(Font)                  OT1/cmtt/m/n --> TU/lmtt/m/n on input line 11.
LaTeX Font Info:    Overwriting symbol font `operators' in version `bold'
(Font)                  TU/LatinModernRoman(0)/m/n --> TU/LatinModernRoman(0)/b
/n on input line 11.
LaTeX Font Info:    Overwriting math alphabet `\mathit' in version `bold'
(Font)                  OT1/cmr/bx/it --> TU/LatinModernRoman(0)/b/it on input 
line 11.
LaTeX Font Info:    Overwriting math alphabet `\mathsf' in version `bold'
(Font)                  OT1/cmss/bx/n --> TU/LatinModernSans(0)/b/n on input li
ne 11.
LaTeX Font Info:    Overwriting math alphabet `\mathtt' in version `bold'
(Font)                  OT1/cmtt/m/n --> TU/lmtt/b/n on input line 11.
(./data.tex
LaTeX Font Info:    Font shape `TU/TimesNewRoman(0)/m/n' will be
(Font)              scaled to size 11.56348pt on input line 9.
LaTeX Font Info:    Font shape `TU/TimesNewRoman(0)/m/it' will be
(Font)              scaled to size 12.02289pt on input line 9.

Underfull \hbox (badness 10000) in paragraph at lines 9--9
[]\TU/LatinModernSans(0)/b/n/14.4 Linguistics[] \TU/TimesNewRoman(0)/m/it/12 /l
ɪŋˈɡwɪstɪks/ (n) \TU/LatinModernRoman(0)/m/n/12 — The
 []


Underfull \hbox (badness 5771) in paragraph at lines 9--9
\TU/LatinModernRoman(0)/m/n/12 scientific study of language and its
 []


Underfull \hbox (badness 10000) in paragraph at lines 9--9
[]\TU/LatinModernRoman(0)/b/it/12 Example: \TU/LatinModernRoman(0)/m/it/12 Ling
uistics explores how
 []


Overfull \hbox (5.36575pt too wide) in paragraph at lines 15--15
[]\TU/LatinModernSans(0)/b/n/14.4 Bilingual[] \TU/TimesNewRoman(0)/m/it/12 /ˌba
ɪˈlɪŋɡwəl/ (adj) \TU/LatinModernRoman(0)/m/n/12 — Speaking
 []


Underfull \hbox (badness 10000) in paragraph at lines 21--21
[]\TU/LatinModernSans(0)/b/n/14.4 Communication[] \TU/TimesNewRoman(0)/m/it/12 
/kəˌmjuːnɪˈkeɪʃn/ (n)
 []


Underfull \hbox (badness 10000) in paragraph at lines 21--21
\TU/LatinModernRoman(0)/m/n/12 — The imparting or exchanging of
 []


Underfull \hbox (badness 10000) in paragraph at lines 27--27
[]\TU/LatinModernSans(0)/b/n/14.4 Vocabulary[] \TU/TimesNewRoman(0)/m/it/12 /və
ˈkæbjəleri/ (n) \TU/LatinModernRoman(0)/m/n/12 — The
 []


Underfull \hbox (badness 10000) in paragraph at lines 33--33
\TU/LatinModernRoman(0)/m/it/12 for writing clear and professional
 []


Underfull \hbox (badness 10000) in paragraph at lines 45--45
[]\TU/LatinModernRoman(0)/b/it/12 Example: \TU/LatinModernRoman(0)/m/it/12 Phon
etics helps language
 []


Underfull \hbox (badness 10000) in paragraph at lines 51--51
[]\TU/LatinModernSans(0)/b/n/14.4 Semantics[] \TU/TimesNewRoman(0)/m/it/12 /sɪˈ
mæntɪks/ (n) \TU/LatinModernRoman(0)/m/n/12 — The
 []


Underfull \hbox (badness 6188) in paragraph at lines 51--51
\TU/LatinModernRoman(0)/m/n/12 branch of linguistics concerned with
 []


Overfull \hbox (6.41045pt too wide) in paragraph at lines 57--57
[]\TU/LatinModernSans(0)/b/n/14.4 Syntax[] \TU/TimesNewRoman(0)/m/it/12 /ˈsɪntæ
ks/ (n) \TU/LatinModernRoman(0)/m/n/12 — The arrangement
 []


Underfull \hbox (badness 10000) in paragraph at lines 69--69
[]\TU/LatinModernSans(0)/b/n/14.4 Pragmatics[] \TU/TimesNewRoman(0)/m/it/12 /pr
æɡˈmætɪks/ (n) \TU/LatinModernRoman(0)/m/n/12 — The
 []

File: ../wm/logoTF.png Graphic file (type bmp)
<../wm/logoTF.png>
[1

]
Underfull \hbox (badness 10000) in paragraph at lines 81--81
[]\TU/LatinModernSans(0)/b/n/14.4 Accent[] \TU/TimesNewRoman(0)/m/it/12 /ˈæksen
t/ (n) \TU/LatinModernRoman(0)/m/n/12 — A distinctive
 []


Underfull \hbox (badness 10000) in paragraph at lines 87--87
[]\TU/LatinModernSans(0)/b/n/14.4 Translation[] \TU/TimesNewRoman(0)/m/it/12 /t
rænzˈleɪʃn/ (n) \TU/LatinModernRoman(0)/m/n/12 — The
 []


Underfull \hbox (badness 10000) in paragraph at lines 93--93
[]\TU/LatinModernSans(0)/b/n/14.4 Interpretation[] \TU/TimesNewRoman(0)/m/it/12
 /ɪnˌtɜːrprɪˈteɪʃn/ (n) \TU/LatinModernRoman(0)/m/n/12 —
 []


Underfull \hbox (badness 10000) in paragraph at lines 99--99
[]\TU/LatinModernSans(0)/b/n/14.4 Colloquial[] \TU/TimesNewRoman(0)/m/it/12 /kə
ˈloʊkwiəl/ (adj) \TU/LatinModernRoman(0)/m/n/12 — (Of
 []


Underfull \hbox (badness 10000) in paragraph at lines 123--123
[]\TU/LatinModernSans(0)/b/n/14.4 Nuance[] \TU/TimesNewRoman(0)/m/it/12 /ˈnuːɑː
ns/ (n) \TU/LatinModernRoman(0)/m/n/12 — A subtle
 []


Underfull \hbox (badness 10000) in paragraph at lines 123--123
\TU/LatinModernRoman(0)/m/n/12 difference in or shade of meaning,
 []


Underfull \hbox (badness 10000) in paragraph at lines 135--135
[]\TU/LatinModernSans(0)/b/n/14.4 Etymology[] \TU/TimesNewRoman(0)/m/it/12 /ˌet
ɪˈmɑːlədʒi/ (n) \TU/LatinModernRoman(0)/m/n/12 — The
 []

File: ../wm/logoTF.png Graphic file (type bmp)
<../wm/logoTF.png>
[2]
Underfull \hbox (badness 10000) in paragraph at lines 141--141
[]\TU/LatinModernSans(0)/b/n/14.4 Connotation[] \TU/TimesNewRoman(0)/m/it/12 /ˌ
kɑːnəˈteɪʃn/ (n) \TU/LatinModernRoman(0)/m/n/12 — An
 []


Underfull \hbox (badness 6268) in paragraph at lines 141--141
\TU/LatinModernRoman(0)/m/it/12 negative connotation, suggesting poor
 []


Underfull \hbox (badness 10000) in paragraph at lines 147--147
[]\TU/LatinModernSans(0)/b/n/14.4 Denotation[] \TU/TimesNewRoman(0)/m/it/12 /ˌd
iːnoʊˈteɪʃn/ (n) \TU/LatinModernRoman(0)/m/n/12 — The
 []


Underfull \hbox (badness 6461) in paragraph at lines 153--153
[]\TU/LatinModernRoman(0)/b/it/12 Example: \TU/LatinModernRoman(0)/m/it/12 Non-
verbal communication,
 []


Underfull \hbox (badness 10000) in paragraph at lines 171--171
[]\TU/LatinModernSans(0)/b/n/14.4 Acquisition[] \TU/TimesNewRoman(0)/m/it/12 /ˌ
ækwɪˈzɪʃn/ (n) \TU/LatinModernRoman(0)/m/n/12 — The
 []


Underfull \hbox (badness 10000) in paragraph at lines 171--171
[]\TU/LatinModernRoman(0)/b/it/12 Example: \TU/LatinModernRoman(0)/m/it/12 Lang
uage acquisition in
 []


Underfull \hbox (badness 10000) in paragraph at lines 171--171
\TU/LatinModernRoman(0)/m/it/12 children happens naturally through
 []


Underfull \hbox (badness 10000) in paragraph at lines 177--177
[]\TU/LatinModernSans(0)/b/n/14.4 Proverb[] \TU/TimesNewRoman(0)/m/it/12 /ˈprɑː
vɜːrb/ (n) \TU/LatinModernRoman(0)/m/n/12 — A short
 []


Underfull \hbox (badness 10000) in paragraph at lines 195--195
[]\TU/LatinModernSans(0)/b/n/14.4 Vernacular[] \TU/TimesNewRoman(0)/m/it/12 /və
rˈnækjələr/ (n) \TU/LatinModernRoman(0)/m/n/12 — The
 []


Underfull \hbox (badness 10000) in paragraph at lines 201--201
[]\TU/LatinModernSans(0)/b/n/14.4 Monolingual[] \TU/TimesNewRoman(0)/m/it/12 /ˌ
mɑːnəˈlɪŋɡwəl/ (adj) \TU/LatinModernRoman(0)/m/n/12 —
 []


Underfull \hbox (badness 6300) in paragraph at lines 201--201
\TU/LatinModernRoman(0)/m/it/12 world, being monolingual can be a
 []


Underfull \hbox (badness 10000) in paragraph at lines 207--207
[]\TU/LatinModernSans(0)/b/n/14.4 Multilingual[] \TU/TimesNewRoman(0)/m/it/12 /
ˌmʌltiˈlɪŋɡwəl/ (adj) \TU/LatinModernRoman(0)/m/n/12 —
 []


Underfull \hbox (badness 5316) in paragraph at lines 207--207
\TU/LatinModernRoman(0)/m/it/12 country with four official languages:
 []

File: ../wm/logoTF.png Graphic file (type bmp)
<../wm/logoTF.png>
[3]
Underfull \hbox (badness 10000) in paragraph at lines 213--213
[]\TU/LatinModernSans(0)/b/n/14.4 Polyglot[] \TU/TimesNewRoman(0)/m/it/12 /ˈpɑː
liɡlɑːt/ (n) \TU/LatinModernRoman(0)/m/n/12 — A person
 []


Underfull \hbox (badness 10000) in paragraph at lines 219--219
[]\TU/LatinModernRoman(0)/b/it/12 Example: \TU/LatinModernRoman(0)/m/it/12 The 
word ”bank” is a
 []


Underfull \hbox (badness 10000) in paragraph at lines 225--225
\TU/LatinModernRoman(0)/m/it/12 synonyms that can often be used
 []


Underfull \hbox (badness 10000) in paragraph at lines 231--231
[]\TU/LatinModernSans(0)/b/n/14.4 Antonym[] \TU/TimesNewRoman(0)/m/it/12 /ˈæntə
nɪm/ (n) \TU/LatinModernRoman(0)/m/n/12 — A word
 []


Overfull \hbox (21.97083pt too wide) in paragraph at lines 249--249
[]\TU/LatinModernSans(0)/b/n/14.4 Hyperbole[] \TU/TimesNewRoman(0)/m/it/12 /haɪ
ˈpɜːrbəli/ (n) \TU/LatinModernRoman(0)/m/n/12 — Exaggerated
 []


Underfull \hbox (badness 10000) in paragraph at lines 267--267
[]\TU/LatinModernSans(0)/b/n/14.4 Ambiguity[] \TU/TimesNewRoman(0)/m/it/12 /ˌæm
bɪˈɡjuːəti/ (n) \TU/LatinModernRoman(0)/m/n/12 — The
 []


Underfull \hbox (badness 10000) in paragraph at lines 273--273
[]\TU/LatinModernSans(0)/b/n/14.4 Redundancy[] \TU/TimesNewRoman(0)/m/it/12 /rɪ
ˈdʌndənsi/ (n) \TU/LatinModernRoman(0)/m/n/12 — The
 []


Underfull \hbox (badness 10000) in paragraph at lines 279--279
[]\TU/LatinModernSans(0)/b/n/14.4 Coherence[] \TU/TimesNewRoman(0)/m/it/12 /koʊ
ˈhɪrəns/ (n) \TU/LatinModernRoman(0)/m/n/12 — The
 []

File: ../wm/logoTF.png Graphic file (type bmp)
<../wm/logoTF.png>
[4]
Underfull \hbox (badness 10000) in paragraph at lines 291--291
[]\TU/LatinModernSans(0)/b/n/14.4 Cliché[] \TU/TimesNewRoman(0)/m/it/12 /kliːˈʃ
eɪ/ (n) \TU/LatinModernRoman(0)/m/n/12 — A phrase or
 []


Underfull \hbox (badness 5862) in paragraph at lines 309--309
[]\TU/LatinModernSans(0)/b/n/14.4 Proficiency[] \TU/TimesNewRoman(0)/m/it/12 /p
rəˈfɪʃnsi/ (n) \TU/LatinModernRoman(0)/m/n/12 — A high
 []


Underfull \hbox (badness 10000) in paragraph at lines 309--309
[]\TU/LatinModernRoman(0)/b/it/12 Example: \TU/LatinModernRoman(0)/m/it/12 Most
 universities require
 []


Underfull \hbox (badness 10000) in paragraph at lines 315--315
[]\TU/LatinModernSans(0)/b/n/14.4 Impairment[] \TU/TimesNewRoman(0)/m/it/12 /ɪm
ˈpermənt/ (n) \TU/LatinModernRoman(0)/m/n/12 — The
 []


Underfull \hbox (badness 10000) in paragraph at lines 321--321
[]\TU/LatinModernRoman(0)/b/it/12 Example: \TU/LatinModernRoman(0)/m/it/12 Amer
ican Sign Language
 []


Underfull \hbox (badness 10000) in paragraph at lines 339--339
[]\TU/LatinModernSans(0)/b/n/14.4 Phonology[] \TU/TimesNewRoman(0)/m/it/12 /fəˈ
nɑːlədʒi/ (n) \TU/LatinModernRoman(0)/m/n/12 — The
 []


Underfull \hbox (badness 10000) in paragraph at lines 339--339
[]\TU/LatinModernRoman(0)/b/it/12 Example: \TU/LatinModernRoman(0)/m/it/12 Phon
ology examines how
 []


Underfull \hbox (badness 7451) in paragraph at lines 339--339
\TU/LatinModernRoman(0)/m/it/12 sounds function within a particular
 []


Underfull \hbox (badness 10000) in paragraph at lines 345--345
[]\TU/LatinModernRoman(0)/b/it/12 Example: \TU/LatinModernRoman(0)/m/it/12 Morp
hology studies how
 []


Overfull \hbox (6.36624pt too wide) in paragraph at lines 351--351
[]\TU/LatinModernSans(0)/b/n/14.4 Lexicon[] \TU/TimesNewRoman(0)/m/it/12 /ˈleks
ɪkən/ (n) \TU/LatinModernRoman(0)/m/n/12 — The vocabulary
 []

File: ../wm/logoTF.png Graphic file (type bmp)
<../wm/logoTF.png>
[5]
Overfull \hbox (2.33438pt too wide) in paragraph at lines 357--357
[]\TU/LatinModernSans(0)/b/n/14.4 Etiquette[] \TU/TimesNewRoman(0)/m/it/12 /ˈet
ɪket/ (n) \TU/LatinModernRoman(0)/m/n/12 — The customary
 []


Underfull \hbox (badness 5939) in paragraph at lines 363--363
[]\TU/LatinModernSans(0)/b/n/14.4 Rhetoric[] \TU/TimesNewRoman(0)/m/it/12 /ˈret
ərɪk/ (n) \TU/LatinModernRoman(0)/m/n/12 — The art of
 []


Underfull \hbox (badness 10000) in paragraph at lines 369--369
[]\TU/LatinModernSans(0)/b/n/14.4 Interpreting[] \TU/TimesNewRoman(0)/m/it/12 /
ɪnˈtɜːrprɪtɪŋ/ (n) \TU/LatinModernRoman(0)/m/n/12 — The
 []


Underfull \hbox (badness 10000) in paragraph at lines 375--375
[]\TU/LatinModernSans(0)/b/n/14.4 Transcription[] \TU/TimesNewRoman(0)/m/it/12 
/trænˈskrɪpʃn/ (n) \TU/LatinModernRoman(0)/m/n/12 — A
 []


Underfull \hbox (badness 7631) in paragraph at lines 375--375
\TU/LatinModernRoman(0)/m/n/12 written or printed representation of
 []


Overfull \hbox (13.4923pt too wide) in paragraph at lines 405--405
[]\TU/LatinModernSans(0)/b/n/14.4 Interaction[] \TU/TimesNewRoman(0)/m/it/12 /ˌ
ɪntərˈækʃn/ (n) \TU/LatinModernRoman(0)/m/n/12 — Reciprocal
 []


Underfull \hbox (badness 10000) in paragraph at lines 411--411
[]\TU/LatinModernSans(0)/b/n/14.4 Intercultural[] \TU/TimesNewRoman(0)/m/it/12 
/ˌɪntərˈkʌltʃərəl/ (adj) \TU/LatinModernRoman(0)/m/n/12 —
 []


Underfull \hbox (badness 10000) in paragraph at lines 417--417
[]\TU/LatinModernSans(0)/b/n/14.4 Assimilation[] \TU/TimesNewRoman(0)/m/it/12 /
əˌsɪməˈleɪʃn/ (n) \TU/LatinModernRoman(0)/m/n/12 — The
 []


Underfull \hbox (badness 10000) in paragraph at lines 417--417
\TU/LatinModernRoman(0)/m/n/12 process of taking in and fully
 []


Underfull \hbox (badness 10000) in paragraph at lines 423--423
[]\TU/LatinModernSans(0)/b/n/14.4 Acculturation[] \TU/TimesNewRoman(0)/m/it/12 
/əˌkʌltʃəˈreɪʃn/ (n) \TU/LatinModernRoman(0)/m/n/12 —
 []


Underfull \hbox (badness 5050) in paragraph at lines 423--423
[]\TU/LatinModernRoman(0)/b/it/12 Example: \TU/LatinModernRoman(0)/m/it/12 Accu
lturation often occurs
 []

File: ../wm/logoTF.png Graphic file (type bmp)
<../wm/logoTF.png>
[6]
Underfull \hbox (badness 10000) in paragraph at lines 429--429
[]\TU/LatinModernRoman(0)/b/it/12 Example: \TU/LatinModernRoman(0)/m/it/12 The 
country’s linguistic
 []


Underfull \hbox (badness 10000) in paragraph at lines 435--435
[]\TU/LatinModernSans(0)/b/n/14.4 Sociolinguistics[] \TU/TimesNewRoman(0)/m/it/
12 /ˌsoʊsioʊlɪŋˈɡwɪstɪks/
 []


Underfull \hbox (badness 10000) in paragraph at lines 441--441
[]\TU/LatinModernSans(0)/b/n/14.4 Psycholinguistics[] \TU/TimesNewRoman(0)/m/it
/12 /ˌsaɪkoʊlɪŋˈɡwɪstɪks/
 []


Underfull \hbox (badness 10000) in paragraph at lines 441--441
\TU/LatinModernRoman(0)/m/n/12 between linguistic behavior and
 []


Underfull \hbox (badness 10000) in paragraph at lines 441--441
[]\TU/LatinModernRoman(0)/b/it/12 Example: \TU/LatinModernRoman(0)/m/it/12 Psyc
holinguistics examines
 []


Underfull \hbox (badness 10000) in paragraph at lines 447--447
[]\TU/LatinModernSans(0)/b/n/14.4 Bilingualism[] \TU/TimesNewRoman(0)/m/it/12 /
baɪˈlɪŋɡwəlɪzəm/ (n) \TU/LatinModernRoman(0)/m/n/12 —
 []


Overfull \hbox (0.49812pt too wide) in paragraph at lines 453--453
[]\TU/LatinModernSans(0)/b/n/14.4 Diglossia[] \TU/TimesNewRoman(0)/m/it/12 /daɪ
ˈɡlɑːsiə/ (n) \TU/LatinModernRoman(0)/m/n/12 — A situation
 []


Underfull \hbox (badness 7238) in paragraph at lines 465--465
[]\TU/LatinModernRoman(0)/b/it/12 Example: \TU/LatinModernRoman(0)/m/it/12 A pi
dgin language often
 []


Underfull \hbox (badness 10000) in paragraph at lines 477--477
[]\TU/LatinModernSans(0)/b/n/14.4 Orthography[] \TU/TimesNewRoman(0)/m/it/12 /ɔ
ːrˈθɑːɡrəfi/ (n) \TU/LatinModernRoman(0)/m/n/12 — The
 []


Underfull \hbox (badness 10000) in paragraph at lines 483--483
[]\TU/LatinModernSans(0)/b/n/14.4 Script[] \TU/TimesNewRoman(0)/m/it/12 /skrɪpt
/ (n) \TU/LatinModernRoman(0)/m/n/12 — Handwriting as
 []


Underfull \hbox (badness 10000) in paragraph at lines 489--489
[]\TU/LatinModernSans(0)/b/n/14.4 Alphabet[] \TU/TimesNewRoman(0)/m/it/12 /ˈælf
əbet/ (n) \TU/LatinModernRoman(0)/m/n/12 — A set of
 []


Underfull \hbox (badness 10000) in paragraph at lines 495--495
[]\TU/LatinModernRoman(0)/b/it/12 Example: \TU/LatinModernRoman(0)/m/it/12 Chin
ese characters are
 []

File: ../wm/logoTF.png Graphic file (type bmp)
<../wm/logoTF.png>
[7]
Underfull \hbox (badness 10000) in paragraph at lines 501--501
[]\TU/LatinModernSans(0)/b/n/14.4 Pictogram[] \TU/TimesNewRoman(0)/m/it/12 /ˈpɪ
ktəɡræm/ (n) \TU/LatinModernRoman(0)/m/n/12 — A
 []


Underfull \hbox (badness 10000) in paragraph at lines 513--513
[]\TU/LatinModernRoman(0)/b/it/12 Example: \TU/LatinModernRoman(0)/m/it/12 Corr
ect punctuation is
 []


Underfull \hbox (badness 10000) in paragraph at lines 525--525
[]\TU/LatinModernSans(0)/b/n/14.4 Conjugation[] \TU/TimesNewRoman(0)/m/it/12 /ˌ
kɑːndʒuˈɡeɪʃn/ (n) \TU/LatinModernRoman(0)/m/n/12 —
 []


Underfull \hbox (badness 10000) in paragraph at lines 525--525
[]\TU/LatinModernRoman(0)/b/it/12 Example: \TU/LatinModernRoman(0)/m/it/12 Lear
ning the irregular
 []


Underfull \hbox (badness 10000) in paragraph at lines 531--531
[]\TU/LatinModernSans(0)/b/n/14.4 Declension[] \TU/TimesNewRoman(0)/m/it/12 /dɪ
ˈklenʃn/ (n) \TU/LatinModernRoman(0)/m/n/12 — The
 []


Underfull \hbox (badness 10000) in paragraph at lines 555--555
[]\TU/LatinModernSans(0)/b/n/14.4 Emphasis[] \TU/TimesNewRoman(0)/m/it/12 /ˈemf
əsɪs/ (n) \TU/LatinModernRoman(0)/m/n/12 — Special
 []


Underfull \hbox (badness 10000) in paragraph at lines 555--555
[]\TU/LatinModernRoman(0)/b/it/12 Example: \TU/LatinModernRoman(0)/m/it/12 The 
speaker put a lot
 []


Underfull \hbox (badness 10000) in paragraph at lines 561--561
[]\TU/LatinModernRoman(0)/b/it/12 Example: \TU/LatinModernRoman(0)/m/it/12 Lack
 of clarity in the
 []


Underfull \hbox (badness 10000) in paragraph at lines 567--567
[]\TU/LatinModernSans(0)/b/n/14.4 Conciseness[] \TU/TimesNewRoman(0)/m/it/12 /k
ənˈsaɪsnəs/ (n) \TU/LatinModernRoman(0)/m/n/12 — The
 []


Underfull \hbox (badness 5847) in paragraph at lines 567--567
[]\TU/LatinModernRoman(0)/b/it/12 Example: \TU/LatinModernRoman(0)/m/it/12 Conc
iseness is valued in
 []

File: ../wm/logoTF.png Graphic file (type bmp)
<../wm/logoTF.png>
[8]
Underfull \hbox (badness 10000) in paragraph at lines 573--573
[]\TU/LatinModernSans(0)/b/n/14.4 Misinterpretation[] \TU/TimesNewRoman(0)/m/it
/12 /ˌmɪsɪnˌtɜːrprɪˈteɪʃn/
 []


Underfull \hbox (badness 10000) in paragraph at lines 573--573
\TU/TimesNewRoman(0)/m/it/12 (n) \TU/LatinModernRoman(0)/m/n/12 — The action of
 interpreting
 []


Underfull \hbox (badness 6016) in paragraph at lines 579--579
[]\TU/LatinModernRoman(0)/b/it/12 Example: \TU/LatinModernRoman(0)/m/it/12 A sh
ared language is a
 []


Underfull \hbox (badness 10000) in paragraph at lines 591--591
[]\TU/LatinModernSans(0)/b/n/14.4 Intelligibility[] \TU/TimesNewRoman(0)/m/it/1
2 /ɪnˌtelɪdʒəˈbɪləti/ (n) \TU/LatinModernRoman(0)/m/n/12 —
 []


Underfull \hbox (badness 10000) in paragraph at lines 591--591
\TU/LatinModernRoman(0)/m/n/12 The quality of being possible to
 []


Underfull \hbox (badness 10000) in paragraph at lines 597--597
[]\TU/LatinModernSans(0)/b/n/14.4 Interpretable[] \TU/TimesNewRoman(0)/m/it/12 
/ɪnˈtɜːrprɪtəbl/ (adj) \TU/LatinModernRoman(0)/m/n/12 —
 []


Underfull \hbox (badness 10000) in paragraph at lines 633--633
[]\TU/LatinModernSans(0)/b/n/14.4 Stutter[] \TU/TimesNewRoman(0)/m/it/12 /ˈstʌt
ər/ (v/n) \TU/LatinModernRoman(0)/m/n/12 — Talk with
 []


Underfull \hbox (badness 10000) in paragraph at lines 633--633
\TU/LatinModernRoman(0)/m/n/12 continued involuntary repetition of
 []


Underfull \hbox (badness 10000) in paragraph at lines 639--639
[]\TU/LatinModernRoman(0)/b/it/12 Example: \TU/LatinModernRoman(0)/m/it/12 She 
tended to stammer
 []

File: ../wm/logoTF.png Graphic file (type bmp)
<../wm/logoTF.png>
[9]
Underfull \hbox (badness 7012) in paragraph at lines 657--657
[]\TU/LatinModernSans(0)/b/n/14.4 Banter[] \TU/TimesNewRoman(0)/m/it/12 /ˈbæntə
r/ (n/v) \TU/LatinModernRoman(0)/m/n/12 — The playful
 []


Underfull \hbox (badness 10000) in paragraph at lines 663--663
[]\TU/LatinModernSans(0)/b/n/14.4 Gossip[] \TU/TimesNewRoman(0)/m/it/12 /ˈɡɑːsɪ
p/ (n/v) \TU/LatinModernRoman(0)/m/n/12 — Casual or
 []


Underfull \hbox (badness 5022) in paragraph at lines 663--663
\TU/LatinModernRoman(0)/m/n/12 unconstrained conversation or reports
 []


Underfull \hbox (badness 10000) in paragraph at lines 663--663
[]\TU/LatinModernRoman(0)/b/it/12 Example: \TU/LatinModernRoman(0)/m/it/12 You 
shouldn’t believe
 []


Overfull \hbox (3.74pt too wide) in paragraph at lines 669--669
[]\TU/LatinModernSans(0)/b/n/14.4 Chatter[] \TU/TimesNewRoman(0)/m/it/12 /ˈtʃæt
ər/ (v/n) \TU/LatinModernRoman(0)/m/n/12 — Talk informally
 []


Overfull \hbox (2.09396pt too wide) in paragraph at lines 675--675
[]\TU/LatinModernSans(0)/b/n/14.4 Dialogue[] \TU/TimesNewRoman(0)/m/it/12 /ˈdaɪ
əlɔːɡ/ (n) \TU/LatinModernRoman(0)/m/n/12 — Conversation
 []


Underfull \hbox (badness 10000) in paragraph at lines 687--687
[]\TU/LatinModernSans(0)/b/n/14.4 Debate[] \TU/TimesNewRoman(0)/m/it/12 /dɪˈbeɪ
t/ (n/v) \TU/LatinModernRoman(0)/m/n/12 — A formal
 []


Underfull \hbox (badness 10000) in paragraph at lines 699--699
[]\TU/LatinModernSans(0)/b/n/14.4 Negotiation[] \TU/TimesNewRoman(0)/m/it/12 /n
əˌɡoʊʃiˈeɪʃn/ (n) \TU/LatinModernRoman(0)/m/n/12 —
 []


Underfull \hbox (badness 10000) in paragraph at lines 699--699
\TU/LatinModernRoman(0)/m/n/12 Discussion aimed at reaching an
 []


Underfull \hbox (badness 10000) in paragraph at lines 699--699
[]\TU/LatinModernRoman(0)/b/it/12 Example: \TU/LatinModernRoman(0)/m/it/12 The 
two companies are
 []


Underfull \hbox (badness 6445) in paragraph at lines 705--705
[]\TU/LatinModernSans(0)/b/n/14.4 Conflict[] \TU/TimesNewRoman(0)/m/it/12 /ˈkɑː
nflɪkt/ (n/v) \TU/LatinModernRoman(0)/m/n/12 — A serious
 []


Underfull \hbox (badness 10000) in paragraph at lines 717--717
[]\TU/LatinModernSans(0)/b/n/14.4 Diplomacy[] \TU/TimesNewRoman(0)/m/it/12 /dɪˈ
ploʊməsi/ (n) \TU/LatinModernRoman(0)/m/n/12 — The
 []

File: ../wm/logoTF.png Graphic file (type bmp)
<../wm/logoTF.png>
[10]
Underfull \hbox (badness 10000) in paragraph at lines 723--723
[]\TU/LatinModernSans(0)/b/n/14.4 Tact[] \TU/TimesNewRoman(0)/m/it/12 /tækt/ (n
) \TU/LatinModernRoman(0)/m/n/12 — Adroitness and
 []


Overfull \hbox (0.45428pt too wide) in paragraph at lines 765--765
[]\TU/LatinModernSans(0)/b/n/14.4 Proximity[] \TU/TimesNewRoman(0)/m/it/12 /prɑ
ːkˈsɪməti/ (n) \TU/LatinModernRoman(0)/m/n/12 — Nearness
 []


Underfull \hbox (badness 10000) in paragraph at lines 783--783
[]\TU/LatinModernSans(0)/b/n/14.4 Chronemics[] \TU/TimesNewRoman(0)/m/it/12 /kr
oʊˈniːmɪks/ (n) \TU/LatinModernRoman(0)/m/n/12 — The
 []


Underfull \hbox (badness 10000) in paragraph at lines 789--789
[]\TU/LatinModernSans(0)/b/n/14.4 Paralanguage[] \TU/TimesNewRoman(0)/m/it/12 /
ˈpærəˌlæŋɡwɪdʒ/ (n)
 []


Underfull \hbox (badness 10000) in paragraph at lines 789--789
\TU/LatinModernRoman(0)/m/n/12 — The non-lexical component of
 []


Underfull \hbox (badness 7168) in paragraph at lines 789--789
[]\TU/LatinModernRoman(0)/b/it/12 Example: \TU/LatinModernRoman(0)/m/it/12 Para
language can provide
 []

File: ../wm/logoTF.png Graphic file (type bmp)
<../wm/logoTF.png>
[11]
Overfull \hbox (23.33893pt too wide) in paragraph at lines 795--795
[]\TU/LatinModernSans(0)/b/n/14.4 Signaling[] \TU/TimesNewRoman(0)/m/it/12 /ˈsɪ
ɡnəlɪŋ/ (n) \TU/LatinModernRoman(0)/m/n/12 — The transmission
 []


Underfull \hbox (badness 10000) in paragraph at lines 801--801
[]\TU/LatinModernSans(0)/b/n/14.4 Encoding[] \TU/TimesNewRoman(0)/m/it/12 /ɪnˈk
oʊdɪŋ/ (n) \TU/LatinModernRoman(0)/m/n/12 — The
 []


Underfull \hbox (badness 10000) in paragraph at lines 801--801
\TU/LatinModernRoman(0)/m/n/12 process of turning thoughts into
 []


Underfull \hbox (badness 10000) in paragraph at lines 807--807
[]\TU/LatinModernSans(0)/b/n/14.4 Decoding[] \TU/TimesNewRoman(0)/m/it/12 /diːˈ
koʊdɪŋ/ (n) \TU/LatinModernRoman(0)/m/n/12 — The
 []


Underfull \hbox (badness 10000) in paragraph at lines 807--807
[]\TU/LatinModernRoman(0)/b/it/12 Example: \TU/LatinModernRoman(0)/m/it/12 Misu
nderstandings often
 []


Underfull \hbox (badness 10000) in paragraph at lines 819--819
\TU/LatinModernRoman(0)/m/n/12 or means by which something is
 []


Underfull \hbox (badness 10000) in paragraph at lines 825--825
[]\TU/LatinModernSans(0)/b/n/14.4 Channel[] \TU/TimesNewRoman(0)/m/it/12 /ˈtʃæn
l/ (n) \TU/LatinModernRoman(0)/m/n/12 — A medium
 []


Overfull \hbox (28.58923pt too wide) in paragraph at lines 831--831
[]\TU/LatinModernSans(0)/b/n/14.4 Context[] \TU/TimesNewRoman(0)/m/it/12 /ˈkɑːn
tekst/ (n) \TU/LatinModernRoman(0)/m/n/12 — The circumstances
 []


Underfull \hbox (badness 10000) in paragraph at lines 837--837
[]\TU/LatinModernSans(0)/b/n/14.4 Interpersonal[] \TU/TimesNewRoman(0)/m/it/12 
/ˌɪntərˈpɜːrsənl/ (adj)
 []


Underfull \hbox (badness 10000) in paragraph at lines 837--837
\TU/LatinModernRoman(0)/m/n/12 — Relating to relationships or
 []


Underfull \hbox (badness 10000) in paragraph at lines 843--843
[]\TU/LatinModernSans(0)/b/n/14.4 Intrapersonal[] \TU/TimesNewRoman(0)/m/it/12 
/ˌɪntrəˈpɜːrsənl/ (adj) \TU/LatinModernRoman(0)/m/n/12 —
 []


Underfull \hbox (badness 10000) in paragraph at lines 843--843
\TU/LatinModernRoman(0)/m/it/12 involves self-reflection and internal
 []


Overfull \hbox (28.21211pt too wide) in paragraph at lines 849--849
[]\TU/LatinModernSans(0)/b/n/14.4 Mass communication[] \TU/TimesNewRoman(0)/m/i
t/12 /ˌmæs kəˌmjuːnɪˈkeɪʃn/
 []


Overfull \hbox (6.56644pt too wide) in paragraph at lines 855--855
[]\TU/LatinModernSans(0)/b/n/14.4 Broadcast[] \TU/TimesNewRoman(0)/m/it/12 /ˈbr
ɔːdkæst/ (v/n) \TU/LatinModernRoman(0)/m/n/12 — Transmit
 []


Underfull \hbox (badness 10000) in paragraph at lines 861--861
[]\TU/LatinModernSans(0)/b/n/14.4 Publish[] \TU/TimesNewRoman(0)/m/it/12 /ˈpʌbl
ɪʃ/ (v) \TU/LatinModernRoman(0)/m/n/12 — Prepare and
 []

File: ../wm/logoTF.png Graphic file (type bmp)
<../wm/logoTF.png>
[12]
Underfull \hbox (badness 8075) in paragraph at lines 867--867
[]\TU/LatinModernSans(0)/b/n/14.4 Social media[] \TU/TimesNewRoman(0)/m/it/12 /
ˌsoʊʃl ˈmiːdiə/ (n) \TU/LatinModernRoman(0)/m/n/12 —
 []


Underfull \hbox (badness 10000) in paragraph at lines 873--873
[]\TU/LatinModernSans(0)/b/n/14.4 Digital communication[] \TU/TimesNewRoman(0)/
m/it/12 /ˌdɪdʒɪtl
 []


Underfull \hbox (badness 10000) in paragraph at lines 873--873
\TU/TimesNewRoman(0)/m/it/12 kəˌmjuːnɪˈkeɪʃn/ (n) \TU/LatinModernRoman(0)/m/n/1
2 — Any type of
 []


Underfull \hbox (badness 10000) in paragraph at lines 891--891
[]\TU/LatinModernSans(0)/b/n/14.4 Influence[] \TU/TimesNewRoman(0)/m/it/12 /ˈɪn
fluəns/ (n/v) \TU/LatinModernRoman(0)/m/n/12 — The
 []


Underfull \hbox (badness 10000) in paragraph at lines 897--897
[]\TU/LatinModernSans(0)/b/n/14.4 Manipulation[] \TU/TimesNewRoman(0)/m/it/12 /
məˌnɪpjuˈleɪʃn/ (n) \TU/LatinModernRoman(0)/m/n/12 —
 []


Underfull \hbox (badness 10000) in paragraph at lines 903--903
[]\TU/LatinModernSans(0)/b/n/14.4 Propaganda[] \TU/TimesNewRoman(0)/m/it/12 /ˌp
rɑːpəˈɡændə/ (n) \TU/LatinModernRoman(0)/m/n/12 —
 []


Underfull \hbox (badness 10000) in paragraph at lines 909--909
[]\TU/LatinModernSans(0)/b/n/14.4 Censorship[] \TU/TimesNewRoman(0)/m/it/12 /ˈs
ensərʃɪp/ (n) \TU/LatinModernRoman(0)/m/n/12 — The
 []


Underfull \hbox (badness 10000) in paragraph at lines 915--915
[]\TU/LatinModernSans(0)/b/n/14.4 Transparency[] \TU/TimesNewRoman(0)/m/it/12 /
trænsˈpærənsi/ (n) \TU/LatinModernRoman(0)/m/n/12 —
 []


Underfull \hbox (badness 10000) in paragraph at lines 921--921
[]\TU/LatinModernSans(0)/b/n/14.4 Authenticity[] \TU/TimesNewRoman(0)/m/it/12 /
ˌɔːθenˈtɪsəti/ (n) \TU/LatinModernRoman(0)/m/n/12 — The
 []


Underfull \hbox (badness 10000) in paragraph at lines 927--927
[]\TU/LatinModernSans(0)/b/n/14.4 Credibility[] \TU/TimesNewRoman(0)/m/it/12 /ˌ
kredəˈbɪləti/ (n) \TU/LatinModernRoman(0)/m/n/12 — The
 []


Underfull \hbox (badness 5050) in paragraph at lines 933--933
[]\TU/LatinModernRoman(0)/b/it/12 Example: \TU/LatinModernRoman(0)/m/it/12 Prof
essional ethics require
 []

File: ../wm/logoTF.png Graphic file (type bmp)
<../wm/logoTF.png>
[13]
Underfull \hbox (badness 10000) in paragraph at lines 951--951
\TU/LatinModernRoman(0)/m/it/12 culture is essential for effective
 []


Underfull \hbox (badness 10000) in paragraph at lines 957--957
[]\TU/LatinModernSans(0)/b/n/14.4 Worldview[] \TU/TimesNewRoman(0)/m/it/12 /ˈwɜ
ːrldvjuː/ (n) \TU/LatinModernRoman(0)/m/n/12 — A
 []


Underfull \hbox (badness 5847) in paragraph at lines 963--963
[]\TU/LatinModernRoman(0)/b/it/12 Example: \TU/LatinModernRoman(0)/m/it/12 We s
hould avoid making
 []


Underfull \hbox (badness 10000) in paragraph at lines 969--969
[]\TU/LatinModernRoman(0)/b/it/12 Example: \TU/LatinModernRoman(0)/m/it/12 Ster
eotypes can lead to
 []


Underfull \hbox (badness 10000) in paragraph at lines 969--969
\TU/LatinModernRoman(0)/m/it/12 misunderstandings and prejudice in
 []


Overfull \hbox (12.9779pt too wide) in paragraph at lines 975--975
[]\TU/LatinModernSans(0)/b/n/14.4 Prejudice[] \TU/TimesNewRoman(0)/m/it/12 /ˈpr
edʒədɪs/ (n) \TU/LatinModernRoman(0)/m/n/12 — Preconceived
 []


Underfull \hbox (badness 10000) in paragraph at lines 975--975
[]\TU/LatinModernRoman(0)/b/it/12 Example: \TU/LatinModernRoman(0)/m/it/12 Lang
uage barriers can
 []


Underfull \hbox (badness 6775) in paragraph at lines 993--993
[]\TU/LatinModernRoman(0)/b/it/12 Example: \TU/LatinModernRoman(0)/m/it/12 The 
policy promotes the
 []


Underfull \hbox (badness 10000) in paragraph at lines 1005--1005
[]\TU/LatinModernSans(0)/b/n/14.4 Bridge[] \TU/TimesNewRoman(0)/m/it/12 /brɪdʒ/
 (v/n) \TU/LatinModernRoman(0)/m/n/12 — A structure
 []


Underfull \hbox (badness 6859) in paragraph at lines 1011--1011
[]\TU/LatinModernRoman(0)/b/it/12 Example: \TU/LatinModernRoman(0)/m/it/12 A li
teral translation can
 []

File: ../wm/logoTF.png Graphic file (type bmp)
<../wm/logoTF.png>
[14]
Overfull \hbox (7.93837pt too wide) in paragraph at lines 1017--1017
[]\TU/LatinModernSans(0)/b/n/14.4 Figurative[] \TU/TimesNewRoman(0)/m/it/12 /ˈf
ɪɡjərətɪv/ (adj) \TU/LatinModernRoman(0)/m/n/12 — Departing
 []


Underfull \hbox (badness 10000) in paragraph at lines 1023--1023
[]\TU/LatinModernSans(0)/b/n/14.4 Metaphorical[] \TU/TimesNewRoman(0)/m/it/12 /
ˌmetəˈfɔːrɪkl/ (adj) \TU/LatinModernRoman(0)/m/n/12 —
 []


Underfull \hbox (badness 10000) in paragraph at lines 1029--1029
[]\TU/LatinModernSans(0)/b/n/14.4 Symbolic[] \TU/TimesNewRoman(0)/m/it/12 /sɪmˈ
bɑːlɪk/ (adj) \TU/LatinModernRoman(0)/m/n/12 — Serving
 []


Overfull \hbox (10.83685pt too wide) in paragraph at lines 1035--1035
[]\TU/LatinModernSans(0)/b/n/14.4 Expressive[] \TU/TimesNewRoman(0)/m/it/12 /ɪk
ˈspresɪv/ (adj) \TU/LatinModernRoman(0)/m/n/12 — Effectively
 []


Underfull \hbox (badness 10000) in paragraph at lines 1041--1041
[]\TU/LatinModernSans(0)/b/n/14.4 Communicative[] \TU/TimesNewRoman(0)/m/it/12 
/kəˈmjuːnɪkeɪtɪv/ (adj)
 []


Underfull \hbox (badness 10000) in paragraph at lines 1047--1047
[]\TU/LatinModernSans(0)/b/n/14.4 Informative[] \TU/TimesNewRoman(0)/m/it/12 /ɪ
nˈfɔːrmətɪv/ (adj) \TU/LatinModernRoman(0)/m/n/12 —
 []


Overfull \hbox (1.64714pt too wide) in paragraph at lines 1047--1047
\TU/LatinModernRoman(0)/m/n/12 Providing useful or interesting information. 
 []


Underfull \hbox (badness 10000) in paragraph at lines 1053--1053
[]\TU/LatinModernSans(0)/b/n/14.4 Stimulating[] \TU/TimesNewRoman(0)/m/it/12 /ˈ
stɪmjuleɪtɪŋ/ (adj) \TU/LatinModernRoman(0)/m/n/12 —
 []


Underfull \hbox (badness 10000) in paragraph at lines 1059--1059
[]\TU/LatinModernSans(0)/b/n/14.4 Challenging[] \TU/TimesNewRoman(0)/m/it/12 /ˈ
tʃælɪndʒɪŋ/ (adj) \TU/LatinModernRoman(0)/m/n/12 —
 []


Overfull \hbox (9.4951pt too wide) in paragraph at lines 1065--1065
[]\TU/LatinModernSans(0)/b/n/14.4 Rewarding[] \TU/TimesNewRoman(0)/m/it/12 /rɪˈ
wɔːrdɪŋ/ (adj) \TU/LatinModernRoman(0)/m/n/12 — Providing
 []


Underfull \hbox (badness 10000) in paragraph at lines 1071--1071
[]\TU/LatinModernSans(0)/b/n/14.4 Essential[] \TU/TimesNewRoman(0)/m/it/12 /ɪˈs
enʃl/ (adj) \TU/LatinModernRoman(0)/m/n/12 — Absolutely
 []


Underfull \hbox (badness 10000) in paragraph at lines 1077--1077
[]\TU/LatinModernSans(0)/b/n/14.4 Fundamental[] \TU/TimesNewRoman(0)/m/it/12 /ˌ
fʌndəˈmentl/ (adj) \TU/LatinModernRoman(0)/m/n/12 —
 []


Overfull \hbox (7.20496pt too wide) in paragraph at lines 1083--1083
[]\TU/LatinModernSans(0)/b/n/14.4 Vital[] \TU/TimesNewRoman(0)/m/it/12 /ˈvaɪtl/
 (adj) \TU/LatinModernRoman(0)/m/n/12 — Absolutely necessary
 []


Underfull \hbox (badness 6032) in paragraph at lines 1083--1083
\TU/LatinModernRoman(0)/m/it/12 development and progress of human
 []


Underfull \hbox (badness 10000) in paragraph at lines 1089--1089
[]\TU/LatinModernSans(0)/b/n/14.4 Significant[] \TU/TimesNewRoman(0)/m/it/12 /s
ɪɡˈnɪfɪkənt/ (adj) \TU/LatinModernRoman(0)/m/n/12 —
 []


Underfull \hbox (badness 10000) in paragraph at lines 1089--1089
\TU/LatinModernRoman(0)/m/it/12 increase in the use of digital
 []


Underfull \hbox (badness 10000) in paragraph at lines 1095--1095
[]\TU/LatinModernSans(0)/b/n/14.4 Vibrant[] \TU/TimesNewRoman(0)/m/it/12 /ˈvaɪb
rənt/ (adj) \TU/LatinModernRoman(0)/m/n/12 — Full of
 []

File: ../wm/logoTF.png Graphic file (type bmp)
<../wm/logoTF.png>
[15]
Underfull \hbox (badness 10000) in paragraph at lines 1101--1101
[]\TU/LatinModernSans(0)/b/n/14.4 Dynamic[] \TU/TimesNewRoman(0)/m/it/12 /daɪˈn
æmɪk/ (adj) \TU/LatinModernRoman(0)/m/n/12 — (Of a
 []


Underfull \hbox (badness 7558) in paragraph at lines 1101--1101
\TU/LatinModernRoman(0)/m/n/12 process or system) characterized by
 []


Underfull \hbox (badness 10000) in paragraph at lines 1113--1113
[]\TU/LatinModernSans(0)/b/n/14.4 Universal[] \TU/TimesNewRoman(0)/m/it/12 /ˌju
ːnɪˈvɜːrsl/ (adj) \TU/LatinModernRoman(0)/m/n/12 — Of,
 []


Underfull \hbox (badness 5274) in paragraph at lines 1119--1119
[]\TU/LatinModernRoman(0)/b/it/12 Example: \TU/LatinModernRoman(0)/m/it/12 In t
oday’s global culture,
 []


Overfull \hbox (1.38876pt too wide) in paragraph at lines 1125--1125
[]\TU/LatinModernSans(0)/b/n/14.4 Traditional[] \TU/TimesNewRoman(0)/m/it/12 /t
rəˈdɪʃənl/ (adj) \TU/LatinModernRoman(0)/m/n/12 — Existing
 []


Underfull \hbox (badness 10000) in paragraph at lines 1125--1125
[]\TU/LatinModernRoman(0)/b/it/12 Example: \TU/LatinModernRoman(0)/m/it/12 Trad
itional methods of
 []


Underfull \hbox (badness 10000) in paragraph at lines 1137--1137
[]\TU/LatinModernSans(0)/b/n/14.4 Sophisticated[] \TU/TimesNewRoman(0)/m/it/12 
/səˈfɪstɪkeɪtɪd/ (adj) \TU/LatinModernRoman(0)/m/n/12 —
 []


Underfull \hbox (badness 10000) in paragraph at lines 1137--1137
[]\TU/LatinModernRoman(0)/b/it/12 Example: \TU/LatinModernRoman(0)/m/it/12 Huma
n language is an
 []


Underfull \hbox (badness 10000) in paragraph at lines 1137--1137
\TU/LatinModernRoman(0)/m/it/12 incredibly sophisticated system of
 []


Overfull \hbox (6.47922pt too wide) in paragraph at lines 1143--1143
[]\TU/LatinModernSans(0)/b/n/14.4 Complex[] \TU/TimesNewRoman(0)/m/it/12 /ˈkɑːm
pleks/ (adj) \TU/LatinModernRoman(0)/m/n/12 — Consisting
 []


Underfull \hbox (badness 10000) in paragraph at lines 1143--1143
[]\TU/LatinModernRoman(0)/b/it/12 Example: \TU/LatinModernRoman(0)/m/it/12 The 
relationship between
 []


Underfull \hbox (badness 10000) in paragraph at lines 1149--1149
[]\TU/LatinModernSans(0)/b/n/14.4 Intricate[] \TU/TimesNewRoman(0)/m/it/12 /ˈɪn
trɪkət/ (adj) \TU/LatinModernRoman(0)/m/n/12 — Very
 []


Underfull \hbox (badness 10000) in paragraph at lines 1149--1149
\TU/LatinModernRoman(0)/m/it/12 indigenous languages are incredibly
 []


Underfull \hbox (badness 10000) in paragraph at lines 1155--1155
[]\TU/LatinModernSans(0)/b/n/14.4 Fascinating[] \TU/TimesNewRoman(0)/m/it/12 /ˈ
fæsɪneɪtɪŋ/ (adj) \TU/LatinModernRoman(0)/m/n/12 —
 []


Underfull \hbox (badness 10000) in paragraph at lines 1161--1161
[]\TU/LatinModernSans(0)/b/n/14.4 Haunting[] \TU/TimesNewRoman(0)/m/it/12 /ˈhɔː
ntɪŋ/ (adj) \TU/LatinModernRoman(0)/m/n/12 — Poignant
 []

File: ../wm/logoTF.png Graphic file (type bmp)
<../wm/logoTF.png>
[16]
Underfull \hbox (badness 10000) in paragraph at lines 1179--1179
[]\TU/LatinModernSans(0)/b/n/14.4 Profound[] \TU/TimesNewRoman(0)/m/it/12 /prəˈ
faʊnd/ (adj) \TU/LatinModernRoman(0)/m/n/12 — (Of a
 []


Underfull \hbox (badness 10000) in paragraph at lines 1185--1185
[]\TU/LatinModernSans(0)/b/n/14.4 Captivating[] \TU/TimesNewRoman(0)/m/it/12 /ˈ
kæptɪveɪtɪŋ/ (adj) \TU/LatinModernRoman(0)/m/n/12 —
 []

)

File: ../wm/logoTF.png Graphic file (type bmp)
<../wm/logoTF.png>
[17] (./languageAndCommunicationVocab.aux)
 ***********
LaTeX2e <2024-11-01> patch level 2
L3 programming layer <2025-01-18>
 ***********
 ) 
Here is how much of TeX's memory you used:
 19016 strings out of 473832
 443400 string characters out of 5729481
 869653 words of memory out of 5000000
 41767 multiletter control sequences out of 15000+600000
 559173 words of font info for 78 fonts, out of 8000000 for 9000
 1348 hyphenation exceptions out of 8191
 131i,16n,135p,479b,981s stack positions out of 10000i,1000n,20000p,200000b,200000s

Output written on languageAndCommunicationVocab.pdf (17 pages).
