\BOOKMARK [0][-]{chapter*.2}{\376\377\000L\036\335\000i\000\040\000n\000\363\000i\000\040\001\021\036\247\000u}{}% 1
\BOOKMARK [0][-]{chapter*.3}{\376\377\000H\001\260\036\333\000n\000g\000\040\000d\036\253\000n\000\040\000s\036\355\000\040\000d\036\345\000n\000g}{}% 2
\BOOKMARK [0][-]{chapter.1}{\376\377\000P\000a\000r\000t\000\040\0001\000:\000\040\000P\000e\000r\000s\000o\000n\000a\000l\000\040\000\046\000\040\000G\000e\000n\000e\000r\000a\000l\000\040\000T\000o\000p\000i\000c\000s}{}% 3
\BOOKMARK [1][-]{section.1.1}{\376\377\000W\000o\000r\000k\000\040\000o\000r\000\040\000S\000t\000u\000d\000i\000e\000s}{chapter.1}% 4
\BOOKMARK [1][-]{section.1.2}{\376\377\000H\000o\000m\000e\000t\000o\000w\000n}{chapter.1}% 5
\BOOKMARK [1][-]{section.1.3}{\376\377\000H\000o\000m\000e\000\040\000a\000n\000d\000\040\000A\000c\000c\000o\000m\000m\000o\000d\000a\000t\000i\000o\000n}{chapter.1}% 6
\BOOKMARK [1][-]{section.1.4}{\376\377\000T\000h\000e\000\040\000C\000i\000t\000y\000\040\000Y\000o\000u\000\040\000L\000i\000v\000e\000\040\000I\000n}{chapter.1}% 7
\BOOKMARK [1][-]{section.1.5}{\376\377\000T\000h\000e\000\040\000A\000r\000e\000a\000\040\000Y\000o\000u\000\040\000L\000i\000v\000e\000\040\000I\000n}{chapter.1}% 8
\BOOKMARK [1][-]{section.1.6}{\376\377\000M\000o\000r\000n\000i\000n\000g\000\040\000T\000i\000m\000e}{chapter.1}% 9
\BOOKMARK [1][-]{section.1.7}{\376\377\000S\000p\000a\000r\000e\000\040\000T\000i\000m\000e}{chapter.1}% 10
\BOOKMARK [1][-]{section.1.8}{\376\377\000D\000a\000y\000\040\000O\000f\000f}{chapter.1}% 11
\BOOKMARK [1][-]{section.1.9}{\376\377\000H\000a\000v\000i\000n\000g\000\040\000a\000\040\000B\000r\000e\000a\000k}{chapter.1}% 12
\BOOKMARK [1][-]{section.1.10}{\376\377\000G\000o\000i\000n\000g\000\040\000O\000u\000t}{chapter.1}% 13
\BOOKMARK [1][-]{section.1.11}{\376\377\000W\000a\000l\000k\000i\000n\000g}{chapter.1}% 14
\BOOKMARK [1][-]{section.1.12}{\376\377\000H\000o\000b\000b\000y}{chapter.1}% 15
\BOOKMARK [1][-]{section.1.13}{\376\377\000C\000h\000i\000l\000d\000h\000o\000o\000d\000\040\000A\000c\000t\000i\000v\000i\000t\000i\000e\000s}{chapter.1}% 16
\BOOKMARK [1][-]{section.1.14}{\376\377\000S\000p\000o\000r\000t\000s\000\040\000T\000e\000a\000m}{chapter.1}% 17
\BOOKMARK [1][-]{section.1.15}{\376\377\000R\000e\000a\000d\000i\000n\000g}{chapter.1}% 18
\BOOKMARK [1][-]{section.1.16}{\376\377\000T\000y\000p\000i\000n\000g}{chapter.1}% 19
\BOOKMARK [1][-]{section.1.17}{\376\377\000V\000i\000e\000w\000s}{chapter.1}% 20
\BOOKMARK [1][-]{section.1.18}{\376\377\000S\000c\000e\000n\000e\000r\000y}{chapter.1}% 21
\BOOKMARK [1][-]{section.1.19}{\376\377\000B\000u\000i\000l\000d\000i\000n\000g}{chapter.1}% 22
\BOOKMARK [1][-]{section.1.20}{\376\377\000M\000u\000s\000e\000u\000m}{chapter.1}% 23
\BOOKMARK [1][-]{section.1.21}{\376\377\000P\000u\000b\000l\000i\000c\000\040\000P\000l\000a\000c\000e\000s}{chapter.1}% 24
\BOOKMARK [1][-]{section.1.22}{\376\377\000C\000r\000o\000w\000d\000e\000d\000\040\000P\000l\000a\000c\000e}{chapter.1}% 25
\BOOKMARK [1][-]{section.1.23}{\376\377\000C\000h\000a\000t\000t\000i\000n\000g\000\040\000/\000\040\000C\000o\000n\000v\000e\000r\000s\000a\000t\000i\000o\000n}{chapter.1}% 26
\BOOKMARK [1][-]{section.1.24}{\376\377\000S\000h\000a\000r\000i\000n\000g}{chapter.1}% 27
\BOOKMARK [1][-]{section.1.25}{\376\377\000H\000a\000p\000p\000y\000\040\000T\000h\000i\000n\000g\000s}{chapter.1}% 28
\BOOKMARK [1][-]{section.1.26}{\376\377\000D\000o\000i\000n\000g\000\040\000S\000o\000m\000e\000t\000h\000i\000n\000g\000\040\000W\000e\000l\000l}{chapter.1}% 29
\BOOKMARK [1][-]{section.1.27}{\376\377\000S\000t\000a\000y\000i\000n\000g\000\040\000w\000i\000t\000h\000\040\000O\000l\000d\000\040\000P\000e\000o\000p\000l\000e}{chapter.1}% 30
\BOOKMARK [1][-]{section.1.28}{\376\377\000L\000i\000f\000e\000\040\000S\000t\000a\000g\000e\000s}{chapter.1}% 31
\BOOKMARK [1][-]{section.1.29}{\376\377\000G\000i\000f\000t\000s}{chapter.1}% 32
\BOOKMARK [1][-]{section.1.30}{\376\377\000S\000h\000o\000e\000s}{chapter.1}% 33
\BOOKMARK [1][-]{section.1.31}{\376\377\000A\000d\000v\000e\000r\000t\000i\000s\000e\000m\000e\000n\000t}{chapter.1}% 34
\BOOKMARK [1][-]{section.1.32}{\376\377\000B\000o\000r\000r\000o\000w\000i\000n\000g\000\040\000/\000\040\000L\000e\000n\000d\000i\000n\000g}{chapter.1}% 35
\BOOKMARK [1][-]{section.1.33}{\376\377\000M\000e\000m\000o\000r\000y}{chapter.1}% 36
\BOOKMARK [1][-]{section.1.34}{\376\377\000D\000r\000e\000a\000m\000s}{chapter.1}% 37
\BOOKMARK [1][-]{section.1.35}{\376\377\000T\000a\000k\000i\000n\000g\000\040\000P\000h\000o\000t\000o\000s}{chapter.1}% 38
\BOOKMARK [1][-]{section.1.36}{\376\377\000F\000o\000o\000d}{chapter.1}% 39
\BOOKMARK [1][-]{section.1.37}{\376\377\000P\000l\000a\000n\000t\000s}{chapter.1}% 40
\BOOKMARK [1][-]{section.1.38}{\376\377\000G\000r\000o\000w\000i\000n\000g\000\040\000V\000e\000g\000e\000t\000a\000b\000l\000e\000s\000\040\000/\000\040\000F\000r\000u\000i\000t\000s}{chapter.1}% 41
\BOOKMARK [1][-]{section.1.39}{\376\377\000P\000e\000t\000s\000\040\000a\000n\000d\000\040\000A\000n\000i\000m\000a\000l\000s}{chapter.1}% 42
\BOOKMARK [1][-]{section.1.40}{\376\377\000R\000u\000l\000e\000s}{chapter.1}% 43
\BOOKMARK [0][-]{chapter.2}{\376\377\000P\000a\000r\000t\000\040\0002\000\040\000\046\000\040\0003\000:\000\040\000C\000u\000e\000\040\000C\000a\000r\000d\000s\000\040\000\046\000\040\000D\000i\000s\000c\000u\000s\000s\000i\000o\000n\000\040\000T\000o\000p\000i\000c\000s}{}% 44
\BOOKMARK [1][-]{section.2.1}{\376\377\000D\000e\000s\000c\000r\000i\000b\000e\000\040\000a\000\040\000c\000i\000t\000y\000\040\000y\000o\000u\000\040\000e\000n\000j\000o\000y\000e\000d\000\040\000v\000i\000s\000i\000t\000i\000n\000g}{chapter.2}% 45
\BOOKMARK [1][-]{section.2.2}{\376\377\000D\000e\000s\000c\000r\000i\000b\000e\000\040\000a\000\040\000p\000e\000r\000s\000o\000n\000\040\000w\000h\000o\000\040\000l\000i\000k\000e\000s\000\040\000t\000o\000\040\000l\000o\000o\000k\000\040\000a\000f\000t\000e\000r\000\040\000t\000h\000e\000\040\000n\000a\000t\000u\000r\000a\000l\000\040\000w\000o\000r\000l\000d}{chapter.2}% 46
\BOOKMARK [1][-]{section.2.3}{\376\377\000D\000e\000s\000c\000r\000i\000b\000e\000\040\000a\000\040\000s\000h\000o\000r\000t\000-\000t\000e\000r\000m\000\040\000j\000o\000b\000\040\000y\000o\000u\000\040\000w\000a\000n\000t\000\040\000t\000o\000\040\000h\000a\000v\000e\000\040\000i\000n\000\040\000a\000\040\000f\000o\000r\000e\000i\000g\000n\000\040\000c\000o\000u\000n\000t\000r\000y}{chapter.2}% 47
\BOOKMARK [1][-]{section.2.4}{\376\377\000D\000e\000s\000c\000r\000i\000b\000e\000\040\000a\000\040\000t\000i\000m\000e\000\040\000w\000h\000e\000n\000\040\000y\000o\000u\000\040\000g\000a\000v\000e\000\040\000a\000d\000v\000i\000c\000e\000\040\000t\000o\000\040\000o\000t\000h\000e\000r\000s}{chapter.2}% 48
