This is XeTeX, Version 3.141592653-2.6-0.999997 (TeX Live 2025) (preloaded format=xelatex 2026.1.18)  20 JAN 2026 20:27
entering extended mode
 restricted \write18 enabled.
 %&-line parsing enabled.
**historyAndHeritageVocab.tex
(./historyAndHeritageVocab.tex
LaTeX2e <2024-11-01> patch level 2
L3 programming layer <2025-01-18>
(./forumvocab.cls
Document Class: forumvocab 2026/01/19 v1.0 IELTS Vocabulary Document Class
(/usr/local/texlive/2025/texmf-dist/tex/latex/base/article.cls
Document Class: article 2024/06/29 v1.4n Standard LaTeX document class
(/usr/local/texlive/2025/texmf-dist/tex/latex/base/size12.clo
File: size12.clo 2024/06/29 v1.4n Standard LaTeX file (size option)
)
\c@part=\count192
\c@section=\count193
\c@subsection=\count194
\c@subsubsection=\count195
\c@paragraph=\count196
\c@subparagraph=\count197
\c@figure=\count198
\c@table=\count199
\abovecaptionskip=\skip49
\belowcaptionskip=\skip50
\bibindent=\dimen141
)
(/usr/local/texlive/2025/texmf-dist/tex/generic/babel/babel.sty
Package: babel 2025/02/14 v25.4 The multilingual framework for pdfLaTeX, LuaLaT
eX and XeLaTeX
\babel@savecnt=\count266
\U@D=\dimen142
\l@unhyphenated=\language90

(/usr/local/texlive/2025/texmf-dist/tex/generic/babel/xebabel.def)
\bbl@readstream=\read2
\bbl@dirlevel=\count267

(/usr/local/texlive/2025/texmf-dist/tex/generic/babel-english/english.ldf
Language: english 2017/06/06 v3.3r English support from the babel system
Package babel Info: Hyphen rules for 'canadian' set to \l@english
(babel)             (\language0). Reported on input line 102.
Package babel Info: Hyphen rules for 'australian' set to \l@ukenglish
(babel)             (\language22). Reported on input line 105.
Package babel Info: Hyphen rules for 'newzealand' set to \l@ukenglish
(babel)             (\language22). Reported on input line 108.
)
(/usr/local/texlive/2025/texmf-dist/tex/generic/babel-vietnamese/vietnamese.ldf
Language: vietnamese 
Package babel Info: Making " an active character on input line 147.
))
(/usr/local/texlive/2025/texmf-dist/tex/generic/babel/locale/vi/babel-vietnames
e.tex
Package babel Info: Importing font and identification data for vietnamese
(babel)             from babel-vi.ini. Reported on input line 11.
)
(/usr/local/texlive/2025/texmf-dist/tex/generic/babel/locale/en/babel-english.t
ex
Package babel Info: Importing font and identification data for english
(babel)             from babel-en.ini. Reported on input line 11.
) (/usr/local/texlive/2025/texmf-dist/tex/latex/geometry/geometry.sty
Package: geometry 2020/01/02 v5.9 Page Geometry

(/usr/local/texlive/2025/texmf-dist/tex/latex/graphics/keyval.sty
Package: keyval 2022/05/29 v1.15 key=value parser (DPC)
\KV@toks@=\toks17
)
(/usr/local/texlive/2025/texmf-dist/tex/generic/iftex/ifvtex.sty
Package: ifvtex 2019/10/25 v1.7 ifvtex legacy package. Use iftex instead.

(/usr/local/texlive/2025/texmf-dist/tex/generic/iftex/iftex.sty
Package: iftex 2024/12/12 v1.0g TeX engine tests
))
\Gm@cnth=\count268
\Gm@cntv=\count269
\c@Gm@tempcnt=\count270
\Gm@bindingoffset=\dimen143
\Gm@wd@mp=\dimen144
\Gm@odd@mp=\dimen145
\Gm@even@mp=\dimen146
\Gm@layoutwidth=\dimen147
\Gm@layoutheight=\dimen148
\Gm@layouthoffset=\dimen149
\Gm@layoutvoffset=\dimen150
\Gm@dimlist=\toks18
)
(/usr/local/texlive/2025/texmf-dist/tex/latex/fancyhdr/fancyhdr.sty
Package: fancyhdr 2025/02/07 v5.2 Extensive control of page headers and footers

\f@nch@headwidth=\skip51
\f@nch@offset@elh=\skip52
\f@nch@offset@erh=\skip53
\f@nch@offset@olh=\skip54
\f@nch@offset@orh=\skip55
\f@nch@offset@elf=\skip56
\f@nch@offset@erf=\skip57
\f@nch@offset@olf=\skip58
\f@nch@offset@orf=\skip59
\f@nch@height=\skip60
\f@nch@footalignment=\skip61
\f@nch@widthL=\skip62
\f@nch@widthC=\skip63
\f@nch@widthR=\skip64
\@temptokenb=\toks19
)
(/usr/local/texlive/2025/texmf-dist/tex/latex/tools/multicol.sty
Package: multicol 2024/09/14 v1.9i multicolumn formatting (FMi)
\c@tracingmulticols=\count271
\mult@box=\box52
\multicol@leftmargin=\dimen151
\c@unbalance=\count272
\c@collectmore=\count273
\doublecol@number=\count274
\multicoltolerance=\count275
\multicolpretolerance=\count276
\full@width=\dimen152
\page@free=\dimen153
\premulticols=\dimen154
\postmulticols=\dimen155
\multicolsep=\skip65
\multicolbaselineskip=\skip66
\partial@page=\box53
\last@line=\box54
\mc@boxedresult=\box55
\maxbalancingoverflow=\dimen156
\mult@rightbox=\box56
\mult@grightbox=\box57
\mult@firstbox=\box58
\mult@gfirstbox=\box59
\@tempa=\box60
\@tempa=\box61
\@tempa=\box62
\@tempa=\box63
\@tempa=\box64
\@tempa=\box65
\@tempa=\box66
\@tempa=\box67
\@tempa=\box68
\@tempa=\box69
\@tempa=\box70
\@tempa=\box71
\@tempa=\box72
\@tempa=\box73
\@tempa=\box74
\@tempa=\box75
\@tempa=\box76
\@tempa=\box77
\@tempa=\box78
\@tempa=\box79
\@tempa=\box80
\@tempa=\box81
\@tempa=\box82
\@tempa=\box83
\@tempa=\box84
\@tempa=\box85
\@tempa=\box86
\@tempa=\box87
\@tempa=\box88
\@tempa=\box89
\@tempa=\box90
\@tempa=\box91
\@tempa=\box92
\@tempa=\box93
\@tempa=\box94
\@tempa=\box95
\c@minrows=\count277
\c@columnbadness=\count278
\c@finalcolumnbadness=\count279
\last@try=\dimen157
\multicolovershoot=\dimen158
\multicolundershoot=\dimen159
\mult@nat@firstbox=\box96
\colbreak@box=\box97
\mc@col@check@num=\count280
)
(/usr/local/texlive/2025/texmf-dist/tex/latex/xcolor/xcolor.sty
Package: xcolor 2024/09/29 v3.02 LaTeX color extensions (UK)

(/usr/local/texlive/2025/texmf-dist/tex/latex/graphics-cfg/color.cfg
File: color.cfg 2016/01/02 v1.6 sample color configuration
)
Package xcolor Info: Driver file: xetex.def on input line 274.

(/usr/local/texlive/2025/texmf-dist/tex/latex/graphics-def/xetex.def
File: xetex.def 2022/09/22 v5.0n Graphics/color driver for xetex
)
(/usr/local/texlive/2025/texmf-dist/tex/latex/graphics/mathcolor.ltx)
Package xcolor Info: Model `cmy' substituted by `cmy0' on input line 1349.
Package xcolor Info: Model `RGB' extended on input line 1365.
Package xcolor Info: Model `HTML' substituted by `rgb' on input line 1367.
Package xcolor Info: Model `Hsb' substituted by `hsb' on input line 1368.
Package xcolor Info: Model `tHsb' substituted by `hsb' on input line 1369.
Package xcolor Info: Model `HSB' substituted by `hsb' on input line 1370.
Package xcolor Info: Model `Gray' substituted by `gray' on input line 1371.
Package xcolor Info: Model `wave' substituted by `hsb' on input line 1372.
)
(/usr/local/texlive/2025/texmf-dist/tex/latex/tcolorbox/tcolorbox.sty
Package: tcolorbox 2024/10/22 version 6.4.1 text color boxes

(/usr/local/texlive/2025/texmf-dist/tex/latex/pgf/frontendlayer/tikz.sty
(/usr/local/texlive/2025/texmf-dist/tex/latex/pgf/basiclayer/pgf.sty
(/usr/local/texlive/2025/texmf-dist/tex/latex/pgf/utilities/pgfrcs.sty
(/usr/local/texlive/2025/texmf-dist/tex/generic/pgf/utilities/pgfutil-common.te
x
\pgfutil@everybye=\toks20
\pgfutil@tempdima=\dimen160
\pgfutil@tempdimb=\dimen161
)
(/usr/local/texlive/2025/texmf-dist/tex/generic/pgf/utilities/pgfutil-latex.def
\pgfutil@abb=\box98
) (/usr/local/texlive/2025/texmf-dist/tex/generic/pgf/utilities/pgfrcs.code.tex
(/usr/local/texlive/2025/texmf-dist/tex/generic/pgf/pgf.revision.tex)
Package: pgfrcs 2023-01-15 v3.1.10 (3.1.10)
))
Package: pgf 2023-01-15 v3.1.10 (3.1.10)

(/usr/local/texlive/2025/texmf-dist/tex/latex/pgf/basiclayer/pgfcore.sty
(/usr/local/texlive/2025/texmf-dist/tex/latex/graphics/graphicx.sty
Package: graphicx 2021/09/16 v1.2d Enhanced LaTeX Graphics (DPC,SPQR)

(/usr/local/texlive/2025/texmf-dist/tex/latex/graphics/graphics.sty
Package: graphics 2024/08/06 v1.4g Standard LaTeX Graphics (DPC,SPQR)

(/usr/local/texlive/2025/texmf-dist/tex/latex/graphics/trig.sty
Package: trig 2023/12/02 v1.11 sin cos tan (DPC)
)
(/usr/local/texlive/2025/texmf-dist/tex/latex/graphics-cfg/graphics.cfg
File: graphics.cfg 2016/06/04 v1.11 sample graphics configuration
)
Package graphics Info: Driver file: xetex.def on input line 106.
)
\Gin@req@height=\dimen162
\Gin@req@width=\dimen163
)
(/usr/local/texlive/2025/texmf-dist/tex/latex/pgf/systemlayer/pgfsys.sty
(/usr/local/texlive/2025/texmf-dist/tex/generic/pgf/systemlayer/pgfsys.code.tex
Package: pgfsys 2023-01-15 v3.1.10 (3.1.10)
(/usr/local/texlive/2025/texmf-dist/tex/generic/pgf/utilities/pgfkeys.code.tex
\pgfkeys@pathtoks=\toks21
\pgfkeys@temptoks=\toks22

(/usr/local/texlive/2025/texmf-dist/tex/generic/pgf/utilities/pgfkeyslibraryfil
tered.code.tex
\pgfkeys@tmptoks=\toks23
))
\pgf@x=\dimen164
\pgf@y=\dimen165
\pgf@xa=\dimen166
\pgf@ya=\dimen167
\pgf@xb=\dimen168
\pgf@yb=\dimen169
\pgf@xc=\dimen170
\pgf@yc=\dimen171
\pgf@xd=\dimen172
\pgf@yd=\dimen173
\w@pgf@writea=\write3
\r@pgf@reada=\read3
\c@pgf@counta=\count281
\c@pgf@countb=\count282
\c@pgf@countc=\count283
\c@pgf@countd=\count284
\t@pgf@toka=\toks24
\t@pgf@tokb=\toks25
\t@pgf@tokc=\toks26
\pgf@sys@id@count=\count285

(/usr/local/texlive/2025/texmf-dist/tex/generic/pgf/systemlayer/pgf.cfg
File: pgf.cfg 2023-01-15 v3.1.10 (3.1.10)
)
Driver file for pgf: pgfsys-xetex.def

(/usr/local/texlive/2025/texmf-dist/tex/generic/pgf/systemlayer/pgfsys-xetex.de
f
File: pgfsys-xetex.def 2023-01-15 v3.1.10 (3.1.10)

(/usr/local/texlive/2025/texmf-dist/tex/generic/pgf/systemlayer/pgfsys-dvipdfmx
.def
File: pgfsys-dvipdfmx.def 2023-01-15 v3.1.10 (3.1.10)

(/usr/local/texlive/2025/texmf-dist/tex/generic/pgf/systemlayer/pgfsys-common-p
df.def
File: pgfsys-common-pdf.def 2023-01-15 v3.1.10 (3.1.10)
)
\pgfsys@objnum=\count286
)))
(/usr/local/texlive/2025/texmf-dist/tex/generic/pgf/systemlayer/pgfsyssoftpath.
code.tex
File: pgfsyssoftpath.code.tex 2023-01-15 v3.1.10 (3.1.10)
\pgfsyssoftpath@smallbuffer@items=\count287
\pgfsyssoftpath@bigbuffer@items=\count288
)
(/usr/local/texlive/2025/texmf-dist/tex/generic/pgf/systemlayer/pgfsysprotocol.
code.tex
File: pgfsysprotocol.code.tex 2023-01-15 v3.1.10 (3.1.10)
))
(/usr/local/texlive/2025/texmf-dist/tex/generic/pgf/basiclayer/pgfcore.code.tex
Package: pgfcore 2023-01-15 v3.1.10 (3.1.10)
(/usr/local/texlive/2025/texmf-dist/tex/generic/pgf/math/pgfmath.code.tex
(/usr/local/texlive/2025/texmf-dist/tex/generic/pgf/math/pgfmathutil.code.tex)
(/usr/local/texlive/2025/texmf-dist/tex/generic/pgf/math/pgfmathparser.code.tex
\pgfmath@dimen=\dimen174
\pgfmath@count=\count289
\pgfmath@box=\box99
\pgfmath@toks=\toks27
\pgfmath@stack@operand=\toks28
\pgfmath@stack@operation=\toks29
)
(/usr/local/texlive/2025/texmf-dist/tex/generic/pgf/math/pgfmathfunctions.code.
tex)
(/usr/local/texlive/2025/texmf-dist/tex/generic/pgf/math/pgfmathfunctions.basic
.code.tex)
(/usr/local/texlive/2025/texmf-dist/tex/generic/pgf/math/pgfmathfunctions.trigo
nometric.code.tex)
(/usr/local/texlive/2025/texmf-dist/tex/generic/pgf/math/pgfmathfunctions.rando
m.code.tex)
(/usr/local/texlive/2025/texmf-dist/tex/generic/pgf/math/pgfmathfunctions.compa
rison.code.tex)
(/usr/local/texlive/2025/texmf-dist/tex/generic/pgf/math/pgfmathfunctions.base.
code.tex)
(/usr/local/texlive/2025/texmf-dist/tex/generic/pgf/math/pgfmathfunctions.round
.code.tex)
(/usr/local/texlive/2025/texmf-dist/tex/generic/pgf/math/pgfmathfunctions.misc.
code.tex)
(/usr/local/texlive/2025/texmf-dist/tex/generic/pgf/math/pgfmathfunctions.integ
erarithmetics.code.tex)
(/usr/local/texlive/2025/texmf-dist/tex/generic/pgf/math/pgfmathcalc.code.tex)
(/usr/local/texlive/2025/texmf-dist/tex/generic/pgf/math/pgfmathfloat.code.tex
\c@pgfmathroundto@lastzeros=\count290
)) (/usr/local/texlive/2025/texmf-dist/tex/generic/pgf/math/pgfint.code.tex)
(/usr/local/texlive/2025/texmf-dist/tex/generic/pgf/basiclayer/pgfcorepoints.co
de.tex
File: pgfcorepoints.code.tex 2023-01-15 v3.1.10 (3.1.10)
\pgf@picminx=\dimen175
\pgf@picmaxx=\dimen176
\pgf@picminy=\dimen177
\pgf@picmaxy=\dimen178
\pgf@pathminx=\dimen179
\pgf@pathmaxx=\dimen180
\pgf@pathminy=\dimen181
\pgf@pathmaxy=\dimen182
\pgf@xx=\dimen183
\pgf@xy=\dimen184
\pgf@yx=\dimen185
\pgf@yy=\dimen186
\pgf@zx=\dimen187
\pgf@zy=\dimen188
)
(/usr/local/texlive/2025/texmf-dist/tex/generic/pgf/basiclayer/pgfcorepathconst
ruct.code.tex
File: pgfcorepathconstruct.code.tex 2023-01-15 v3.1.10 (3.1.10)
\pgf@path@lastx=\dimen189
\pgf@path@lasty=\dimen190
)
(/usr/local/texlive/2025/texmf-dist/tex/generic/pgf/basiclayer/pgfcorepathusage
.code.tex
File: pgfcorepathusage.code.tex 2023-01-15 v3.1.10 (3.1.10)
\pgf@shorten@end@additional=\dimen191
\pgf@shorten@start@additional=\dimen192
)
(/usr/local/texlive/2025/texmf-dist/tex/generic/pgf/basiclayer/pgfcorescopes.co
de.tex
File: pgfcorescopes.code.tex 2023-01-15 v3.1.10 (3.1.10)
\pgfpic=\box100
\pgf@hbox=\box101
\pgf@layerbox@main=\box102
\pgf@picture@serial@count=\count291
)
(/usr/local/texlive/2025/texmf-dist/tex/generic/pgf/basiclayer/pgfcoregraphicst
ate.code.tex
File: pgfcoregraphicstate.code.tex 2023-01-15 v3.1.10 (3.1.10)
\pgflinewidth=\dimen193
)
(/usr/local/texlive/2025/texmf-dist/tex/generic/pgf/basiclayer/pgfcoretransform
ations.code.tex
File: pgfcoretransformations.code.tex 2023-01-15 v3.1.10 (3.1.10)
\pgf@pt@x=\dimen194
\pgf@pt@y=\dimen195
\pgf@pt@temp=\dimen196
)
(/usr/local/texlive/2025/texmf-dist/tex/generic/pgf/basiclayer/pgfcorequick.cod
e.tex
File: pgfcorequick.code.tex 2023-01-15 v3.1.10 (3.1.10)
)
(/usr/local/texlive/2025/texmf-dist/tex/generic/pgf/basiclayer/pgfcoreobjects.c
ode.tex
File: pgfcoreobjects.code.tex 2023-01-15 v3.1.10 (3.1.10)
)
(/usr/local/texlive/2025/texmf-dist/tex/generic/pgf/basiclayer/pgfcorepathproce
ssing.code.tex
File: pgfcorepathprocessing.code.tex 2023-01-15 v3.1.10 (3.1.10)
)
(/usr/local/texlive/2025/texmf-dist/tex/generic/pgf/basiclayer/pgfcorearrows.co
de.tex
File: pgfcorearrows.code.tex 2023-01-15 v3.1.10 (3.1.10)
\pgfarrowsep=\dimen197
)
(/usr/local/texlive/2025/texmf-dist/tex/generic/pgf/basiclayer/pgfcoreshade.cod
e.tex
File: pgfcoreshade.code.tex 2023-01-15 v3.1.10 (3.1.10)
\pgf@max=\dimen198
\pgf@sys@shading@range@num=\count292
\pgf@shadingcount=\count293
)
(/usr/local/texlive/2025/texmf-dist/tex/generic/pgf/basiclayer/pgfcoreimage.cod
e.tex
File: pgfcoreimage.code.tex 2023-01-15 v3.1.10 (3.1.10)
)
(/usr/local/texlive/2025/texmf-dist/tex/generic/pgf/basiclayer/pgfcoreexternal.
code.tex
File: pgfcoreexternal.code.tex 2023-01-15 v3.1.10 (3.1.10)
\pgfexternal@startupbox=\box103
)
(/usr/local/texlive/2025/texmf-dist/tex/generic/pgf/basiclayer/pgfcorelayers.co
de.tex
File: pgfcorelayers.code.tex 2023-01-15 v3.1.10 (3.1.10)
)
(/usr/local/texlive/2025/texmf-dist/tex/generic/pgf/basiclayer/pgfcoretranspare
ncy.code.tex
File: pgfcoretransparency.code.tex 2023-01-15 v3.1.10 (3.1.10)
)
(/usr/local/texlive/2025/texmf-dist/tex/generic/pgf/basiclayer/pgfcorepatterns.
code.tex
File: pgfcorepatterns.code.tex 2023-01-15 v3.1.10 (3.1.10)
)
(/usr/local/texlive/2025/texmf-dist/tex/generic/pgf/basiclayer/pgfcorerdf.code.
tex
File: pgfcorerdf.code.tex 2023-01-15 v3.1.10 (3.1.10)
)))
(/usr/local/texlive/2025/texmf-dist/tex/generic/pgf/modules/pgfmoduleshapes.cod
e.tex
File: pgfmoduleshapes.code.tex 2023-01-15 v3.1.10 (3.1.10)
\pgfnodeparttextbox=\box104
)
(/usr/local/texlive/2025/texmf-dist/tex/generic/pgf/modules/pgfmoduleplot.code.
tex
File: pgfmoduleplot.code.tex 2023-01-15 v3.1.10 (3.1.10)
)
(/usr/local/texlive/2025/texmf-dist/tex/latex/pgf/compatibility/pgfcomp-version
-0-65.sty
Package: pgfcomp-version-0-65 2023-01-15 v3.1.10 (3.1.10)
\pgf@nodesepstart=\dimen199
\pgf@nodesepend=\dimen256
)
(/usr/local/texlive/2025/texmf-dist/tex/latex/pgf/compatibility/pgfcomp-version
-1-18.sty
Package: pgfcomp-version-1-18 2023-01-15 v3.1.10 (3.1.10)
))
(/usr/local/texlive/2025/texmf-dist/tex/latex/pgf/utilities/pgffor.sty
(/usr/local/texlive/2025/texmf-dist/tex/latex/pgf/utilities/pgfkeys.sty
(/usr/local/texlive/2025/texmf-dist/tex/generic/pgf/utilities/pgfkeys.code.tex)
) (/usr/local/texlive/2025/texmf-dist/tex/latex/pgf/math/pgfmath.sty
(/usr/local/texlive/2025/texmf-dist/tex/generic/pgf/math/pgfmath.code.tex))
(/usr/local/texlive/2025/texmf-dist/tex/generic/pgf/utilities/pgffor.code.tex
Package: pgffor 2023-01-15 v3.1.10 (3.1.10)
\pgffor@iter=\dimen257
\pgffor@skip=\dimen258
\pgffor@stack=\toks30
\pgffor@toks=\toks31
))
(/usr/local/texlive/2025/texmf-dist/tex/generic/pgf/frontendlayer/tikz/tikz.cod
e.tex
Package: tikz 2023-01-15 v3.1.10 (3.1.10)

(/usr/local/texlive/2025/texmf-dist/tex/generic/pgf/libraries/pgflibraryplothan
dlers.code.tex
File: pgflibraryplothandlers.code.tex 2023-01-15 v3.1.10 (3.1.10)
\pgf@plot@mark@count=\count294
\pgfplotmarksize=\dimen259
)
\tikz@lastx=\dimen260
\tikz@lasty=\dimen261
\tikz@lastxsaved=\dimen262
\tikz@lastysaved=\dimen263
\tikz@lastmovetox=\dimen264
\tikz@lastmovetoy=\dimen265
\tikzleveldistance=\dimen266
\tikzsiblingdistance=\dimen267
\tikz@figbox=\box105
\tikz@figbox@bg=\box106
\tikz@tempbox=\box107
\tikz@tempbox@bg=\box108
\tikztreelevel=\count295
\tikznumberofchildren=\count296
\tikznumberofcurrentchild=\count297
\tikz@fig@count=\count298

(/usr/local/texlive/2025/texmf-dist/tex/generic/pgf/modules/pgfmodulematrix.cod
e.tex
File: pgfmodulematrix.code.tex 2023-01-15 v3.1.10 (3.1.10)
\pgfmatrixcurrentrow=\count299
\pgfmatrixcurrentcolumn=\count300
\pgf@matrix@numberofcolumns=\count301
)
\tikz@expandcount=\count302

(/usr/local/texlive/2025/texmf-dist/tex/generic/pgf/frontendlayer/tikz/librarie
s/tikzlibrarytopaths.code.tex
File: tikzlibrarytopaths.code.tex 2023-01-15 v3.1.10 (3.1.10)
)))
(/usr/local/texlive/2025/texmf-dist/tex/latex/tools/verbatim.sty
Package: verbatim 2024-01-22 v1.5x LaTeX2e package for verbatim enhancements
\every@verbatim=\toks32
\verbatim@line=\toks33
\verbatim@in@stream=\read4
)
(/usr/local/texlive/2025/texmf-dist/tex/latex/environ/environ.sty
Package: environ 2014/05/04 v0.3 A new way to define environments

(/usr/local/texlive/2025/texmf-dist/tex/latex/trimspaces/trimspaces.sty
Package: trimspaces 2009/09/17 v1.1 Trim spaces around a token list
)
\@envbody=\toks34
)
(/usr/local/texlive/2025/texmf-dist/tex/latex/etoolbox/etoolbox.sty
Package: etoolbox 2025/02/11 v2.5l e-TeX tools for LaTeX (JAW)
\etb@tempcnta=\count303
)
\tcb@titlebox=\box109
\tcb@upperbox=\box110
\tcb@lowerbox=\box111
\tcb@phantombox=\box112
\c@tcbbreakpart=\count304
\c@tcblayer=\count305
\c@tcolorbox@number=\count306
\l__tcobox_tmpa_box=\box113
\l__tcobox_tmpa_dim=\dimen268
\tcb@temp=\box114
\tcb@temp=\box115
\tcb@temp=\box116
\tcb@temp=\box117
)
(/usr/local/texlive/2025/texmf-dist/tex/latex/eso-pic/eso-pic.sty
Package: eso-pic 2023/05/03 v3.0c eso-pic (RN)
\ESO@tempdima=\dimen269
\ESO@tempdimb=\dimen270
)
(/usr/local/texlive/2025/texmf-dist/tex/latex/fontspec/fontspec.sty
(/usr/local/texlive/2025/texmf-dist/tex/latex/l3packages/xparse/xparse.sty
(/usr/local/texlive/2025/texmf-dist/tex/latex/l3kernel/expl3.sty
Package: expl3 2025-01-18 L3 programming layer (loader) 

(/usr/local/texlive/2025/texmf-dist/tex/latex/l3backend/l3backend-xetex.def
File: l3backend-xetex.def 2024-05-08 L3 backend support: XeTeX
\g__graphics_track_int=\count307
\l__pdf_internal_box=\box118
\g__pdf_backend_annotation_int=\count308
\g__pdf_backend_link_int=\count309
))
Package: xparse 2024-08-16 L3 Experimental document command parser
)
Package: fontspec 2024/05/11 v2.9e Font selection for XeLaTeX and LuaLaTeX

(/usr/local/texlive/2025/texmf-dist/tex/latex/fontspec/fontspec-xetex.sty
Package: fontspec-xetex 2024/05/11 v2.9e Font selection for XeLaTeX and LuaLaTe
X
\l__fontspec_script_int=\count310
\l__fontspec_language_int=\count311
\l__fontspec_strnum_int=\count312
\l__fontspec_tmp_int=\count313
\l__fontspec_tmpa_int=\count314
\l__fontspec_tmpb_int=\count315
\l__fontspec_tmpc_int=\count316
\l__fontspec_em_int=\count317
\l__fontspec_emdef_int=\count318
\l__fontspec_strong_int=\count319
\l__fontspec_strongdef_int=\count320
\l__fontspec_tmpa_dim=\dimen271
\l__fontspec_tmpb_dim=\dimen272
\l__fontspec_tmpc_dim=\dimen273

(/usr/local/texlive/2025/texmf-dist/tex/latex/base/fontenc.sty
Package: fontenc 2021/04/29 v2.0v Standard LaTeX package
)
(/usr/local/texlive/2025/texmf-dist/tex/latex/fontspec/fontspec.cfg)))
(/usr/local/texlive/2025/texmf-dist/tex/generic/pgf/frontendlayer/tikz/librarie
s/tikzlibrarycalc.code.tex
File: tikzlibrarycalc.code.tex 2023-01-15 v3.1.10 (3.1.10)
)

Package fontspec Info: 
(fontspec)             Font family 'LatinModernRoman(0)' created for font
(fontspec)             'Latin Modern Roman' with options
(fontspec)             [Ligatures=TeX,Path=../../font/latin-modern-roman/,Exten
sion=.otf,UprightFont=lmroman10-regular,BoldFont=lmroman10-bold,ItalicFont=lmro
man10-italic,BoldItalicFont=lmroman10-bolditalic].
(fontspec)              
(fontspec)              This font family consists of the following NFSS
(fontspec)             series/shapes:
(fontspec)              
(fontspec)             - 'normal' (m/n) with NFSS spec.:
(fontspec)             <->"[../../font/latin-modern-roman/lmroman10-regular.otf
]/OT:script=latn;language=dflt;mapping=tex-text;"
(fontspec)             - 'bold' (b/n) with NFSS spec.:
(fontspec)             <->"[../../font/latin-modern-roman/lmroman10-bold.otf]/O
T:script=latn;language=dflt;mapping=tex-text;"
(fontspec)             - 'italic' (m/it) with NFSS spec.:
(fontspec)             <->"[../../font/latin-modern-roman/lmroman10-italic.otf]
/OT:script=latn;language=dflt;mapping=tex-text;"
(fontspec)             - 'bold italic' (b/it) with NFSS spec.:
(fontspec)             <->"[../../font/latin-modern-roman/lmroman10-bolditalic.
otf]/OT:script=latn;language=dflt;mapping=tex-text;"


Package fontspec Info: 
(fontspec)             Font family 'LatinModernSans(0)' created for font
(fontspec)             'Latin Modern Sans' with options
(fontspec)             [Ligatures=TeX,Path=../../font/Latin-Modern-Sans/,Extens
ion=.otf,UprightFont=lmsans10-regular,BoldFont=lmsans10-bold,ItalicFont=lmsans1
0-oblique,BoldItalicFont=lmsans10-boldoblique].
(fontspec)              
(fontspec)              This font family consists of the following NFSS
(fontspec)             series/shapes:
(fontspec)              
(fontspec)             - 'normal' (m/n) with NFSS spec.:
(fontspec)             <->"[../../font/Latin-Modern-Sans/lmsans10-regular.otf]/
OT:script=latn;language=dflt;mapping=tex-text;"
(fontspec)             - 'bold' (b/n) with NFSS spec.:
(fontspec)             <->"[../../font/Latin-Modern-Sans/lmsans10-bold.otf]/OT:
script=latn;language=dflt;mapping=tex-text;"
(fontspec)             - 'italic' (m/it) with NFSS spec.:
(fontspec)             <->"[../../font/Latin-Modern-Sans/lmsans10-oblique.otf]/
OT:script=latn;language=dflt;mapping=tex-text;"
(fontspec)             - 'bold italic' (b/it) with NFSS spec.:
(fontspec)             <->"[../../font/Latin-Modern-Sans/lmsans10-boldoblique.o
tf]/OT:script=latn;language=dflt;mapping=tex-text;"


Package fontspec Info: 
(fontspec)             Font family 'UTM-Impact.ttf(0)' created for font
(fontspec)             'UTM-Impact.ttf' with options [Path = ./,Extension =
(fontspec)             .ttf,UprightFont = UTM-Impact].
(fontspec)              
(fontspec)              This font family consists of the following NFSS
(fontspec)             series/shapes:
(fontspec)              
(fontspec)             - 'normal' (m/n) with NFSS spec.:
(fontspec)             <->"[./UTM-Impact.ttf]/OT:language=dflt;"


Package fontspec Info: 
(fontspec)             Times New Roman scale = 0.9636299023440277.


Package fontspec Info: 
(fontspec)             Times New Roman scale = 0.9636299023440277.


Package fontspec Info: 
(fontspec)             Times New Roman/B scale = 0.9440481727713549.


Package fontspec Info: 
(fontspec)             Times New Roman/I scale = 1.001912475428977.


Package fontspec Info: 
(fontspec)             Times New Roman/BI scale = 0.9818519945425632.


Package fontspec Info: 
(fontspec)             Font family 'TimesNewRoman(0)' created for font 'Times
(fontspec)             New Roman' with options [Scale=MatchLowercase].
(fontspec)              
(fontspec)              This font family consists of the following NFSS
(fontspec)             series/shapes:
(fontspec)              
(fontspec)             - 'normal' (m/n) with NFSS spec.:
(fontspec)             <->s*[0.9636299023440277]"Times New
(fontspec)             Roman/OT:script=latn;language=dflt;"
(fontspec)             - 'bold' (b/n) with NFSS spec.:
(fontspec)             <->s*[0.9440481727713549]"Times New
(fontspec)             Roman/B/OT:script=latn;language=dflt;"
(fontspec)             - 'italic' (m/it) with NFSS spec.:
(fontspec)             <->s*[1.001912475428977]"Times New
(fontspec)             Roman/I/OT:script=latn;language=dflt;"
(fontspec)             - 'bold italic' (b/it) with NFSS spec.:
(fontspec)             <->s*[0.9818519945425632]"Times New
(fontspec)             Roman/BI/OT:script=latn;language=dflt;"

) (./historyAndHeritageVocab.aux)
\openout1 = `historyAndHeritageVocab.aux'.

LaTeX Font Info:    Checking defaults for OML/cmm/m/it on input line 11.
LaTeX Font Info:    ... okay on input line 11.
LaTeX Font Info:    Checking defaults for OMS/cmsy/m/n on input line 11.
LaTeX Font Info:    ... okay on input line 11.
LaTeX Font Info:    Checking defaults for OT1/cmr/m/n on input line 11.
LaTeX Font Info:    ... okay on input line 11.
LaTeX Font Info:    Checking defaults for T1/cmr/m/n on input line 11.
LaTeX Font Info:    ... okay on input line 11.
LaTeX Font Info:    Checking defaults for TS1/cmr/m/n on input line 11.
LaTeX Font Info:    ... okay on input line 11.
LaTeX Font Info:    Checking defaults for TU/lmr/m/n on input line 11.
LaTeX Font Info:    ... okay on input line 11.
LaTeX Font Info:    Checking defaults for OMX/cmex/m/n on input line 11.
LaTeX Font Info:    ... okay on input line 11.
LaTeX Font Info:    Checking defaults for U/cmr/m/n on input line 11.
LaTeX Font Info:    ... okay on input line 11.

*geometry* driver: auto-detecting
*geometry* detected driver: xetex
*geometry* verbose mode - [ preamble ] result:
* driver: xetex
* paper: a4paper
* layout: <same size as paper>
* layoutoffset:(h,v)=(0.0pt,0.0pt)
* modes: includehead includefoot 
* h-part:(L,W,R)=(56.9055pt, 483.69687pt, 56.9055pt)
* v-part:(T,H,B)=(0.0pt, 845.04684pt, 0.0pt)
* \paperwidth=597.50787pt
* \paperheight=845.04684pt
* \textwidth=483.69687pt
* \textheight=727.36772pt
* \oddsidemargin=-15.36449pt
* \evensidemargin=-15.36449pt
* \topmargin=-72.26999pt
* \headheight=40.0pt
* \headsep=25.0pt
* \topskip=12.0pt
* \footskip=42.67912pt
* \marginparwidth=35.0pt
* \marginparsep=10.0pt
* \columnsep=42.67912pt
* \skip\footins=10.8pt plus 4.0pt minus 2.0pt
* \hoffset=0.0pt
* \voffset=0.0pt
* \mag=1000
* \@twocolumnfalse
* \@twosidefalse
* \@mparswitchfalse
* \@reversemarginfalse
* (1in=72.27pt=25.4mm, 1cm=28.453pt)


Package fontspec Info: 
(fontspec)             Adjusting the maths setup (use [no-math] to avoid
(fontspec)             this).

\symlegacymaths=\mathgroup4
LaTeX Font Info:    Overwriting symbol font `legacymaths' in version `bold'
(Font)                  OT1/cmr/m/n --> OT1/cmr/bx/n on input line 11.
LaTeX Font Info:    Redeclaring math accent \acute on input line 11.
LaTeX Font Info:    Redeclaring math accent \grave on input line 11.
LaTeX Font Info:    Redeclaring math accent \ddot on input line 11.
LaTeX Font Info:    Redeclaring math accent \tilde on input line 11.
LaTeX Font Info:    Redeclaring math accent \bar on input line 11.
LaTeX Font Info:    Redeclaring math accent \breve on input line 11.
LaTeX Font Info:    Redeclaring math accent \check on input line 11.
LaTeX Font Info:    Redeclaring math accent \hat on input line 11.
LaTeX Font Info:    Redeclaring math accent \dot on input line 11.
LaTeX Font Info:    Redeclaring math accent \mathring on input line 11.
LaTeX Font Info:    Redeclaring math symbol \colon on input line 11.
LaTeX Font Info:    Redeclaring math symbol \Gamma on input line 11.
LaTeX Font Info:    Redeclaring math symbol \Delta on input line 11.
LaTeX Font Info:    Redeclaring math symbol \Theta on input line 11.
LaTeX Font Info:    Redeclaring math symbol \Lambda on input line 11.
LaTeX Font Info:    Redeclaring math symbol \Xi on input line 11.
LaTeX Font Info:    Redeclaring math symbol \Pi on input line 11.
LaTeX Font Info:    Redeclaring math symbol \Sigma on input line 11.
LaTeX Font Info:    Redeclaring math symbol \Upsilon on input line 11.
LaTeX Font Info:    Redeclaring math symbol \Phi on input line 11.
LaTeX Font Info:    Redeclaring math symbol \Psi on input line 11.
LaTeX Font Info:    Redeclaring math symbol \Omega on input line 11.
LaTeX Font Info:    Redeclaring math symbol \mathdollar on input line 11.
LaTeX Font Info:    Redeclaring symbol font `operators' on input line 11.
LaTeX Font Info:    Encoding `OT1' has changed to `TU' for symbol font
(Font)              `operators' in the math version `normal' on input line 11.
LaTeX Font Info:    Overwriting symbol font `operators' in version `normal'
(Font)                  OT1/cmr/m/n --> TU/LatinModernRoman(0)/m/n on input lin
e 11.
LaTeX Font Info:    Encoding `OT1' has changed to `TU' for symbol font
(Font)              `operators' in the math version `bold' on input line 11.
LaTeX Font Info:    Overwriting symbol font `operators' in version `bold'
(Font)                  OT1/cmr/bx/n --> TU/LatinModernRoman(0)/m/n on input li
ne 11.
LaTeX Font Info:    Overwriting symbol font `operators' in version `normal'
(Font)                  TU/LatinModernRoman(0)/m/n --> TU/LatinModernRoman(0)/m
/n on input line 11.
LaTeX Font Info:    Overwriting math alphabet `\mathit' in version `normal'
(Font)                  OT1/cmr/m/it --> TU/LatinModernRoman(0)/m/it on input l
ine 11.
LaTeX Font Info:    Overwriting math alphabet `\mathbf' in version `normal'
(Font)                  OT1/cmr/bx/n --> TU/LatinModernRoman(0)/b/n on input li
ne 11.
LaTeX Font Info:    Overwriting math alphabet `\mathsf' in version `normal'
(Font)                  OT1/cmss/m/n --> TU/LatinModernSans(0)/m/n on input lin
e 11.
LaTeX Font Info:    Overwriting math alphabet `\mathtt' in version `normal'
(Font)                  OT1/cmtt/m/n --> TU/lmtt/m/n on input line 11.
LaTeX Font Info:    Overwriting symbol font `operators' in version `bold'
(Font)                  TU/LatinModernRoman(0)/m/n --> TU/LatinModernRoman(0)/b
/n on input line 11.
LaTeX Font Info:    Overwriting math alphabet `\mathit' in version `bold'
(Font)                  OT1/cmr/bx/it --> TU/LatinModernRoman(0)/b/it on input 
line 11.
LaTeX Font Info:    Overwriting math alphabet `\mathsf' in version `bold'
(Font)                  OT1/cmss/bx/n --> TU/LatinModernSans(0)/b/n on input li
ne 11.
LaTeX Font Info:    Overwriting math alphabet `\mathtt' in version `bold'
(Font)                  OT1/cmtt/m/n --> TU/lmtt/b/n on input line 11.
(./data.tex
LaTeX Font Info:    Font shape `TU/TimesNewRoman(0)/m/n' will be
(Font)              scaled to size 11.56348pt on input line 9.
LaTeX Font Info:    Font shape `TU/TimesNewRoman(0)/m/it' will be
(Font)              scaled to size 12.02289pt on input line 9.

Underfull \hbox (badness 10000) in paragraph at lines 9--9
[]\TU/LatinModernSans(0)/b/n/14.4 Heritage[] \TU/TimesNewRoman(0)/m/it/12 /ˈher
ɪtɪdʒ/ (n) \TU/LatinModernRoman(0)/m/n/12 — Property
 []


Underfull \hbox (badness 10000) in paragraph at lines 15--15
[]\TU/LatinModernSans(0)/b/n/14.4 Artifact[] \TU/TimesNewRoman(0)/m/it/12 /ˈɑːr
tɪfækt/ (n) \TU/LatinModernRoman(0)/m/n/12 — An object
 []


Underfull \hbox (badness 5446) in paragraph at lines 21--21
[]\TU/LatinModernRoman(0)/b/it/12 Example: \TU/LatinModernRoman(0)/m/it/12 Arch
aeology allows us to
 []


Underfull \hbox (badness 10000) in paragraph at lines 27--27
[]\TU/LatinModernSans(0)/b/n/14.4 Chronology[] \TU/TimesNewRoman(0)/m/it/12 /kr
əˈnɑːlədʒi/ (n) \TU/LatinModernRoman(0)/m/n/12 — The
 []


Underfull \hbox (badness 10000) in paragraph at lines 33--33
[]\TU/LatinModernSans(0)/b/n/14.4 Civilization[] \TU/TimesNewRoman(0)/m/it/12 /
ˌsɪvələˈzeɪʃn/ (n) \TU/LatinModernRoman(0)/m/n/12 — The
 []


Underfull \hbox (badness 6094) in paragraph at lines 33--33
\TU/LatinModernRoman(0)/m/n/12 stage of human social and cultural
 []


Underfull \hbox (badness 10000) in paragraph at lines 45--45
[]\TU/LatinModernRoman(0)/b/it/12 Example: \TU/LatinModernRoman(0)/m/it/12 The 
Victorian era was
 []


Underfull \hbox (badness 10000) in paragraph at lines 51--51
[]\TU/LatinModernSans(0)/b/n/14.4 Dynasty[] \TU/TimesNewRoman(0)/m/it/12 /ˈdaɪn
əsti/ (n) \TU/LatinModernRoman(0)/m/n/12 — A line of
 []


Underfull \hbox (badness 10000) in paragraph at lines 57--57
\TU/LatinModernRoman(0)/m/n/12 typically one more remote than a
 []


Underfull \hbox (badness 10000) in paragraph at lines 69--69
[]\TU/LatinModernSans(0)/b/n/14.4 Authenticity[] \TU/TimesNewRoman(0)/m/it/12 /
ˌɔːθenˈtɪsəti/ (n) \TU/LatinModernRoman(0)/m/n/12 — The
 []

File: ../wm/logoTF.png Graphic file (type bmp)
<../wm/logoTF.png>
[1

]
Overfull \hbox (5.23439pt too wide) in paragraph at lines 75--75
[]\TU/LatinModernSans(0)/b/n/14.4 Folklore[] \TU/TimesNewRoman(0)/m/it/12 /ˈfoʊ
klɔːr/ (n) \TU/LatinModernRoman(0)/m/n/12 — The traditional
 []


Underfull \hbox (badness 10000) in paragraph at lines 75--75
\TU/LatinModernRoman(0)/m/n/12 beliefs, customs, and stories of
 []


Underfull \hbox (badness 10000) in paragraph at lines 75--75
\TU/LatinModernRoman(0)/m/n/12 a community, passed through the
 []


Underfull \hbox (badness 10000) in paragraph at lines 75--75
[]\TU/LatinModernRoman(0)/b/it/12 Example: \TU/LatinModernRoman(0)/m/it/12 The 
author drew heavy
 []


Underfull \hbox (badness 10000) in paragraph at lines 81--81
[]\TU/LatinModernSans(0)/b/n/14.4 Imperialism[] \TU/TimesNewRoman(0)/m/it/12 /ɪ
mˈpɪriəlɪzəm/ (n) \TU/LatinModernRoman(0)/m/n/12 — A
 []


Underfull \hbox (badness 10000) in paragraph at lines 87--87
[]\TU/LatinModernRoman(0)/b/it/12 Example: \TU/LatinModernRoman(0)/m/it/12 The 
philosopher’s legacy
 []


Underfull \hbox (badness 10000) in paragraph at lines 93--93
[]\TU/LatinModernSans(0)/b/n/14.4 Monument[] \TU/TimesNewRoman(0)/m/it/12 /ˈmɑː
njumənt/ (n) \TU/LatinModernRoman(0)/m/n/12 — A
 []


Underfull \hbox (badness 10000) in paragraph at lines 99--99
[]\TU/LatinModernSans(0)/b/n/14.4 Prehistoric[] \TU/TimesNewRoman(0)/m/it/12 /ˌ
priːhɪˈstɔːrɪk/ (adj) \TU/LatinModernRoman(0)/m/n/12 —
 []


Overfull \hbox (1.73756pt too wide) in paragraph at lines 105--105
[]\TU/LatinModernSans(0)/b/n/14.4 Revival[] \TU/TimesNewRoman(0)/m/it/12 /rɪˈva
ɪvl/ (n) \TU/LatinModernRoman(0)/m/n/12 — An improvement
 []


Underfull \hbox (badness 10000) in paragraph at lines 105--105
\TU/LatinModernRoman(0)/m/n/12 an instance of something becoming
 []


Overfull \hbox (1.09251pt too wide) in paragraph at lines 111--111
[]\TU/LatinModernSans(0)/b/n/14.4 Sovereignty[] \TU/TimesNewRoman(0)/m/it/12 /ˈ
sɑːvrənti/ (n) \TU/LatinModernRoman(0)/m/n/12 — Supreme
 []


Overfull \hbox (17.7619pt too wide) in paragraph at lines 117--117
[]\TU/LatinModernSans(0)/b/n/14.4 Tradition[] \TU/TimesNewRoman(0)/m/it/12 /trə
ˈdɪʃn/ (n) \TU/LatinModernRoman(0)/m/n/12 — The transmission
 []


Underfull \hbox (badness 10000) in paragraph at lines 123--123
[]\TU/LatinModernSans(0)/b/n/14.4 Excavation[] \TU/TimesNewRoman(0)/m/it/12 /ˌe
kskəˈveɪʃn/ (n) \TU/LatinModernRoman(0)/m/n/12 — The
 []


Overfull \hbox (0.80133pt too wide) in paragraph at lines 129--129
[]\TU/LatinModernSans(0)/b/n/14.4 Antique[] \TU/TimesNewRoman(0)/m/it/12 /ænˈti
ːk/ (n/adj) \TU/LatinModernRoman(0)/m/n/12 — A collectible
 []


Underfull \hbox (badness 10000) in paragraph at lines 135--135
\TU/LatinModernRoman(0)/m/n/12 of historical documents or records
 []


Underfull \hbox (badness 10000) in paragraph at lines 135--135
[]\TU/LatinModernRoman(0)/b/it/12 Example: \TU/LatinModernRoman(0)/m/it/12 Hist
orians spent months
 []

File: ../wm/logoTF.png Graphic file (type bmp)
<../wm/logoTF.png>
[2]
Underfull \hbox (badness 10000) in paragraph at lines 141--141
[]\TU/LatinModernSans(0)/b/n/14.4 Feudalism[] \TU/TimesNewRoman(0)/m/it/12 /ˈfj
uːdlɪzəm/ (n) \TU/LatinModernRoman(0)/m/n/12 — The
 []


Underfull \hbox (badness 7907) in paragraph at lines 141--141
\TU/LatinModernRoman(0)/m/n/12 dominant social system in medieval
 []


Underfull \hbox (badness 10000) in paragraph at lines 147--147
[]\TU/LatinModernSans(0)/b/n/14.4 Inscription[] \TU/TimesNewRoman(0)/m/it/12 /ɪ
nˈskrɪpʃn/ (n) \TU/LatinModernRoman(0)/m/n/12 — Words
 []


Underfull \hbox (badness 7468) in paragraph at lines 153--153
[]\TU/LatinModernSans(0)/b/n/14.4 Medieval[] \TU/TimesNewRoman(0)/m/it/12 /ˌmed
iˈiːvl/ (adj) \TU/LatinModernRoman(0)/m/n/12 — Relating
 []


Underfull \hbox (badness 10000) in paragraph at lines 159--159
[]\TU/LatinModernSans(0)/b/n/14.4 Oral history[] \TU/TimesNewRoman(0)/m/it/12 /
ˈɔːrəl ˈhɪstri/ (n) \TU/LatinModernRoman(0)/m/n/12 —
 []


Underfull \hbox (badness 10000) in paragraph at lines 165--165
[]\TU/LatinModernSans(0)/b/n/14.4 Renaissance[] \TU/TimesNewRoman(0)/m/it/12 /ˌ
renəˈsɑːns/ (n) \TU/LatinModernRoman(0)/m/n/12 — The
 []


Underfull \hbox (badness 10000) in paragraph at lines 171--171
[]\TU/LatinModernSans(0)/b/n/14.4 Treaty[] \TU/TimesNewRoman(0)/m/it/12 /ˈtriːt
i/ (n) \TU/LatinModernRoman(0)/m/n/12 — A formally
 []


Underfull \hbox (badness 10000) in paragraph at lines 177--177
[]\TU/LatinModernRoman(0)/b/it/12 Example: \TU/LatinModernRoman(0)/m/it/12 The 
popular uprising
 []


Underfull \hbox (badness 10000) in paragraph at lines 189--189
[]\TU/LatinModernSans(0)/b/n/14.4 Nationalism[] \TU/TimesNewRoman(0)/m/it/12 /ˈ
næʃnəlɪzəm/ (n) \TU/LatinModernRoman(0)/m/n/12 —
 []


Underfull \hbox (badness 10000) in paragraph at lines 195--195
[]\TU/LatinModernSans(0)/b/n/14.4 Propaganda[] \TU/TimesNewRoman(0)/m/it/12 /ˌp
rɑːpəˈɡændə/ (n) \TU/LatinModernRoman(0)/m/n/12 —
 []


Underfull \hbox (badness 10000) in paragraph at lines 201--201
[]\TU/LatinModernSans(0)/b/n/14.4 Revolution[] \TU/TimesNewRoman(0)/m/it/12 /ˌr
evəˈluːʃn/ (n) \TU/LatinModernRoman(0)/m/n/12 — A
 []


Underfull \hbox (badness 10000) in paragraph at lines 207--207
[]\TU/LatinModernSans(0)/b/n/14.4 Democracy[] \TU/TimesNewRoman(0)/m/it/12 /dɪˈ
mɑːkrəsi/ (n) \TU/LatinModernRoman(0)/m/n/12 — A
 []

File: ../wm/logoTF.png Graphic file (type bmp)
<../wm/logoTF.png>
[3]
Underfull \hbox (badness 10000) in paragraph at lines 225--225
[]\TU/LatinModernSans(0)/b/n/14.4 Secondary source[] \TU/TimesNewRoman(0)/m/it/
12 /ˈsekənderi sɔːrs/
 []


Underfull \hbox (badness 10000) in paragraph at lines 231--231
[]\TU/LatinModernSans(0)/b/n/14.4 Indigenous[] \TU/TimesNewRoman(0)/m/it/12 /ɪn
ˈdɪdʒənəs/ (adj) \TU/LatinModernRoman(0)/m/n/12 —
 []


Overfull \hbox (7.33958pt too wide) in paragraph at lines 237--237
[]\TU/LatinModernSans(0)/b/n/14.4 Patrimony[] \TU/TimesNewRoman(0)/m/it/12 /ˈpæ
trɪmoʊni/ (n) \TU/LatinModernRoman(0)/m/n/12 — Property
 []


Underfull \hbox (badness 5064) in paragraph at lines 237--237
\TU/LatinModernRoman(0)/m/n/12 inherited from one’s father or male
 []


Underfull \hbox (badness 10000) in paragraph at lines 243--243
[]\TU/LatinModernSans(0)/b/n/14.4 Restoration[] \TU/TimesNewRoman(0)/m/it/12 /ˌ
restəˈreɪʃn/ (n) \TU/LatinModernRoman(0)/m/n/12 — The
 []


Underfull \hbox (badness 10000) in paragraph at lines 255--255
[]\TU/LatinModernSans(0)/b/n/14.4 Antiquity[] \TU/TimesNewRoman(0)/m/it/12 /ænˈ
tɪkwəti/ (n) \TU/LatinModernRoman(0)/m/n/12 — The
 []


Underfull \hbox (badness 10000) in paragraph at lines 261--261
[]\TU/LatinModernSans(0)/b/n/14.4 Bicentennial[] \TU/TimesNewRoman(0)/m/it/12 /
ˌbaɪsenˈteniəl/ (n/adj) \TU/LatinModernRoman(0)/m/n/12 —
 []


Underfull \hbox (badness 5637) in paragraph at lines 261--261
\TU/LatinModernRoman(0)/m/n/12 The two-hundredth anniversary of a
 []


Underfull \hbox (badness 10000) in paragraph at lines 273--273
[]\TU/LatinModernSans(0)/b/n/14.4 Conflict[] \TU/TimesNewRoman(0)/m/it/12 /ˈkɑː
nflɪkt/ (n) \TU/LatinModernRoman(0)/m/n/12 — A serious
 []

File: ../wm/logoTF.png Graphic file (type bmp)
<../wm/logoTF.png>
[4]
Underfull \hbox (badness 10000) in paragraph at lines 279--279
[]\TU/LatinModernSans(0)/b/n/14.4 Conquest[] \TU/TimesNewRoman(0)/m/it/12 /ˈkɑː
ŋkwest/ (n) \TU/LatinModernRoman(0)/m/n/12 — The
 []


Underfull \hbox (badness 10000) in paragraph at lines 285--285
[]\TU/LatinModernSans(0)/b/n/14.4 Custodianship[] \TU/TimesNewRoman(0)/m/it/12 
/kʌˈstoʊdiənʃɪp/ (n) \TU/LatinModernRoman(0)/m/n/12 —
 []


Underfull \hbox (badness 5302) in paragraph at lines 285--285
\TU/LatinModernRoman(0)/m/n/12 The office or duty of a custodian;
 []


Underfull \hbox (badness 10000) in paragraph at lines 303--303
[]\TU/LatinModernSans(0)/b/n/14.4 Descendant[] \TU/TimesNewRoman(0)/m/it/12 /dɪ
ˈsendənt/ (n) \TU/LatinModernRoman(0)/m/n/12 — A
 []


Underfull \hbox (badness 10000) in paragraph at lines 309--309
[]\TU/LatinModernSans(0)/b/n/14.4 Diplomacy[] \TU/TimesNewRoman(0)/m/it/12 /dɪˈ
ploʊməsi/ (n) \TU/LatinModernRoman(0)/m/n/12 — The
 []


Underfull \hbox (badness 5064) in paragraph at lines 309--309
[]\TU/LatinModernRoman(0)/b/it/12 Example: \TU/LatinModernRoman(0)/m/it/12 Dipl
omacy is often more
 []


Underfull \hbox (badness 10000) in paragraph at lines 315--315
\TU/LatinModernRoman(0)/m/n/12 or process of discovering or being
 []

File: ../wm/logoTF.png Graphic file (type bmp)
<../wm/logoTF.png>
[5]
Underfull \hbox (badness 10000) in paragraph at lines 357--357
[]\TU/LatinModernSans(0)/b/n/14.4 Expansion[] \TU/TimesNewRoman(0)/m/it/12 /ɪkˈ
spænʃn/ (n) \TU/LatinModernRoman(0)/m/n/12 — The
 []


Underfull \hbox (badness 7613) in paragraph at lines 357--357
\TU/LatinModernRoman(0)/m/n/12 action of becoming larger or more
 []


Underfull \hbox (badness 10000) in paragraph at lines 363--363
[]\TU/LatinModernSans(0)/b/n/14.4 Fable[] \TU/TimesNewRoman(0)/m/it/12 /ˈfeɪbl/
 (n) \TU/LatinModernRoman(0)/m/n/12 — A short story,
 []


Underfull \hbox (badness 10000) in paragraph at lines 369--369
[]\TU/LatinModernSans(0)/b/n/14.4 Faction[] \TU/TimesNewRoman(0)/m/it/12 /ˈfækʃ
n/ (n) \TU/LatinModernRoman(0)/m/n/12 — A small
 []


Underfull \hbox (badness 5302) in paragraph at lines 369--369
[]\TU/LatinModernRoman(0)/b/it/12 Example: \TU/LatinModernRoman(0)/m/it/12 Riva
l factions within the
 []


Underfull \hbox (badness 10000) in paragraph at lines 375--375
[]\TU/LatinModernSans(0)/b/n/14.4 Folktale[] \TU/TimesNewRoman(0)/m/it/12 /ˈfoʊ
kteɪl/ (n) \TU/LatinModernRoman(0)/m/n/12 — A story
 []


Underfull \hbox (badness 10000) in paragraph at lines 381--381
[]\TU/LatinModernRoman(0)/b/it/12 Example: \TU/LatinModernRoman(0)/m/it/12 Arch
aeologists discovered
 []


Overfull \hbox (13.38689pt too wide) in paragraph at lines 399--399
[]\TU/LatinModernSans(0)/b/n/14.4 Hegemony[] \TU/TimesNewRoman(0)/m/it/12 /hɪˈd
ʒeməni/ (n) \TU/LatinModernRoman(0)/m/n/12 — Leadership
 []


Underfull \hbox (badness 6284) in paragraph at lines 405--405
[]\TU/LatinModernSans(0)/b/n/14.4 Heirloom[] \TU/TimesNewRoman(0)/m/it/12 /ˈerl
uːm/ (n) \TU/LatinModernRoman(0)/m/n/12 — A valuable
 []


Underfull \hbox (badness 5274) in paragraph at lines 411--411
\TU/LatinModernRoman(0)/m/n/12 by which coats of arms and other
 []


Underfull \hbox (badness 10000) in paragraph at lines 417--417
[]\TU/LatinModernSans(0)/b/n/14.4 Hero[] \TU/TimesNewRoman(0)/m/it/12 /ˈhɪroʊ/ 
(n) \TU/LatinModernRoman(0)/m/n/12 — A person who
 []


Underfull \hbox (badness 10000) in paragraph at lines 417--417
\TU/LatinModernRoman(0)/m/n/12 outstanding achievements, or noble
 []

File: ../wm/logoTF.png Graphic file (type bmp)
<../wm/logoTF.png>
[6]
Underfull \hbox (badness 10000) in paragraph at lines 447--447
[]\TU/LatinModernSans(0)/b/n/14.4 Immigration[] \TU/TimesNewRoman(0)/m/it/12 /ˌ
ɪmɪˈɡreɪʃn/ (n) \TU/LatinModernRoman(0)/m/n/12 — The
 []


Underfull \hbox (badness 5939) in paragraph at lines 453--453
[]\TU/LatinModernSans(0)/b/n/14.4 Industrialization[] \TU/TimesNewRoman(0)/m/it
/12 /ɪnˌdʌstriələˈzeɪʃn/ (n)
 []


Overfull \hbox (7.98769pt too wide) in paragraph at lines 459--459
[]\TU/LatinModernSans(0)/b/n/14.4 Inequality[] \TU/TimesNewRoman(0)/m/it/12 /ˌɪ
nɪˈkwɑːləti/ (n) \TU/LatinModernRoman(0)/m/n/12 — Difference
 []


Underfull \hbox (badness 10000) in paragraph at lines 465--465
[]\TU/LatinModernSans(0)/b/n/14.4 Influence[] \TU/TimesNewRoman(0)/m/it/12 /ˈɪn
fluəns/ (n/v) \TU/LatinModernRoman(0)/m/n/12 — The
 []


Underfull \hbox (badness 10000) in paragraph at lines 471--471
[]\TU/LatinModernSans(0)/b/n/14.4 Inhabitant[] \TU/TimesNewRoman(0)/m/it/12 /ɪn
ˈhæbɪtənt/ (n) \TU/LatinModernRoman(0)/m/n/12 — A
 []


Underfull \hbox (badness 10000) in paragraph at lines 471--471
[]\TU/LatinModernRoman(0)/b/it/12 Example: \TU/LatinModernRoman(0)/m/it/12 The 
island’s original
 []


Underfull \hbox (badness 6252) in paragraph at lines 477--477
[]\TU/LatinModernSans(0)/b/n/14.4 Inquiry[] \TU/TimesNewRoman(0)/m/it/12 /ɪnˈkw
aɪəri/ (n) \TU/LatinModernRoman(0)/m/n/12 — An act of
 []


Underfull \hbox (badness 10000) in paragraph at lines 489--489
[]\TU/LatinModernSans(0)/b/n/14.4 Institutional[] \TU/TimesNewRoman(0)/m/it/12 
/ˌɪnstɪˈtuːʃənl/ (adj) \TU/LatinModernRoman(0)/m/n/12 —
 []


Underfull \hbox (badness 10000) in paragraph at lines 489--489
[]\TU/LatinModernRoman(0)/b/it/12 Example: \TU/LatinModernRoman(0)/m/it/12 Many
 historical problems
 []

File: ../wm/logoTF.png Graphic file (type bmp)
<../wm/logoTF.png>
[7]
Underfull \hbox (badness 10000) in paragraph at lines 495--495
[]\TU/LatinModernSans(0)/b/n/14.4 Insurrection[] \TU/TimesNewRoman(0)/m/it/12 /
ˌɪnsəˈrekʃn/ (n) \TU/LatinModernRoman(0)/m/n/12 — A
 []


Underfull \hbox (badness 10000) in paragraph at lines 501--501
[]\TU/LatinModernSans(0)/b/n/14.4 Intangible heritage[] \TU/TimesNewRoman(0)/m/
it/12 /ɪnˈtændʒəbl
 []


Underfull \hbox (badness 10000) in paragraph at lines 501--501
\TU/TimesNewRoman(0)/m/it/12 ˈherɪtɪdʒ/ (n) \TU/LatinModernRoman(0)/m/n/12 — Tr
aditions or living
 []


Underfull \hbox (badness 10000) in paragraph at lines 507--507
[]\TU/LatinModernSans(0)/b/n/14.4 Integration[] \TU/TimesNewRoman(0)/m/it/12 /ˌ
ɪntɪˈɡreɪʃn/ (n) \TU/LatinModernRoman(0)/m/n/12 — The
 []


Underfull \hbox (badness 10000) in paragraph at lines 507--507
[]\TU/LatinModernRoman(0)/b/it/12 Example: \TU/LatinModernRoman(0)/m/it/12 The 
integration of new
 []


Underfull \hbox (badness 10000) in paragraph at lines 519--519
[]\TU/LatinModernSans(0)/b/n/14.4 Interpretation[] \TU/TimesNewRoman(0)/m/it/12
 /ɪnˌtɜːrprɪˈteɪʃn/ (n) \TU/LatinModernRoman(0)/m/n/12 —
 []


Overfull \hbox (11.97554pt too wide) in paragraph at lines 543--543
[]\TU/LatinModernSans(0)/b/n/14.4 Kinship[] \TU/TimesNewRoman(0)/m/it/12 /ˈkɪnʃ
ɪp/ (n) \TU/LatinModernRoman(0)/m/n/12 — Blood relationship. 
 []


Underfull \hbox (badness 10000) in paragraph at lines 543--543
\TU/LatinModernRoman(0)/m/it/12 is an important part of historical
 []


Underfull \hbox (badness 10000) in paragraph at lines 549--549
[]\TU/LatinModernSans(0)/b/n/14.4 Knight[] \TU/TimesNewRoman(0)/m/it/12 /naɪt/ 
(n) \TU/LatinModernRoman(0)/m/n/12 — (In the Middle
 []


Underfull \hbox (badness 10000) in paragraph at lines 555--555
[]\TU/LatinModernSans(0)/b/n/14.4 Knowledge[] \TU/TimesNewRoman(0)/m/it/12 /ˈnɑ
ːlɪdʒ/ (n) \TU/LatinModernRoman(0)/m/n/12 — Facts,
 []


Underfull \hbox (badness 10000) in paragraph at lines 561--561
[]\TU/LatinModernSans(0)/b/n/14.4 Landmark[] \TU/TimesNewRoman(0)/m/it/12 /ˈlæn
dmɑːrk/ (n) \TU/LatinModernRoman(0)/m/n/12 — An
 []

File: ../wm/logoTF.png Graphic file (type bmp)
<../wm/logoTF.png>
[8]
Overfull \hbox (20.09232pt too wide) in paragraph at lines 573--573
[]\TU/LatinModernSans(0)/b/n/14.4 Legitimacy[] \TU/TimesNewRoman(0)/m/it/12 /lə
ˈdʒɪtɪməsi/ (n) \TU/LatinModernRoman(0)/m/n/12 — Conformity
 []


Underfull \hbox (badness 10000) in paragraph at lines 573--573
[]\TU/LatinModernRoman(0)/b/it/12 Example: \TU/LatinModernRoman(0)/m/it/12 The 
new king struggled
 []


Underfull \hbox (badness 10000) in paragraph at lines 579--579
[]\TU/LatinModernSans(0)/b/n/14.4 Liberalism[] \TU/TimesNewRoman(0)/m/it/12 /ˈl
ɪbrəlɪzəm/ (n) \TU/LatinModernRoman(0)/m/n/12 — A
 []


Underfull \hbox (badness 10000) in paragraph at lines 579--579
\TU/LatinModernRoman(0)/m/n/12 political and social philosophy that
 []


Underfull \hbox (badness 10000) in paragraph at lines 603--603
[]\TU/LatinModernSans(0)/b/n/14.4 Litigation[] \TU/TimesNewRoman(0)/m/it/12 /ˌl
ɪtɪˈɡeɪʃn/ (n) \TU/LatinModernRoman(0)/m/n/12 — The
 []


Underfull \hbox (badness 10000) in paragraph at lines 615--615
[]\TU/LatinModernSans(0)/b/n/14.4 Logic[] \TU/TimesNewRoman(0)/m/it/12 /ˈlɑːdʒɪ
k/ (n) \TU/LatinModernRoman(0)/m/n/12 — Reasoning
 []


Underfull \hbox (badness 10000) in paragraph at lines 621--621
[]\TU/LatinModernSans(0)/b/n/14.4 Longevity[] \TU/TimesNewRoman(0)/m/it/12 /lɔː
nˈdʒevəti/ (n) \TU/LatinModernRoman(0)/m/n/12 — Long
 []


Underfull \hbox (badness 10000) in paragraph at lines 627--627
[]\TU/LatinModernSans(0)/b/n/14.4 Looting[] \TU/TimesNewRoman(0)/m/it/12 /ˈluːt
ɪŋ/ (n/v) \TU/LatinModernRoman(0)/m/n/12 — Steal goods
 []


Underfull \hbox (badness 10000) in paragraph at lines 633--633
[]\TU/LatinModernSans(0)/b/n/14.4 Mainstream[] \TU/TimesNewRoman(0)/m/it/12 /ˈm
eɪnstriːm/ (adj) \TU/LatinModernRoman(0)/m/n/12 —
 []


Underfull \hbox (badness 10000) in paragraph at lines 639--639
[]\TU/LatinModernSans(0)/b/n/14.4 Management[] \TU/TimesNewRoman(0)/m/it/12 /ˈm
ænɪdʒmənt/ (n) \TU/LatinModernRoman(0)/m/n/12 —
 []


Underfull \hbox (badness 10000) in paragraph at lines 639--639
[]\TU/LatinModernRoman(0)/b/it/12 Example: \TU/LatinModernRoman(0)/m/it/12 Effe
ctive management of
 []


Underfull \hbox (badness 10000) in paragraph at lines 645--645
[]\TU/LatinModernSans(0)/b/n/14.4 Manifesto[] \TU/TimesNewRoman(0)/m/it/12 /ˌmæ
nɪˈfestoʊ/ (n) \TU/LatinModernRoman(0)/m/n/12 — A
 []


Underfull \hbox (badness 10000) in paragraph at lines 651--651
[]\TU/LatinModernSans(0)/b/n/14.4 Manuscript[] \TU/TimesNewRoman(0)/m/it/12 /ˈm
ænjuskrɪpt/ (n) \TU/LatinModernRoman(0)/m/n/12 — A
 []

File: ../wm/logoTF.png Graphic file (type bmp)
<../wm/logoTF.png>
[9]
Underfull \hbox (badness 7944) in paragraph at lines 657--657
[]\TU/LatinModernSans(0)/b/n/14.4 Market[] \TU/TimesNewRoman(0)/m/it/12 /ˈmɑːrk
ɪt/ (n) \TU/LatinModernRoman(0)/m/n/12 — An area or
 []


Underfull \hbox (badness 10000) in paragraph at lines 663--663
[]\TU/LatinModernSans(0)/b/n/14.4 Masquerade[] \TU/TimesNewRoman(0)/m/it/12 /ˌm
æskəˈreɪd/ (n/v) \TU/LatinModernRoman(0)/m/n/12 — A
 []


Underfull \hbox (badness 10000) in paragraph at lines 669--669
[]\TU/LatinModernSans(0)/b/n/14.4 Material[] \TU/TimesNewRoman(0)/m/it/12 /məˈt
ɪriəl/ (n/adj) \TU/LatinModernRoman(0)/m/n/12 — The
 []


Underfull \hbox (badness 10000) in paragraph at lines 675--675
[]\TU/LatinModernSans(0)/b/n/14.4 Measurement[] \TU/TimesNewRoman(0)/m/it/12 /ˈ
meʒərmənt/ (n) \TU/LatinModernRoman(0)/m/n/12 —
 []


Underfull \hbox (badness 10000) in paragraph at lines 675--675
[]\TU/LatinModernRoman(0)/b/it/12 Example: \TU/LatinModernRoman(0)/m/it/12 Accu
rate measurement of
 []


Underfull \hbox (badness 10000) in paragraph at lines 681--681
[]\TU/LatinModernSans(0)/b/n/14.4 Mechanism[] \TU/TimesNewRoman(0)/m/it/12 /ˈme
kənɪzəm/ (n) \TU/LatinModernRoman(0)/m/n/12 — A
 []


Overfull \hbox (14.11642pt too wide) in paragraph at lines 687--687
[]\TU/LatinModernSans(0)/b/n/14.4 Mediation[] \TU/TimesNewRoman(0)/m/it/12 /ˌmi
ːdiˈeɪʃn/ (n) \TU/LatinModernRoman(0)/m/n/12 — Intervention
 []


Underfull \hbox (badness 10000) in paragraph at lines 693--693
\TU/LatinModernRoman(0)/m/n/12 account or biography written from
 []


Underfull \hbox (badness 10000) in paragraph at lines 705--705
[]\TU/LatinModernSans(0)/b/n/14.4 Mercantilism[] \TU/TimesNewRoman(0)/m/it/12 /
ˈmɜːrkəntɪlɪzəm/ (n) \TU/LatinModernRoman(0)/m/n/12 —
 []


Underfull \hbox (badness 10000) in paragraph at lines 705--705
\TU/LatinModernRoman(0)/m/n/12 wealth and is stimulated by the
 []


Underfull \hbox (badness 10000) in paragraph at lines 717--717
[]\TU/LatinModernSans(0)/b/n/14.4 Meteorology[] \TU/TimesNewRoman(0)/m/it/12 /ˌ
miːtiəˈrɑːlədʒi/ (n) \TU/LatinModernRoman(0)/m/n/12 —
 []


Underfull \hbox (badness 10000) in paragraph at lines 723--723
[]\TU/LatinModernSans(0)/b/n/14.4 Metropolis[] \TU/TimesNewRoman(0)/m/it/12 /mə
ˈtrɑːpəlɪs/ (n) \TU/LatinModernRoman(0)/m/n/12 — The
 []


Underfull \hbox (badness 10000) in paragraph at lines 729--729
[]\TU/LatinModernSans(0)/b/n/14.4 Microcosm[] \TU/TimesNewRoman(0)/m/it/12 /ˈma
ɪkrəkɑːzəm/ (n) \TU/LatinModernRoman(0)/m/n/12 — A
 []


Underfull \hbox (badness 10000) in paragraph at lines 729--729
\TU/LatinModernRoman(0)/m/n/12 as encapsulating in miniature the
 []

File: ../wm/logoTF.png Graphic file (type bmp)
<../wm/logoTF.png>
[10]
Overfull \hbox (2.02058pt too wide) in paragraph at lines 735--735
[]\TU/LatinModernSans(0)/b/n/14.4 Migration[] \TU/TimesNewRoman(0)/m/it/12 /maɪ
ˈɡreɪʃn/ (n) \TU/LatinModernRoman(0)/m/n/12 — Movement
 []


Underfull \hbox (badness 10000) in paragraph at lines 747--747
[]\TU/LatinModernSans(0)/b/n/14.4 Minority[] \TU/TimesNewRoman(0)/m/it/12 /maɪˈ
nɔːrəti/ (n) \TU/LatinModernRoman(0)/m/n/12 — The
 []


Underfull \hbox (badness 10000) in paragraph at lines 747--747
\TU/LatinModernRoman(0)/m/it/12 experiences of ethnic and religious
 []


Underfull \hbox (badness 10000) in paragraph at lines 753--753
[]\TU/LatinModernSans(0)/b/n/14.4 Misconduct[] \TU/TimesNewRoman(0)/m/it/12 /ˌm
ɪsˈkɑːndʌkt/ (n/v) \TU/LatinModernRoman(0)/m/n/12 —
 []


Underfull \hbox (badness 10000) in paragraph at lines 765--765
[]\TU/LatinModernSans(0)/b/n/14.4 Mobilization[] \TU/TimesNewRoman(0)/m/it/12 /
ˌmoʊbələˈzeɪʃn/ (n) \TU/LatinModernRoman(0)/m/n/12 —
 []


Underfull \hbox (badness 10000) in paragraph at lines 765--765
[]\TU/LatinModernRoman(0)/b/it/12 Example: \TU/LatinModernRoman(0)/m/it/12 The 
mobilization of the
 []


Overfull \hbox (7.0952pt too wide) in paragraph at lines 771--771
[]\TU/LatinModernRoman(0)/b/it/12 Example: \TU/LatinModernRoman(0)/m/it/12 The 
government’s modernization
 []


Underfull \hbox (badness 10000) in paragraph at lines 777--777
[]\TU/LatinModernSans(0)/b/n/14.4 Monastery[] \TU/TimesNewRoman(0)/m/it/12 /ˈmɑ
ːnəsteri/ (n) \TU/LatinModernRoman(0)/m/n/12 — A
 []


Underfull \hbox (badness 10000) in paragraph at lines 783--783
[]\TU/LatinModernSans(0)/b/n/14.4 Monolith[] \TU/TimesNewRoman(0)/m/it/12 /ˈmɑː
nəlɪθ/ (n) \TU/LatinModernRoman(0)/m/n/12 — A large
 []


Underfull \hbox (badness 10000) in paragraph at lines 789--789
[]\TU/LatinModernSans(0)/b/n/14.4 Monumental[] \TU/TimesNewRoman(0)/m/it/12 /ˌm
ɑːnjuˈmentl/ (adj) \TU/LatinModernRoman(0)/m/n/12 —
 []


Underfull \hbox (badness 10000) in paragraph at lines 795--795
[]\TU/LatinModernSans(0)/b/n/14.4 Morality[] \TU/TimesNewRoman(0)/m/it/12 /məˈr
æləti/ (n) \TU/LatinModernRoman(0)/m/n/12 — Principles
 []

File: ../wm/logoTF.png Graphic file (type bmp)
<../wm/logoTF.png>
[11]
Underfull \hbox (badness 10000) in paragraph at lines 819--819
[]\TU/LatinModernSans(0)/b/n/14.4 Multi-ethnic[] \TU/TimesNewRoman(0)/m/it/12 /
ˌmʌltiˈeθnɪk/ (adj) \TU/LatinModernRoman(0)/m/n/12 —
 []


Underfull \hbox (badness 5175) in paragraph at lines 831--831
[]\TU/LatinModernSans(0)/b/n/14.4 Mural[] \TU/TimesNewRoman(0)/m/it/12 /ˈmjʊrəl
/ (n) \TU/LatinModernRoman(0)/m/n/12 — A painting or
 []


Underfull \hbox (badness 10000) in paragraph at lines 831--831
[]\TU/LatinModernRoman(0)/b/it/12 Example: \TU/LatinModernRoman(0)/m/it/12 Arch
aeologists discovered
 []


Underfull \hbox (badness 10000) in paragraph at lines 849--849
[]\TU/LatinModernSans(0)/b/n/14.4 Mythology[] \TU/TimesNewRoman(0)/m/it/12 /mɪˈ
θɑːlədʒi/ (n) \TU/LatinModernRoman(0)/m/n/12 — A
 []


Underfull \hbox (badness 10000) in paragraph at lines 849--849
\TU/LatinModernRoman(0)/m/n/12 collection of myths, especially one
 []


Underfull \hbox (badness 10000) in paragraph at lines 861--861
[]\TU/LatinModernSans(0)/b/n/14.4 Nationality[] \TU/TimesNewRoman(0)/m/it/12 /ˌ
næʃəˈnæləti/ (n) \TU/LatinModernRoman(0)/m/n/12 — The
 []


Underfull \hbox (badness 10000) in paragraph at lines 879--879
[]\TU/LatinModernSans(0)/b/n/14.4 Navigation[] \TU/TimesNewRoman(0)/m/it/12 /ˌn
ævɪˈɡeɪʃn/ (n) \TU/LatinModernRoman(0)/m/n/12 — The
 []


Underfull \hbox (badness 10000) in paragraph at lines 879--879
\TU/LatinModernRoman(0)/m/n/12 process or activity of accurately
 []

File: ../wm/logoTF.png Graphic file (type bmp)
<../wm/logoTF.png>
[12]
Underfull \hbox (badness 10000) in paragraph at lines 891--891
[]\TU/LatinModernSans(0)/b/n/14.4 Negotiation[] \TU/TimesNewRoman(0)/m/it/12 /n
əˌɡoʊʃiˈeɪʃn/ (n) \TU/LatinModernRoman(0)/m/n/12 —
 []


Underfull \hbox (badness 10000) in paragraph at lines 891--891
\TU/LatinModernRoman(0)/m/n/12 Discussion aimed at reaching an
 []


Underfull \hbox (badness 10000) in paragraph at lines 897--897
[]\TU/LatinModernSans(0)/b/n/14.4 Neighborhood[] \TU/TimesNewRoman(0)/m/it/12 /
ˈneɪbərhʊd/ (n) \TU/LatinModernRoman(0)/m/n/12 —
 []


Underfull \hbox (badness 6842) in paragraph at lines 897--897
[]\TU/LatinModernRoman(0)/b/it/12 Example: \TU/LatinModernRoman(0)/m/it/12 They
 live in a historic
 []


Underfull \hbox (badness 10000) in paragraph at lines 909--909
[]\TU/LatinModernSans(0)/b/n/14.4 Nomadic[] \TU/TimesNewRoman(0)/m/it/12 /noʊˈm
ædɪk/ (adj) \TU/LatinModernRoman(0)/m/n/12 — Living
 []


Underfull \hbox (badness 7415) in paragraph at lines 921--921
[]\TU/LatinModernRoman(0)/b/it/12 Example: \TU/LatinModernRoman(0)/m/it/12 Resp
ect for elders is a
 []


Underfull \hbox (badness 10000) in paragraph at lines 933--933
[]\TU/LatinModernSans(0)/b/n/14.4 Novel[] \TU/TimesNewRoman(0)/m/it/12 /ˈnɑːvl/
 (n/adj) \TU/LatinModernRoman(0)/m/n/12 — A fictitious
 []


Underfull \hbox (badness 10000) in paragraph at lines 939--939
[]\TU/LatinModernSans(0)/b/n/14.4 Nuance[] \TU/TimesNewRoman(0)/m/it/12 /ˈnuːɑː
ns/ (n) \TU/LatinModernRoman(0)/m/n/12 — A subtle
 []


Underfull \hbox (badness 10000) in paragraph at lines 939--939
\TU/LatinModernRoman(0)/m/n/12 difference in or shade of meaning,
 []


Underfull \hbox (badness 10000) in paragraph at lines 951--951
[]\TU/LatinModernSans(0)/b/n/14.4 Objective[] \TU/TimesNewRoman(0)/m/it/12 /əbˈ
dʒektɪv/ (adj) \TU/LatinModernRoman(0)/m/n/12 — (Of a
 []

File: ../wm/logoTF.png Graphic file (type bmp)
<../wm/logoTF.png>
[13]
Underfull \hbox (badness 8038) in paragraph at lines 969--969
[]\TU/LatinModernRoman(0)/b/it/12 Example: \TU/LatinModernRoman(0)/m/it/12 Many
 traditional farming
 []


Underfull \hbox (badness 10000) in paragraph at lines 969--969
\TU/LatinModernRoman(0)/m/it/12 tools have become obsolete due to
 []


Underfull \hbox (badness 10000) in paragraph at lines 975--975
[]\TU/LatinModernSans(0)/b/n/14.4 Official[] \TU/TimesNewRoman(0)/m/it/12 /əˈfɪ
ʃl/ (n/adj) \TU/LatinModernRoman(0)/m/n/12 — A person
 []


Underfull \hbox (badness 7944) in paragraph at lines 987--987
[]\TU/LatinModernSans(0)/b/n/14.4 Oligarchy[] \TU/TimesNewRoman(0)/m/it/12 /ˈɑː
lɪɡɑːrki/ (n) \TU/LatinModernRoman(0)/m/n/12 — A small
 []


Underfull \hbox (badness 10000) in paragraph at lines 993--993
[]\TU/LatinModernSans(0)/b/n/14.4 Opinion[] \TU/TimesNewRoman(0)/m/it/12 /əˈpɪn
jən/ (n) \TU/LatinModernRoman(0)/m/n/12 — A view or
 []


Underfull \hbox (badness 10000) in paragraph at lines 999--999
[]\TU/LatinModernSans(0)/b/n/14.4 Oppression[] \TU/TimesNewRoman(0)/m/it/12 /əˈ
preʃn/ (n) \TU/LatinModernRoman(0)/m/n/12 — Prolonged
 []


Underfull \hbox (badness 10000) in paragraph at lines 1011--1011
[]\TU/LatinModernSans(0)/b/n/14.4 Opulence[] \TU/TimesNewRoman(0)/m/it/12 /ˈɑːp
jələns/ (n) \TU/LatinModernRoman(0)/m/n/12 — Great
 []


Overfull \hbox (1.65892pt too wide) in paragraph at lines 1023--1023
[]\TU/LatinModernSans(0)/b/n/14.4 Order[] \TU/TimesNewRoman(0)/m/it/12 /ˈɔːrdər
/ (n/v) \TU/LatinModernRoman(0)/m/n/12 — The arrangement
 []


Underfull \hbox (badness 10000) in paragraph at lines 1035--1035
[]\TU/LatinModernSans(0)/b/n/14.4 Orientation[] \TU/TimesNewRoman(0)/m/it/12 /ˌ
ɔːriənˈteɪʃn/ (n) \TU/LatinModernRoman(0)/m/n/12 — The
 []


Underfull \hbox (badness 10000) in paragraph at lines 1059--1059
[]\TU/LatinModernSans(0)/b/n/14.4 Outline[] \TU/TimesNewRoman(0)/m/it/12 /ˈaʊtl
aɪn/ (n/v) \TU/LatinModernRoman(0)/m/n/12 — A general
 []

File: ../wm/logoTF.png Graphic file (type bmp)
<../wm/logoTF.png>
[14]
Underfull \hbox (badness 10000) in paragraph at lines 1065--1065
[]\TU/LatinModernSans(0)/b/n/14.4 Outpost[] \TU/TimesNewRoman(0)/m/it/12 /ˈaʊtp
oʊst/ (n) \TU/LatinModernRoman(0)/m/n/12 — A small
 []


Underfull \hbox (badness 5331) in paragraph at lines 1071--1071
[]\TU/LatinModernRoman(0)/b/it/12 Example: \TU/LatinModernRoman(0)/m/it/12 The 
nation was able to
 []


Overfull \hbox (0.68077pt too wide) in paragraph at lines 1077--1077
[]\TU/LatinModernSans(0)/b/n/14.4 Overthrow[] \TU/TimesNewRoman(0)/m/it/12 /ˌoʊ
vərˈθroʊ/ (v) \TU/LatinModernRoman(0)/m/n/12 — Remove
 []


Underfull \hbox (badness 10000) in paragraph at lines 1101--1101
[]\TU/LatinModernSans(0)/b/n/14.4 Parliament[] \TU/TimesNewRoman(0)/m/it/12 /ˈp
ɑːrləmənt/ (n) \TU/LatinModernRoman(0)/m/n/12 — The
 []


Underfull \hbox (badness 10000) in paragraph at lines 1107--1107
[]\TU/LatinModernSans(0)/b/n/14.4 Participation[] \TU/TimesNewRoman(0)/m/it/12 
/pɑːrˌtɪsɪˈpeɪʃn/ (n) \TU/LatinModernRoman(0)/m/n/12 —
 []


Underfull \hbox (badness 10000) in paragraph at lines 1125--1125
[]\TU/LatinModernSans(0)/b/n/14.4 Patriarchal[] \TU/TimesNewRoman(0)/m/it/12 /ˌ
peɪtriˈɑːrkl/ (adj) \TU/LatinModernRoman(0)/m/n/12 —
 []


Overfull \hbox (9.19275pt too wide) in paragraph at lines 1131--1131
[]\TU/LatinModernSans(0)/b/n/14.4 Patriotism[] \TU/TimesNewRoman(0)/m/it/12 /ˈp
eɪtriətɪzəm/ (n) \TU/LatinModernRoman(0)/m/n/12 — Devotion
 []


Underfull \hbox (badness 10000) in paragraph at lines 1137--1137
[]\TU/LatinModernSans(0)/b/n/14.4 Patronage[] \TU/TimesNewRoman(0)/m/it/12 /ˈpæ
trənɪdʒ/ (n) \TU/LatinModernRoman(0)/m/n/12 — The
 []


Underfull \hbox (badness 10000) in paragraph at lines 1143--1143
[]\TU/LatinModernSans(0)/b/n/14.4 Pedagogy[] \TU/TimesNewRoman(0)/m/it/12 /ˈped
əɡɑːdʒi/ (n) \TU/LatinModernRoman(0)/m/n/12 — The
 []

File: ../wm/logoTF.png Graphic file (type bmp)
<../wm/logoTF.png>
[15]
Underfull \hbox (badness 10000) in paragraph at lines 1155--1155
[]\TU/LatinModernSans(0)/b/n/14.4 Periodical[] \TU/TimesNewRoman(0)/m/it/12 /ˌp
ɪriˈɑːdɪkl/ (n) \TU/LatinModernRoman(0)/m/n/12 — A
 []


Underfull \hbox (badness 5756) in paragraph at lines 1155--1155
[]\TU/LatinModernRoman(0)/b/it/12 Example: \TU/LatinModernRoman(0)/m/it/12 The 
library has a large
 []


Underfull \hbox (badness 10000) in paragraph at lines 1173--1173
[]\TU/LatinModernSans(0)/b/n/14.4 Perspective[] \TU/TimesNewRoman(0)/m/it/12 /p
ərˈspektɪv/ (n) \TU/LatinModernRoman(0)/m/n/12 — A
 []

)

File: ../wm/logoTF.png Graphic file (type bmp)
<../wm/logoTF.png>
[16] (./historyAndHeritageVocab.aux)
 ***********
LaTeX2e <2024-11-01> patch level 2
L3 programming layer <2025-01-18>
 ***********
 ) 
Here is how much of TeX's memory you used:
 19010 strings out of 473832
 443199 string characters out of 5729481
 868510 words of memory out of 5000000
 41761 multiletter control sequences out of 15000+600000
 559173 words of font info for 78 fonts, out of 8000000 for 9000
 1348 hyphenation exceptions out of 8191
 131i,16n,135p,473b,981s stack positions out of 10000i,1000n,20000p,200000b,200000s

Output written on historyAndHeritageVocab.pdf (16 pages).
