This is XeTeX, Version 3.141592653-2.6-0.999997 (TeX Live 2025) (preloaded format=xelatex 2026.1.18)  26 APR 2026 19:16
entering extended mode
 restricted \write18 enabled.
 file:line:error style messages enabled.
 %&-line parsing enabled.
**/Users/lap15116/Desktop/TheForumPrj/Vocab/technologyVocab/technologyVocab
(/Users/lap15116/Desktop/TheForumPrj/Vocab/technologyVocab/technologyVocab.tex
LaTeX2e <2024-11-01> patch level 2
L3 programming layer <2025-01-18>
(./forumvocab.cls
Document Class: forumvocab 2026/01/19 v1.0 IELTS Vocabulary Document Class
(/usr/local/texlive/2025/texmf-dist/tex/latex/base/article.cls
Document Class: article 2024/06/29 v1.4n Standard LaTeX document class
(/usr/local/texlive/2025/texmf-dist/tex/latex/base/size12.clo
File: size12.clo 2024/06/29 v1.4n Standard LaTeX file (size option)
)
\c@part=\count192
\c@section=\count193
\c@subsection=\count194
\c@subsubsection=\count195
\c@paragraph=\count196
\c@subparagraph=\count197
\c@figure=\count198
\c@table=\count199
\abovecaptionskip=\skip49
\belowcaptionskip=\skip50
\bibindent=\dimen141
) (/usr/local/texlive/2025/texmf-dist/tex/generic/babel/babel.sty
Package: babel 2025/02/14 v25.4 The multilingual framework for pdfLaTeX, LuaLaTeX and XeLaTeX
\babel@savecnt=\count266
\U@D=\dimen142
\l@unhyphenated=\language90
 (/usr/local/texlive/2025/texmf-dist/tex/generic/babel/xebabel.def)
\bbl@readstream=\read2
\bbl@dirlevel=\count267
 (/usr/local/texlive/2025/texmf-dist/tex/generic/babel-english/english.ldf
Language: english 2017/06/06 v3.3r English support from the babel system
Package babel Info: Hyphen rules for 'canadian' set to \l@english
(babel)             (\language0). Reported on input line 102.
Package babel Info: Hyphen rules for 'australian' set to \l@ukenglish
(babel)             (\language22). Reported on input line 105.
Package babel Info: Hyphen rules for 'newzealand' set to \l@ukenglish
(babel)             (\language22). Reported on input line 108.
) (/usr/local/texlive/2025/texmf-dist/tex/generic/babel-vietnamese/vietnamese.ldf
Language: vietnamese 
Package babel Info: Making " an active character on input line 147.
)) (/usr/local/texlive/2025/texmf-dist/tex/generic/babel/locale/vi/babel-vietnamese.tex
Package babel Info: Importing font and identification data for vietnamese
(babel)             from babel-vi.ini. Reported on input line 11.
) (/usr/local/texlive/2025/texmf-dist/tex/generic/babel/locale/en/babel-english.tex
Package babel Info: Importing font and identification data for english
(babel)             from babel-en.ini. Reported on input line 11.
) (/usr/local/texlive/2025/texmf-dist/tex/latex/geometry/geometry.sty
Package: geometry 2020/01/02 v5.9 Page Geometry
 (/usr/local/texlive/2025/texmf-dist/tex/latex/graphics/keyval.sty
Package: keyval 2022/05/29 v1.15 key=value parser (DPC)
\KV@toks@=\toks17
) (/usr/local/texlive/2025/texmf-dist/tex/generic/iftex/ifvtex.sty
Package: ifvtex 2019/10/25 v1.7 ifvtex legacy package. Use iftex instead.
 (/usr/local/texlive/2025/texmf-dist/tex/generic/iftex/iftex.sty
Package: iftex 2024/12/12 v1.0g TeX engine tests
))
\Gm@cnth=\count268
\Gm@cntv=\count269
\c@Gm@tempcnt=\count270
\Gm@bindingoffset=\dimen143
\Gm@wd@mp=\dimen144
\Gm@odd@mp=\dimen145
\Gm@even@mp=\dimen146
\Gm@layoutwidth=\dimen147
\Gm@layoutheight=\dimen148
\Gm@layouthoffset=\dimen149
\Gm@layoutvoffset=\dimen150
\Gm@dimlist=\toks18
) (/usr/local/texlive/2025/texmf-dist/tex/latex/fancyhdr/fancyhdr.sty
Package: fancyhdr 2025/02/07 v5.2 Extensive control of page headers and footers
\f@nch@headwidth=\skip51
\f@nch@offset@elh=\skip52
\f@nch@offset@erh=\skip53
\f@nch@offset@olh=\skip54
\f@nch@offset@orh=\skip55
\f@nch@offset@elf=\skip56
\f@nch@offset@erf=\skip57
\f@nch@offset@olf=\skip58
\f@nch@offset@orf=\skip59
\f@nch@height=\skip60
\f@nch@footalignment=\skip61
\f@nch@widthL=\skip62
\f@nch@widthC=\skip63
\f@nch@widthR=\skip64
\@temptokenb=\toks19
) (/usr/local/texlive/2025/texmf-dist/tex/latex/tools/multicol.sty
Package: multicol 2024/09/14 v1.9i multicolumn formatting (FMi)
\c@tracingmulticols=\count271
\mult@box=\box52
\multicol@leftmargin=\dimen151
\c@unbalance=\count272
\c@collectmore=\count273
\doublecol@number=\count274
\multicoltolerance=\count275
\multicolpretolerance=\count276
\full@width=\dimen152
\page@free=\dimen153
\premulticols=\dimen154
\postmulticols=\dimen155
\multicolsep=\skip65
\multicolbaselineskip=\skip66
\partial@page=\box53
\last@line=\box54
\mc@boxedresult=\box55
\maxbalancingoverflow=\dimen156
\mult@rightbox=\box56
\mult@grightbox=\box57
\mult@firstbox=\box58
\mult@gfirstbox=\box59
\@tempa=\box60
\@tempa=\box61
\@tempa=\box62
\@tempa=\box63
\@tempa=\box64
\@tempa=\box65
\@tempa=\box66
\@tempa=\box67
\@tempa=\box68
\@tempa=\box69
\@tempa=\box70
\@tempa=\box71
\@tempa=\box72
\@tempa=\box73
\@tempa=\box74
\@tempa=\box75
\@tempa=\box76
\@tempa=\box77
\@tempa=\box78
\@tempa=\box79
\@tempa=\box80
\@tempa=\box81
\@tempa=\box82
\@tempa=\box83
\@tempa=\box84
\@tempa=\box85
\@tempa=\box86
\@tempa=\box87
\@tempa=\box88
\@tempa=\box89
\@tempa=\box90
\@tempa=\box91
\@tempa=\box92
\@tempa=\box93
\@tempa=\box94
\@tempa=\box95
\c@minrows=\count277
\c@columnbadness=\count278
\c@finalcolumnbadness=\count279
\last@try=\dimen157
\multicolovershoot=\dimen158
\multicolundershoot=\dimen159
\mult@nat@firstbox=\box96
\colbreak@box=\box97
\mc@col@check@num=\count280
) (/usr/local/texlive/2025/texmf-dist/tex/latex/xcolor/xcolor.sty
Package: xcolor 2024/09/29 v3.02 LaTeX color extensions (UK)
 (/usr/local/texlive/2025/texmf-dist/tex/latex/graphics-cfg/color.cfg
File: color.cfg 2016/01/02 v1.6 sample color configuration
)
Package xcolor Info: Driver file: xetex.def on input line 274.
 (/usr/local/texlive/2025/texmf-dist/tex/latex/graphics-def/xetex.def
File: xetex.def 2022/09/22 v5.0n Graphics/color driver for xetex
) (/usr/local/texlive/2025/texmf-dist/tex/latex/graphics/mathcolor.ltx)
Package xcolor Info: Model `cmy' substituted by `cmy0' on input line 1349.
Package xcolor Info: Model `RGB' extended on input line 1365.
Package xcolor Info: Model `HTML' substituted by `rgb' on input line 1367.
Package xcolor Info: Model `Hsb' substituted by `hsb' on input line 1368.
Package xcolor Info: Model `tHsb' substituted by `hsb' on input line 1369.
Package xcolor Info: Model `HSB' substituted by `hsb' on input line 1370.
Package xcolor Info: Model `Gray' substituted by `gray' on input line 1371.
Package xcolor Info: Model `wave' substituted by `hsb' on input line 1372.
) (/usr/local/texlive/2025/texmf-dist/tex/latex/tcolorbox/tcolorbox.sty
Package: tcolorbox 2024/10/22 version 6.4.1 text color boxes
 (/usr/local/texlive/2025/texmf-dist/tex/latex/pgf/frontendlayer/tikz.sty (/usr/local/texlive/2025/texmf-dist/tex/latex/pgf/basiclayer/pgf.sty (/usr/local/texlive/2025/texmf-dist/tex/latex/pgf/utilities/pgfrcs.sty (/usr/local/texlive/2025/texmf-dist/tex/generic/pgf/utilities/pgfutil-common.tex
\pgfutil@everybye=\toks20
\pgfutil@tempdima=\dimen160
\pgfutil@tempdimb=\dimen161
) (/usr/local/texlive/2025/texmf-dist/tex/generic/pgf/utilities/pgfutil-latex.def
\pgfutil@abb=\box98
) (/usr/local/texlive/2025/texmf-dist/tex/generic/pgf/utilities/pgfrcs.code.tex (/usr/local/texlive/2025/texmf-dist/tex/generic/pgf/pgf.revision.tex)
Package: pgfrcs 2023-01-15 v3.1.10 (3.1.10)
))
Package: pgf 2023-01-15 v3.1.10 (3.1.10)
 (/usr/local/texlive/2025/texmf-dist/tex/latex/pgf/basiclayer/pgfcore.sty (/usr/local/texlive/2025/texmf-dist/tex/latex/graphics/graphicx.sty
Package: graphicx 2021/09/16 v1.2d Enhanced LaTeX Graphics (DPC,SPQR)
 (/usr/local/texlive/2025/texmf-dist/tex/latex/graphics/graphics.sty
Package: graphics 2024/08/06 v1.4g Standard LaTeX Graphics (DPC,SPQR)
 (/usr/local/texlive/2025/texmf-dist/tex/latex/graphics/trig.sty
Package: trig 2023/12/02 v1.11 sin cos tan (DPC)
) (/usr/local/texlive/2025/texmf-dist/tex/latex/graphics-cfg/graphics.cfg
File: graphics.cfg 2016/06/04 v1.11 sample graphics configuration
)
Package graphics Info: Driver file: xetex.def on input line 106.
)
\Gin@req@height=\dimen162
\Gin@req@width=\dimen163
) (/usr/local/texlive/2025/texmf-dist/tex/latex/pgf/systemlayer/pgfsys.sty (/usr/local/texlive/2025/texmf-dist/tex/generic/pgf/systemlayer/pgfsys.code.tex
Package: pgfsys 2023-01-15 v3.1.10 (3.1.10)
 (/usr/local/texlive/2025/texmf-dist/tex/generic/pgf/utilities/pgfkeys.code.tex
\pgfkeys@pathtoks=\toks21
\pgfkeys@temptoks=\toks22
 (/usr/local/texlive/2025/texmf-dist/tex/generic/pgf/utilities/pgfkeyslibraryfiltered.code.tex
\pgfkeys@tmptoks=\toks23
))
\pgf@x=\dimen164
\pgf@y=\dimen165
\pgf@xa=\dimen166
\pgf@ya=\dimen167
\pgf@xb=\dimen168
\pgf@yb=\dimen169
\pgf@xc=\dimen170
\pgf@yc=\dimen171
\pgf@xd=\dimen172
\pgf@yd=\dimen173
\w@pgf@writea=\write3
\r@pgf@reada=\read3
\c@pgf@counta=\count281
\c@pgf@countb=\count282
\c@pgf@countc=\count283
\c@pgf@countd=\count284
\t@pgf@toka=\toks24
\t@pgf@tokb=\toks25
\t@pgf@tokc=\toks26
\pgf@sys@id@count=\count285
 (/usr/local/texlive/2025/texmf-dist/tex/generic/pgf/systemlayer/pgf.cfg
File: pgf.cfg 2023-01-15 v3.1.10 (3.1.10)
)
Driver file for pgf: pgfsys-xetex.def
 (/usr/local/texlive/2025/texmf-dist/tex/generic/pgf/systemlayer/pgfsys-xetex.def
File: pgfsys-xetex.def 2023-01-15 v3.1.10 (3.1.10)
 (/usr/local/texlive/2025/texmf-dist/tex/generic/pgf/systemlayer/pgfsys-dvipdfmx.def
File: pgfsys-dvipdfmx.def 2023-01-15 v3.1.10 (3.1.10)
 (/usr/local/texlive/2025/texmf-dist/tex/generic/pgf/systemlayer/pgfsys-common-pdf.def
File: pgfsys-common-pdf.def 2023-01-15 v3.1.10 (3.1.10)
)
\pgfsys@objnum=\count286
))) (/usr/local/texlive/2025/texmf-dist/tex/generic/pgf/systemlayer/pgfsyssoftpath.code.tex
File: pgfsyssoftpath.code.tex 2023-01-15 v3.1.10 (3.1.10)
\pgfsyssoftpath@smallbuffer@items=\count287
\pgfsyssoftpath@bigbuffer@items=\count288
) (/usr/local/texlive/2025/texmf-dist/tex/generic/pgf/systemlayer/pgfsysprotocol.code.tex
File: pgfsysprotocol.code.tex 2023-01-15 v3.1.10 (3.1.10)
)) (/usr/local/texlive/2025/texmf-dist/tex/generic/pgf/basiclayer/pgfcore.code.tex
Package: pgfcore 2023-01-15 v3.1.10 (3.1.10)
 (/usr/local/texlive/2025/texmf-dist/tex/generic/pgf/math/pgfmath.code.tex (/usr/local/texlive/2025/texmf-dist/tex/generic/pgf/math/pgfmathutil.code.tex) (/usr/local/texlive/2025/texmf-dist/tex/generic/pgf/math/pgfmathparser.code.tex
\pgfmath@dimen=\dimen174
\pgfmath@count=\count289
\pgfmath@box=\box99
\pgfmath@toks=\toks27
\pgfmath@stack@operand=\toks28
\pgfmath@stack@operation=\toks29
) (/usr/local/texlive/2025/texmf-dist/tex/generic/pgf/math/pgfmathfunctions.code.tex) (/usr/local/texlive/2025/texmf-dist/tex/generic/pgf/math/pgfmathfunctions.basic.code.tex) (/usr/local/texlive/2025/texmf-dist/tex/generic/pgf/math/pgfmathfunctions.trigonometric.code.tex) (/usr/local/texlive/2025/texmf-dist/tex/generic/pgf/math/pgfmathfunctions.random.code.tex) (/usr/local/texlive/2025/texmf-dist/tex/generic/pgf/math/pgfmathfunctions.comparison.code.tex) (/usr/local/texlive/2025/texmf-dist/tex/generic/pgf/math/pgfmathfunctions.base.code.tex) (/usr/local/texlive/2025/texmf-dist/tex/generic/pgf/math/pgfmathfunctions.round.code.tex) (/usr/local/texlive/2025/texmf-dist/tex/generic/pgf/math/pgfmathfunctions.misc.code.tex) (/usr/local/texlive/2025/texmf-dist/tex/generic/pgf/math/pgfmathfunctions.integerarithmetics.code.tex) (/usr/local/texlive/2025/texmf-dist/tex/generic/pgf/math/pgfmathcalc.code.tex) (/usr/local/texlive/2025/texmf-dist/tex/generic/pgf/math/pgfmathfloat.code.tex
\c@pgfmathroundto@lastzeros=\count290
)) (/usr/local/texlive/2025/texmf-dist/tex/generic/pgf/math/pgfint.code.tex) (/usr/local/texlive/2025/texmf-dist/tex/generic/pgf/basiclayer/pgfcorepoints.code.tex
File: pgfcorepoints.code.tex 2023-01-15 v3.1.10 (3.1.10)
\pgf@picminx=\dimen175
\pgf@picmaxx=\dimen176
\pgf@picminy=\dimen177
\pgf@picmaxy=\dimen178
\pgf@pathminx=\dimen179
\pgf@pathmaxx=\dimen180
\pgf@pathminy=\dimen181
\pgf@pathmaxy=\dimen182
\pgf@xx=\dimen183
\pgf@xy=\dimen184
\pgf@yx=\dimen185
\pgf@yy=\dimen186
\pgf@zx=\dimen187
\pgf@zy=\dimen188
) (/usr/local/texlive/2025/texmf-dist/tex/generic/pgf/basiclayer/pgfcorepathconstruct.code.tex
File: pgfcorepathconstruct.code.tex 2023-01-15 v3.1.10 (3.1.10)
\pgf@path@lastx=\dimen189
\pgf@path@lasty=\dimen190
) (/usr/local/texlive/2025/texmf-dist/tex/generic/pgf/basiclayer/pgfcorepathusage.code.tex
File: pgfcorepathusage.code.tex 2023-01-15 v3.1.10 (3.1.10)
\pgf@shorten@end@additional=\dimen191
\pgf@shorten@start@additional=\dimen192
) (/usr/local/texlive/2025/texmf-dist/tex/generic/pgf/basiclayer/pgfcorescopes.code.tex
File: pgfcorescopes.code.tex 2023-01-15 v3.1.10 (3.1.10)
\pgfpic=\box100
\pgf@hbox=\box101
\pgf@layerbox@main=\box102
\pgf@picture@serial@count=\count291
) (/usr/local/texlive/2025/texmf-dist/tex/generic/pgf/basiclayer/pgfcoregraphicstate.code.tex
File: pgfcoregraphicstate.code.tex 2023-01-15 v3.1.10 (3.1.10)
\pgflinewidth=\dimen193
) (/usr/local/texlive/2025/texmf-dist/tex/generic/pgf/basiclayer/pgfcoretransformations.code.tex
File: pgfcoretransformations.code.tex 2023-01-15 v3.1.10 (3.1.10)
\pgf@pt@x=\dimen194
\pgf@pt@y=\dimen195
\pgf@pt@temp=\dimen196
) (/usr/local/texlive/2025/texmf-dist/tex/generic/pgf/basiclayer/pgfcorequick.code.tex
File: pgfcorequick.code.tex 2023-01-15 v3.1.10 (3.1.10)
) (/usr/local/texlive/2025/texmf-dist/tex/generic/pgf/basiclayer/pgfcoreobjects.code.tex
File: pgfcoreobjects.code.tex 2023-01-15 v3.1.10 (3.1.10)
) (/usr/local/texlive/2025/texmf-dist/tex/generic/pgf/basiclayer/pgfcorepathprocessing.code.tex
File: pgfcorepathprocessing.code.tex 2023-01-15 v3.1.10 (3.1.10)
) (/usr/local/texlive/2025/texmf-dist/tex/generic/pgf/basiclayer/pgfcorearrows.code.tex
File: pgfcorearrows.code.tex 2023-01-15 v3.1.10 (3.1.10)
\pgfarrowsep=\dimen197
) (/usr/local/texlive/2025/texmf-dist/tex/generic/pgf/basiclayer/pgfcoreshade.code.tex
File: pgfcoreshade.code.tex 2023-01-15 v3.1.10 (3.1.10)
\pgf@max=\dimen198
\pgf@sys@shading@range@num=\count292
\pgf@shadingcount=\count293
) (/usr/local/texlive/2025/texmf-dist/tex/generic/pgf/basiclayer/pgfcoreimage.code.tex
File: pgfcoreimage.code.tex 2023-01-15 v3.1.10 (3.1.10)
) (/usr/local/texlive/2025/texmf-dist/tex/generic/pgf/basiclayer/pgfcoreexternal.code.tex
File: pgfcoreexternal.code.tex 2023-01-15 v3.1.10 (3.1.10)
\pgfexternal@startupbox=\box103
) (/usr/local/texlive/2025/texmf-dist/tex/generic/pgf/basiclayer/pgfcorelayers.code.tex
File: pgfcorelayers.code.tex 2023-01-15 v3.1.10 (3.1.10)
) (/usr/local/texlive/2025/texmf-dist/tex/generic/pgf/basiclayer/pgfcoretransparency.code.tex
File: pgfcoretransparency.code.tex 2023-01-15 v3.1.10 (3.1.10)
) (/usr/local/texlive/2025/texmf-dist/tex/generic/pgf/basiclayer/pgfcorepatterns.code.tex
File: pgfcorepatterns.code.tex 2023-01-15 v3.1.10 (3.1.10)
) (/usr/local/texlive/2025/texmf-dist/tex/generic/pgf/basiclayer/pgfcorerdf.code.tex
File: pgfcorerdf.code.tex 2023-01-15 v3.1.10 (3.1.10)
))) (/usr/local/texlive/2025/texmf-dist/tex/generic/pgf/modules/pgfmoduleshapes.code.tex
File: pgfmoduleshapes.code.tex 2023-01-15 v3.1.10 (3.1.10)
\pgfnodeparttextbox=\box104
) (/usr/local/texlive/2025/texmf-dist/tex/generic/pgf/modules/pgfmoduleplot.code.tex
File: pgfmoduleplot.code.tex 2023-01-15 v3.1.10 (3.1.10)
) (/usr/local/texlive/2025/texmf-dist/tex/latex/pgf/compatibility/pgfcomp-version-0-65.sty
Package: pgfcomp-version-0-65 2023-01-15 v3.1.10 (3.1.10)
\pgf@nodesepstart=\dimen199
\pgf@nodesepend=\dimen256
) (/usr/local/texlive/2025/texmf-dist/tex/latex/pgf/compatibility/pgfcomp-version-1-18.sty
Package: pgfcomp-version-1-18 2023-01-15 v3.1.10 (3.1.10)
)) (/usr/local/texlive/2025/texmf-dist/tex/latex/pgf/utilities/pgffor.sty (/usr/local/texlive/2025/texmf-dist/tex/latex/pgf/utilities/pgfkeys.sty (/usr/local/texlive/2025/texmf-dist/tex/generic/pgf/utilities/pgfkeys.code.tex)) (/usr/local/texlive/2025/texmf-dist/tex/latex/pgf/math/pgfmath.sty (/usr/local/texlive/2025/texmf-dist/tex/generic/pgf/math/pgfmath.code.tex)) (/usr/local/texlive/2025/texmf-dist/tex/generic/pgf/utilities/pgffor.code.tex
Package: pgffor 2023-01-15 v3.1.10 (3.1.10)
\pgffor@iter=\dimen257
\pgffor@skip=\dimen258
\pgffor@stack=\toks30
\pgffor@toks=\toks31
)) (/usr/local/texlive/2025/texmf-dist/tex/generic/pgf/frontendlayer/tikz/tikz.code.tex
Package: tikz 2023-01-15 v3.1.10 (3.1.10)
 (/usr/local/texlive/2025/texmf-dist/tex/generic/pgf/libraries/pgflibraryplothandlers.code.tex
File: pgflibraryplothandlers.code.tex 2023-01-15 v3.1.10 (3.1.10)
\pgf@plot@mark@count=\count294
\pgfplotmarksize=\dimen259
)
\tikz@lastx=\dimen260
\tikz@lasty=\dimen261
\tikz@lastxsaved=\dimen262
\tikz@lastysaved=\dimen263
\tikz@lastmovetox=\dimen264
\tikz@lastmovetoy=\dimen265
\tikzleveldistance=\dimen266
\tikzsiblingdistance=\dimen267
\tikz@figbox=\box105
\tikz@figbox@bg=\box106
\tikz@tempbox=\box107
\tikz@tempbox@bg=\box108
\tikztreelevel=\count295
\tikznumberofchildren=\count296
\tikznumberofcurrentchild=\count297
\tikz@fig@count=\count298
 (/usr/local/texlive/2025/texmf-dist/tex/generic/pgf/modules/pgfmodulematrix.code.tex
File: pgfmodulematrix.code.tex 2023-01-15 v3.1.10 (3.1.10)
\pgfmatrixcurrentrow=\count299
\pgfmatrixcurrentcolumn=\count300
\pgf@matrix@numberofcolumns=\count301
)
\tikz@expandcount=\count302
 (/usr/local/texlive/2025/texmf-dist/tex/generic/pgf/frontendlayer/tikz/libraries/tikzlibrarytopaths.code.tex
File: tikzlibrarytopaths.code.tex 2023-01-15 v3.1.10 (3.1.10)
))) (/usr/local/texlive/2025/texmf-dist/tex/latex/tools/verbatim.sty
Package: verbatim 2024-01-22 v1.5x LaTeX2e package for verbatim enhancements
\every@verbatim=\toks32
\verbatim@line=\toks33
\verbatim@in@stream=\read4
) (/usr/local/texlive/2025/texmf-dist/tex/latex/environ/environ.sty
Package: environ 2014/05/04 v0.3 A new way to define environments
 (/usr/local/texlive/2025/texmf-dist/tex/latex/trimspaces/trimspaces.sty
Package: trimspaces 2009/09/17 v1.1 Trim spaces around a token list
)
\@envbody=\toks34
) (/usr/local/texlive/2025/texmf-dist/tex/latex/etoolbox/etoolbox.sty
Package: etoolbox 2025/02/11 v2.5l e-TeX tools for LaTeX (JAW)
\etb@tempcnta=\count303
)
\tcb@titlebox=\box109
\tcb@upperbox=\box110
\tcb@lowerbox=\box111
\tcb@phantombox=\box112
\c@tcbbreakpart=\count304
\c@tcblayer=\count305
\c@tcolorbox@number=\count306
\l__tcobox_tmpa_box=\box113
\l__tcobox_tmpa_dim=\dimen268
\tcb@temp=\box114
\tcb@temp=\box115
\tcb@temp=\box116
\tcb@temp=\box117
) (/usr/local/texlive/2025/texmf-dist/tex/latex/eso-pic/eso-pic.sty
Package: eso-pic 2023/05/03 v3.0c eso-pic (RN)
\ESO@tempdima=\dimen269
\ESO@tempdimb=\dimen270
) (/usr/local/texlive/2025/texmf-dist/tex/latex/fontspec/fontspec.sty (/usr/local/texlive/2025/texmf-dist/tex/latex/l3packages/xparse/xparse.sty (/usr/local/texlive/2025/texmf-dist/tex/latex/l3kernel/expl3.sty
Package: expl3 2025-01-18 L3 programming layer (loader) 
 (/usr/local/texlive/2025/texmf-dist/tex/latex/l3backend/l3backend-xetex.def
File: l3backend-xetex.def 2024-05-08 L3 backend support: XeTeX
\g__graphics_track_int=\count307
\l__pdf_internal_box=\box118
\g__pdf_backend_annotation_int=\count308
\g__pdf_backend_link_int=\count309
))
Package: xparse 2024-08-16 L3 Experimental document command parser
)
Package: fontspec 2024/05/11 v2.9e Font selection for XeLaTeX and LuaLaTeX
 (/usr/local/texlive/2025/texmf-dist/tex/latex/fontspec/fontspec-xetex.sty
Package: fontspec-xetex 2024/05/11 v2.9e Font selection for XeLaTeX and LuaLaTeX
\l__fontspec_script_int=\count310
\l__fontspec_language_int=\count311
\l__fontspec_strnum_int=\count312
\l__fontspec_tmp_int=\count313
\l__fontspec_tmpa_int=\count314
\l__fontspec_tmpb_int=\count315
\l__fontspec_tmpc_int=\count316
\l__fontspec_em_int=\count317
\l__fontspec_emdef_int=\count318
\l__fontspec_strong_int=\count319
\l__fontspec_strongdef_int=\count320
\l__fontspec_tmpa_dim=\dimen271
\l__fontspec_tmpb_dim=\dimen272
\l__fontspec_tmpc_dim=\dimen273
 (/usr/local/texlive/2025/texmf-dist/tex/latex/base/fontenc.sty
Package: fontenc 2021/04/29 v2.0v Standard LaTeX package
) (/usr/local/texlive/2025/texmf-dist/tex/latex/fontspec/fontspec.cfg))) (/usr/local/texlive/2025/texmf-dist/tex/generic/pgf/frontendlayer/tikz/libraries/tikzlibrarycalc.code.tex
File: tikzlibrarycalc.code.tex 2023-01-15 v3.1.10 (3.1.10)
)

Package fontspec Info: 
(fontspec)             Font family 'LatinModernRoman(0)' created for font
(fontspec)             'Latin Modern Roman' with options
(fontspec)             [Ligatures=TeX,Path=../../font/latin-modern-roman/,Extension=.otf,UprightFont=lmroman10-regular,BoldFont=lmroman10-bold,ItalicFont=lmroman10-italic,BoldItalicFont=lmroman10-bolditalic].
(fontspec)              
(fontspec)              This font family consists of the following NFSS
(fontspec)             series/shapes:
(fontspec)              
(fontspec)             - 'normal' (m/n) with NFSS spec.:
(fontspec)             <->"[../../font/latin-modern-roman/lmroman10-regular.otf]/OT:script=latn;language=dflt;mapping=tex-text;"
(fontspec)             - 'bold' (b/n) with NFSS spec.:
(fontspec)             <->"[../../font/latin-modern-roman/lmroman10-bold.otf]/OT:script=latn;language=dflt;mapping=tex-text;"
(fontspec)             - 'italic' (m/it) with NFSS spec.:
(fontspec)             <->"[../../font/latin-modern-roman/lmroman10-italic.otf]/OT:script=latn;language=dflt;mapping=tex-text;"
(fontspec)             - 'bold italic' (b/it) with NFSS spec.:
(fontspec)             <->"[../../font/latin-modern-roman/lmroman10-bolditalic.otf]/OT:script=latn;language=dflt;mapping=tex-text;"


Package fontspec Info: 
(fontspec)             Font family 'LatinModernSans(0)' created for font
(fontspec)             'Latin Modern Sans' with options
(fontspec)             [Ligatures=TeX,Path=../../font/Latin-Modern-Sans/,Extension=.otf,UprightFont=lmsans10-regular,BoldFont=lmsans10-bold,ItalicFont=lmsans10-oblique,BoldItalicFont=lmsans10-boldoblique].
(fontspec)              
(fontspec)              This font family consists of the following NFSS
(fontspec)             series/shapes:
(fontspec)              
(fontspec)             - 'normal' (m/n) with NFSS spec.:
(fontspec)             <->"[../../font/Latin-Modern-Sans/lmsans10-regular.otf]/OT:script=latn;language=dflt;mapping=tex-text;"
(fontspec)             - 'bold' (b/n) with NFSS spec.:
(fontspec)             <->"[../../font/Latin-Modern-Sans/lmsans10-bold.otf]/OT:script=latn;language=dflt;mapping=tex-text;"
(fontspec)             - 'italic' (m/it) with NFSS spec.:
(fontspec)             <->"[../../font/Latin-Modern-Sans/lmsans10-oblique.otf]/OT:script=latn;language=dflt;mapping=tex-text;"
(fontspec)             - 'bold italic' (b/it) with NFSS spec.:
(fontspec)             <->"[../../font/Latin-Modern-Sans/lmsans10-boldoblique.otf]/OT:script=latn;language=dflt;mapping=tex-text;"


Package fontspec Info: 
(fontspec)             Font family 'UTM-Impact.ttf(0)' created for font
(fontspec)             'UTM-Impact.ttf' with options [Path = ./,Extension =
(fontspec)             .ttf,UprightFont = UTM-Impact].
(fontspec)              
(fontspec)              This font family consists of the following NFSS
(fontspec)             series/shapes:
(fontspec)              
(fontspec)             - 'normal' (m/n) with NFSS spec.:
(fontspec)             <->"[./UTM-Impact.ttf]/OT:language=dflt;"


Package fontspec Info: 
(fontspec)             Times New Roman scale = 0.9636299023440277.


Package fontspec Info: 
(fontspec)             Times New Roman scale = 0.9636299023440277.


Package fontspec Info: 
(fontspec)             Times New Roman/B scale = 0.9440481727713549.


Package fontspec Info: 
(fontspec)             Times New Roman/I scale = 1.001912475428977.


Package fontspec Info: 
(fontspec)             Times New Roman/BI scale = 0.9818519945425632.


Package fontspec Info: 
(fontspec)             Font family 'TimesNewRoman(0)' created for font 'Times
(fontspec)             New Roman' with options [Scale=MatchLowercase].
(fontspec)              
(fontspec)              This font family consists of the following NFSS
(fontspec)             series/shapes:
(fontspec)              
(fontspec)             - 'normal' (m/n) with NFSS spec.:
(fontspec)             <->s*[0.9636299023440277]"Times New
(fontspec)             Roman/OT:script=latn;language=dflt;"
(fontspec)             - 'bold' (b/n) with NFSS spec.:
(fontspec)             <->s*[0.9440481727713549]"Times New
(fontspec)             Roman/B/OT:script=latn;language=dflt;"
(fontspec)             - 'italic' (m/it) with NFSS spec.:
(fontspec)             <->s*[1.001912475428977]"Times New
(fontspec)             Roman/I/OT:script=latn;language=dflt;"
(fontspec)             - 'bold italic' (b/it) with NFSS spec.:
(fontspec)             <->s*[0.9818519945425632]"Times New
(fontspec)             Roman/BI/OT:script=latn;language=dflt;"

) (./technologyVocab.aux)
\openout1 = `technologyVocab.aux'.

LaTeX Font Info:    Checking defaults for OML/cmm/m/it on input line 11.
LaTeX Font Info:    ... okay on input line 11.
LaTeX Font Info:    Checking defaults for OMS/cmsy/m/n on input line 11.
LaTeX Font Info:    ... okay on input line 11.
LaTeX Font Info:    Checking defaults for OT1/cmr/m/n on input line 11.
LaTeX Font Info:    ... okay on input line 11.
LaTeX Font Info:    Checking defaults for T1/cmr/m/n on input line 11.
LaTeX Font Info:    ... okay on input line 11.
LaTeX Font Info:    Checking defaults for TS1/cmr/m/n on input line 11.
LaTeX Font Info:    ... okay on input line 11.
LaTeX Font Info:    Checking defaults for TU/lmr/m/n on input line 11.
LaTeX Font Info:    ... okay on input line 11.
LaTeX Font Info:    Checking defaults for OMX/cmex/m/n on input line 11.
LaTeX Font Info:    ... okay on input line 11.
LaTeX Font Info:    Checking defaults for U/cmr/m/n on input line 11.
LaTeX Font Info:    ... okay on input line 11.

*geometry* driver: auto-detecting
*geometry* detected driver: xetex
*geometry* verbose mode - [ preamble ] result:
* driver: xetex
* paper: a4paper
* layout: <same size as paper>
* layoutoffset:(h,v)=(0.0pt,0.0pt)
* modes: includehead includefoot 
* h-part:(L,W,R)=(56.9055pt, 483.69687pt, 56.9055pt)
* v-part:(T,H,B)=(0.0pt, 845.04684pt, 0.0pt)
* \paperwidth=597.50787pt
* \paperheight=845.04684pt
* \textwidth=483.69687pt
* \textheight=727.36772pt
* \oddsidemargin=-15.36449pt
* \evensidemargin=-15.36449pt
* \topmargin=-72.26999pt
* \headheight=40.0pt
* \headsep=25.0pt
* \topskip=12.0pt
* \footskip=42.67912pt
* \marginparwidth=35.0pt
* \marginparsep=10.0pt
* \columnsep=42.67912pt
* \skip\footins=10.8pt plus 4.0pt minus 2.0pt
* \hoffset=0.0pt
* \voffset=0.0pt
* \mag=1000
* \@twocolumnfalse
* \@twosidefalse
* \@mparswitchfalse
* \@reversemarginfalse
* (1in=72.27pt=25.4mm, 1cm=28.453pt)


Package fontspec Info: 
(fontspec)             Adjusting the maths setup (use [no-math] to avoid
(fontspec)             this).

\symlegacymaths=\mathgroup4
LaTeX Font Info:    Overwriting symbol font `legacymaths' in version `bold'
(Font)                  OT1/cmr/m/n --> OT1/cmr/bx/n on input line 11.
LaTeX Font Info:    Redeclaring math accent \acute on input line 11.
LaTeX Font Info:    Redeclaring math accent \grave on input line 11.
LaTeX Font Info:    Redeclaring math accent \ddot on input line 11.
LaTeX Font Info:    Redeclaring math accent \tilde on input line 11.
LaTeX Font Info:    Redeclaring math accent \bar on input line 11.
LaTeX Font Info:    Redeclaring math accent \breve on input line 11.
LaTeX Font Info:    Redeclaring math accent \check on input line 11.
LaTeX Font Info:    Redeclaring math accent \hat on input line 11.
LaTeX Font Info:    Redeclaring math accent \dot on input line 11.
LaTeX Font Info:    Redeclaring math accent \mathring on input line 11.
LaTeX Font Info:    Redeclaring math symbol \colon on input line 11.
LaTeX Font Info:    Redeclaring math symbol \Gamma on input line 11.
LaTeX Font Info:    Redeclaring math symbol \Delta on input line 11.
LaTeX Font Info:    Redeclaring math symbol \Theta on input line 11.
LaTeX Font Info:    Redeclaring math symbol \Lambda on input line 11.
LaTeX Font Info:    Redeclaring math symbol \Xi on input line 11.
LaTeX Font Info:    Redeclaring math symbol \Pi on input line 11.
LaTeX Font Info:    Redeclaring math symbol \Sigma on input line 11.
LaTeX Font Info:    Redeclaring math symbol \Upsilon on input line 11.
LaTeX Font Info:    Redeclaring math symbol \Phi on input line 11.
LaTeX Font Info:    Redeclaring math symbol \Psi on input line 11.
LaTeX Font Info:    Redeclaring math symbol \Omega on input line 11.
LaTeX Font Info:    Redeclaring math symbol \mathdollar on input line 11.
LaTeX Font Info:    Redeclaring symbol font `operators' on input line 11.
LaTeX Font Info:    Encoding `OT1' has changed to `TU' for symbol font
(Font)              `operators' in the math version `normal' on input line 11.
LaTeX Font Info:    Overwriting symbol font `operators' in version `normal'
(Font)                  OT1/cmr/m/n --> TU/LatinModernRoman(0)/m/n on input line 11.
LaTeX Font Info:    Encoding `OT1' has changed to `TU' for symbol font
(Font)              `operators' in the math version `bold' on input line 11.
LaTeX Font Info:    Overwriting symbol font `operators' in version `bold'
(Font)                  OT1/cmr/bx/n --> TU/LatinModernRoman(0)/m/n on input line 11.
LaTeX Font Info:    Overwriting symbol font `operators' in version `normal'
(Font)                  TU/LatinModernRoman(0)/m/n --> TU/LatinModernRoman(0)/m/n on input line 11.
LaTeX Font Info:    Overwriting math alphabet `\mathit' in version `normal'
(Font)                  OT1/cmr/m/it --> TU/LatinModernRoman(0)/m/it on input line 11.
LaTeX Font Info:    Overwriting math alphabet `\mathbf' in version `normal'
(Font)                  OT1/cmr/bx/n --> TU/LatinModernRoman(0)/b/n on input line 11.
LaTeX Font Info:    Overwriting math alphabet `\mathsf' in version `normal'
(Font)                  OT1/cmss/m/n --> TU/LatinModernSans(0)/m/n on input line 11.
LaTeX Font Info:    Overwriting math alphabet `\mathtt' in version `normal'
(Font)                  OT1/cmtt/m/n --> TU/lmtt/m/n on input line 11.
LaTeX Font Info:    Overwriting symbol font `operators' in version `bold'
(Font)                  TU/LatinModernRoman(0)/m/n --> TU/LatinModernRoman(0)/b/n on input line 11.
LaTeX Font Info:    Overwriting math alphabet `\mathit' in version `bold'
(Font)                  OT1/cmr/bx/it --> TU/LatinModernRoman(0)/b/it on input line 11.
LaTeX Font Info:    Overwriting math alphabet `\mathsf' in version `bold'
(Font)                  OT1/cmss/bx/n --> TU/LatinModernSans(0)/b/n on input line 11.
LaTeX Font Info:    Overwriting math alphabet `\mathtt' in version `bold'
(Font)                  OT1/cmtt/m/n --> TU/lmtt/b/n on input line 11.
(./data.tex
LaTeX Font Info:    Font shape `TU/TimesNewRoman(0)/m/n' will be
(Font)              scaled to size 11.56348pt on input line 9.
LaTeX Font Info:    Font shape `TU/TimesNewRoman(0)/m/it' will be
(Font)              scaled to size 12.02289pt on input line 9.

Underfull \hbox (badness 10000) in paragraph at lines 9--9
[]\TU/LatinModernSans(0)/b/n/14.4 Automation[] \TU/TimesNewRoman(0)/m/it/12 /ňĆ…Ēňźt…ôňąme…™ Én/ (n) \TU/LatinModernRoman(0)/m/n/12 ‚ÄĒ The
 []


Underfull \hbox (badness 10000) in paragraph at lines 15--15
[]\TU/LatinModernSans(0)/b/n/14.4 Artificial Intelligence[] \TU/TimesNewRoman(0)/m/it/12 /ňĆ…Ďňźrt…™f…™ Él
 []


Underfull \hbox (badness 10000) in paragraph at lines 15--15
\TU/TimesNewRoman(0)/m/it/12 …™nňątel…™d í…ôns/ (n) \TU/LatinModernRoman(0)/m/n/12 ‚ÄĒ The theory and
 []


Underfull \hbox (badness 10000) in paragraph at lines 21--21
[]\TU/LatinModernSans(0)/b/n/14.4 Algorithm[] \TU/TimesNewRoman(0)/m/it/12 /ňą√¶l…°…ôr…™√į…ôm/ (n) \TU/LatinModernRoman(0)/m/n/12 ‚ÄĒ A
 []


Underfull \hbox (badness 10000) in paragraph at lines 27--27
[]\TU/LatinModernSans(0)/b/n/14.4 Bandwidth[] \TU/TimesNewRoman(0)/m/it/12 /ňąb√¶ndw…™tőł/ (n) \TU/LatinModernRoman(0)/m/n/12 ‚ÄĒ The
 []


Underfull \hbox (badness 5592) in paragraph at lines 27--27
\TU/LatinModernRoman(0)/m/n/12 transmission capacity of a computer
 []


Underfull \hbox (badness 10000) in paragraph at lines 27--27
\TU/LatinModernRoman(0)/m/n/12 network or other telecommunication
 []


Underfull \hbox (badness 10000) in paragraph at lines 33--33
[]\TU/LatinModernSans(0)/b/n/14.4 Biotechnology[] \TU/TimesNewRoman(0)/m/it/12 /ňĆba…™o ätekňąn…Ďňźl…ôd íi/ (n)
 []


Underfull \hbox (badness 10000) in paragraph at lines 39--39
[]\TU/LatinModernSans(0)/b/n/14.4 Blockchain[] \TU/TimesNewRoman(0)/m/it/12 /ňąbl…Ďňźkt Ée…™n/ (n) \TU/LatinModernRoman(0)/m/n/12 ‚ÄĒ A
 []


Underfull \hbox (badness 10000) in paragraph at lines 45--45
[]\TU/LatinModernRoman(0)/b/it/12 Example: \TU/LatinModernRoman(0)/m/it/12 Cloud computing allows
 []


Underfull \hbox (badness 7649) in paragraph at lines 57--57
[]\TU/LatinModernSans(0)/b/n/14.4 Data mining[] \TU/TimesNewRoman(0)/m/it/12 /ňąde…™t…ô ňĆma…™n…™Ňč/ (n) \TU/LatinModernRoman(0)/m/n/12 ‚ÄĒ
 []


Underfull \hbox (badness 10000) in paragraph at lines 63--63
[]\TU/LatinModernSans(0)/b/n/14.4 Digitalization[] \TU/TimesNewRoman(0)/m/it/12 /ňĆd…™d í…™t…ôl…ôňąze…™ Én/ (n) \TU/LatinModernRoman(0)/m/n/12 ‚ÄĒ
 []

File: ../wm/logoTF.png Graphic file (type bmp)
<../wm/logoTF.png>
[1

]
Underfull \hbox (badness 10000) in paragraph at lines 69--69
[]\TU/LatinModernSans(0)/b/n/14.4 Encryption[] \TU/TimesNewRoman(0)/m/it/12 /…™nňąkr…™p Én/ (n) \TU/LatinModernRoman(0)/m/n/12 ‚ÄĒ The
 []


Underfull \hbox (badness 5771) in paragraph at lines 69--69
\TU/LatinModernRoman(0)/m/n/12 process of converting information or
 []


Underfull \hbox (badness 10000) in paragraph at lines 75--75
[]\TU/LatinModernSans(0)/b/n/14.4 Gadget[] \TU/TimesNewRoman(0)/m/it/12 /ňą…°√¶d í…™t/ (n) \TU/LatinModernRoman(0)/m/n/12 ‚ÄĒ A small
 []


Underfull \hbox (badness 10000) in paragraph at lines 81--81
[]\TU/LatinModernSans(0)/b/n/14.4 Hardware[] \TU/TimesNewRoman(0)/m/it/12 /ňąh…Ďňźrdwer/ (n) \TU/LatinModernRoman(0)/m/n/12 ‚ÄĒ The
 []


Underfull \hbox (badness 10000) in paragraph at lines 81--81
[]\TU/LatinModernRoman(0)/b/it/12 Example: \TU/LatinModernRoman(0)/m/it/12 The computer‚Äôs hardware
 []


Underfull \hbox (badness 10000) in paragraph at lines 87--87
[]\TU/LatinModernSans(0)/b/n/14.4 Innovation[] \TU/TimesNewRoman(0)/m/it/12 /ňĆ…™n…ôňąve…™ Én/ (n) \TU/LatinModernRoman(0)/m/n/12 ‚ÄĒ The
 []


Underfull \hbox (badness 10000) in paragraph at lines 99--99
\TU/TimesNewRoman(0)/m/it/12 (n) \TU/LatinModernRoman(0)/m/n/12 ‚ÄĒ The interconnection via the
 []


Underfull \hbox (badness 10000) in paragraph at lines 105--105
[]\TU/LatinModernSans(0)/b/n/14.4 Nanotechnology[] \TU/TimesNewRoman(0)/m/it/12 /ňĆn√¶no ätekňąn…Ďňźl…ôd íi/
 []


Underfull \hbox (badness 10000) in paragraph at lines 111--111
[]\TU/LatinModernRoman(0)/b/it/12 Example: \TU/LatinModernRoman(0)/m/it/12 Planned obsolescence
 []


Overfull \hbox (4.6248pt too wide) in paragraph at lines 123--123
[]\TU/LatinModernSans(0)/b/n/14.4 Software[] \TU/TimesNewRoman(0)/m/it/12 /ňąs…Ēňźftwer/ (n) \TU/LatinModernRoman(0)/m/n/12 ‚ÄĒ The programs
 []


Overfull \hbox (21.25433pt too wide) in paragraph at lines 129--129
[]\TU/LatinModernSans(0)/b/n/14.4 Telecommunications[] \TU/TimesNewRoman(0)/m/it/12 /ňĆtelik…ôňĆmjuňźn…™ňąke…™ Énz/
 []


Underfull \hbox (badness 10000) in paragraph at lines 129--129
\TU/LatinModernRoman(0)/m/n/12 by cable, telegraph, telephone, or
 []


Underfull \hbox (badness 10000) in paragraph at lines 129--129
[]\TU/LatinModernRoman(0)/b/it/12 Example: \TU/LatinModernRoman(0)/m/it/12 The telecommunications
 []


Underfull \hbox (badness 10000) in paragraph at lines 129--129
\TU/LatinModernRoman(0)/m/it/12 industry has undergone a massive
 []

File: ../wm/logoTF.png Graphic file (type bmp)
<../wm/logoTF.png>
[2]
Underfull \hbox (badness 10000) in paragraph at lines 147--147
[]\TU/LatinModernSans(0)/b/n/14.4 Wireless[] \TU/TimesNewRoman(0)/m/it/12 /ňąwa…™…ôrl…ôs/ (adj) \TU/LatinModernRoman(0)/m/n/12 ‚ÄĒ Using
 []


Underfull \hbox (badness 10000) in paragraph at lines 153--153
[]\TU/LatinModernSans(0)/b/n/14.4 Aggregator[] \TU/TimesNewRoman(0)/m/it/12 /ňą√¶…°r…™…°e…™t…ôr/ (n) \TU/LatinModernRoman(0)/m/n/12 ‚ÄĒ A
 []


Underfull \hbox (badness 10000) in paragraph at lines 159--159
[]\TU/LatinModernSans(0)/b/n/14.4 Analytics[] \TU/TimesNewRoman(0)/m/it/12 /ňĆ√¶n…ôňąl…™t…™ks/ (n) \TU/LatinModernRoman(0)/m/n/12 ‚ÄĒ The
 []


Underfull \hbox (badness 10000) in paragraph at lines 165--165
[]\TU/LatinModernSans(0)/b/n/14.4 App[] \TU/TimesNewRoman(0)/m/it/12 /√¶p/ (n) \TU/LatinModernRoman(0)/m/n/12 ‚ÄĒ An application,
 []


Underfull \hbox (badness 10000) in paragraph at lines 177--177
[]\TU/LatinModernSans(0)/b/n/14.4 Authentication[] \TU/TimesNewRoman(0)/m/it/12 /…ĒňźňĆőłent…™ňąke…™ Én/ (n) \TU/LatinModernRoman(0)/m/n/12 ‚ÄĒ
 []


Underfull \hbox (badness 10000) in paragraph at lines 177--177
[]\TU/LatinModernRoman(0)/b/it/12 Example: \TU/LatinModernRoman(0)/m/it/12 Two-factor authentication
 []


Underfull \hbox (badness 10000) in paragraph at lines 183--183
[]\TU/LatinModernSans(0)/b/n/14.4 Avatar[] \TU/TimesNewRoman(0)/m/it/12 /ňą√¶v…ôt…Ďňźr/ (n) \TU/LatinModernRoman(0)/m/n/12 ‚ÄĒ An icon or
 []

File: ../wm/logoTF.png Graphic file (type bmp)
<../wm/logoTF.png>
[3]
Overfull \hbox (1.19116pt too wide) in paragraph at lines 213--213
\TU/LatinModernRoman(0)/m/n/12 for the short-range wireless interconnection
 []


Underfull \hbox (badness 6380) in paragraph at lines 225--225
[]\TU/LatinModernSans(0)/b/n/14.4 Browser[] \TU/TimesNewRoman(0)/m/it/12 /ňąbra äz…ôr/ (n) \TU/LatinModernRoman(0)/m/n/12 ‚ÄĒ A program
 []


Underfull \hbox (badness 7759) in paragraph at lines 225--225
\TU/LatinModernRoman(0)/m/n/12 with a graphical user interface for
 []


Underfull \hbox (badness 10000) in paragraph at lines 249--249
[]\TU/LatinModernSans(0)/b/n/14.4 Chip[] \TU/TimesNewRoman(0)/m/it/12 /t É…™p/ (n) \TU/LatinModernRoman(0)/m/n/12 ‚ÄĒ A tiny wafer of
 []


Underfull \hbox (badness 10000) in paragraph at lines 261--261
[]\TU/LatinModernSans(0)/b/n/14.4 Compatibility[] \TU/TimesNewRoman(0)/m/it/12 /k…ômňĆp√¶t…ôňąb…™l…ôti/ (n) \TU/LatinModernRoman(0)/m/n/12 ‚ÄĒ
 []


Underfull \hbox (badness 10000) in paragraph at lines 267--267
[]\TU/LatinModernSans(0)/b/n/14.4 Configuration[] \TU/TimesNewRoman(0)/m/it/12 /k…ônňĆf…™…°j…ôňąre…™ Én/ (n) \TU/LatinModernRoman(0)/m/n/12 ‚ÄĒ
 []

File: ../wm/logoTF.png Graphic file (type bmp)
<../wm/logoTF.png>
[4]
Underfull \hbox (badness 10000) in paragraph at lines 285--285
[]\TU/LatinModernSans(0)/b/n/14.4 CPU[] \TU/TimesNewRoman(0)/m/it/12 /ňĆsiňź piňź ňąjuňź/ (n) \TU/LatinModernRoman(0)/m/n/12 ‚ÄĒ Central
 []


Underfull \hbox (badness 10000) in paragraph at lines 297--297
[]\TU/LatinModernSans(0)/b/n/14.4 Cryptocurrency[] \TU/TimesNewRoman(0)/m/it/12 /ňąkr…™pto äk…úňźr…ônsi/ (n)
 []


Underfull \hbox (badness 10000) in paragraph at lines 297--297
\TU/LatinModernRoman(0)/m/n/12 ‚ÄĒ A digital currency in which
 []


Underfull \hbox (badness 5359) in paragraph at lines 297--297
\TU/LatinModernRoman(0)/m/n/12 transactions are verified and records
 []


Underfull \hbox (badness 10000) in paragraph at lines 303--303
[]\TU/LatinModernSans(0)/b/n/14.4 Dashboard[] \TU/TimesNewRoman(0)/m/it/12 /ňąd√¶ Éb…Ēňźrd/ (n) \TU/LatinModernRoman(0)/m/n/12 ‚ÄĒ A
 []


Overfull \hbox (7.15842pt too wide) in paragraph at lines 309--309
[]\TU/LatinModernSans(0)/b/n/14.4 Database[] \TU/TimesNewRoman(0)/m/it/12 /ňąde…™t…ôbe…™s/ (n) \TU/LatinModernRoman(0)/m/n/12 ‚ÄĒ A structured
 []


Underfull \hbox (badness 10000) in paragraph at lines 309--309
[]\TU/LatinModernRoman(0)/b/it/12 Example: \TU/LatinModernRoman(0)/m/it/12 The customer database
 []


Underfull \hbox (badness 10000) in paragraph at lines 321--321
[]\TU/LatinModernSans(0)/b/n/14.4 Decryption[] \TU/TimesNewRoman(0)/m/it/12 /diňźňąkr…™p Én/ (n) \TU/LatinModernRoman(0)/m/n/12 ‚ÄĒ The
 []


Underfull \hbox (badness 7064) in paragraph at lines 327--327
[]\TU/LatinModernSans(0)/b/n/14.4 Default[] \TU/TimesNewRoman(0)/m/it/12 /d…™ňąf…Ēňźlt/ (n) \TU/LatinModernRoman(0)/m/n/12 ‚ÄĒ A preselected
 []


Underfull \hbox (badness 6625) in paragraph at lines 339--339
\TU/LatinModernRoman(0)/m/n/12 especially a piece of mechanical or
 []

File: ../wm/logoTF.png Graphic file (type bmp)
<../wm/logoTF.png>
[5]
Underfull \hbox (badness 10000) in paragraph at lines 357--357
[]\TU/LatinModernSans(0)/b/n/14.4 Domain[] \TU/TimesNewRoman(0)/m/it/12 /do äňąme…™n/ (n) \TU/LatinModernRoman(0)/m/n/12 ‚ÄĒ A distinct
 []


Overfull \hbox (29.22313pt too wide) in paragraph at lines 357--357
\TU/LatinModernRoman(0)/m/it/12 [www.example.com](https://www.example.com). 
 []


Underfull \hbox (badness 10000) in paragraph at lines 381--381
[]\TU/LatinModernSans(0)/b/n/14.4 E-commerce[] \TU/TimesNewRoman(0)/m/it/12 /ňąiňź k…Ďňźm…úňźrs/ (n) \TU/LatinModernRoman(0)/m/n/12 ‚ÄĒ
 []


Underfull \hbox (badness 10000) in paragraph at lines 381--381
\TU/LatinModernRoman(0)/m/n/12 Commercial transactions conducted
 []


Underfull \hbox (badness 10000) in paragraph at lines 381--381
[]\TU/LatinModernRoman(0)/b/it/12 Example: \TU/LatinModernRoman(0)/m/it/12 E-commerce has grown
 []


Underfull \hbox (badness 10000) in paragraph at lines 387--387
[]\TU/LatinModernSans(0)/b/n/14.4 Environment[] \TU/TimesNewRoman(0)/m/it/12 /…™nňąva…™r…ônm…ônt/ (n) \TU/LatinModernRoman(0)/m/n/12 ‚ÄĒ
 []


Underfull \hbox (badness 5847) in paragraph at lines 399--399
[]\TU/LatinModernRoman(0)/b/it/12 Example: \TU/LatinModernRoman(0)/m/it/12 Be careful when opening
 []


Underfull \hbox (badness 10000) in paragraph at lines 405--405
[]\TU/LatinModernSans(0)/b/n/14.4 Export[] \TU/TimesNewRoman(0)/m/it/12 /…™kňąsp…Ēňźrt/ (v) \TU/LatinModernRoman(0)/m/n/12 ‚ÄĒ To transfer
 []


Underfull \hbox (badness 7291) in paragraph at lines 411--411
[]\TU/LatinModernSans(0)/b/n/14.4 Fiber optics[] \TU/TimesNewRoman(0)/m/it/12 /ňĆfa…™b…ôr ňą…Ďňźpt…™ks/ (n) \TU/LatinModernRoman(0)/m/n/12 ‚ÄĒ
 []

File: ../wm/logoTF.png Graphic file (type bmp)
<../wm/logoTF.png>
[6]
Underfull \hbox (badness 10000) in paragraph at lines 477--477
\TU/LatinModernRoman(0)/m/n/12 temporary malfunction or fault of
 []

File: ../wm/logoTF.png Graphic file (type bmp)
<../wm/logoTF.png>
[7]
Underfull \hbox (badness 10000) in paragraph at lines 513--513
[]\TU/LatinModernSans(0)/b/n/14.4 Hi-tech[] \TU/TimesNewRoman(0)/m/it/12 /ňĆha…™ ňątek/ (adj) \TU/LatinModernRoman(0)/m/n/12 ‚ÄĒ High
 []


Underfull \hbox (badness 10000) in paragraph at lines 519--519
[]\TU/LatinModernSans(0)/b/n/14.4 Homepage[] \TU/TimesNewRoman(0)/m/it/12 /ňąho ämpe…™d í/ (n) \TU/LatinModernRoman(0)/m/n/12 ‚ÄĒ The
 []


Underfull \hbox (badness 10000) in paragraph at lines 531--531
[]\TU/LatinModernSans(0)/b/n/14.4 Hotspot[] \TU/TimesNewRoman(0)/m/it/12 /ňąh…Ďňźtsp…Ďňźt/ (n) \TU/LatinModernRoman(0)/m/n/12 ‚ÄĒ A public
 []


Underfull \hbox (badness 6758) in paragraph at lines 543--543
[]\TU/LatinModernSans(0)/b/n/14.4 Icon[] \TU/TimesNewRoman(0)/m/it/12 /ňąa…™k…Ďňźn/ (n) \TU/LatinModernRoman(0)/m/n/12 ‚ÄĒ A small symbol
 []


Underfull \hbox (badness 10000) in paragraph at lines 555--555
[]\TU/LatinModernSans(0)/b/n/14.4 Inbox[] \TU/TimesNewRoman(0)/m/it/12 /ňą…™nb…Ďňźks/ (n) \TU/LatinModernRoman(0)/m/n/12 ‚ÄĒ An electronic
 []


Underfull \hbox (badness 6927) in paragraph at lines 561--561
[]\TU/LatinModernSans(0)/b/n/14.4 Input[] \TU/TimesNewRoman(0)/m/it/12 /ňą…™np ät/ (n) \TU/LatinModernRoman(0)/m/n/12 ‚ÄĒ Data or signals
 []


Underfull \hbox (badness 10000) in paragraph at lines 567--567
[]\TU/LatinModernSans(0)/b/n/14.4 Install[] \TU/TimesNewRoman(0)/m/it/12 /…™nňąst…Ēňźl/ (v) \TU/LatinModernRoman(0)/m/n/12 ‚ÄĒ To place
 []


Underfull \hbox (badness 10000) in paragraph at lines 573--573
[]\TU/LatinModernRoman(0)/b/it/12 Example: \TU/LatinModernRoman(0)/m/it/12 The website has several
 []


Underfull \hbox (badness 10000) in paragraph at lines 579--579
\TU/LatinModernRoman(0)/m/n/12 restricted communications network,
 []

File: ../wm/logoTF.png Graphic file (type bmp)
<../wm/logoTF.png>
[8]
Underfull \hbox (badness 10000) in paragraph at lines 585--585
[]\TU/LatinModernSans(0)/b/n/14.4 IP address[] \TU/TimesNewRoman(0)/m/it/12 /ňĆa…™ ňąpiňź …ôdres/ (n) \TU/LatinModernRoman(0)/m/n/12 ‚ÄĒ
 []


Overfull \hbox (5.04471pt too wide) in paragraph at lines 591--591
[]\TU/LatinModernSans(0)/b/n/14.4 IT[] \TU/TimesNewRoman(0)/m/it/12 /ňĆa…™ ňątiňź/ (n) \TU/LatinModernRoman(0)/m/n/12 ‚ÄĒ Information Technology;
 []


Underfull \hbox (badness 10000) in paragraph at lines 591--591
\TU/LatinModernRoman(0)/m/n/12 computers and telecommunications)
 []


Underfull \hbox (badness 10000) in paragraph at lines 591--591
\TU/LatinModernRoman(0)/m/n/12 for storing, retrieving, and sending
 []


Underfull \hbox (badness 10000) in paragraph at lines 597--597
\TU/LatinModernRoman(0)/m/n/12 based, object-oriented programming
 []


Underfull \hbox (badness 5331) in paragraph at lines 603--603
[]\TU/LatinModernSans(0)/b/n/14.4 Keyboard[] \TU/TimesNewRoman(0)/m/it/12 /ňąkiňźb…Ēňźrd/ (n) \TU/LatinModernRoman(0)/m/n/12 ‚ÄĒ A set of
 []


Underfull \hbox (badness 10000) in paragraph at lines 609--609
[]\TU/LatinModernSans(0)/b/n/14.4 Keyword[] \TU/TimesNewRoman(0)/m/it/12 /ňąkiňźw…úňźrd/ (n) \TU/LatinModernRoman(0)/m/n/12 ‚ÄĒ A word
 []


Underfull \hbox (badness 6758) in paragraph at lines 609--609
\TU/LatinModernRoman(0)/m/n/12 or concept of great significance; in
 []


Underfull \hbox (badness 10000) in paragraph at lines 609--609
\TU/LatinModernRoman(0)/m/n/12 technology, a word used to find
 []


Underfull \hbox (badness 10000) in paragraph at lines 609--609
[]\TU/LatinModernRoman(0)/b/it/12 Example: \TU/LatinModernRoman(0)/m/it/12 You should use specific
 []


Underfull \hbox (badness 10000) in paragraph at lines 615--615
[]\TU/LatinModernSans(0)/b/n/14.4 Laptop[] \TU/TimesNewRoman(0)/m/it/12 /ňąl√¶pt…Ďňźp/ (n) \TU/LatinModernRoman(0)/m/n/12 ‚ÄĒ A computer
 []


Underfull \hbox (badness 10000) in paragraph at lines 627--627
[]\TU/LatinModernSans(0)/b/n/14.4 Load[] \TU/TimesNewRoman(0)/m/it/12 /lo äd/ (v) \TU/LatinModernRoman(0)/m/n/12 ‚ÄĒ To transfer (a
 []


Underfull \hbox (badness 10000) in paragraph at lines 645--645
[]\TU/LatinModernSans(0)/b/n/14.4 Malware[] \TU/TimesNewRoman(0)/m/it/12 /ňąm√¶lwer/ (n) \TU/LatinModernRoman(0)/m/n/12 ‚ÄĒ Software
 []


Underfull \hbox (badness 10000) in paragraph at lines 651--651
[]\TU/LatinModernSans(0)/b/n/14.4 Menu[] \TU/TimesNewRoman(0)/m/it/12 /ňąmenjuňź/ (n) \TU/LatinModernRoman(0)/m/n/12 ‚ÄĒ A list of
 []


Underfull \hbox (badness 6995) in paragraph at lines 651--651
[]\TU/LatinModernRoman(0)/b/it/12 Example: \TU/LatinModernRoman(0)/m/it/12 You can find the print
 []

File: ../wm/logoTF.png Graphic file (type bmp)
<../wm/logoTF.png>
[9]
Underfull \hbox (badness 10000) in paragraph at lines 669--669
[]\TU/LatinModernSans(0)/b/n/14.4 Monitor[] \TU/TimesNewRoman(0)/m/it/12 /ňąm…Ďňźn…™t…ôr/ (n) \TU/LatinModernRoman(0)/m/n/12 ‚ÄĒ A screen
 []


Underfull \hbox (badness 10000) in paragraph at lines 675--675
[]\TU/LatinModernSans(0)/b/n/14.4 Motherboard[] \TU/TimesNewRoman(0)/m/it/12 /ňąm Ć√į…ôrb…Ēňźrd/ (n) \TU/LatinModernRoman(0)/m/n/12 ‚ÄĒ A
 []


Underfull \hbox (badness 6428) in paragraph at lines 675--675
\TU/LatinModernRoman(0)/m/n/12 printed circuit board containing the
 []


Underfull \hbox (badness 6910) in paragraph at lines 699--699
[]\TU/LatinModernRoman(0)/b/it/12 Example: \TU/LatinModernRoman(0)/m/it/12 You can work on your
 []


Underfull \hbox (badness 10000) in paragraph at lines 717--717
\TU/LatinModernRoman(0)/m/n/12 computer‚Äôs basic functions, such as
 []


Underfull \hbox (badness 5064) in paragraph at lines 729--729
[]\TU/LatinModernSans(0)/b/n/14.4 Password[] \TU/TimesNewRoman(0)/m/it/12 /ňąp√¶sw…úňźrd/ (n) \TU/LatinModernRoman(0)/m/n/12 ‚ÄĒ A secret
 []

File: ../wm/logoTF.png Graphic file (type bmp)
<../wm/logoTF.png>
[10]
Underfull \hbox (badness 10000) in paragraph at lines 741--741
[]\TU/LatinModernSans(0)/b/n/14.4 PDF[] \TU/TimesNewRoman(0)/m/it/12 /ňĆpiňź diňź ňąef/ (n) \TU/LatinModernRoman(0)/m/n/12 ‚ÄĒ Portable
 []


Underfull \hbox (badness 10000) in paragraph at lines 747--747
[]\TU/LatinModernRoman(0)/b/it/12 Example: \TU/LatinModernRoman(0)/m/it/12 Printers, scanners, and
 []


Underfull \hbox (badness 10000) in paragraph at lines 771--771
[]\TU/LatinModernSans(0)/b/n/14.4 Plugin[] \TU/TimesNewRoman(0)/m/it/12 /ňąpl Ć…°…™n/ (n) \TU/LatinModernRoman(0)/m/n/12 ‚ÄĒ A software
 []


Underfull \hbox (badness 5741) in paragraph at lines 777--777
\TU/LatinModernRoman(0)/m/n/12 user interface area, usually a small
 []


Underfull \hbox (badness 10000) in paragraph at lines 783--783
[]\TU/LatinModernSans(0)/b/n/14.4 Portal[] \TU/TimesNewRoman(0)/m/it/12 /ňąp…Ēňźrtl/ (n) \TU/LatinModernRoman(0)/m/n/12 ‚ÄĒ A website or
 []


Underfull \hbox (badness 10000) in paragraph at lines 783--783
\TU/LatinModernRoman(0)/m/n/12 forums, search engines, and online
 []


Underfull \hbox (badness 10000) in paragraph at lines 807--807
[]\TU/LatinModernSans(0)/b/n/14.4 Programmer[] \TU/TimesNewRoman(0)/m/it/12 /ňąpro ä…°r√¶m…ôr/ (n) \TU/LatinModernRoman(0)/m/n/12 ‚ÄĒ A
 []

File: ../wm/logoTF.png Graphic file (type bmp)
<../wm/logoTF.png>
[11]
Underfull \hbox (badness 10000) in paragraph at lines 807--807
[]\TU/LatinModernRoman(0)/b/it/12 Example: \TU/LatinModernRoman(0)/m/it/12 She is a very talented
 []


Underfull \hbox (badness 10000) in paragraph at lines 813--813
[]\TU/LatinModernSans(0)/b/n/14.4 Protocol[] \TU/TimesNewRoman(0)/m/it/12 /ňąpro ät…ôk…Ďňźl/ (n) \TU/LatinModernRoman(0)/m/n/12 ‚ÄĒ A set
 []


Underfull \hbox (badness 6910) in paragraph at lines 813--813
\TU/LatinModernRoman(0)/m/n/12 of rules governing the exchange or
 []


Underfull \hbox (badness 10000) in paragraph at lines 819--819
[]\TU/LatinModernSans(0)/b/n/14.4 RAM[] \TU/TimesNewRoman(0)/m/it/12 /r√¶m/ (n) \TU/LatinModernRoman(0)/m/n/12 ‚ÄĒ Random Access
 []


Underfull \hbox (badness 10000) in paragraph at lines 825--825
[]\TU/LatinModernSans(0)/b/n/14.4 Resolution[] \TU/TimesNewRoman(0)/m/it/12 /ňĆrez…ôňąluňź Én/ (n) \TU/LatinModernRoman(0)/m/n/12 ‚ÄĒ The
 []


Underfull \hbox (badness 10000) in paragraph at lines 849--849
[]\TU/LatinModernSans(0)/b/n/14.4 Screenshot[] \TU/TimesNewRoman(0)/m/it/12 /ňąskriňźn É…Ďňźt/ (n) \TU/LatinModernRoman(0)/m/n/12 ‚ÄĒ An
 []


Underfull \hbox (badness 5592) in paragraph at lines 861--861
[]\TU/LatinModernRoman(0)/b/it/12 Example: \TU/LatinModernRoman(0)/m/it/12 You should take security
 []


Underfull \hbox (badness 5711) in paragraph at lines 861--861
\TU/LatinModernRoman(0)/m/it/12 precautions to protect your personal
 []


Underfull \hbox (badness 10000) in paragraph at lines 873--873
[]\TU/LatinModernSans(0)/b/n/14.4 Settings[] \TU/TimesNewRoman(0)/m/it/12 /ňąset…™Ňčz/ (n) \TU/LatinModernRoman(0)/m/n/12 ‚ÄĒ The options
 []


Underfull \hbox (badness 10000) in paragraph at lines 879--879
[]\TU/LatinModernSans(0)/b/n/14.4 Shareware[] \TU/TimesNewRoman(0)/m/it/12 /ňą Éerwer/ (n) \TU/LatinModernRoman(0)/m/n/12 ‚ÄĒ Software
 []

File: ../wm/logoTF.png Graphic file (type bmp)
<../wm/logoTF.png>
[12]
Underfull \hbox (badness 10000) in paragraph at lines 897--897
[]\TU/LatinModernSans(0)/b/n/14.4 Smartphone[] \TU/TimesNewRoman(0)/m/it/12 /ňąsm…Ďňźrtfo än/ (n) \TU/LatinModernRoman(0)/m/n/12 ‚ÄĒ A
 []


Underfull \hbox (badness 8075) in paragraph at lines 903--903
[]\TU/LatinModernSans(0)/b/n/14.4 Social media[] \TU/TimesNewRoman(0)/m/it/12 /ňĆso ä Él ňąmiňźdi…ô/ (n) \TU/LatinModernRoman(0)/m/n/12 ‚ÄĒ
 []


Underfull \hbox (badness 10000) in paragraph at lines 909--909
[]\TU/LatinModernSans(0)/b/n/14.4 Spam[] \TU/TimesNewRoman(0)/m/it/12 /sp√¶m/ (n) \TU/LatinModernRoman(0)/m/n/12 ‚ÄĒ Irrelevant or
 []


Underfull \hbox (badness 10000) in paragraph at lines 909--909
\TU/LatinModernRoman(0)/m/n/12 inappropriate messages sent on the
 []


Underfull \hbox (badness 10000) in paragraph at lines 927--927
\TU/LatinModernRoman(0)/m/n/12 of transmitting or receiving data
 []


Underfull \hbox (badness 10000) in paragraph at lines 939--939
[]\TU/LatinModernSans(0)/b/n/14.4 Tablet[] \TU/TimesNewRoman(0)/m/it/12 /ňąt√¶bl…ôt/ (n) \TU/LatinModernRoman(0)/m/n/12 ‚ÄĒ A portable
 []


Underfull \hbox (badness 10000) in paragraph at lines 951--951
[]\TU/LatinModernSans(0)/b/n/14.4 Template[] \TU/TimesNewRoman(0)/m/it/12 /ňątemplet/ (n) \TU/LatinModernRoman(0)/m/n/12 ‚ÄĒ A pre-
 []


Underfull \hbox (badness 10000) in paragraph at lines 963--963
[]\TU/LatinModernSans(0)/b/n/14.4 Text[] \TU/TimesNewRoman(0)/m/it/12 /tekst/ (v) \TU/LatinModernRoman(0)/m/n/12 ‚ÄĒ To send a text
 []

File: ../wm/logoTF.png Graphic file (type bmp)
<../wm/logoTF.png>
[13]
Underfull \hbox (badness 5217) in paragraph at lines 975--975
[]\TU/LatinModernSans(0)/b/n/14.4 Thumbnail[] \TU/TimesNewRoman(0)/m/it/12 /ňąőł Ćmne…™l/ (n) \TU/LatinModernRoman(0)/m/n/12 ‚ÄĒ A small
 []


Underfull \hbox (badness 10000) in paragraph at lines 987--987
[]\TU/LatinModernSans(0)/b/n/14.4 Toolbar[] \TU/TimesNewRoman(0)/m/it/12 /ňątuňźlb…Ďňźr/ (n) \TU/LatinModernRoman(0)/m/n/12 ‚ÄĒ A strip of
 []


Underfull \hbox (badness 10000) in paragraph at lines 993--993
[]\TU/LatinModernSans(0)/b/n/14.4 Touchscreen[] \TU/TimesNewRoman(0)/m/it/12 /ňąt Ćt Éskriňźn/ (n) \TU/LatinModernRoman(0)/m/n/12 ‚ÄĒ A
 []


Underfull \hbox (badness 10000) in paragraph at lines 1005--1005
[]\TU/LatinModernSans(0)/b/n/14.4 Update[] \TU/TimesNewRoman(0)/m/it/12 /ňĆ Ćpňąde…™t/ (v) \TU/LatinModernRoman(0)/m/n/12 ‚ÄĒ To make
 []


Underfull \hbox (badness 10000) in paragraph at lines 1011--1011
[]\TU/LatinModernSans(0)/b/n/14.4 Upload[] \TU/TimesNewRoman(0)/m/it/12 /ňĆ Ćpňąlo äd/ (v) \TU/LatinModernRoman(0)/m/n/12 ‚ÄĒ To transfer
 []


Underfull \hbox (badness 10000) in paragraph at lines 1017--1017
[]\TU/LatinModernSans(0)/b/n/14.4 URL[] \TU/TimesNewRoman(0)/m/it/12 /ňĆjuňź …Ďňźr ňąel/ (n) \TU/LatinModernRoman(0)/m/n/12 ‚ÄĒ Uniform
 []


Underfull \hbox (badness 10000) in paragraph at lines 1041--1041
[]\TU/LatinModernSans(0)/b/n/14.4 Webcam[] \TU/TimesNewRoman(0)/m/it/12 /ňąwebk√¶m/ (n) \TU/LatinModernRoman(0)/m/n/12 ‚ÄĒ A video
 []


Underfull \hbox (badness 7613) in paragraph at lines 1041--1041
\TU/LatinModernRoman(0)/m/n/12 camera that inputs to a computer
 []

File: ../wm/logoTF.png Graphic file (type bmp)
<../wm/logoTF.png>
[14]
Underfull \hbox (badness 10000) in paragraph at lines 1047--1047
[]\TU/LatinModernSans(0)/b/n/14.4 Website[] \TU/TimesNewRoman(0)/m/it/12 /ňąwebsa…™t/ (n) \TU/LatinModernRoman(0)/m/n/12 ‚ÄĒ A set of
 []


Underfull \hbox (badness 6592) in paragraph at lines 1047--1047
[]\TU/LatinModernRoman(0)/b/it/12 Example: \TU/LatinModernRoman(0)/m/it/12 You can find a lot of
 []


Underfull \hbox (badness 10000) in paragraph at lines 1065--1065
[]\TU/LatinModernSans(0)/b/n/14.4 Workstation[] \TU/TimesNewRoman(0)/m/it/12 /ňąw…úňźrkste…™ Én/ (n) \TU/LatinModernRoman(0)/m/n/12 ‚ÄĒ A
 []


Overfull \hbox (5.54411pt too wide) in paragraph at lines 1083--1083
[]\TU/LatinModernSans(0)/b/n/14.4 Advance[] \TU/TimesNewRoman(0)/m/it/12 /…ôdňąv√¶ns/ (n) \TU/LatinModernRoman(0)/m/n/12 ‚ÄĒ A development
 []


Underfull \hbox (badness 10000) in paragraph at lines 1089--1089
[]\TU/LatinModernSans(0)/b/n/14.4 Analyze[] \TU/TimesNewRoman(0)/m/it/12 /ňą√¶n…ôla…™z/ (v) \TU/LatinModernRoman(0)/m/n/12 ‚ÄĒ Examine
 []


Underfull \hbox (badness 10000) in paragraph at lines 1095--1095
[]\TU/LatinModernSans(0)/b/n/14.4 Application[] \TU/TimesNewRoman(0)/m/it/12 /ňĆ√¶pl…™ňąke…™ Én/ (n) \TU/LatinModernRoman(0)/m/n/12 ‚ÄĒ A
 []


Underfull \hbox (badness 10000) in paragraph at lines 1095--1095
[]\TU/LatinModernRoman(0)/b/it/12 Example: \TU/LatinModernRoman(0)/m/it/12 Word processing and
 []


Underfull \hbox (badness 10000) in paragraph at lines 1101--1101
[]\TU/LatinModernSans(0)/b/n/14.4 Automated[] \TU/TimesNewRoman(0)/m/it/12 /ňą…Ēňźt…ôme…™t…™d/ (adj) \TU/LatinModernRoman(0)/m/n/12 ‚ÄĒ
 []


Underfull \hbox (badness 10000) in paragraph at lines 1107--1107
[]\TU/LatinModernSans(0)/b/n/14.4 Breakthrough[] \TU/TimesNewRoman(0)/m/it/12 /ňąbre…™kőłruňź/ (n) \TU/LatinModernRoman(0)/m/n/12 ‚ÄĒ A
 []


Underfull \hbox (badness 10000) in paragraph at lines 1107--1107
\TU/LatinModernRoman(0)/m/n/12 sudden, dramatic, and important
 []


Overfull \hbox (6.47922pt too wide) in paragraph at lines 1113--1113
[]\TU/LatinModernSans(0)/b/n/14.4 Complex[] \TU/TimesNewRoman(0)/m/it/12 /ňąk…Ďňźmpleks/ (adj) \TU/LatinModernRoman(0)/m/n/12 ‚ÄĒ Consisting
 []


Underfull \hbox (badness 10000) in paragraph at lines 1113--1113
[]\TU/LatinModernRoman(0)/b/it/12 Example: \TU/LatinModernRoman(0)/m/it/12 Modern computers are
 []


Underfull \hbox (badness 10000) in paragraph at lines 1119--1119
[]\TU/LatinModernSans(0)/b/n/14.4 Component[] \TU/TimesNewRoman(0)/m/it/12 /k…ômňąpo än…ônt/ (n) \TU/LatinModernRoman(0)/m/n/12 ‚ÄĒ A
 []

File: ../wm/logoTF.png Graphic file (type bmp)
<../wm/logoTF.png>
[15]
Underfull \hbox (badness 10000) in paragraph at lines 1137--1137
[]\TU/LatinModernSans(0)/b/n/14.4 Cutting-edge[] \TU/TimesNewRoman(0)/m/it/12 /ňĆk Ćt…™Ňč ňąed í/ (adj) \TU/LatinModernRoman(0)/m/n/12 ‚ÄĒ
 []


Underfull \hbox (badness 5403) in paragraph at lines 1167--1167
[]\TU/LatinModernSans(0)/b/n/14.4 Engineer[] \TU/TimesNewRoman(0)/m/it/12 /ňĆend í…™ňąn…™r/ (n) \TU/LatinModernRoman(0)/m/n/12 ‚ÄĒ A person
 []


Underfull \hbox (badness 10000) in paragraph at lines 1173--1173
[]\TU/LatinModernSans(0)/b/n/14.4 Equipment[] \TU/TimesNewRoman(0)/m/it/12 /…™ňąkw…™pm…ônt/ (n) \TU/LatinModernRoman(0)/m/n/12 ‚ÄĒ The
 []


Underfull \hbox (badness 10000) in paragraph at lines 1179--1179
[]\TU/LatinModernSans(0)/b/n/14.4 Experiment[] \TU/TimesNewRoman(0)/m/it/12 /…™kňąsper…™m…ônt/ (n) \TU/LatinModernRoman(0)/m/n/12 ‚ÄĒ A
 []


Underfull \hbox (badness 10000) in paragraph at lines 1179--1179
\TU/LatinModernRoman(0)/m/n/12 a discovery, test a hypothesis, or
 []

)

File: ../wm/logoTF.png Graphic file (type bmp)
<../wm/logoTF.png>
[16] (./technologyVocab.aux)
 ***********
LaTeX2e <2024-11-01> patch level 2
L3 programming layer <2025-01-18>
 ***********
 ) 
Here is how much of TeX's memory you used:
 19011 strings out of 473832
 443275 string characters out of 5729481
 872470 words of memory out of 5000000
 41761 multiletter control sequences out of 15000+600000
 559173 words of font info for 78 fonts, out of 8000000 for 9000
 1348 hyphenation exceptions out of 8191
 131i,16n,135p,519b,981s stack positions out of 10000i,1000n,20000p,200000b,200000s

Output written on technologyVocab.pdf (16 pages).
