This is XeTeX, Version 3.141592653-2.6-0.999997 (TeX Live 2025) (preloaded format=xelatex 2026.1.18)  20 JAN 2026 20:28
entering extended mode
 restricted \write18 enabled.
 %&-line parsing enabled.
**youthGenerationIssuesVocab.tex
(./youthGenerationIssuesVocab.tex
LaTeX2e <2024-11-01> patch level 2
L3 programming layer <2025-01-18>
(./forumvocab.cls
Document Class: forumvocab 2026/01/19 v1.0 IELTS Vocabulary Document Class
(/usr/local/texlive/2025/texmf-dist/tex/latex/base/article.cls
Document Class: article 2024/06/29 v1.4n Standard LaTeX document class
(/usr/local/texlive/2025/texmf-dist/tex/latex/base/size12.clo
File: size12.clo 2024/06/29 v1.4n Standard LaTeX file (size option)
)
\c@part=\count192
\c@section=\count193
\c@subsection=\count194
\c@subsubsection=\count195
\c@paragraph=\count196
\c@subparagraph=\count197
\c@figure=\count198
\c@table=\count199
\abovecaptionskip=\skip49
\belowcaptionskip=\skip50
\bibindent=\dimen141
)
(/usr/local/texlive/2025/texmf-dist/tex/generic/babel/babel.sty
Package: babel 2025/02/14 v25.4 The multilingual framework for pdfLaTeX, LuaLaT
eX and XeLaTeX
\babel@savecnt=\count266
\U@D=\dimen142
\l@unhyphenated=\language90

(/usr/local/texlive/2025/texmf-dist/tex/generic/babel/xebabel.def)
\bbl@readstream=\read2
\bbl@dirlevel=\count267

(/usr/local/texlive/2025/texmf-dist/tex/generic/babel-english/english.ldf
Language: english 2017/06/06 v3.3r English support from the babel system
Package babel Info: Hyphen rules for 'canadian' set to \l@english
(babel)             (\language0). Reported on input line 102.
Package babel Info: Hyphen rules for 'australian' set to \l@ukenglish
(babel)             (\language22). Reported on input line 105.
Package babel Info: Hyphen rules for 'newzealand' set to \l@ukenglish
(babel)             (\language22). Reported on input line 108.
)
(/usr/local/texlive/2025/texmf-dist/tex/generic/babel-vietnamese/vietnamese.ldf
Language: vietnamese 
Package babel Info: Making " an active character on input line 147.
))
(/usr/local/texlive/2025/texmf-dist/tex/generic/babel/locale/vi/babel-vietnames
e.tex
Package babel Info: Importing font and identification data for vietnamese
(babel)             from babel-vi.ini. Reported on input line 11.
)
(/usr/local/texlive/2025/texmf-dist/tex/generic/babel/locale/en/babel-english.t
ex
Package babel Info: Importing font and identification data for english
(babel)             from babel-en.ini. Reported on input line 11.
) (/usr/local/texlive/2025/texmf-dist/tex/latex/geometry/geometry.sty
Package: geometry 2020/01/02 v5.9 Page Geometry

(/usr/local/texlive/2025/texmf-dist/tex/latex/graphics/keyval.sty
Package: keyval 2022/05/29 v1.15 key=value parser (DPC)
\KV@toks@=\toks17
)
(/usr/local/texlive/2025/texmf-dist/tex/generic/iftex/ifvtex.sty
Package: ifvtex 2019/10/25 v1.7 ifvtex legacy package. Use iftex instead.

(/usr/local/texlive/2025/texmf-dist/tex/generic/iftex/iftex.sty
Package: iftex 2024/12/12 v1.0g TeX engine tests
))
\Gm@cnth=\count268
\Gm@cntv=\count269
\c@Gm@tempcnt=\count270
\Gm@bindingoffset=\dimen143
\Gm@wd@mp=\dimen144
\Gm@odd@mp=\dimen145
\Gm@even@mp=\dimen146
\Gm@layoutwidth=\dimen147
\Gm@layoutheight=\dimen148
\Gm@layouthoffset=\dimen149
\Gm@layoutvoffset=\dimen150
\Gm@dimlist=\toks18
)
(/usr/local/texlive/2025/texmf-dist/tex/latex/fancyhdr/fancyhdr.sty
Package: fancyhdr 2025/02/07 v5.2 Extensive control of page headers and footers

\f@nch@headwidth=\skip51
\f@nch@offset@elh=\skip52
\f@nch@offset@erh=\skip53
\f@nch@offset@olh=\skip54
\f@nch@offset@orh=\skip55
\f@nch@offset@elf=\skip56
\f@nch@offset@erf=\skip57
\f@nch@offset@olf=\skip58
\f@nch@offset@orf=\skip59
\f@nch@height=\skip60
\f@nch@footalignment=\skip61
\f@nch@widthL=\skip62
\f@nch@widthC=\skip63
\f@nch@widthR=\skip64
\@temptokenb=\toks19
)
(/usr/local/texlive/2025/texmf-dist/tex/latex/tools/multicol.sty
Package: multicol 2024/09/14 v1.9i multicolumn formatting (FMi)
\c@tracingmulticols=\count271
\mult@box=\box52
\multicol@leftmargin=\dimen151
\c@unbalance=\count272
\c@collectmore=\count273
\doublecol@number=\count274
\multicoltolerance=\count275
\multicolpretolerance=\count276
\full@width=\dimen152
\page@free=\dimen153
\premulticols=\dimen154
\postmulticols=\dimen155
\multicolsep=\skip65
\multicolbaselineskip=\skip66
\partial@page=\box53
\last@line=\box54
\mc@boxedresult=\box55
\maxbalancingoverflow=\dimen156
\mult@rightbox=\box56
\mult@grightbox=\box57
\mult@firstbox=\box58
\mult@gfirstbox=\box59
\@tempa=\box60
\@tempa=\box61
\@tempa=\box62
\@tempa=\box63
\@tempa=\box64
\@tempa=\box65
\@tempa=\box66
\@tempa=\box67
\@tempa=\box68
\@tempa=\box69
\@tempa=\box70
\@tempa=\box71
\@tempa=\box72
\@tempa=\box73
\@tempa=\box74
\@tempa=\box75
\@tempa=\box76
\@tempa=\box77
\@tempa=\box78
\@tempa=\box79
\@tempa=\box80
\@tempa=\box81
\@tempa=\box82
\@tempa=\box83
\@tempa=\box84
\@tempa=\box85
\@tempa=\box86
\@tempa=\box87
\@tempa=\box88
\@tempa=\box89
\@tempa=\box90
\@tempa=\box91
\@tempa=\box92
\@tempa=\box93
\@tempa=\box94
\@tempa=\box95
\c@minrows=\count277
\c@columnbadness=\count278
\c@finalcolumnbadness=\count279
\last@try=\dimen157
\multicolovershoot=\dimen158
\multicolundershoot=\dimen159
\mult@nat@firstbox=\box96
\colbreak@box=\box97
\mc@col@check@num=\count280
)
(/usr/local/texlive/2025/texmf-dist/tex/latex/xcolor/xcolor.sty
Package: xcolor 2024/09/29 v3.02 LaTeX color extensions (UK)

(/usr/local/texlive/2025/texmf-dist/tex/latex/graphics-cfg/color.cfg
File: color.cfg 2016/01/02 v1.6 sample color configuration
)
Package xcolor Info: Driver file: xetex.def on input line 274.

(/usr/local/texlive/2025/texmf-dist/tex/latex/graphics-def/xetex.def
File: xetex.def 2022/09/22 v5.0n Graphics/color driver for xetex
)
(/usr/local/texlive/2025/texmf-dist/tex/latex/graphics/mathcolor.ltx)
Package xcolor Info: Model `cmy' substituted by `cmy0' on input line 1349.
Package xcolor Info: Model `RGB' extended on input line 1365.
Package xcolor Info: Model `HTML' substituted by `rgb' on input line 1367.
Package xcolor Info: Model `Hsb' substituted by `hsb' on input line 1368.
Package xcolor Info: Model `tHsb' substituted by `hsb' on input line 1369.
Package xcolor Info: Model `HSB' substituted by `hsb' on input line 1370.
Package xcolor Info: Model `Gray' substituted by `gray' on input line 1371.
Package xcolor Info: Model `wave' substituted by `hsb' on input line 1372.
)
(/usr/local/texlive/2025/texmf-dist/tex/latex/tcolorbox/tcolorbox.sty
Package: tcolorbox 2024/10/22 version 6.4.1 text color boxes

(/usr/local/texlive/2025/texmf-dist/tex/latex/pgf/frontendlayer/tikz.sty
(/usr/local/texlive/2025/texmf-dist/tex/latex/pgf/basiclayer/pgf.sty
(/usr/local/texlive/2025/texmf-dist/tex/latex/pgf/utilities/pgfrcs.sty
(/usr/local/texlive/2025/texmf-dist/tex/generic/pgf/utilities/pgfutil-common.te
x
\pgfutil@everybye=\toks20
\pgfutil@tempdima=\dimen160
\pgfutil@tempdimb=\dimen161
)
(/usr/local/texlive/2025/texmf-dist/tex/generic/pgf/utilities/pgfutil-latex.def
\pgfutil@abb=\box98
) (/usr/local/texlive/2025/texmf-dist/tex/generic/pgf/utilities/pgfrcs.code.tex
(/usr/local/texlive/2025/texmf-dist/tex/generic/pgf/pgf.revision.tex)
Package: pgfrcs 2023-01-15 v3.1.10 (3.1.10)
))
Package: pgf 2023-01-15 v3.1.10 (3.1.10)

(/usr/local/texlive/2025/texmf-dist/tex/latex/pgf/basiclayer/pgfcore.sty
(/usr/local/texlive/2025/texmf-dist/tex/latex/graphics/graphicx.sty
Package: graphicx 2021/09/16 v1.2d Enhanced LaTeX Graphics (DPC,SPQR)

(/usr/local/texlive/2025/texmf-dist/tex/latex/graphics/graphics.sty
Package: graphics 2024/08/06 v1.4g Standard LaTeX Graphics (DPC,SPQR)

(/usr/local/texlive/2025/texmf-dist/tex/latex/graphics/trig.sty
Package: trig 2023/12/02 v1.11 sin cos tan (DPC)
)
(/usr/local/texlive/2025/texmf-dist/tex/latex/graphics-cfg/graphics.cfg
File: graphics.cfg 2016/06/04 v1.11 sample graphics configuration
)
Package graphics Info: Driver file: xetex.def on input line 106.
)
\Gin@req@height=\dimen162
\Gin@req@width=\dimen163
)
(/usr/local/texlive/2025/texmf-dist/tex/latex/pgf/systemlayer/pgfsys.sty
(/usr/local/texlive/2025/texmf-dist/tex/generic/pgf/systemlayer/pgfsys.code.tex
Package: pgfsys 2023-01-15 v3.1.10 (3.1.10)
(/usr/local/texlive/2025/texmf-dist/tex/generic/pgf/utilities/pgfkeys.code.tex
\pgfkeys@pathtoks=\toks21
\pgfkeys@temptoks=\toks22

(/usr/local/texlive/2025/texmf-dist/tex/generic/pgf/utilities/pgfkeyslibraryfil
tered.code.tex
\pgfkeys@tmptoks=\toks23
))
\pgf@x=\dimen164
\pgf@y=\dimen165
\pgf@xa=\dimen166
\pgf@ya=\dimen167
\pgf@xb=\dimen168
\pgf@yb=\dimen169
\pgf@xc=\dimen170
\pgf@yc=\dimen171
\pgf@xd=\dimen172
\pgf@yd=\dimen173
\w@pgf@writea=\write3
\r@pgf@reada=\read3
\c@pgf@counta=\count281
\c@pgf@countb=\count282
\c@pgf@countc=\count283
\c@pgf@countd=\count284
\t@pgf@toka=\toks24
\t@pgf@tokb=\toks25
\t@pgf@tokc=\toks26
\pgf@sys@id@count=\count285

(/usr/local/texlive/2025/texmf-dist/tex/generic/pgf/systemlayer/pgf.cfg
File: pgf.cfg 2023-01-15 v3.1.10 (3.1.10)
)
Driver file for pgf: pgfsys-xetex.def

(/usr/local/texlive/2025/texmf-dist/tex/generic/pgf/systemlayer/pgfsys-xetex.de
f
File: pgfsys-xetex.def 2023-01-15 v3.1.10 (3.1.10)

(/usr/local/texlive/2025/texmf-dist/tex/generic/pgf/systemlayer/pgfsys-dvipdfmx
.def
File: pgfsys-dvipdfmx.def 2023-01-15 v3.1.10 (3.1.10)

(/usr/local/texlive/2025/texmf-dist/tex/generic/pgf/systemlayer/pgfsys-common-p
df.def
File: pgfsys-common-pdf.def 2023-01-15 v3.1.10 (3.1.10)
)
\pgfsys@objnum=\count286
)))
(/usr/local/texlive/2025/texmf-dist/tex/generic/pgf/systemlayer/pgfsyssoftpath.
code.tex
File: pgfsyssoftpath.code.tex 2023-01-15 v3.1.10 (3.1.10)
\pgfsyssoftpath@smallbuffer@items=\count287
\pgfsyssoftpath@bigbuffer@items=\count288
)
(/usr/local/texlive/2025/texmf-dist/tex/generic/pgf/systemlayer/pgfsysprotocol.
code.tex
File: pgfsysprotocol.code.tex 2023-01-15 v3.1.10 (3.1.10)
))
(/usr/local/texlive/2025/texmf-dist/tex/generic/pgf/basiclayer/pgfcore.code.tex
Package: pgfcore 2023-01-15 v3.1.10 (3.1.10)
(/usr/local/texlive/2025/texmf-dist/tex/generic/pgf/math/pgfmath.code.tex
(/usr/local/texlive/2025/texmf-dist/tex/generic/pgf/math/pgfmathutil.code.tex)
(/usr/local/texlive/2025/texmf-dist/tex/generic/pgf/math/pgfmathparser.code.tex
\pgfmath@dimen=\dimen174
\pgfmath@count=\count289
\pgfmath@box=\box99
\pgfmath@toks=\toks27
\pgfmath@stack@operand=\toks28
\pgfmath@stack@operation=\toks29
)
(/usr/local/texlive/2025/texmf-dist/tex/generic/pgf/math/pgfmathfunctions.code.
tex)
(/usr/local/texlive/2025/texmf-dist/tex/generic/pgf/math/pgfmathfunctions.basic
.code.tex)
(/usr/local/texlive/2025/texmf-dist/tex/generic/pgf/math/pgfmathfunctions.trigo
nometric.code.tex)
(/usr/local/texlive/2025/texmf-dist/tex/generic/pgf/math/pgfmathfunctions.rando
m.code.tex)
(/usr/local/texlive/2025/texmf-dist/tex/generic/pgf/math/pgfmathfunctions.compa
rison.code.tex)
(/usr/local/texlive/2025/texmf-dist/tex/generic/pgf/math/pgfmathfunctions.base.
code.tex)
(/usr/local/texlive/2025/texmf-dist/tex/generic/pgf/math/pgfmathfunctions.round
.code.tex)
(/usr/local/texlive/2025/texmf-dist/tex/generic/pgf/math/pgfmathfunctions.misc.
code.tex)
(/usr/local/texlive/2025/texmf-dist/tex/generic/pgf/math/pgfmathfunctions.integ
erarithmetics.code.tex)
(/usr/local/texlive/2025/texmf-dist/tex/generic/pgf/math/pgfmathcalc.code.tex)
(/usr/local/texlive/2025/texmf-dist/tex/generic/pgf/math/pgfmathfloat.code.tex
\c@pgfmathroundto@lastzeros=\count290
)) (/usr/local/texlive/2025/texmf-dist/tex/generic/pgf/math/pgfint.code.tex)
(/usr/local/texlive/2025/texmf-dist/tex/generic/pgf/basiclayer/pgfcorepoints.co
de.tex
File: pgfcorepoints.code.tex 2023-01-15 v3.1.10 (3.1.10)
\pgf@picminx=\dimen175
\pgf@picmaxx=\dimen176
\pgf@picminy=\dimen177
\pgf@picmaxy=\dimen178
\pgf@pathminx=\dimen179
\pgf@pathmaxx=\dimen180
\pgf@pathminy=\dimen181
\pgf@pathmaxy=\dimen182
\pgf@xx=\dimen183
\pgf@xy=\dimen184
\pgf@yx=\dimen185
\pgf@yy=\dimen186
\pgf@zx=\dimen187
\pgf@zy=\dimen188
)
(/usr/local/texlive/2025/texmf-dist/tex/generic/pgf/basiclayer/pgfcorepathconst
ruct.code.tex
File: pgfcorepathconstruct.code.tex 2023-01-15 v3.1.10 (3.1.10)
\pgf@path@lastx=\dimen189
\pgf@path@lasty=\dimen190
)
(/usr/local/texlive/2025/texmf-dist/tex/generic/pgf/basiclayer/pgfcorepathusage
.code.tex
File: pgfcorepathusage.code.tex 2023-01-15 v3.1.10 (3.1.10)
\pgf@shorten@end@additional=\dimen191
\pgf@shorten@start@additional=\dimen192
)
(/usr/local/texlive/2025/texmf-dist/tex/generic/pgf/basiclayer/pgfcorescopes.co
de.tex
File: pgfcorescopes.code.tex 2023-01-15 v3.1.10 (3.1.10)
\pgfpic=\box100
\pgf@hbox=\box101
\pgf@layerbox@main=\box102
\pgf@picture@serial@count=\count291
)
(/usr/local/texlive/2025/texmf-dist/tex/generic/pgf/basiclayer/pgfcoregraphicst
ate.code.tex
File: pgfcoregraphicstate.code.tex 2023-01-15 v3.1.10 (3.1.10)
\pgflinewidth=\dimen193
)
(/usr/local/texlive/2025/texmf-dist/tex/generic/pgf/basiclayer/pgfcoretransform
ations.code.tex
File: pgfcoretransformations.code.tex 2023-01-15 v3.1.10 (3.1.10)
\pgf@pt@x=\dimen194
\pgf@pt@y=\dimen195
\pgf@pt@temp=\dimen196
)
(/usr/local/texlive/2025/texmf-dist/tex/generic/pgf/basiclayer/pgfcorequick.cod
e.tex
File: pgfcorequick.code.tex 2023-01-15 v3.1.10 (3.1.10)
)
(/usr/local/texlive/2025/texmf-dist/tex/generic/pgf/basiclayer/pgfcoreobjects.c
ode.tex
File: pgfcoreobjects.code.tex 2023-01-15 v3.1.10 (3.1.10)
)
(/usr/local/texlive/2025/texmf-dist/tex/generic/pgf/basiclayer/pgfcorepathproce
ssing.code.tex
File: pgfcorepathprocessing.code.tex 2023-01-15 v3.1.10 (3.1.10)
)
(/usr/local/texlive/2025/texmf-dist/tex/generic/pgf/basiclayer/pgfcorearrows.co
de.tex
File: pgfcorearrows.code.tex 2023-01-15 v3.1.10 (3.1.10)
\pgfarrowsep=\dimen197
)
(/usr/local/texlive/2025/texmf-dist/tex/generic/pgf/basiclayer/pgfcoreshade.cod
e.tex
File: pgfcoreshade.code.tex 2023-01-15 v3.1.10 (3.1.10)
\pgf@max=\dimen198
\pgf@sys@shading@range@num=\count292
\pgf@shadingcount=\count293
)
(/usr/local/texlive/2025/texmf-dist/tex/generic/pgf/basiclayer/pgfcoreimage.cod
e.tex
File: pgfcoreimage.code.tex 2023-01-15 v3.1.10 (3.1.10)
)
(/usr/local/texlive/2025/texmf-dist/tex/generic/pgf/basiclayer/pgfcoreexternal.
code.tex
File: pgfcoreexternal.code.tex 2023-01-15 v3.1.10 (3.1.10)
\pgfexternal@startupbox=\box103
)
(/usr/local/texlive/2025/texmf-dist/tex/generic/pgf/basiclayer/pgfcorelayers.co
de.tex
File: pgfcorelayers.code.tex 2023-01-15 v3.1.10 (3.1.10)
)
(/usr/local/texlive/2025/texmf-dist/tex/generic/pgf/basiclayer/pgfcoretranspare
ncy.code.tex
File: pgfcoretransparency.code.tex 2023-01-15 v3.1.10 (3.1.10)
)
(/usr/local/texlive/2025/texmf-dist/tex/generic/pgf/basiclayer/pgfcorepatterns.
code.tex
File: pgfcorepatterns.code.tex 2023-01-15 v3.1.10 (3.1.10)
)
(/usr/local/texlive/2025/texmf-dist/tex/generic/pgf/basiclayer/pgfcorerdf.code.
tex
File: pgfcorerdf.code.tex 2023-01-15 v3.1.10 (3.1.10)
)))
(/usr/local/texlive/2025/texmf-dist/tex/generic/pgf/modules/pgfmoduleshapes.cod
e.tex
File: pgfmoduleshapes.code.tex 2023-01-15 v3.1.10 (3.1.10)
\pgfnodeparttextbox=\box104
)
(/usr/local/texlive/2025/texmf-dist/tex/generic/pgf/modules/pgfmoduleplot.code.
tex
File: pgfmoduleplot.code.tex 2023-01-15 v3.1.10 (3.1.10)
)
(/usr/local/texlive/2025/texmf-dist/tex/latex/pgf/compatibility/pgfcomp-version
-0-65.sty
Package: pgfcomp-version-0-65 2023-01-15 v3.1.10 (3.1.10)
\pgf@nodesepstart=\dimen199
\pgf@nodesepend=\dimen256
)
(/usr/local/texlive/2025/texmf-dist/tex/latex/pgf/compatibility/pgfcomp-version
-1-18.sty
Package: pgfcomp-version-1-18 2023-01-15 v3.1.10 (3.1.10)
))
(/usr/local/texlive/2025/texmf-dist/tex/latex/pgf/utilities/pgffor.sty
(/usr/local/texlive/2025/texmf-dist/tex/latex/pgf/utilities/pgfkeys.sty
(/usr/local/texlive/2025/texmf-dist/tex/generic/pgf/utilities/pgfkeys.code.tex)
) (/usr/local/texlive/2025/texmf-dist/tex/latex/pgf/math/pgfmath.sty
(/usr/local/texlive/2025/texmf-dist/tex/generic/pgf/math/pgfmath.code.tex))
(/usr/local/texlive/2025/texmf-dist/tex/generic/pgf/utilities/pgffor.code.tex
Package: pgffor 2023-01-15 v3.1.10 (3.1.10)
\pgffor@iter=\dimen257
\pgffor@skip=\dimen258
\pgffor@stack=\toks30
\pgffor@toks=\toks31
))
(/usr/local/texlive/2025/texmf-dist/tex/generic/pgf/frontendlayer/tikz/tikz.cod
e.tex
Package: tikz 2023-01-15 v3.1.10 (3.1.10)

(/usr/local/texlive/2025/texmf-dist/tex/generic/pgf/libraries/pgflibraryplothan
dlers.code.tex
File: pgflibraryplothandlers.code.tex 2023-01-15 v3.1.10 (3.1.10)
\pgf@plot@mark@count=\count294
\pgfplotmarksize=\dimen259
)
\tikz@lastx=\dimen260
\tikz@lasty=\dimen261
\tikz@lastxsaved=\dimen262
\tikz@lastysaved=\dimen263
\tikz@lastmovetox=\dimen264
\tikz@lastmovetoy=\dimen265
\tikzleveldistance=\dimen266
\tikzsiblingdistance=\dimen267
\tikz@figbox=\box105
\tikz@figbox@bg=\box106
\tikz@tempbox=\box107
\tikz@tempbox@bg=\box108
\tikztreelevel=\count295
\tikznumberofchildren=\count296
\tikznumberofcurrentchild=\count297
\tikz@fig@count=\count298

(/usr/local/texlive/2025/texmf-dist/tex/generic/pgf/modules/pgfmodulematrix.cod
e.tex
File: pgfmodulematrix.code.tex 2023-01-15 v3.1.10 (3.1.10)
\pgfmatrixcurrentrow=\count299
\pgfmatrixcurrentcolumn=\count300
\pgf@matrix@numberofcolumns=\count301
)
\tikz@expandcount=\count302

(/usr/local/texlive/2025/texmf-dist/tex/generic/pgf/frontendlayer/tikz/librarie
s/tikzlibrarytopaths.code.tex
File: tikzlibrarytopaths.code.tex 2023-01-15 v3.1.10 (3.1.10)
)))
(/usr/local/texlive/2025/texmf-dist/tex/latex/tools/verbatim.sty
Package: verbatim 2024-01-22 v1.5x LaTeX2e package for verbatim enhancements
\every@verbatim=\toks32
\verbatim@line=\toks33
\verbatim@in@stream=\read4
)
(/usr/local/texlive/2025/texmf-dist/tex/latex/environ/environ.sty
Package: environ 2014/05/04 v0.3 A new way to define environments

(/usr/local/texlive/2025/texmf-dist/tex/latex/trimspaces/trimspaces.sty
Package: trimspaces 2009/09/17 v1.1 Trim spaces around a token list
)
\@envbody=\toks34
)
(/usr/local/texlive/2025/texmf-dist/tex/latex/etoolbox/etoolbox.sty
Package: etoolbox 2025/02/11 v2.5l e-TeX tools for LaTeX (JAW)
\etb@tempcnta=\count303
)
\tcb@titlebox=\box109
\tcb@upperbox=\box110
\tcb@lowerbox=\box111
\tcb@phantombox=\box112
\c@tcbbreakpart=\count304
\c@tcblayer=\count305
\c@tcolorbox@number=\count306
\l__tcobox_tmpa_box=\box113
\l__tcobox_tmpa_dim=\dimen268
\tcb@temp=\box114
\tcb@temp=\box115
\tcb@temp=\box116
\tcb@temp=\box117
)
(/usr/local/texlive/2025/texmf-dist/tex/latex/eso-pic/eso-pic.sty
Package: eso-pic 2023/05/03 v3.0c eso-pic (RN)
\ESO@tempdima=\dimen269
\ESO@tempdimb=\dimen270
)
(/usr/local/texlive/2025/texmf-dist/tex/latex/fontspec/fontspec.sty
(/usr/local/texlive/2025/texmf-dist/tex/latex/l3packages/xparse/xparse.sty
(/usr/local/texlive/2025/texmf-dist/tex/latex/l3kernel/expl3.sty
Package: expl3 2025-01-18 L3 programming layer (loader) 

(/usr/local/texlive/2025/texmf-dist/tex/latex/l3backend/l3backend-xetex.def
File: l3backend-xetex.def 2024-05-08 L3 backend support: XeTeX
\g__graphics_track_int=\count307
\l__pdf_internal_box=\box118
\g__pdf_backend_annotation_int=\count308
\g__pdf_backend_link_int=\count309
))
Package: xparse 2024-08-16 L3 Experimental document command parser
)
Package: fontspec 2024/05/11 v2.9e Font selection for XeLaTeX and LuaLaTeX

(/usr/local/texlive/2025/texmf-dist/tex/latex/fontspec/fontspec-xetex.sty
Package: fontspec-xetex 2024/05/11 v2.9e Font selection for XeLaTeX and LuaLaTe
X
\l__fontspec_script_int=\count310
\l__fontspec_language_int=\count311
\l__fontspec_strnum_int=\count312
\l__fontspec_tmp_int=\count313
\l__fontspec_tmpa_int=\count314
\l__fontspec_tmpb_int=\count315
\l__fontspec_tmpc_int=\count316
\l__fontspec_em_int=\count317
\l__fontspec_emdef_int=\count318
\l__fontspec_strong_int=\count319
\l__fontspec_strongdef_int=\count320
\l__fontspec_tmpa_dim=\dimen271
\l__fontspec_tmpb_dim=\dimen272
\l__fontspec_tmpc_dim=\dimen273

(/usr/local/texlive/2025/texmf-dist/tex/latex/base/fontenc.sty
Package: fontenc 2021/04/29 v2.0v Standard LaTeX package
)
(/usr/local/texlive/2025/texmf-dist/tex/latex/fontspec/fontspec.cfg)))
(/usr/local/texlive/2025/texmf-dist/tex/generic/pgf/frontendlayer/tikz/librarie
s/tikzlibrarycalc.code.tex
File: tikzlibrarycalc.code.tex 2023-01-15 v3.1.10 (3.1.10)
)

Package fontspec Info: 
(fontspec)             Font family 'LatinModernRoman(0)' created for font
(fontspec)             'Latin Modern Roman' with options
(fontspec)             [Ligatures=TeX,Path=../../font/latin-modern-roman/,Exten
sion=.otf,UprightFont=lmroman10-regular,BoldFont=lmroman10-bold,ItalicFont=lmro
man10-italic,BoldItalicFont=lmroman10-bolditalic].
(fontspec)              
(fontspec)              This font family consists of the following NFSS
(fontspec)             series/shapes:
(fontspec)              
(fontspec)             - 'normal' (m/n) with NFSS spec.:
(fontspec)             <->"[../../font/latin-modern-roman/lmroman10-regular.otf
]/OT:script=latn;language=dflt;mapping=tex-text;"
(fontspec)             - 'bold' (b/n) with NFSS spec.:
(fontspec)             <->"[../../font/latin-modern-roman/lmroman10-bold.otf]/O
T:script=latn;language=dflt;mapping=tex-text;"
(fontspec)             - 'italic' (m/it) with NFSS spec.:
(fontspec)             <->"[../../font/latin-modern-roman/lmroman10-italic.otf]
/OT:script=latn;language=dflt;mapping=tex-text;"
(fontspec)             - 'bold italic' (b/it) with NFSS spec.:
(fontspec)             <->"[../../font/latin-modern-roman/lmroman10-bolditalic.
otf]/OT:script=latn;language=dflt;mapping=tex-text;"


Package fontspec Info: 
(fontspec)             Font family 'LatinModernSans(0)' created for font
(fontspec)             'Latin Modern Sans' with options
(fontspec)             [Ligatures=TeX,Path=../../font/Latin-Modern-Sans/,Extens
ion=.otf,UprightFont=lmsans10-regular,BoldFont=lmsans10-bold,ItalicFont=lmsans1
0-oblique,BoldItalicFont=lmsans10-boldoblique].
(fontspec)              
(fontspec)              This font family consists of the following NFSS
(fontspec)             series/shapes:
(fontspec)              
(fontspec)             - 'normal' (m/n) with NFSS spec.:
(fontspec)             <->"[../../font/Latin-Modern-Sans/lmsans10-regular.otf]/
OT:script=latn;language=dflt;mapping=tex-text;"
(fontspec)             - 'bold' (b/n) with NFSS spec.:
(fontspec)             <->"[../../font/Latin-Modern-Sans/lmsans10-bold.otf]/OT:
script=latn;language=dflt;mapping=tex-text;"
(fontspec)             - 'italic' (m/it) with NFSS spec.:
(fontspec)             <->"[../../font/Latin-Modern-Sans/lmsans10-oblique.otf]/
OT:script=latn;language=dflt;mapping=tex-text;"
(fontspec)             - 'bold italic' (b/it) with NFSS spec.:
(fontspec)             <->"[../../font/Latin-Modern-Sans/lmsans10-boldoblique.o
tf]/OT:script=latn;language=dflt;mapping=tex-text;"


Package fontspec Info: 
(fontspec)             Font family 'UTM-Impact.ttf(0)' created for font
(fontspec)             'UTM-Impact.ttf' with options [Path = ./,Extension =
(fontspec)             .ttf,UprightFont = UTM-Impact].
(fontspec)              
(fontspec)              This font family consists of the following NFSS
(fontspec)             series/shapes:
(fontspec)              
(fontspec)             - 'normal' (m/n) with NFSS spec.:
(fontspec)             <->"[./UTM-Impact.ttf]/OT:language=dflt;"


Package fontspec Info: 
(fontspec)             Times New Roman scale = 0.9636299023440277.


Package fontspec Info: 
(fontspec)             Times New Roman scale = 0.9636299023440277.


Package fontspec Info: 
(fontspec)             Times New Roman/B scale = 0.9440481727713549.


Package fontspec Info: 
(fontspec)             Times New Roman/I scale = 1.001912475428977.


Package fontspec Info: 
(fontspec)             Times New Roman/BI scale = 0.9818519945425632.


Package fontspec Info: 
(fontspec)             Font family 'TimesNewRoman(0)' created for font 'Times
(fontspec)             New Roman' with options [Scale=MatchLowercase].
(fontspec)              
(fontspec)              This font family consists of the following NFSS
(fontspec)             series/shapes:
(fontspec)              
(fontspec)             - 'normal' (m/n) with NFSS spec.:
(fontspec)             <->s*[0.9636299023440277]"Times New
(fontspec)             Roman/OT:script=latn;language=dflt;"
(fontspec)             - 'bold' (b/n) with NFSS spec.:
(fontspec)             <->s*[0.9440481727713549]"Times New
(fontspec)             Roman/B/OT:script=latn;language=dflt;"
(fontspec)             - 'italic' (m/it) with NFSS spec.:
(fontspec)             <->s*[1.001912475428977]"Times New
(fontspec)             Roman/I/OT:script=latn;language=dflt;"
(fontspec)             - 'bold italic' (b/it) with NFSS spec.:
(fontspec)             <->s*[0.9818519945425632]"Times New
(fontspec)             Roman/BI/OT:script=latn;language=dflt;"

) (./youthGenerationIssuesVocab.aux)
\openout1 = `youthGenerationIssuesVocab.aux'.

LaTeX Font Info:    Checking defaults for OML/cmm/m/it on input line 11.
LaTeX Font Info:    ... okay on input line 11.
LaTeX Font Info:    Checking defaults for OMS/cmsy/m/n on input line 11.
LaTeX Font Info:    ... okay on input line 11.
LaTeX Font Info:    Checking defaults for OT1/cmr/m/n on input line 11.
LaTeX Font Info:    ... okay on input line 11.
LaTeX Font Info:    Checking defaults for T1/cmr/m/n on input line 11.
LaTeX Font Info:    ... okay on input line 11.
LaTeX Font Info:    Checking defaults for TS1/cmr/m/n on input line 11.
LaTeX Font Info:    ... okay on input line 11.
LaTeX Font Info:    Checking defaults for TU/lmr/m/n on input line 11.
LaTeX Font Info:    ... okay on input line 11.
LaTeX Font Info:    Checking defaults for OMX/cmex/m/n on input line 11.
LaTeX Font Info:    ... okay on input line 11.
LaTeX Font Info:    Checking defaults for U/cmr/m/n on input line 11.
LaTeX Font Info:    ... okay on input line 11.

*geometry* driver: auto-detecting
*geometry* detected driver: xetex
*geometry* verbose mode - [ preamble ] result:
* driver: xetex
* paper: a4paper
* layout: <same size as paper>
* layoutoffset:(h,v)=(0.0pt,0.0pt)
* modes: includehead includefoot 
* h-part:(L,W,R)=(56.9055pt, 483.69687pt, 56.9055pt)
* v-part:(T,H,B)=(0.0pt, 845.04684pt, 0.0pt)
* \paperwidth=597.50787pt
* \paperheight=845.04684pt
* \textwidth=483.69687pt
* \textheight=727.36772pt
* \oddsidemargin=-15.36449pt
* \evensidemargin=-15.36449pt
* \topmargin=-72.26999pt
* \headheight=40.0pt
* \headsep=25.0pt
* \topskip=12.0pt
* \footskip=42.67912pt
* \marginparwidth=35.0pt
* \marginparsep=10.0pt
* \columnsep=42.67912pt
* \skip\footins=10.8pt plus 4.0pt minus 2.0pt
* \hoffset=0.0pt
* \voffset=0.0pt
* \mag=1000
* \@twocolumnfalse
* \@twosidefalse
* \@mparswitchfalse
* \@reversemarginfalse
* (1in=72.27pt=25.4mm, 1cm=28.453pt)


Package fontspec Info: 
(fontspec)             Adjusting the maths setup (use [no-math] to avoid
(fontspec)             this).

\symlegacymaths=\mathgroup4
LaTeX Font Info:    Overwriting symbol font `legacymaths' in version `bold'
(Font)                  OT1/cmr/m/n --> OT1/cmr/bx/n on input line 11.
LaTeX Font Info:    Redeclaring math accent \acute on input line 11.
LaTeX Font Info:    Redeclaring math accent \grave on input line 11.
LaTeX Font Info:    Redeclaring math accent \ddot on input line 11.
LaTeX Font Info:    Redeclaring math accent \tilde on input line 11.
LaTeX Font Info:    Redeclaring math accent \bar on input line 11.
LaTeX Font Info:    Redeclaring math accent \breve on input line 11.
LaTeX Font Info:    Redeclaring math accent \check on input line 11.
LaTeX Font Info:    Redeclaring math accent \hat on input line 11.
LaTeX Font Info:    Redeclaring math accent \dot on input line 11.
LaTeX Font Info:    Redeclaring math accent \mathring on input line 11.
LaTeX Font Info:    Redeclaring math symbol \colon on input line 11.
LaTeX Font Info:    Redeclaring math symbol \Gamma on input line 11.
LaTeX Font Info:    Redeclaring math symbol \Delta on input line 11.
LaTeX Font Info:    Redeclaring math symbol \Theta on input line 11.
LaTeX Font Info:    Redeclaring math symbol \Lambda on input line 11.
LaTeX Font Info:    Redeclaring math symbol \Xi on input line 11.
LaTeX Font Info:    Redeclaring math symbol \Pi on input line 11.
LaTeX Font Info:    Redeclaring math symbol \Sigma on input line 11.
LaTeX Font Info:    Redeclaring math symbol \Upsilon on input line 11.
LaTeX Font Info:    Redeclaring math symbol \Phi on input line 11.
LaTeX Font Info:    Redeclaring math symbol \Psi on input line 11.
LaTeX Font Info:    Redeclaring math symbol \Omega on input line 11.
LaTeX Font Info:    Redeclaring math symbol \mathdollar on input line 11.
LaTeX Font Info:    Redeclaring symbol font `operators' on input line 11.
LaTeX Font Info:    Encoding `OT1' has changed to `TU' for symbol font
(Font)              `operators' in the math version `normal' on input line 11.
LaTeX Font Info:    Overwriting symbol font `operators' in version `normal'
(Font)                  OT1/cmr/m/n --> TU/LatinModernRoman(0)/m/n on input lin
e 11.
LaTeX Font Info:    Encoding `OT1' has changed to `TU' for symbol font
(Font)              `operators' in the math version `bold' on input line 11.
LaTeX Font Info:    Overwriting symbol font `operators' in version `bold'
(Font)                  OT1/cmr/bx/n --> TU/LatinModernRoman(0)/m/n on input li
ne 11.
LaTeX Font Info:    Overwriting symbol font `operators' in version `normal'
(Font)                  TU/LatinModernRoman(0)/m/n --> TU/LatinModernRoman(0)/m
/n on input line 11.
LaTeX Font Info:    Overwriting math alphabet `\mathit' in version `normal'
(Font)                  OT1/cmr/m/it --> TU/LatinModernRoman(0)/m/it on input l
ine 11.
LaTeX Font Info:    Overwriting math alphabet `\mathbf' in version `normal'
(Font)                  OT1/cmr/bx/n --> TU/LatinModernRoman(0)/b/n on input li
ne 11.
LaTeX Font Info:    Overwriting math alphabet `\mathsf' in version `normal'
(Font)                  OT1/cmss/m/n --> TU/LatinModernSans(0)/m/n on input lin
e 11.
LaTeX Font Info:    Overwriting math alphabet `\mathtt' in version `normal'
(Font)                  OT1/cmtt/m/n --> TU/lmtt/m/n on input line 11.
LaTeX Font Info:    Overwriting symbol font `operators' in version `bold'
(Font)                  TU/LatinModernRoman(0)/m/n --> TU/LatinModernRoman(0)/b
/n on input line 11.
LaTeX Font Info:    Overwriting math alphabet `\mathit' in version `bold'
(Font)                  OT1/cmr/bx/it --> TU/LatinModernRoman(0)/b/it on input 
line 11.
LaTeX Font Info:    Overwriting math alphabet `\mathsf' in version `bold'
(Font)                  OT1/cmss/bx/n --> TU/LatinModernSans(0)/b/n on input li
ne 11.
LaTeX Font Info:    Overwriting math alphabet `\mathtt' in version `bold'
(Font)                  OT1/cmtt/m/n --> TU/lmtt/b/n on input line 11.
(./data.tex
LaTeX Font Info:    Font shape `TU/TimesNewRoman(0)/m/n' will be
(Font)              scaled to size 11.56348pt on input line 9.
LaTeX Font Info:    Font shape `TU/TimesNewRoman(0)/m/it' will be
(Font)              scaled to size 12.02289pt on input line 9.

Underfull \hbox (badness 10000) in paragraph at lines 9--9
[]\TU/LatinModernSans(0)/b/n/14.4 Adolescence[] \TU/TimesNewRoman(0)/m/it/12 /ˌ
ædəˈlesns/ (n) \TU/LatinModernRoman(0)/m/n/12 — The
 []


Underfull \hbox (badness 10000) in paragraph at lines 15--15
\TU/LatinModernRoman(0)/m/n/12 maturity and become capable of
 []


Underfull \hbox (badness 6575) in paragraph at lines 15--15
[]\TU/LatinModernRoman(0)/b/it/12 Example: \TU/LatinModernRoman(0)/m/it/12 Most
 girls reach puberty
 []


Underfull \hbox (badness 10000) in paragraph at lines 27--27
[]\TU/LatinModernSans(0)/b/n/14.4 Peer pressure[] \TU/TimesNewRoman(0)/m/it/12 
/ˈpɪər preʃər/ (n) \TU/LatinModernRoman(0)/m/n/12 —
 []


Underfull \hbox (badness 10000) in paragraph at lines 33--33
[]\TU/LatinModernSans(0)/b/n/14.4 Juvenile[] \TU/TimesNewRoman(0)/m/it/12 /ˈdʒu
ːvənl/ (adj) \TU/LatinModernRoman(0)/m/n/12 — For or
 []


Underfull \hbox (badness 10000) in paragraph at lines 39--39
[]\TU/LatinModernSans(0)/b/n/14.4 Delinquency[] \TU/TimesNewRoman(0)/m/it/12 /d
ɪˈlɪŋkwənsi/ (n) \TU/LatinModernRoman(0)/m/n/12 —
 []


Underfull \hbox (badness 10000) in paragraph at lines 45--45
[]\TU/LatinModernSans(0)/b/n/14.4 Socialization[] \TU/TimesNewRoman(0)/m/it/12 
/ˌsoʊʃələˈzeɪʃn/ (n) \TU/LatinModernRoman(0)/m/n/12 —
 []


Underfull \hbox (badness 10000) in paragraph at lines 51--51
[]\TU/LatinModernSans(0)/b/n/14.4 Alienation[] \TU/TimesNewRoman(0)/m/it/12 /ˌe
ɪliəˈneɪʃn/ (n) \TU/LatinModernRoman(0)/m/n/12 — The
 []


Underfull \hbox (badness 10000) in paragraph at lines 57--57
[]\TU/LatinModernSans(0)/b/n/14.4 Rebellion[] \TU/TimesNewRoman(0)/m/it/12 /rɪˈ
beljən/ (n) \TU/LatinModernRoman(0)/m/n/12 — An act
 []


Overfull \hbox (10.54659pt too wide) in paragraph at lines 63--63
[]\TU/LatinModernSans(0)/b/n/14.4 Conformity[] \TU/TimesNewRoman(0)/m/it/12 /kə
nˈfɔːrməti/ (n) \TU/LatinModernRoman(0)/m/n/12 — Behavior
 []


Underfull \hbox (badness 5147) in paragraph at lines 63--63
\TU/LatinModernRoman(0)/m/n/12 in accordance with socially accepted
 []

File: ../wm/logoTF.png Graphic file (type bmp)
<../wm/logoTF.png>
[1

]
Underfull \hbox (badness 10000) in paragraph at lines 75--75
[]\TU/LatinModernSans(0)/b/n/14.4 Self-esteem[] \TU/TimesNewRoman(0)/m/it/12 /ˌ
self ɪˈstiːm/ (n) \TU/LatinModernRoman(0)/m/n/12 —
 []


Overfull \hbox (10.2709pt too wide) in paragraph at lines 81--81
[]\TU/LatinModernSans(0)/b/n/14.4 Narcissism[] \TU/TimesNewRoman(0)/m/it/12 /ˈn
ɑːrsɪsɪzəm/ (n) \TU/LatinModernRoman(0)/m/n/12 — Excessive
 []


Underfull \hbox (badness 10000) in paragraph at lines 87--87
[]\TU/LatinModernSans(0)/b/n/14.4 Millennials[] \TU/TimesNewRoman(0)/m/it/12 /m
ɪˈleniəlz/ (n) \TU/LatinModernRoman(0)/m/n/12 — People
 []


Underfull \hbox (badness 10000) in paragraph at lines 105--105
[]\TU/LatinModernSans(0)/b/n/14.4 Cyberbullying[] \TU/TimesNewRoman(0)/m/it/12 
/ˈsaɪbərbʊliɪŋ/ (n) \TU/LatinModernRoman(0)/m/n/12 —
 []


Underfull \hbox (badness 10000) in paragraph at lines 129--129
[]\TU/LatinModernSans(0)/b/n/14.4 Underemployment[] \TU/TimesNewRoman(0)/m/it/1
2 /ˌʌndərɪmˈplɔɪmənt/
 []


Underfull \hbox (badness 10000) in paragraph at lines 135--135
[]\TU/LatinModernRoman(0)/b/it/12 Example: \TU/LatinModernRoman(0)/m/it/12 The 
gig economy offers
 []


Underfull \hbox (badness 10000) in paragraph at lines 141--141
[]\TU/LatinModernSans(0)/b/n/14.4 Student debt[] \TU/TimesNewRoman(0)/m/it/12 /
ˈstjuːdnt det/ (n) \TU/LatinModernRoman(0)/m/n/12 —
 []


Underfull \hbox (badness 7168) in paragraph at lines 141--141
\TU/LatinModernRoman(0)/m/n/12 Financial obligations accumulated by
 []


Underfull \hbox (badness 10000) in paragraph at lines 147--147
[]\TU/LatinModernSans(0)/b/n/14.4 Academic pressure[] \TU/TimesNewRoman(0)/m/it
/12 /ˌækəˈdemɪk
 []


Underfull \hbox (badness 10000) in paragraph at lines 147--147
\TU/TimesNewRoman(0)/m/it/12 ˈpreʃər/ (n) \TU/LatinModernRoman(0)/m/n/12 — Stre
ss and anxiety
 []

File: ../wm/logoTF.png Graphic file (type bmp)
<../wm/logoTF.png>
[2]
Underfull \hbox (badness 10000) in paragraph at lines 165--165
[]\TU/LatinModernSans(0)/b/n/14.4 Volunteering[] \TU/TimesNewRoman(0)/m/it/12 /
ˌvɑːlənˈtɪrɪŋ/ (n) \TU/LatinModernRoman(0)/m/n/12 —
 []


Underfull \hbox (badness 7504) in paragraph at lines 165--165
\TU/LatinModernRoman(0)/m/n/12 Freely offering to do something or
 []


Underfull \hbox (badness 10000) in paragraph at lines 177--177
[]\TU/LatinModernSans(0)/b/n/14.4 Interpersonal[] \TU/TimesNewRoman(0)/m/it/12 
/ˌɪntərˈpɜːrsənl/ (adj)
 []


Underfull \hbox (badness 10000) in paragraph at lines 177--177
\TU/LatinModernRoman(0)/m/n/12 — Relating to relationships or
 []


Underfull \hbox (badness 10000) in paragraph at lines 195--195
[]\TU/LatinModernSans(0)/b/n/14.4 Mindfulness[] \TU/TimesNewRoman(0)/m/it/12 /ˈ
maɪndflnəs/ (n) \TU/LatinModernRoman(0)/m/n/12 — A
 []


Underfull \hbox (badness 10000) in paragraph at lines 207--207
[]\TU/LatinModernSans(0)/b/n/14.4 Burnout[] \TU/TimesNewRoman(0)/m/it/12 /ˈbɜːr
naʊt/ (n) \TU/LatinModernRoman(0)/m/n/12 — State of
 []


Underfull \hbox (badness 10000) in paragraph at lines 207--207
\TU/LatinModernRoman(0)/m/n/12 emotional, physical, and mental
 []


Underfull \hbox (badness 6978) in paragraph at lines 213--213
[]\TU/LatinModernRoman(0)/b/it/12 Example: \TU/LatinModernRoman(0)/m/it/12 It i
s important to seek
 []


Underfull \hbox (badness 10000) in paragraph at lines 225--225
[]\TU/LatinModernSans(0)/b/n/14.4 Loneliness[] \TU/TimesNewRoman(0)/m/it/12 /ˈl
oʊnlinəs/ (n) \TU/LatinModernRoman(0)/m/n/12 — The
 []

File: ../wm/logoTF.png Graphic file (type bmp)
<../wm/logoTF.png>
[3]
Underfull \hbox (badness 10000) in paragraph at lines 237--237
[]\TU/LatinModernSans(0)/b/n/14.4 Alcoholism[] \TU/TimesNewRoman(0)/m/it/12 /ˈæ
lkəhɔːlɪzəm/ (n) \TU/LatinModernRoman(0)/m/n/12 — An
 []


Overfull \hbox (23.37598pt too wide) in paragraph at lines 255--255
[]\TU/LatinModernSans(0)/b/n/14.4 Sedentary[] \TU/TimesNewRoman(0)/m/it/12 /ˈse
dnteri/ (adj) \TU/LatinModernRoman(0)/m/n/12 — Characterized
 []


Overfull \hbox (6.03024pt too wide) in paragraph at lines 279--279
[]\TU/LatinModernSans(0)/b/n/14.4 Self-harm[] \TU/TimesNewRoman(0)/m/it/12 /ˌse
lf ˈhɑːrm/ (n) \TU/LatinModernRoman(0)/m/n/12 — Deliberate
 []


Underfull \hbox (badness 10000) in paragraph at lines 279--279
\TU/LatinModernRoman(0)/m/n/12 injury to one’s own body as a
 []


Underfull \hbox (badness 7649) in paragraph at lines 285--285
[]\TU/LatinModernSans(0)/b/n/14.4 Suicide[] \TU/TimesNewRoman(0)/m/it/12 /ˈsuːɪ
saɪd/ (n) \TU/LatinModernRoman(0)/m/n/12 — The act of
 []


Underfull \hbox (badness 10000) in paragraph at lines 291--291
\TU/LatinModernRoman(0)/m/n/12 group whose members have similar
 []


Underfull \hbox (badness 10000) in paragraph at lines 303--303
[]\TU/LatinModernSans(0)/b/n/14.4 Activism[] \TU/TimesNewRoman(0)/m/it/12 /ˈækt
ɪvɪzəm/ (n) \TU/LatinModernRoman(0)/m/n/12 — Vigorous
 []


Underfull \hbox (badness 8056) in paragraph at lines 309--309
\TU/LatinModernRoman(0)/m/n/12 — Worry about the future of the
 []


Overfull \hbox (5.77896pt too wide) in paragraph at lines 315--315
[]\TU/LatinModernSans(0)/b/n/14.4 Environmentalism[] \TU/TimesNewRoman(0)/m/it/
12 /ɪnˌ|vīrənˈmentlˌizəm/
 []


Underfull \hbox (badness 10000) in paragraph at lines 321--321
[]\TU/LatinModernSans(0)/b/n/14.4 Sustainability[] \TU/TimesNewRoman(0)/m/it/12
 /səˌsteɪnəˈbɪləti/ (n) \TU/LatinModernRoman(0)/m/n/12 —
 []

File: ../wm/logoTF.png Graphic file (type bmp)
<../wm/logoTF.png>
[4]
Underfull \hbox (badness 10000) in paragraph at lines 327--327
[]\TU/LatinModernSans(0)/b/n/14.4 Consumerism[] \TU/TimesNewRoman(0)/m/it/12 /k
ənˈsuːmərɪzəm/ (n) \TU/LatinModernRoman(0)/m/n/12 —
 []


Underfull \hbox (badness 10000) in paragraph at lines 333--333
[]\TU/LatinModernSans(0)/b/n/14.4 Materialism[] \TU/TimesNewRoman(0)/m/it/12 /m
əˈtɪriəlɪzəm/ (n) \TU/LatinModernRoman(0)/m/n/12 —
 []


Underfull \hbox (badness 10000) in paragraph at lines 351--351
[]\TU/LatinModernSans(0)/b/n/14.4 Engagement[] \TU/TimesNewRoman(0)/m/it/12 /ɪn
ˈɡeɪdʒmənt/ (n) \TU/LatinModernRoman(0)/m/n/12 —
 []


Underfull \hbox (badness 10000) in paragraph at lines 351--351
\TU/LatinModernRoman(0)/m/n/12 Interaction (likes, shares, comments)
 []


Underfull \hbox (badness 6268) in paragraph at lines 351--351
[]\TU/LatinModernRoman(0)/b/it/12 Example: \TU/LatinModernRoman(0)/m/it/12 Comp
anies look for high
 []


Underfull \hbox (badness 10000) in paragraph at lines 351--351
\TU/LatinModernRoman(0)/m/it/12 engagement rates when choosing
 []


Underfull \hbox (badness 10000) in paragraph at lines 363--363
[]\TU/LatinModernSans(0)/b/n/14.4 Viral[] \TU/TimesNewRoman(0)/m/it/12 /ˈvaɪrəl
/ (adj) \TU/LatinModernRoman(0)/m/n/12 — Content that
 []


Underfull \hbox (badness 10000) in paragraph at lines 369--369
[]\TU/LatinModernRoman(0)/b/it/12 Example: \TU/LatinModernRoman(0)/m/it/12 Soci
al media companies
 []


Underfull \hbox (badness 5667) in paragraph at lines 375--375
\TU/LatinModernRoman(0)/m/n/12 condition of being free from public
 []


Underfull \hbox (badness 10000) in paragraph at lines 381--381
[]\TU/LatinModernSans(0)/b/n/14.4 Surveillance[] \TU/TimesNewRoman(0)/m/it/12 /
sərˈveɪləns/ (n) \TU/LatinModernRoman(0)/m/n/12 — Close
 []


Underfull \hbox (badness 10000) in paragraph at lines 387--387
[]\TU/LatinModernSans(0)/b/n/14.4 Artificial Intelligence[] \TU/TimesNewRoman(0
)/m/it/12 /ˌɑːrtɪfɪʃl
 []


Underfull \hbox (badness 10000) in paragraph at lines 387--387
\TU/TimesNewRoman(0)/m/it/12 ɪnˈtelɪdʒəns/ (n) \TU/LatinModernRoman(0)/m/n/12 —
 Computer systems
 []


Underfull \hbox (badness 10000) in paragraph at lines 393--393
[]\TU/LatinModernSans(0)/b/n/14.4 Automation[] \TU/TimesNewRoman(0)/m/it/12 /ˌɔ
ːtəˈmeɪʃn/ (n) \TU/LatinModernRoman(0)/m/n/12 — The
 []


Underfull \hbox (badness 10000) in paragraph at lines 393--393
[]\TU/LatinModernRoman(0)/b/it/12 Example: \TU/LatinModernRoman(0)/m/it/12 Auto
mation is a major
 []


Underfull \hbox (badness 10000) in paragraph at lines 399--399
[]\TU/LatinModernSans(0)/b/n/14.4 Disruption[] \TU/TimesNewRoman(0)/m/it/12 /dɪ
sˈrʌpʃn/ (n) \TU/LatinModernRoman(0)/m/n/12 — Radical
 []


Underfull \hbox (badness 10000) in paragraph at lines 405--405
[]\TU/LatinModernSans(0)/b/n/14.4 Innovation[] \TU/TimesNewRoman(0)/m/it/12 /ˌɪ
nəˈveɪʃn/ (n) \TU/LatinModernRoman(0)/m/n/12 — A new
 []

File: ../wm/logoTF.png Graphic file (type bmp)
<../wm/logoTF.png>
[5]
Underfull \hbox (badness 10000) in paragraph at lines 405--405
\TU/LatinModernRoman(0)/m/it/12 economic growth and solving global
 []


Underfull \hbox (badness 10000) in paragraph at lines 411--411
[]\TU/LatinModernSans(0)/b/n/14.4 Entrepreneurship[] \TU/TimesNewRoman(0)/m/it/
12 /ˌɑːntrəprəˈnɜːrʃɪp/
 []


Underfull \hbox (badness 10000) in paragraph at lines 417--417
[]\TU/LatinModernSans(0)/b/n/14.4 Start-up[] \TU/TimesNewRoman(0)/m/it/12 /ˈstɑ
ːrt ʌp/ (n) \TU/LatinModernRoman(0)/m/n/12 — A newly
 []


Underfull \hbox (badness 7468) in paragraph at lines 423--423
\TU/TimesNewRoman(0)/m/it/12 (n) \TU/LatinModernRoman(0)/m/n/12 — The idea that
 one’s identity
 []


Underfull \hbox (badness 7981) in paragraph at lines 423--423
\TU/LatinModernRoman(0)/m/it/12 understanding and respecting diverse
 []


Underfull \hbox (badness 10000) in paragraph at lines 429--429
[]\TU/LatinModernSans(0)/b/n/14.4 Intercultural[] \TU/TimesNewRoman(0)/m/it/12 
/ˌɪntərˈkʌltʃərəl/ (adj) \TU/LatinModernRoman(0)/m/n/12 —
 []


Underfull \hbox (badness 10000) in paragraph at lines 429--429
[]\TU/LatinModernRoman(0)/b/it/12 Example: \TU/LatinModernRoman(0)/m/it/12 Inte
rcultural dialogue is
 []


Underfull \hbox (badness 7504) in paragraph at lines 435--435
\TU/LatinModernRoman(0)/m/it/12 the value of religious and cultural
 []


Underfull \hbox (badness 5064) in paragraph at lines 441--441
[]\TU/LatinModernRoman(0)/b/it/12 Example: \TU/LatinModernRoman(0)/m/it/12 We c
elebrate the cultural
 []


Underfull \hbox (badness 10000) in paragraph at lines 453--453
[]\TU/LatinModernSans(0)/b/n/14.4 Discrimination[] \TU/TimesNewRoman(0)/m/it/12
 /dɪˌskrɪmɪˈneɪʃn/ (n) \TU/LatinModernRoman(0)/m/n/12 —
 []


Underfull \hbox (badness 10000) in paragraph at lines 459--459
[]\TU/LatinModernRoman(0)/b/it/12 Example: \TU/LatinModernRoman(0)/m/it/12 Many
 young people are
 []


Underfull \hbox (badness 10000) in paragraph at lines 477--477
[]\TU/LatinModernSans(0)/b/n/14.4 Feminism[] \TU/TimesNewRoman(0)/m/it/12 /ˈfem
ənɪzəm/ (n) \TU/LatinModernRoman(0)/m/n/12 — The
 []


Underfull \hbox (badness 10000) in paragraph at lines 483--483
[]\TU/LatinModernSans(0)/b/n/14.4 Secularism[] \TU/TimesNewRoman(0)/m/it/12 /ˈs
ekjələrɪzəm/ (n) \TU/LatinModernRoman(0)/m/n/12 — The
 []


Overfull \hbox (1.59074pt too wide) in paragraph at lines 489--489
[]\TU/LatinModernSans(0)/b/n/14.4 Awareness[] \TU/TimesNewRoman(0)/m/it/12 /əˈw
ernəs/ (n) \TU/LatinModernRoman(0)/m/n/12 — Knowledge
 []


Overfull \hbox (2.45279pt too wide) in paragraph at lines 495--495
[]\TU/LatinModernSans(0)/b/n/14.4 Voting[] \TU/TimesNewRoman(0)/m/it/12 /ˈvoʊtɪ
ŋ/ (n) \TU/LatinModernRoman(0)/m/n/12 — Formal indication
 []

File: ../wm/logoTF.png Graphic file (type bmp)
<../wm/logoTF.png>
[6]
Underfull \hbox (badness 10000) in paragraph at lines 495--495
[]\TU/LatinModernRoman(0)/b/it/12 Example: \TU/LatinModernRoman(0)/m/it/12 Many
 organizations are
 []


Underfull \hbox (badness 10000) in paragraph at lines 501--501
\TU/LatinModernRoman(0)/m/n/12 or action expressing disapproval of
 []


Overfull \hbox (26.00272pt too wide) in paragraph at lines 507--507
[]\TU/LatinModernSans(0)/b/n/14.4 Democracy[] \TU/TimesNewRoman(0)/m/it/12 /dɪˈ
mɑːkrəsi/ (n) \TU/LatinModernRoman(0)/m/n/12 — Government
 []


Underfull \hbox (badness 6758) in paragraph at lines 507--507
[]\TU/LatinModernRoman(0)/b/it/12 Example: \TU/LatinModernRoman(0)/m/it/12 Free
dom of speech is a
 []


Underfull \hbox (badness 10000) in paragraph at lines 531--531
[]\TU/LatinModernSans(0)/b/n/14.4 Homelessness[] \TU/TimesNewRoman(0)/m/it/12 /
ˈhoʊmləsnəs/ (n) \TU/LatinModernRoman(0)/m/n/12 —
 []


Underfull \hbox (badness 10000) in paragraph at lines 537--537
[]\TU/LatinModernRoman(0)/b/it/12 Example: \TU/LatinModernRoman(0)/m/it/12 High
 rates of youth
 []


Underfull \hbox (badness 10000) in paragraph at lines 543--543
[]\TU/LatinModernSans(0)/b/n/14.4 Inflation[] \TU/TimesNewRoman(0)/m/it/12 /ɪnˈ
fleɪʃn/ (n) \TU/LatinModernRoman(0)/m/n/12 — A general
 []


Overfull \hbox (20.83165pt too wide) in paragraph at lines 555--555
[]\TU/LatinModernSans(0)/b/n/14.4 Affordable[] \TU/TimesNewRoman(0)/m/it/12 /əˈ
fɔːrdəbl/ (adj) \TU/LatinModernRoman(0)/m/n/12 — Inexpensive;
 []


Underfull \hbox (badness 5217) in paragraph at lines 555--555
[]\TU/LatinModernRoman(0)/b/it/12 Example: \TU/LatinModernRoman(0)/m/it/12 We n
eed more affordable
 []


Underfull \hbox (badness 10000) in paragraph at lines 561--561
[]\TU/LatinModernSans(0)/b/n/14.4 Urbanization[] \TU/TimesNewRoman(0)/m/it/12 /
ˌɜːrbənaɪˈzeɪʃn/ (n) \TU/LatinModernRoman(0)/m/n/12 —
 []


Overfull \hbox (2.02058pt too wide) in paragraph at lines 567--567
[]\TU/LatinModernSans(0)/b/n/14.4 Migration[] \TU/TimesNewRoman(0)/m/it/12 /maɪ
ˈɡreɪʃn/ (n) \TU/LatinModernRoman(0)/m/n/12 — Movement
 []


Underfull \hbox (badness 10000) in paragraph at lines 573--573
[]\TU/LatinModernSans(0)/b/n/14.4 Globalization[] \TU/TimesNewRoman(0)/m/it/12 
/ˌɡloʊbələˈzeɪʃn/ (n) \TU/LatinModernRoman(0)/m/n/12 —
 []


Underfull \hbox (badness 10000) in paragraph at lines 573--573
\TU/LatinModernRoman(0)/m/n/12 Process by which businesses and
 []


Underfull \hbox (badness 10000) in paragraph at lines 573--573
\TU/LatinModernRoman(0)/m/n/12 organizations develop international
 []


Underfull \hbox (badness 10000) in paragraph at lines 579--579
[]\TU/LatinModernRoman(0)/b/it/12 Example: \TU/LatinModernRoman(0)/m/it/12 Main
taining your native
 []

File: ../wm/logoTF.png Graphic file (type bmp)
<../wm/logoTF.png>
[7]
Underfull \hbox (badness 10000) in paragraph at lines 591--591
[]\TU/LatinModernSans(0)/b/n/14.4 Heritage[] \TU/TimesNewRoman(0)/m/it/12 /ˈher
ɪtɪdʒ/ (n) \TU/LatinModernRoman(0)/m/n/12 — Valued
 []


Underfull \hbox (badness 10000) in paragraph at lines 603--603
[]\TU/LatinModernSans(0)/b/n/14.4 Folklore[] \TU/TimesNewRoman(0)/m/it/12 /ˈfoʊ
klɔːr/ (n) \TU/LatinModernRoman(0)/m/n/12 — Traditional
 []


Underfull \hbox (badness 10000) in paragraph at lines 609--609
[]\TU/LatinModernSans(0)/b/n/14.4 Superstition[] \TU/TimesNewRoman(0)/m/it/12 /
ˌsuːpərˈstɪʃn/ (n) \TU/LatinModernRoman(0)/m/n/12 —
 []


Underfull \hbox (badness 10000) in paragraph at lines 615--615
[]\TU/LatinModernSans(0)/b/n/14.4 Values[] \TU/TimesNewRoman(0)/m/it/12 /ˈvælju
ːz/ (n) \TU/LatinModernRoman(0)/m/n/12 — Principles or
 []


Underfull \hbox (badness 10000) in paragraph at lines 615--615
[]\TU/LatinModernRoman(0)/b/it/12 Example: \TU/LatinModernRoman(0)/m/it/12 Fami
ly values are very
 []


Underfull \hbox (badness 10000) in paragraph at lines 621--621
[]\TU/LatinModernSans(0)/b/n/14.4 Morality[] \TU/TimesNewRoman(0)/m/it/12 /məˈr
æləti/ (n) \TU/LatinModernRoman(0)/m/n/12 — Principles
 []


Underfull \hbox (badness 10000) in paragraph at lines 627--627
[]\TU/LatinModernRoman(0)/b/it/12 Example: \TU/LatinModernRoman(0)/m/it/12 Busi
ness ethics require
 []


Underfull \hbox (badness 10000) in paragraph at lines 633--633
[]\TU/LatinModernSans(0)/b/n/14.4 Spirituality[] \TU/TimesNewRoman(0)/m/it/12 /
ˌspɪrɪtʃuˈæləti/ (n) \TU/LatinModernRoman(0)/m/n/12 —
 []


Underfull \hbox (badness 10000) in paragraph at lines 651--651
[]\TU/LatinModernSans(0)/b/n/14.4 Community[] \TU/TimesNewRoman(0)/m/it/12 /kəˈ
mjuːnəti/ (n) \TU/LatinModernRoman(0)/m/n/12 — A
 []


Underfull \hbox (badness 10000) in paragraph at lines 657--657
[]\TU/LatinModernSans(0)/b/n/14.4 Dynamics[] \TU/TimesNewRoman(0)/m/it/12 /daɪˈ
næmɪks/ (n) \TU/LatinModernRoman(0)/m/n/12 — Forces
 []


Underfull \hbox (badness 10000) in paragraph at lines 663--663
[]\TU/LatinModernSans(0)/b/n/14.4 Parenting[] \TU/TimesNewRoman(0)/m/it/12 /ˈpe
rəntɪŋ/ (n) \TU/LatinModernRoman(0)/m/n/12 — The
 []


Underfull \hbox (badness 10000) in paragraph at lines 663--663
[]\TU/LatinModernRoman(0)/b/it/12 Example: \TU/LatinModernRoman(0)/m/it/12 Good
 parenting involves
 []


Underfull \hbox (badness 10000) in paragraph at lines 669--669
[]\TU/LatinModernSans(0)/b/n/14.4 Authoritarian[] \TU/TimesNewRoman(0)/m/it/12 
/əˌθɔːrəˈteriən/ (adj) \TU/LatinModernRoman(0)/m/n/12 —
 []


Overfull \hbox (2.90158pt too wide) in paragraph at lines 675--675
[]\TU/LatinModernSans(0)/b/n/14.4 Permissive[] \TU/TimesNewRoman(0)/m/it/12 /pə
rˈmɪsɪv/ (adj) \TU/LatinModernRoman(0)/m/n/12 — Allowing
 []


Underfull \hbox (badness 10000) in paragraph at lines 675--675
[]\TU/LatinModernRoman(0)/b/it/12 Example: \TU/LatinModernRoman(0)/m/it/12 Perm
issive parenting can
 []


Underfull \hbox (badness 10000) in paragraph at lines 681--681
[]\TU/LatinModernSans(0)/b/n/14.4 Nurturing[] \TU/TimesNewRoman(0)/m/it/12 /ˈnɜ
ːrtʃərɪŋ/ (adj) \TU/LatinModernRoman(0)/m/n/12 — Caring
 []

File: ../wm/logoTF.png Graphic file (type bmp)
<../wm/logoTF.png>
[8]
Underfull \hbox (badness 10000) in paragraph at lines 687--687
[]\TU/LatinModernSans(0)/b/n/14.4 Overprotective[] \TU/TimesNewRoman(0)/m/it/12
 /ˌoʊvərprəˈtektɪv/ (adj)
 []


Underfull \hbox (badness 10000) in paragraph at lines 687--687
\TU/LatinModernRoman(0)/m/n/12 — Tending to protect someone
 []


Underfull \hbox (badness 10000) in paragraph at lines 693--693
[]\TU/LatinModernSans(0)/b/n/14.4 Helicopter[] \TU/TimesNewRoman(0)/m/it/12 /ˈh
elɪkɑːptər/ (n) \TU/LatinModernRoman(0)/m/n/12 — A
 []


Underfull \hbox (badness 10000) in paragraph at lines 693--693
[]\TU/LatinModernRoman(0)/b/it/12 Example: \TU/LatinModernRoman(0)/m/it/12 Heli
copter parenting can
 []


Underfull \hbox (badness 10000) in paragraph at lines 705--705
[]\TU/LatinModernSans(0)/b/n/14.4 Adoption[] \TU/TimesNewRoman(0)/m/it/12 /əˈdɑ
ːpʃn/ (n) \TU/LatinModernRoman(0)/m/n/12 — Legally
 []


Underfull \hbox (badness 10000) in paragraph at lines 711--711
[]\TU/LatinModernSans(0)/b/n/14.4 Foster[] \TU/TimesNewRoman(0)/m/it/12 /ˈfɔːst
ər/ (adj) \TU/LatinModernRoman(0)/m/n/12 — Providing
 []


Underfull \hbox (badness 10000) in paragraph at lines 729--729
[]\TU/LatinModernSans(0)/b/n/14.4 Kindergarten[] \TU/TimesNewRoman(0)/m/it/12 /
ˈkɪndərɡɑːrtn/ (n) \TU/LatinModernRoman(0)/m/n/12 —
 []


Underfull \hbox (badness 6542) in paragraph at lines 741--741
[]\TU/LatinModernSans(0)/b/n/14.4 Homeschooling[] \TU/TimesNewRoman(0)/m/it/12 
/ˌhoʊmˈskuːlɪŋ/ (n) \TU/LatinModernRoman(0)/m/n/12 —
 []


Underfull \hbox (badness 10000) in paragraph at lines 747--747
[]\TU/LatinModernSans(0)/b/n/14.4 Alternative[] \TU/TimesNewRoman(0)/m/it/12 /ɔ
ːlˈtɜːrnətɪv/ (adj) \TU/LatinModernRoman(0)/m/n/12 —
 []


Underfull \hbox (badness 10000) in paragraph at lines 747--747
[]\TU/LatinModernRoman(0)/b/it/12 Example: \TU/LatinModernRoman(0)/m/it/12 Many
 parents look for
 []


Underfull \hbox (badness 10000) in paragraph at lines 753--753
[]\TU/LatinModernSans(0)/b/n/14.4 Educational[] \TU/TimesNewRoman(0)/m/it/12 /ˌ
edʒuˈkeɪʃənl/ (adj) \TU/LatinModernRoman(0)/m/n/12 —
 []


Underfull \hbox (badness 10000) in paragraph at lines 759--759
[]\TU/LatinModernSans(0)/b/n/14.4 Numeracy[] \TU/TimesNewRoman(0)/m/it/12 /ˈnuː
mərəsi/ (n) \TU/LatinModernRoman(0)/m/n/12 — The
 []


Underfull \hbox (badness 5504) in paragraph at lines 765--765
[]\TU/LatinModernRoman(0)/b/it/12 Example: \TU/LatinModernRoman(0)/m/it/12 She 
was awarded a full
 []


Underfull \hbox (badness 10000) in paragraph at lines 771--771
[]\TU/LatinModernSans(0)/b/n/14.4 Curriculum[] \TU/TimesNewRoman(0)/m/it/12 /kə
ˈrɪkjələm/ (n) \TU/LatinModernRoman(0)/m/n/12 — The
 []


Underfull \hbox (badness 10000) in paragraph at lines 777--777
[]\TU/LatinModernSans(0)/b/n/14.4 Pedagogy[] \TU/TimesNewRoman(0)/m/it/12 /ˈped
əɡɑːdʒi/ (n) \TU/LatinModernRoman(0)/m/n/12 — The
 []


Underfull \hbox (badness 10000) in paragraph at lines 783--783
[]\TU/LatinModernSans(0)/b/n/14.4 Standardized[] \TU/TimesNewRoman(0)/m/it/12 /
ˈstændərdaɪzd/ (adj) \TU/LatinModernRoman(0)/m/n/12 —
 []


Underfull \hbox (badness 10000) in paragraph at lines 783--783
\TU/LatinModernRoman(0)/m/n/12 Designed to be administered in a
 []

File: ../wm/logoTF.png Graphic file (type bmp)
<../wm/logoTF.png>
[9]
Underfull \hbox (badness 10000) in paragraph at lines 789--789
[]\TU/LatinModernSans(0)/b/n/14.4 Achievement[] \TU/TimesNewRoman(0)/m/it/12 /ə
ˈtʃiːvmənt/ (n) \TU/LatinModernRoman(0)/m/n/12 — A
 []


Underfull \hbox (badness 10000) in paragraph at lines 795--795
[]\TU/LatinModernSans(0)/b/n/14.4 Vocational[] \TU/TimesNewRoman(0)/m/it/12 /vo
ʊˈkeɪʃənl/ (adj) \TU/LatinModernRoman(0)/m/n/12 —
 []


Underfull \hbox (badness 10000) in paragraph at lines 801--801
[]\TU/LatinModernSans(0)/b/n/14.4 Internship[] \TU/TimesNewRoman(0)/m/it/12 /ˈɪ
ntɜːrnʃɪp/ (n) \TU/LatinModernRoman(0)/m/n/12 — Position
 []


Underfull \hbox (badness 10000) in paragraph at lines 807--807
[]\TU/LatinModernRoman(0)/b/it/12 Example: \TU/LatinModernRoman(0)/m/it/12 Ment
orship can provide
 []


Underfull \hbox (badness 10000) in paragraph at lines 813--813
[]\TU/LatinModernSans(0)/b/n/14.4 Leadership[] \TU/TimesNewRoman(0)/m/it/12 /ˈl
iːdərʃɪp/ (n) \TU/LatinModernRoman(0)/m/n/12 — The
 []


Underfull \hbox (badness 10000) in paragraph at lines 825--825
[]\TU/LatinModernSans(0)/b/n/14.4 Financial[] \TU/TimesNewRoman(0)/m/it/12 /faɪ
ˈnænʃl/ (adj) \TU/LatinModernRoman(0)/m/n/12 — Relating
 []


Underfull \hbox (badness 10000) in paragraph at lines 831--831
[]\TU/LatinModernSans(0)/b/n/14.4 Independence[] \TU/TimesNewRoman(0)/m/it/12 /
ˌɪndɪˈpendəns/ (n) \TU/LatinModernRoman(0)/m/n/12 —
 []


Underfull \hbox (badness 10000) in paragraph at lines 837--837
[]\TU/LatinModernSans(0)/b/n/14.4 Self-sufficient[] \TU/TimesNewRoman(0)/m/it/1
2 /ˌself səˈfɪʃnt/ (adj) \TU/LatinModernRoman(0)/m/n/12 —
 []


Underfull \hbox (badness 10000) in paragraph at lines 843--843
[]\TU/LatinModernSans(0)/b/n/14.4 Responsibility[] \TU/TimesNewRoman(0)/m/it/12
 /rɪˌspɑːnsəˈbɪləti/ (n) \TU/LatinModernRoman(0)/m/n/12 —
 []


Underfull \hbox (badness 10000) in paragraph at lines 849--849
[]\TU/LatinModernSans(0)/b/n/14.4 Resilience[] \TU/TimesNewRoman(0)/m/it/12 /rɪ
ˈzɪliəns/ (n) \TU/LatinModernRoman(0)/m/n/12 — The
 []


Underfull \hbox (badness 10000) in paragraph at lines 849--849
\TU/LatinModernRoman(0)/m/n/12 capacity to recover quickly from
 []


Underfull \hbox (badness 10000) in paragraph at lines 861--861
[]\TU/LatinModernSans(0)/b/n/14.4 Ambition[] \TU/TimesNewRoman(0)/m/it/12 /æmˈb
ɪʃn/ (n) \TU/LatinModernRoman(0)/m/n/12 — A strong
 []


Overfull \hbox (1.60579pt too wide) in paragraph at lines 867--867
[]\TU/LatinModernSans(0)/b/n/14.4 Motivation[] \TU/TimesNewRoman(0)/m/it/12 /ˌm
oʊtɪˈveɪʃn/ (n) \TU/LatinModernRoman(0)/m/n/12 — Reason
 []


Underfull \hbox (badness 10000) in paragraph at lines 873--873
[]\TU/LatinModernSans(0)/b/n/14.4 Perseverance[] \TU/TimesNewRoman(0)/m/it/12 /
ˌpɜːrsəˈvɪərəns/ (n) \TU/LatinModernRoman(0)/m/n/12 —
 []


Underfull \hbox (badness 10000) in paragraph at lines 873--873
[]\TU/LatinModernRoman(0)/b/it/12 Example: \TU/LatinModernRoman(0)/m/it/12 Pers
everance is key to
 []

File: ../wm/logoTF.png Graphic file (type bmp)
<../wm/logoTF.png>
[10]
Underfull \hbox (badness 10000) in paragraph at lines 897--897
[]\TU/LatinModernSans(0)/b/n/14.4 Collaboration[] \TU/TimesNewRoman(0)/m/it/12 
/kəˌlæbəˈreɪʃn/ (n) \TU/LatinModernRoman(0)/m/n/12 —
 []


Underfull \hbox (badness 10000) in paragraph at lines 897--897
\TU/LatinModernRoman(0)/m/n/12 Working with someone to produce
 []


Overfull \hbox (2.5487pt too wide) in paragraph at lines 903--903
[]\TU/LatinModernSans(0)/b/n/14.4 Teamwork[] \TU/TimesNewRoman(0)/m/it/12 /ˈtiː
mwɜːrk/ (n) \TU/LatinModernRoman(0)/m/n/12 — Combined
 []


Overfull \hbox (19.13869pt too wide) in paragraph at lines 909--909
[]\TU/LatinModernSans(0)/b/n/14.4 Networking[] \TU/TimesNewRoman(0)/m/it/12 /ˈn
etwɜːrkɪŋ/ (n) \TU/LatinModernRoman(0)/m/n/12 — Interacting
 []


Underfull \hbox (badness 10000) in paragraph at lines 915--915
[]\TU/LatinModernSans(0)/b/n/14.4 Advocacy[] \TU/TimesNewRoman(0)/m/it/12 /ˈædv
əkəsi/ (n) \TU/LatinModernRoman(0)/m/n/12 — Public
 []


Underfull \hbox (badness 10000) in paragraph at lines 921--921
[]\TU/LatinModernSans(0)/b/n/14.4 Empowerment[] \TU/TimesNewRoman(0)/m/it/12 /ɪ
mˈpaʊərmənt/ (n) \TU/LatinModernRoman(0)/m/n/12 —
 []


Underfull \hbox (badness 10000) in paragraph at lines 933--933
[]\TU/LatinModernRoman(0)/b/it/12 Example: \TU/LatinModernRoman(0)/m/it/12 Equi
ty involves providing
 []


Underfull \hbox (badness 6141) in paragraph at lines 939--939
[]\TU/LatinModernSans(0)/b/n/14.4 Humanity[] \TU/TimesNewRoman(0)/m/it/12 /hjuː
ˈmænəti/ (n) \TU/LatinModernRoman(0)/m/n/12 — Human
 []


Overfull \hbox (15.23982pt too wide) in paragraph at lines 945--945
[]\TU/LatinModernSans(0)/b/n/14.4 Compassion[] \TU/TimesNewRoman(0)/m/it/12 /kə
ˈpæʃn/ (n) \TU/LatinModernRoman(0)/m/n/12 — Sympathetic
 []


Underfull \hbox (badness 10000) in paragraph at lines 951--951
[]\TU/LatinModernSans(0)/b/n/14.4 Altruism[] \TU/TimesNewRoman(0)/m/it/12 /ˈælt
ruɪzəm/ (n) \TU/LatinModernRoman(0)/m/n/12 — Selfless
 []


Underfull \hbox (badness 10000) in paragraph at lines 969--969
[]\TU/LatinModernSans(0)/b/n/14.4 Authenticity[] \TU/TimesNewRoman(0)/m/it/12 /
ˌɔːθenˈtɪsəti/ (n) \TU/LatinModernRoman(0)/m/n/12 — The
 []


Underfull \hbox (badness 10000) in paragraph at lines 975--975
[]\TU/LatinModernSans(0)/b/n/14.4 Introspection[] \TU/TimesNewRoman(0)/m/it/12 
/ˌɪntrəˈspekʃn/ (n) \TU/LatinModernRoman(0)/m/n/12 —
 []


Underfull \hbox (badness 10000) in paragraph at lines 975--975
\TU/LatinModernRoman(0)/m/n/12 Examination of one’s own mental
 []


Overfull \hbox (6.82529pt too wide) in paragraph at lines 981--981
[]\TU/LatinModernSans(0)/b/n/14.4 Perspective[] \TU/TimesNewRoman(0)/m/it/12 /p
ərˈspektɪv/ (n) \TU/LatinModernRoman(0)/m/n/12 — Attitude
 []

File: ../wm/logoTF.png Graphic file (type bmp)
<../wm/logoTF.png>
[11]
Underfull \hbox (badness 10000) in paragraph at lines 987--987
[]\TU/LatinModernSans(0)/b/n/14.4 Wisdom[] \TU/TimesNewRoman(0)/m/it/12 /ˈwɪzdə
m/ (n) \TU/LatinModernRoman(0)/m/n/12 — Quality of
 []


Underfull \hbox (badness 10000) in paragraph at lines 999--999
[]\TU/LatinModernSans(0)/b/n/14.4 Adaptability[] \TU/TimesNewRoman(0)/m/it/12 /
əˌdæptəˈbɪləti/ (n) \TU/LatinModernRoman(0)/m/n/12 —
 []


Underfull \hbox (badness 10000) in paragraph at lines 1017--1017
[]\TU/LatinModernSans(0)/b/n/14.4 Passion[] \TU/TimesNewRoman(0)/m/it/12 /ˈpæʃn
/ (n) \TU/LatinModernRoman(0)/m/n/12 — Strong and
 []


Underfull \hbox (badness 10000) in paragraph at lines 1023--1023
[]\TU/LatinModernSans(0)/b/n/14.4 Enthusiasm[] \TU/TimesNewRoman(0)/m/it/12 /ɪn
ˈθuːziæzəm/ (n) \TU/LatinModernRoman(0)/m/n/12 —
 []


Overfull \hbox (16.1605pt too wide) in paragraph at lines 1029--1029
[]\TU/LatinModernSans(0)/b/n/14.4 Optimism[] \TU/TimesNewRoman(0)/m/it/12 /ˈɑːp
tɪmɪzəm/ (n) \TU/LatinModernRoman(0)/m/n/12 — Hopefulness
 []


Overfull \hbox (5.42984pt too wide) in paragraph at lines 1035--1035
[]\TU/LatinModernSans(0)/b/n/14.4 Hope[] \TU/TimesNewRoman(0)/m/it/12 /hoʊp/ (n
) \TU/LatinModernRoman(0)/m/n/12 — Feeling of expectation
 []


Overfull \hbox (0.576pt too wide) in paragraph at lines 1041--1041
[]\TU/LatinModernSans(0)/b/n/14.4 Believe[] \TU/TimesNewRoman(0)/m/it/12 /bɪˈli
ːv/ (v) \TU/LatinModernRoman(0)/m/n/12 — Accept something
 []


Overfull \hbox (10.52568pt too wide) in paragraph at lines 1047--1047
[]\TU/LatinModernSans(0)/b/n/14.4 Dream[] \TU/TimesNewRoman(0)/m/it/12 /driːm/ 
(n) \TU/LatinModernRoman(0)/m/n/12 — Cherished aspiration
 []


Overfull \hbox (4.30377pt too wide) in paragraph at lines 1065--1065
[]\TU/LatinModernSans(0)/b/n/14.4 Success[] \TU/TimesNewRoman(0)/m/it/12 /səkˈs
es/ (n) \TU/LatinModernRoman(0)/m/n/12 — Accomplishment
 []


Overfull \hbox (2.00827pt too wide) in paragraph at lines 1077--1077
[]\TU/LatinModernSans(0)/b/n/14.4 Experience[] \TU/TimesNewRoman(0)/m/it/12 /ɪk
ˈspɪriəns/ (n) \TU/LatinModernRoman(0)/m/n/12 — Practical
 []


Underfull \hbox (badness 10000) in paragraph at lines 1083--1083
[]\TU/LatinModernSans(0)/b/n/14.4 Knowledge[] \TU/TimesNewRoman(0)/m/it/12 /ˈnɑ
ːlɪdʒ/ (n) \TU/LatinModernRoman(0)/m/n/12 — Facts,
 []

File: ../wm/logoTF.png Graphic file (type bmp)
<../wm/logoTF.png>
[12]
Overfull \hbox (12.27795pt too wide) in paragraph at lines 1095--1095
[]\TU/LatinModernSans(0)/b/n/14.4 Insight[] \TU/TimesNewRoman(0)/m/it/12 /ˈaɪsa
ɪt/ (n) \TU/LatinModernRoman(0)/m/n/12 — Deep understanding
 []

)

File: ../wm/logoTF.png Graphic file (type bmp)
<../wm/logoTF.png>
[13] (./youthGenerationIssuesVocab.aux)
 ***********
LaTeX2e <2024-11-01> patch level 2
L3 programming layer <2025-01-18>
 ***********
 ) 
Here is how much of TeX's memory you used:
 18992 strings out of 473832
 442848 string characters out of 5729481
 868161 words of memory out of 5000000
 41743 multiletter control sequences out of 15000+600000
 559173 words of font info for 78 fonts, out of 8000000 for 9000
 1348 hyphenation exceptions out of 8191
 131i,16n,135p,476b,981s stack positions out of 10000i,1000n,20000p,200000b,200000s

Output written on youthGenerationIssuesVocab.pdf (13 pages).
