\BOOKMARK [0][-]{chapter*.2}{\376\377\000L\036\335\000i\000\040\000n\000\363\000i\000\040\001\021\036\247\000u}{}% 1
\BOOKMARK [0][-]{chapter*.3}{\376\377\000H\001\260\036\333\000n\000g\000\040\000d\036\253\000n\000\040\000s\036\355\000\040\000d\036\345\000n\000g}{}% 2
\BOOKMARK [0][-]{chapter.1}{\376\377\000P\000a\000r\000t\000\040\0001\000:\000\040\000P\000e\000r\000s\000o\000n\000a\000l\000\040\000\046\000\040\000G\000e\000n\000e\000r\000a\000l\000\040\000T\000o\000p\000i\000c\000s}{}% 3
\BOOKMARK [1][-]{section.1.1}{\376\377\000W\000o\000r\000k\000\040\000o\000r\000\040\000S\000t\000u\000d\000i\000e\000s}{chapter.1}% 4
\BOOKMARK [1][-]{section.1.2}{\376\377\000H\000o\000m\000e\000t\000o\000w\000n}{chapter.1}% 5
\BOOKMARK [1][-]{section.1.3}{\376\377\000H\000o\000m\000e\000\040\000a\000n\000d\000\040\000A\000c\000c\000o\000m\000m\000o\000d\000a\000t\000i\000o\000n}{chapter.1}% 6
\BOOKMARK [1][-]{section.1.4}{\376\377\000M\000o\000r\000n\000i\000n\000g\000\040\000T\000i\000m\000e}{chapter.1}% 7
\BOOKMARK [1][-]{section.1.5}{\376\377\000S\000p\000a\000r\000e\000\040\000T\000i\000m\000e}{chapter.1}% 8
\BOOKMARK [1][-]{section.1.6}{\376\377\000D\000a\000y\000\040\000O\000f\000f}{chapter.1}% 9
\BOOKMARK [1][-]{section.1.7}{\376\377\000H\000a\000v\000i\000n\000g\000\040\000a\000\040\000B\000r\000e\000a\000k}{chapter.1}% 10
\BOOKMARK [1][-]{section.1.8}{\376\377\000G\000o\000i\000n\000g\000\040\000O\000u\000t}{chapter.1}% 11
\BOOKMARK [1][-]{section.1.9}{\376\377\000W\000a\000l\000k\000i\000n\000g}{chapter.1}% 12
\BOOKMARK [1][-]{section.1.10}{\376\377\000H\000o\000b\000b\000y}{chapter.1}% 13
\BOOKMARK [0][-]{chapter.2}{\376\377\000P\000a\000r\000t\000\040\0002\000\040\000\046\000\040\0003\000:\000\040\000C\000u\000e\000\040\000C\000a\000r\000d\000s\000\040\000\046\000\040\000D\000i\000s\000c\000u\000s\000s\000i\000o\000n\000\040\000T\000o\000p\000i\000c\000s}{}% 14
\BOOKMARK [1][-]{section.2.1}{\376\377\000D\000e\000s\000c\000r\000i\000b\000e\000\040\000a\000\040\000c\000i\000t\000y\000\040\000y\000o\000u\000\040\000e\000n\000j\000o\000y\000e\000d\000\040\000v\000i\000s\000i\000t\000i\000n\000g}{chapter.2}% 15
\BOOKMARK [1][-]{section.2.2}{\376\377\000D\000e\000s\000c\000r\000i\000b\000e\000\040\000a\000\040\000p\000e\000r\000s\000o\000n\000\040\000w\000h\000o\000\040\000l\000i\000k\000e\000s\000\040\000t\000o\000\040\000l\000o\000o\000k\000\040\000a\000f\000t\000e\000r\000\040\000t\000h\000e\000\040\000n\000a\000t\000u\000r\000a\000l\000\040\000w\000o\000r\000l\000d}{chapter.2}% 16
\BOOKMARK [1][-]{section.2.3}{\376\377\000D\000e\000s\000c\000r\000i\000b\000e\000\040\000a\000\040\000s\000h\000o\000r\000t\000-\000t\000e\000r\000m\000\040\000j\000o\000b\000\040\000y\000o\000u\000\040\000w\000a\000n\000t\000\040\000t\000o\000\040\000h\000a\000v\000e\000\040\000i\000n\000\040\000a\000\040\000f\000o\000r\000e\000i\000g\000n\000\040\000c\000o\000u\000n\000t\000r\000y}{chapter.2}% 17
\BOOKMARK [1][-]{section.2.4}{\376\377\000D\000e\000s\000c\000r\000i\000b\000e\000\040\000a\000\040\000t\000i\000m\000e\000\040\000w\000h\000e\000n\000\040\000y\000o\000u\000\040\000g\000a\000v\000e\000\040\000a\000d\000v\000i\000c\000e\000\040\000t\000o\000\040\000o\000t\000h\000e\000r\000s}{chapter.2}% 18
\BOOKMARK [1][-]{section.2.5}{\376\377\000D\000e\000s\000c\000r\000i\000b\000e\000\040\000a\000\040\000p\000e\000r\000s\000o\000n\000\040\000w\000h\000o\000\040\000o\000f\000t\000e\000n\000\040\000h\000e\000l\000p\000s\000\040\000o\000t\000h\000e\000r\000s}{chapter.2}% 19
\BOOKMARK [1][-]{section.2.6}{\376\377\000D\000e\000s\000c\000r\000i\000b\000e\000\040\000o\000n\000e\000\040\000o\000f\000\040\000y\000o\000u\000r\000\040\000f\000r\000i\000e\000n\000d\000s\000\040\000w\000h\000o\000\040\000l\000e\000a\000r\000n\000e\000d\000\040\000s\000o\000m\000e\000t\000h\000i\000n\000g\000\040\000w\000i\000t\000h\000o\000u\000t\000\040\000a\000\040\000t\000e\000a\000c\000h\000e\000r}{chapter.2}% 20
\BOOKMARK [1][-]{section.2.7}{\376\377\000D\000e\000s\000c\000r\000i\000b\000e\000\040\000a\000\040\000p\000i\000e\000c\000e\000\040\000o\000f\000\040\000t\000e\000c\000h\000n\000o\000l\000o\000g\000y\000\040\000\050\000n\000o\000t\000\040\000a\000\040\000p\000h\000o\000n\000e\000\051\000\040\000t\000h\000a\000t\000\040\000y\000o\000u\000\040\000w\000o\000u\000l\000d\000\040\000l\000i\000k\000e\000\040\000t\000o\000\040\000o\000w\000n}{chapter.2}% 21
\BOOKMARK [1][-]{section.2.8}{\376\377\000D\000e\000s\000c\000r\000i\000b\000e\000\040\000a\000\040\000p\000e\000r\000f\000e\000c\000t\000\040\000j\000o\000b\000\040\000y\000o\000u\000\040\000w\000o\000u\000l\000d\000\040\000l\000i\000k\000e\000\040\000t\000o\000\040\000h\000a\000v\000e\000\040\000i\000n\000\040\000t\000h\000e\000\040\000f\000u\000t\000u\000r\000e}{chapter.2}% 22
\BOOKMARK [1][-]{section.2.9}{\376\377\000D\000e\000s\000c\000r\000i\000b\000e\000\040\000a\000\040\000c\000h\000i\000l\000d\000\040\000w\000h\000o\000\040\000l\000o\000v\000e\000s\000\040\000d\000r\000a\000w\000i\000n\000g\000/\000p\000a\000i\000n\000t\000i\000n\000g}{chapter.2}% 23
