This is XeTeX, Version 3.141592653-2.6-0.999997 (TeX Live 2025) (preloaded format=xelatex 2026.1.18)  19 JAN 2026 17:31
entering extended mode
 restricted \write18 enabled.
 %&-line parsing enabled.
**healthVocab.tex
(./healthVocab.tex
LaTeX2e <2024-11-01> patch level 2
L3 programming layer <2025-01-18>
(./forumvocab.cls
Document Class: forumvocab 2026/01/19 v1.0 IELTS Vocabulary Document Class
(/usr/local/texlive/2025/texmf-dist/tex/latex/base/article.cls
Document Class: article 2024/06/29 v1.4n Standard LaTeX document class
(/usr/local/texlive/2025/texmf-dist/tex/latex/base/size12.clo
File: size12.clo 2024/06/29 v1.4n Standard LaTeX file (size option)
)
\c@part=\count192
\c@section=\count193
\c@subsection=\count194
\c@subsubsection=\count195
\c@paragraph=\count196
\c@subparagraph=\count197
\c@figure=\count198
\c@table=\count199
\abovecaptionskip=\skip49
\belowcaptionskip=\skip50
\bibindent=\dimen141
)
(/usr/local/texlive/2025/texmf-dist/tex/generic/babel/babel.sty
Package: babel 2025/02/14 v25.4 The multilingual framework for pdfLaTeX, LuaLaT
eX and XeLaTeX
\babel@savecnt=\count266
\U@D=\dimen142
\l@unhyphenated=\language90

(/usr/local/texlive/2025/texmf-dist/tex/generic/babel/xebabel.def)
\bbl@readstream=\read2
\bbl@dirlevel=\count267

(/usr/local/texlive/2025/texmf-dist/tex/generic/babel-english/english.ldf
Language: english 2017/06/06 v3.3r English support from the babel system
Package babel Info: Hyphen rules for 'canadian' set to \l@english
(babel)             (\language0). Reported on input line 102.
Package babel Info: Hyphen rules for 'australian' set to \l@ukenglish
(babel)             (\language22). Reported on input line 105.
Package babel Info: Hyphen rules for 'newzealand' set to \l@ukenglish
(babel)             (\language22). Reported on input line 108.
)
(/usr/local/texlive/2025/texmf-dist/tex/generic/babel-vietnamese/vietnamese.ldf
Language: vietnamese 
Package babel Info: Making " an active character on input line 147.
))
(/usr/local/texlive/2025/texmf-dist/tex/generic/babel/locale/vi/babel-vietnames
e.tex
Package babel Info: Importing font and identification data for vietnamese
(babel)             from babel-vi.ini. Reported on input line 11.
)
(/usr/local/texlive/2025/texmf-dist/tex/generic/babel/locale/en/babel-english.t
ex
Package babel Info: Importing font and identification data for english
(babel)             from babel-en.ini. Reported on input line 11.
) (/usr/local/texlive/2025/texmf-dist/tex/latex/geometry/geometry.sty
Package: geometry 2020/01/02 v5.9 Page Geometry

(/usr/local/texlive/2025/texmf-dist/tex/latex/graphics/keyval.sty
Package: keyval 2022/05/29 v1.15 key=value parser (DPC)
\KV@toks@=\toks17
)
(/usr/local/texlive/2025/texmf-dist/tex/generic/iftex/ifvtex.sty
Package: ifvtex 2019/10/25 v1.7 ifvtex legacy package. Use iftex instead.

(/usr/local/texlive/2025/texmf-dist/tex/generic/iftex/iftex.sty
Package: iftex 2024/12/12 v1.0g TeX engine tests
))
\Gm@cnth=\count268
\Gm@cntv=\count269
\c@Gm@tempcnt=\count270
\Gm@bindingoffset=\dimen143
\Gm@wd@mp=\dimen144
\Gm@odd@mp=\dimen145
\Gm@even@mp=\dimen146
\Gm@layoutwidth=\dimen147
\Gm@layoutheight=\dimen148
\Gm@layouthoffset=\dimen149
\Gm@layoutvoffset=\dimen150
\Gm@dimlist=\toks18
)
(/usr/local/texlive/2025/texmf-dist/tex/latex/fancyhdr/fancyhdr.sty
Package: fancyhdr 2025/02/07 v5.2 Extensive control of page headers and footers

\f@nch@headwidth=\skip51
\f@nch@offset@elh=\skip52
\f@nch@offset@erh=\skip53
\f@nch@offset@olh=\skip54
\f@nch@offset@orh=\skip55
\f@nch@offset@elf=\skip56
\f@nch@offset@erf=\skip57
\f@nch@offset@olf=\skip58
\f@nch@offset@orf=\skip59
\f@nch@height=\skip60
\f@nch@footalignment=\skip61
\f@nch@widthL=\skip62
\f@nch@widthC=\skip63
\f@nch@widthR=\skip64
\@temptokenb=\toks19
)
(/usr/local/texlive/2025/texmf-dist/tex/latex/tools/multicol.sty
Package: multicol 2024/09/14 v1.9i multicolumn formatting (FMi)
\c@tracingmulticols=\count271
\mult@box=\box52
\multicol@leftmargin=\dimen151
\c@unbalance=\count272
\c@collectmore=\count273
\doublecol@number=\count274
\multicoltolerance=\count275
\multicolpretolerance=\count276
\full@width=\dimen152
\page@free=\dimen153
\premulticols=\dimen154
\postmulticols=\dimen155
\multicolsep=\skip65
\multicolbaselineskip=\skip66
\partial@page=\box53
\last@line=\box54
\mc@boxedresult=\box55
\maxbalancingoverflow=\dimen156
\mult@rightbox=\box56
\mult@grightbox=\box57
\mult@firstbox=\box58
\mult@gfirstbox=\box59
\@tempa=\box60
\@tempa=\box61
\@tempa=\box62
\@tempa=\box63
\@tempa=\box64
\@tempa=\box65
\@tempa=\box66
\@tempa=\box67
\@tempa=\box68
\@tempa=\box69
\@tempa=\box70
\@tempa=\box71
\@tempa=\box72
\@tempa=\box73
\@tempa=\box74
\@tempa=\box75
\@tempa=\box76
\@tempa=\box77
\@tempa=\box78
\@tempa=\box79
\@tempa=\box80
\@tempa=\box81
\@tempa=\box82
\@tempa=\box83
\@tempa=\box84
\@tempa=\box85
\@tempa=\box86
\@tempa=\box87
\@tempa=\box88
\@tempa=\box89
\@tempa=\box90
\@tempa=\box91
\@tempa=\box92
\@tempa=\box93
\@tempa=\box94
\@tempa=\box95
\c@minrows=\count277
\c@columnbadness=\count278
\c@finalcolumnbadness=\count279
\last@try=\dimen157
\multicolovershoot=\dimen158
\multicolundershoot=\dimen159
\mult@nat@firstbox=\box96
\colbreak@box=\box97
\mc@col@check@num=\count280
)
(/usr/local/texlive/2025/texmf-dist/tex/latex/xcolor/xcolor.sty
Package: xcolor 2024/09/29 v3.02 LaTeX color extensions (UK)

(/usr/local/texlive/2025/texmf-dist/tex/latex/graphics-cfg/color.cfg
File: color.cfg 2016/01/02 v1.6 sample color configuration
)
Package xcolor Info: Driver file: xetex.def on input line 274.

(/usr/local/texlive/2025/texmf-dist/tex/latex/graphics-def/xetex.def
File: xetex.def 2022/09/22 v5.0n Graphics/color driver for xetex
)
(/usr/local/texlive/2025/texmf-dist/tex/latex/graphics/mathcolor.ltx)
Package xcolor Info: Model `cmy' substituted by `cmy0' on input line 1349.
Package xcolor Info: Model `RGB' extended on input line 1365.
Package xcolor Info: Model `HTML' substituted by `rgb' on input line 1367.
Package xcolor Info: Model `Hsb' substituted by `hsb' on input line 1368.
Package xcolor Info: Model `tHsb' substituted by `hsb' on input line 1369.
Package xcolor Info: Model `HSB' substituted by `hsb' on input line 1370.
Package xcolor Info: Model `Gray' substituted by `gray' on input line 1371.
Package xcolor Info: Model `wave' substituted by `hsb' on input line 1372.
)
(/usr/local/texlive/2025/texmf-dist/tex/latex/tcolorbox/tcolorbox.sty
Package: tcolorbox 2024/10/22 version 6.4.1 text color boxes

(/usr/local/texlive/2025/texmf-dist/tex/latex/pgf/frontendlayer/tikz.sty
(/usr/local/texlive/2025/texmf-dist/tex/latex/pgf/basiclayer/pgf.sty
(/usr/local/texlive/2025/texmf-dist/tex/latex/pgf/utilities/pgfrcs.sty
(/usr/local/texlive/2025/texmf-dist/tex/generic/pgf/utilities/pgfutil-common.te
x
\pgfutil@everybye=\toks20
\pgfutil@tempdima=\dimen160
\pgfutil@tempdimb=\dimen161
)
(/usr/local/texlive/2025/texmf-dist/tex/generic/pgf/utilities/pgfutil-latex.def
\pgfutil@abb=\box98
) (/usr/local/texlive/2025/texmf-dist/tex/generic/pgf/utilities/pgfrcs.code.tex
(/usr/local/texlive/2025/texmf-dist/tex/generic/pgf/pgf.revision.tex)
Package: pgfrcs 2023-01-15 v3.1.10 (3.1.10)
))
Package: pgf 2023-01-15 v3.1.10 (3.1.10)

(/usr/local/texlive/2025/texmf-dist/tex/latex/pgf/basiclayer/pgfcore.sty
(/usr/local/texlive/2025/texmf-dist/tex/latex/graphics/graphicx.sty
Package: graphicx 2021/09/16 v1.2d Enhanced LaTeX Graphics (DPC,SPQR)

(/usr/local/texlive/2025/texmf-dist/tex/latex/graphics/graphics.sty
Package: graphics 2024/08/06 v1.4g Standard LaTeX Graphics (DPC,SPQR)

(/usr/local/texlive/2025/texmf-dist/tex/latex/graphics/trig.sty
Package: trig 2023/12/02 v1.11 sin cos tan (DPC)
)
(/usr/local/texlive/2025/texmf-dist/tex/latex/graphics-cfg/graphics.cfg
File: graphics.cfg 2016/06/04 v1.11 sample graphics configuration
)
Package graphics Info: Driver file: xetex.def on input line 106.
)
\Gin@req@height=\dimen162
\Gin@req@width=\dimen163
)
(/usr/local/texlive/2025/texmf-dist/tex/latex/pgf/systemlayer/pgfsys.sty
(/usr/local/texlive/2025/texmf-dist/tex/generic/pgf/systemlayer/pgfsys.code.tex
Package: pgfsys 2023-01-15 v3.1.10 (3.1.10)
(/usr/local/texlive/2025/texmf-dist/tex/generic/pgf/utilities/pgfkeys.code.tex
\pgfkeys@pathtoks=\toks21
\pgfkeys@temptoks=\toks22

(/usr/local/texlive/2025/texmf-dist/tex/generic/pgf/utilities/pgfkeyslibraryfil
tered.code.tex
\pgfkeys@tmptoks=\toks23
))
\pgf@x=\dimen164
\pgf@y=\dimen165
\pgf@xa=\dimen166
\pgf@ya=\dimen167
\pgf@xb=\dimen168
\pgf@yb=\dimen169
\pgf@xc=\dimen170
\pgf@yc=\dimen171
\pgf@xd=\dimen172
\pgf@yd=\dimen173
\w@pgf@writea=\write3
\r@pgf@reada=\read3
\c@pgf@counta=\count281
\c@pgf@countb=\count282
\c@pgf@countc=\count283
\c@pgf@countd=\count284
\t@pgf@toka=\toks24
\t@pgf@tokb=\toks25
\t@pgf@tokc=\toks26
\pgf@sys@id@count=\count285

(/usr/local/texlive/2025/texmf-dist/tex/generic/pgf/systemlayer/pgf.cfg
File: pgf.cfg 2023-01-15 v3.1.10 (3.1.10)
)
Driver file for pgf: pgfsys-xetex.def

(/usr/local/texlive/2025/texmf-dist/tex/generic/pgf/systemlayer/pgfsys-xetex.de
f
File: pgfsys-xetex.def 2023-01-15 v3.1.10 (3.1.10)

(/usr/local/texlive/2025/texmf-dist/tex/generic/pgf/systemlayer/pgfsys-dvipdfmx
.def
File: pgfsys-dvipdfmx.def 2023-01-15 v3.1.10 (3.1.10)

(/usr/local/texlive/2025/texmf-dist/tex/generic/pgf/systemlayer/pgfsys-common-p
df.def
File: pgfsys-common-pdf.def 2023-01-15 v3.1.10 (3.1.10)
)
\pgfsys@objnum=\count286
)))
(/usr/local/texlive/2025/texmf-dist/tex/generic/pgf/systemlayer/pgfsyssoftpath.
code.tex
File: pgfsyssoftpath.code.tex 2023-01-15 v3.1.10 (3.1.10)
\pgfsyssoftpath@smallbuffer@items=\count287
\pgfsyssoftpath@bigbuffer@items=\count288
)
(/usr/local/texlive/2025/texmf-dist/tex/generic/pgf/systemlayer/pgfsysprotocol.
code.tex
File: pgfsysprotocol.code.tex 2023-01-15 v3.1.10 (3.1.10)
))
(/usr/local/texlive/2025/texmf-dist/tex/generic/pgf/basiclayer/pgfcore.code.tex
Package: pgfcore 2023-01-15 v3.1.10 (3.1.10)
(/usr/local/texlive/2025/texmf-dist/tex/generic/pgf/math/pgfmath.code.tex
(/usr/local/texlive/2025/texmf-dist/tex/generic/pgf/math/pgfmathutil.code.tex)
(/usr/local/texlive/2025/texmf-dist/tex/generic/pgf/math/pgfmathparser.code.tex
\pgfmath@dimen=\dimen174
\pgfmath@count=\count289
\pgfmath@box=\box99
\pgfmath@toks=\toks27
\pgfmath@stack@operand=\toks28
\pgfmath@stack@operation=\toks29
)
(/usr/local/texlive/2025/texmf-dist/tex/generic/pgf/math/pgfmathfunctions.code.
tex)
(/usr/local/texlive/2025/texmf-dist/tex/generic/pgf/math/pgfmathfunctions.basic
.code.tex)
(/usr/local/texlive/2025/texmf-dist/tex/generic/pgf/math/pgfmathfunctions.trigo
nometric.code.tex)
(/usr/local/texlive/2025/texmf-dist/tex/generic/pgf/math/pgfmathfunctions.rando
m.code.tex)
(/usr/local/texlive/2025/texmf-dist/tex/generic/pgf/math/pgfmathfunctions.compa
rison.code.tex)
(/usr/local/texlive/2025/texmf-dist/tex/generic/pgf/math/pgfmathfunctions.base.
code.tex)
(/usr/local/texlive/2025/texmf-dist/tex/generic/pgf/math/pgfmathfunctions.round
.code.tex)
(/usr/local/texlive/2025/texmf-dist/tex/generic/pgf/math/pgfmathfunctions.misc.
code.tex)
(/usr/local/texlive/2025/texmf-dist/tex/generic/pgf/math/pgfmathfunctions.integ
erarithmetics.code.tex)
(/usr/local/texlive/2025/texmf-dist/tex/generic/pgf/math/pgfmathcalc.code.tex)
(/usr/local/texlive/2025/texmf-dist/tex/generic/pgf/math/pgfmathfloat.code.tex
\c@pgfmathroundto@lastzeros=\count290
)) (/usr/local/texlive/2025/texmf-dist/tex/generic/pgf/math/pgfint.code.tex)
(/usr/local/texlive/2025/texmf-dist/tex/generic/pgf/basiclayer/pgfcorepoints.co
de.tex
File: pgfcorepoints.code.tex 2023-01-15 v3.1.10 (3.1.10)
\pgf@picminx=\dimen175
\pgf@picmaxx=\dimen176
\pgf@picminy=\dimen177
\pgf@picmaxy=\dimen178
\pgf@pathminx=\dimen179
\pgf@pathmaxx=\dimen180
\pgf@pathminy=\dimen181
\pgf@pathmaxy=\dimen182
\pgf@xx=\dimen183
\pgf@xy=\dimen184
\pgf@yx=\dimen185
\pgf@yy=\dimen186
\pgf@zx=\dimen187
\pgf@zy=\dimen188
)
(/usr/local/texlive/2025/texmf-dist/tex/generic/pgf/basiclayer/pgfcorepathconst
ruct.code.tex
File: pgfcorepathconstruct.code.tex 2023-01-15 v3.1.10 (3.1.10)
\pgf@path@lastx=\dimen189
\pgf@path@lasty=\dimen190
)
(/usr/local/texlive/2025/texmf-dist/tex/generic/pgf/basiclayer/pgfcorepathusage
.code.tex
File: pgfcorepathusage.code.tex 2023-01-15 v3.1.10 (3.1.10)
\pgf@shorten@end@additional=\dimen191
\pgf@shorten@start@additional=\dimen192
)
(/usr/local/texlive/2025/texmf-dist/tex/generic/pgf/basiclayer/pgfcorescopes.co
de.tex
File: pgfcorescopes.code.tex 2023-01-15 v3.1.10 (3.1.10)
\pgfpic=\box100
\pgf@hbox=\box101
\pgf@layerbox@main=\box102
\pgf@picture@serial@count=\count291
)
(/usr/local/texlive/2025/texmf-dist/tex/generic/pgf/basiclayer/pgfcoregraphicst
ate.code.tex
File: pgfcoregraphicstate.code.tex 2023-01-15 v3.1.10 (3.1.10)
\pgflinewidth=\dimen193
)
(/usr/local/texlive/2025/texmf-dist/tex/generic/pgf/basiclayer/pgfcoretransform
ations.code.tex
File: pgfcoretransformations.code.tex 2023-01-15 v3.1.10 (3.1.10)
\pgf@pt@x=\dimen194
\pgf@pt@y=\dimen195
\pgf@pt@temp=\dimen196
)
(/usr/local/texlive/2025/texmf-dist/tex/generic/pgf/basiclayer/pgfcorequick.cod
e.tex
File: pgfcorequick.code.tex 2023-01-15 v3.1.10 (3.1.10)
)
(/usr/local/texlive/2025/texmf-dist/tex/generic/pgf/basiclayer/pgfcoreobjects.c
ode.tex
File: pgfcoreobjects.code.tex 2023-01-15 v3.1.10 (3.1.10)
)
(/usr/local/texlive/2025/texmf-dist/tex/generic/pgf/basiclayer/pgfcorepathproce
ssing.code.tex
File: pgfcorepathprocessing.code.tex 2023-01-15 v3.1.10 (3.1.10)
)
(/usr/local/texlive/2025/texmf-dist/tex/generic/pgf/basiclayer/pgfcorearrows.co
de.tex
File: pgfcorearrows.code.tex 2023-01-15 v3.1.10 (3.1.10)
\pgfarrowsep=\dimen197
)
(/usr/local/texlive/2025/texmf-dist/tex/generic/pgf/basiclayer/pgfcoreshade.cod
e.tex
File: pgfcoreshade.code.tex 2023-01-15 v3.1.10 (3.1.10)
\pgf@max=\dimen198
\pgf@sys@shading@range@num=\count292
\pgf@shadingcount=\count293
)
(/usr/local/texlive/2025/texmf-dist/tex/generic/pgf/basiclayer/pgfcoreimage.cod
e.tex
File: pgfcoreimage.code.tex 2023-01-15 v3.1.10 (3.1.10)
)
(/usr/local/texlive/2025/texmf-dist/tex/generic/pgf/basiclayer/pgfcoreexternal.
code.tex
File: pgfcoreexternal.code.tex 2023-01-15 v3.1.10 (3.1.10)
\pgfexternal@startupbox=\box103
)
(/usr/local/texlive/2025/texmf-dist/tex/generic/pgf/basiclayer/pgfcorelayers.co
de.tex
File: pgfcorelayers.code.tex 2023-01-15 v3.1.10 (3.1.10)
)
(/usr/local/texlive/2025/texmf-dist/tex/generic/pgf/basiclayer/pgfcoretranspare
ncy.code.tex
File: pgfcoretransparency.code.tex 2023-01-15 v3.1.10 (3.1.10)
)
(/usr/local/texlive/2025/texmf-dist/tex/generic/pgf/basiclayer/pgfcorepatterns.
code.tex
File: pgfcorepatterns.code.tex 2023-01-15 v3.1.10 (3.1.10)
)
(/usr/local/texlive/2025/texmf-dist/tex/generic/pgf/basiclayer/pgfcorerdf.code.
tex
File: pgfcorerdf.code.tex 2023-01-15 v3.1.10 (3.1.10)
)))
(/usr/local/texlive/2025/texmf-dist/tex/generic/pgf/modules/pgfmoduleshapes.cod
e.tex
File: pgfmoduleshapes.code.tex 2023-01-15 v3.1.10 (3.1.10)
\pgfnodeparttextbox=\box104
)
(/usr/local/texlive/2025/texmf-dist/tex/generic/pgf/modules/pgfmoduleplot.code.
tex
File: pgfmoduleplot.code.tex 2023-01-15 v3.1.10 (3.1.10)
)
(/usr/local/texlive/2025/texmf-dist/tex/latex/pgf/compatibility/pgfcomp-version
-0-65.sty
Package: pgfcomp-version-0-65 2023-01-15 v3.1.10 (3.1.10)
\pgf@nodesepstart=\dimen199
\pgf@nodesepend=\dimen256
)
(/usr/local/texlive/2025/texmf-dist/tex/latex/pgf/compatibility/pgfcomp-version
-1-18.sty
Package: pgfcomp-version-1-18 2023-01-15 v3.1.10 (3.1.10)
))
(/usr/local/texlive/2025/texmf-dist/tex/latex/pgf/utilities/pgffor.sty
(/usr/local/texlive/2025/texmf-dist/tex/latex/pgf/utilities/pgfkeys.sty
(/usr/local/texlive/2025/texmf-dist/tex/generic/pgf/utilities/pgfkeys.code.tex)
) (/usr/local/texlive/2025/texmf-dist/tex/latex/pgf/math/pgfmath.sty
(/usr/local/texlive/2025/texmf-dist/tex/generic/pgf/math/pgfmath.code.tex))
(/usr/local/texlive/2025/texmf-dist/tex/generic/pgf/utilities/pgffor.code.tex
Package: pgffor 2023-01-15 v3.1.10 (3.1.10)
\pgffor@iter=\dimen257
\pgffor@skip=\dimen258
\pgffor@stack=\toks30
\pgffor@toks=\toks31
))
(/usr/local/texlive/2025/texmf-dist/tex/generic/pgf/frontendlayer/tikz/tikz.cod
e.tex
Package: tikz 2023-01-15 v3.1.10 (3.1.10)

(/usr/local/texlive/2025/texmf-dist/tex/generic/pgf/libraries/pgflibraryplothan
dlers.code.tex
File: pgflibraryplothandlers.code.tex 2023-01-15 v3.1.10 (3.1.10)
\pgf@plot@mark@count=\count294
\pgfplotmarksize=\dimen259
)
\tikz@lastx=\dimen260
\tikz@lasty=\dimen261
\tikz@lastxsaved=\dimen262
\tikz@lastysaved=\dimen263
\tikz@lastmovetox=\dimen264
\tikz@lastmovetoy=\dimen265
\tikzleveldistance=\dimen266
\tikzsiblingdistance=\dimen267
\tikz@figbox=\box105
\tikz@figbox@bg=\box106
\tikz@tempbox=\box107
\tikz@tempbox@bg=\box108
\tikztreelevel=\count295
\tikznumberofchildren=\count296
\tikznumberofcurrentchild=\count297
\tikz@fig@count=\count298

(/usr/local/texlive/2025/texmf-dist/tex/generic/pgf/modules/pgfmodulematrix.cod
e.tex
File: pgfmodulematrix.code.tex 2023-01-15 v3.1.10 (3.1.10)
\pgfmatrixcurrentrow=\count299
\pgfmatrixcurrentcolumn=\count300
\pgf@matrix@numberofcolumns=\count301
)
\tikz@expandcount=\count302

(/usr/local/texlive/2025/texmf-dist/tex/generic/pgf/frontendlayer/tikz/librarie
s/tikzlibrarytopaths.code.tex
File: tikzlibrarytopaths.code.tex 2023-01-15 v3.1.10 (3.1.10)
)))
(/usr/local/texlive/2025/texmf-dist/tex/latex/tools/verbatim.sty
Package: verbatim 2024-01-22 v1.5x LaTeX2e package for verbatim enhancements
\every@verbatim=\toks32
\verbatim@line=\toks33
\verbatim@in@stream=\read4
)
(/usr/local/texlive/2025/texmf-dist/tex/latex/environ/environ.sty
Package: environ 2014/05/04 v0.3 A new way to define environments

(/usr/local/texlive/2025/texmf-dist/tex/latex/trimspaces/trimspaces.sty
Package: trimspaces 2009/09/17 v1.1 Trim spaces around a token list
)
\@envbody=\toks34
)
(/usr/local/texlive/2025/texmf-dist/tex/latex/etoolbox/etoolbox.sty
Package: etoolbox 2025/02/11 v2.5l e-TeX tools for LaTeX (JAW)
\etb@tempcnta=\count303
)
\tcb@titlebox=\box109
\tcb@upperbox=\box110
\tcb@lowerbox=\box111
\tcb@phantombox=\box112
\c@tcbbreakpart=\count304
\c@tcblayer=\count305
\c@tcolorbox@number=\count306
\l__tcobox_tmpa_box=\box113
\l__tcobox_tmpa_dim=\dimen268
\tcb@temp=\box114
\tcb@temp=\box115
\tcb@temp=\box116
\tcb@temp=\box117
)
(/usr/local/texlive/2025/texmf-dist/tex/latex/eso-pic/eso-pic.sty
Package: eso-pic 2023/05/03 v3.0c eso-pic (RN)
\ESO@tempdima=\dimen269
\ESO@tempdimb=\dimen270
)
(/usr/local/texlive/2025/texmf-dist/tex/latex/fontspec/fontspec.sty
(/usr/local/texlive/2025/texmf-dist/tex/latex/l3packages/xparse/xparse.sty
(/usr/local/texlive/2025/texmf-dist/tex/latex/l3kernel/expl3.sty
Package: expl3 2025-01-18 L3 programming layer (loader) 

(/usr/local/texlive/2025/texmf-dist/tex/latex/l3backend/l3backend-xetex.def
File: l3backend-xetex.def 2024-05-08 L3 backend support: XeTeX
\g__graphics_track_int=\count307
\l__pdf_internal_box=\box118
\g__pdf_backend_annotation_int=\count308
\g__pdf_backend_link_int=\count309
))
Package: xparse 2024-08-16 L3 Experimental document command parser
)
Package: fontspec 2024/05/11 v2.9e Font selection for XeLaTeX and LuaLaTeX

(/usr/local/texlive/2025/texmf-dist/tex/latex/fontspec/fontspec-xetex.sty
Package: fontspec-xetex 2024/05/11 v2.9e Font selection for XeLaTeX and LuaLaTe
X
\l__fontspec_script_int=\count310
\l__fontspec_language_int=\count311
\l__fontspec_strnum_int=\count312
\l__fontspec_tmp_int=\count313
\l__fontspec_tmpa_int=\count314
\l__fontspec_tmpb_int=\count315
\l__fontspec_tmpc_int=\count316
\l__fontspec_em_int=\count317
\l__fontspec_emdef_int=\count318
\l__fontspec_strong_int=\count319
\l__fontspec_strongdef_int=\count320
\l__fontspec_tmpa_dim=\dimen271
\l__fontspec_tmpb_dim=\dimen272
\l__fontspec_tmpc_dim=\dimen273

(/usr/local/texlive/2025/texmf-dist/tex/latex/base/fontenc.sty
Package: fontenc 2021/04/29 v2.0v Standard LaTeX package
)
(/usr/local/texlive/2025/texmf-dist/tex/latex/fontspec/fontspec.cfg)))
(/usr/local/texlive/2025/texmf-dist/tex/generic/pgf/frontendlayer/tikz/librarie
s/tikzlibrarycalc.code.tex
File: tikzlibrarycalc.code.tex 2023-01-15 v3.1.10 (3.1.10)
)

Package fontspec Info: 
(fontspec)             Font family 'LatinModernRoman(0)' created for font
(fontspec)             'Latin Modern Roman' with options
(fontspec)             [Ligatures=TeX,Path=../../font/latin-modern-roman/,Exten
sion=.otf,UprightFont=lmroman10-regular,BoldFont=lmroman10-bold,ItalicFont=lmro
man10-italic,BoldItalicFont=lmroman10-bolditalic].
(fontspec)              
(fontspec)              This font family consists of the following NFSS
(fontspec)             series/shapes:
(fontspec)              
(fontspec)             - 'normal' (m/n) with NFSS spec.:
(fontspec)             <->"[../../font/latin-modern-roman/lmroman10-regular.otf
]/OT:script=latn;language=dflt;mapping=tex-text;"
(fontspec)             - 'bold' (b/n) with NFSS spec.:
(fontspec)             <->"[../../font/latin-modern-roman/lmroman10-bold.otf]/O
T:script=latn;language=dflt;mapping=tex-text;"
(fontspec)             - 'italic' (m/it) with NFSS spec.:
(fontspec)             <->"[../../font/latin-modern-roman/lmroman10-italic.otf]
/OT:script=latn;language=dflt;mapping=tex-text;"
(fontspec)             - 'bold italic' (b/it) with NFSS spec.:
(fontspec)             <->"[../../font/latin-modern-roman/lmroman10-bolditalic.
otf]/OT:script=latn;language=dflt;mapping=tex-text;"


Package fontspec Info: 
(fontspec)             Font family 'LatinModernSans(0)' created for font
(fontspec)             'Latin Modern Sans' with options
(fontspec)             [Ligatures=TeX,Path=../../font/Latin-Modern-Sans/,Extens
ion=.otf,UprightFont=lmsans10-regular,BoldFont=lmsans10-bold,ItalicFont=lmsans1
0-oblique,BoldItalicFont=lmsans10-boldoblique].
(fontspec)              
(fontspec)              This font family consists of the following NFSS
(fontspec)             series/shapes:
(fontspec)              
(fontspec)             - 'normal' (m/n) with NFSS spec.:
(fontspec)             <->"[../../font/Latin-Modern-Sans/lmsans10-regular.otf]/
OT:script=latn;language=dflt;mapping=tex-text;"
(fontspec)             - 'bold' (b/n) with NFSS spec.:
(fontspec)             <->"[../../font/Latin-Modern-Sans/lmsans10-bold.otf]/OT:
script=latn;language=dflt;mapping=tex-text;"
(fontspec)             - 'italic' (m/it) with NFSS spec.:
(fontspec)             <->"[../../font/Latin-Modern-Sans/lmsans10-oblique.otf]/
OT:script=latn;language=dflt;mapping=tex-text;"
(fontspec)             - 'bold italic' (b/it) with NFSS spec.:
(fontspec)             <->"[../../font/Latin-Modern-Sans/lmsans10-boldoblique.o
tf]/OT:script=latn;language=dflt;mapping=tex-text;"


Package fontspec Info: 
(fontspec)             Font family 'UTM-Impact.ttf(0)' created for font
(fontspec)             'UTM-Impact.ttf' with options [Path = ./,Extension =
(fontspec)             .ttf,UprightFont = UTM-Impact].
(fontspec)              
(fontspec)              This font family consists of the following NFSS
(fontspec)             series/shapes:
(fontspec)              
(fontspec)             - 'normal' (m/n) with NFSS spec.:
(fontspec)             <->"[./UTM-Impact.ttf]/OT:language=dflt;"


Package fontspec Info: 
(fontspec)             Times New Roman scale = 0.9636299023440277.


Package fontspec Info: 
(fontspec)             Times New Roman scale = 0.9636299023440277.


Package fontspec Info: 
(fontspec)             Times New Roman/B scale = 0.9440481727713549.


Package fontspec Info: 
(fontspec)             Times New Roman/I scale = 1.001912475428977.


Package fontspec Info: 
(fontspec)             Times New Roman/BI scale = 0.9818519945425632.


Package fontspec Info: 
(fontspec)             Font family 'TimesNewRoman(0)' created for font 'Times
(fontspec)             New Roman' with options [Scale=MatchLowercase].
(fontspec)              
(fontspec)              This font family consists of the following NFSS
(fontspec)             series/shapes:
(fontspec)              
(fontspec)             - 'normal' (m/n) with NFSS spec.:
(fontspec)             <->s*[0.9636299023440277]"Times New
(fontspec)             Roman/OT:script=latn;language=dflt;"
(fontspec)             - 'bold' (b/n) with NFSS spec.:
(fontspec)             <->s*[0.9440481727713549]"Times New
(fontspec)             Roman/B/OT:script=latn;language=dflt;"
(fontspec)             - 'italic' (m/it) with NFSS spec.:
(fontspec)             <->s*[1.001912475428977]"Times New
(fontspec)             Roman/I/OT:script=latn;language=dflt;"
(fontspec)             - 'bold italic' (b/it) with NFSS spec.:
(fontspec)             <->s*[0.9818519945425632]"Times New
(fontspec)             Roman/BI/OT:script=latn;language=dflt;"

) (./healthVocab.aux)
\openout1 = `healthVocab.aux'.

LaTeX Font Info:    Checking defaults for OML/cmm/m/it on input line 11.
LaTeX Font Info:    ... okay on input line 11.
LaTeX Font Info:    Checking defaults for OMS/cmsy/m/n on input line 11.
LaTeX Font Info:    ... okay on input line 11.
LaTeX Font Info:    Checking defaults for OT1/cmr/m/n on input line 11.
LaTeX Font Info:    ... okay on input line 11.
LaTeX Font Info:    Checking defaults for T1/cmr/m/n on input line 11.
LaTeX Font Info:    ... okay on input line 11.
LaTeX Font Info:    Checking defaults for TS1/cmr/m/n on input line 11.
LaTeX Font Info:    ... okay on input line 11.
LaTeX Font Info:    Checking defaults for TU/lmr/m/n on input line 11.
LaTeX Font Info:    ... okay on input line 11.
LaTeX Font Info:    Checking defaults for OMX/cmex/m/n on input line 11.
LaTeX Font Info:    ... okay on input line 11.
LaTeX Font Info:    Checking defaults for U/cmr/m/n on input line 11.
LaTeX Font Info:    ... okay on input line 11.

*geometry* driver: auto-detecting
*geometry* detected driver: xetex
*geometry* verbose mode - [ preamble ] result:
* driver: xetex
* paper: a4paper
* layout: <same size as paper>
* layoutoffset:(h,v)=(0.0pt,0.0pt)
* modes: includehead includefoot 
* h-part:(L,W,R)=(56.9055pt, 483.69687pt, 56.9055pt)
* v-part:(T,H,B)=(0.0pt, 845.04684pt, 0.0pt)
* \paperwidth=597.50787pt
* \paperheight=845.04684pt
* \textwidth=483.69687pt
* \textheight=727.36772pt
* \oddsidemargin=-15.36449pt
* \evensidemargin=-15.36449pt
* \topmargin=-72.26999pt
* \headheight=40.0pt
* \headsep=25.0pt
* \topskip=12.0pt
* \footskip=42.67912pt
* \marginparwidth=35.0pt
* \marginparsep=10.0pt
* \columnsep=42.67912pt
* \skip\footins=10.8pt plus 4.0pt minus 2.0pt
* \hoffset=0.0pt
* \voffset=0.0pt
* \mag=1000
* \@twocolumnfalse
* \@twosidefalse
* \@mparswitchfalse
* \@reversemarginfalse
* (1in=72.27pt=25.4mm, 1cm=28.453pt)


Package fontspec Info: 
(fontspec)             Adjusting the maths setup (use [no-math] to avoid
(fontspec)             this).

\symlegacymaths=\mathgroup4
LaTeX Font Info:    Overwriting symbol font `legacymaths' in version `bold'
(Font)                  OT1/cmr/m/n --> OT1/cmr/bx/n on input line 11.
LaTeX Font Info:    Redeclaring math accent \acute on input line 11.
LaTeX Font Info:    Redeclaring math accent \grave on input line 11.
LaTeX Font Info:    Redeclaring math accent \ddot on input line 11.
LaTeX Font Info:    Redeclaring math accent \tilde on input line 11.
LaTeX Font Info:    Redeclaring math accent \bar on input line 11.
LaTeX Font Info:    Redeclaring math accent \breve on input line 11.
LaTeX Font Info:    Redeclaring math accent \check on input line 11.
LaTeX Font Info:    Redeclaring math accent \hat on input line 11.
LaTeX Font Info:    Redeclaring math accent \dot on input line 11.
LaTeX Font Info:    Redeclaring math accent \mathring on input line 11.
LaTeX Font Info:    Redeclaring math symbol \colon on input line 11.
LaTeX Font Info:    Redeclaring math symbol \Gamma on input line 11.
LaTeX Font Info:    Redeclaring math symbol \Delta on input line 11.
LaTeX Font Info:    Redeclaring math symbol \Theta on input line 11.
LaTeX Font Info:    Redeclaring math symbol \Lambda on input line 11.
LaTeX Font Info:    Redeclaring math symbol \Xi on input line 11.
LaTeX Font Info:    Redeclaring math symbol \Pi on input line 11.
LaTeX Font Info:    Redeclaring math symbol \Sigma on input line 11.
LaTeX Font Info:    Redeclaring math symbol \Upsilon on input line 11.
LaTeX Font Info:    Redeclaring math symbol \Phi on input line 11.
LaTeX Font Info:    Redeclaring math symbol \Psi on input line 11.
LaTeX Font Info:    Redeclaring math symbol \Omega on input line 11.
LaTeX Font Info:    Redeclaring math symbol \mathdollar on input line 11.
LaTeX Font Info:    Redeclaring symbol font `operators' on input line 11.
LaTeX Font Info:    Encoding `OT1' has changed to `TU' for symbol font
(Font)              `operators' in the math version `normal' on input line 11.
LaTeX Font Info:    Overwriting symbol font `operators' in version `normal'
(Font)                  OT1/cmr/m/n --> TU/LatinModernRoman(0)/m/n on input lin
e 11.
LaTeX Font Info:    Encoding `OT1' has changed to `TU' for symbol font
(Font)              `operators' in the math version `bold' on input line 11.
LaTeX Font Info:    Overwriting symbol font `operators' in version `bold'
(Font)                  OT1/cmr/bx/n --> TU/LatinModernRoman(0)/m/n on input li
ne 11.
LaTeX Font Info:    Overwriting symbol font `operators' in version `normal'
(Font)                  TU/LatinModernRoman(0)/m/n --> TU/LatinModernRoman(0)/m
/n on input line 11.
LaTeX Font Info:    Overwriting math alphabet `\mathit' in version `normal'
(Font)                  OT1/cmr/m/it --> TU/LatinModernRoman(0)/m/it on input l
ine 11.
LaTeX Font Info:    Overwriting math alphabet `\mathbf' in version `normal'
(Font)                  OT1/cmr/bx/n --> TU/LatinModernRoman(0)/b/n on input li
ne 11.
LaTeX Font Info:    Overwriting math alphabet `\mathsf' in version `normal'
(Font)                  OT1/cmss/m/n --> TU/LatinModernSans(0)/m/n on input lin
e 11.
LaTeX Font Info:    Overwriting math alphabet `\mathtt' in version `normal'
(Font)                  OT1/cmtt/m/n --> TU/lmtt/m/n on input line 11.
LaTeX Font Info:    Overwriting symbol font `operators' in version `bold'
(Font)                  TU/LatinModernRoman(0)/m/n --> TU/LatinModernRoman(0)/b
/n on input line 11.
LaTeX Font Info:    Overwriting math alphabet `\mathit' in version `bold'
(Font)                  OT1/cmr/bx/it --> TU/LatinModernRoman(0)/b/it on input 
line 11.
LaTeX Font Info:    Overwriting math alphabet `\mathsf' in version `bold'
(Font)                  OT1/cmss/bx/n --> TU/LatinModernSans(0)/b/n on input li
ne 11.
LaTeX Font Info:    Overwriting math alphabet `\mathtt' in version `bold'
(Font)                  OT1/cmtt/m/n --> TU/lmtt/b/n on input line 11.
(./data.tex
LaTeX Font Info:    Font shape `TU/TimesNewRoman(0)/m/n' will be
(Font)              scaled to size 11.56348pt on input line 9.
LaTeX Font Info:    Font shape `TU/TimesNewRoman(0)/m/it' will be
(Font)              scaled to size 12.02289pt on input line 9.

Underfull \hbox (badness 10000) in paragraph at lines 9--9
[]\TU/LatinModernSans(0)/b/n/14.4 Chronic[] \TU/TimesNewRoman(0)/m/it/12 /ˈkrɑː
nɪk/ (adj) \TU/LatinModernRoman(0)/m/n/12 — (Of an
 []


Underfull \hbox (badness 10000) in paragraph at lines 9--9
[]\TU/LatinModernRoman(0)/b/it/12 Example: \TU/LatinModernRoman(0)/m/it/12 Chro
nic back pain can
 []


Underfull \hbox (badness 10000) in paragraph at lines 15--15
[]\TU/LatinModernSans(0)/b/n/14.4 Diagnosis[] \TU/TimesNewRoman(0)/m/it/12 /ˌda
ɪəɡˈnoʊsɪs/ (n) \TU/LatinModernRoman(0)/m/n/12 — The
 []


Underfull \hbox (badness 10000) in paragraph at lines 21--21
[]\TU/LatinModernSans(0)/b/n/14.4 Prescription[] \TU/TimesNewRoman(0)/m/it/12 /
prɪˈskrɪpʃn/ (n) \TU/LatinModernRoman(0)/m/n/12 — An
 []


Underfull \hbox (badness 10000) in paragraph at lines 21--21
\TU/LatinModernRoman(0)/m/n/12 instruction written by a medical
 []


Underfull \hbox (badness 10000) in paragraph at lines 21--21
[]\TU/LatinModernRoman(0)/b/it/12 Example: \TU/LatinModernRoman(0)/m/it/12 You 
cannot buy these
 []


Underfull \hbox (badness 10000) in paragraph at lines 27--27
[]\TU/LatinModernSans(0)/b/n/14.4 Vaccination[] \TU/TimesNewRoman(0)/m/it/12 /ˌ
væksɪˈneɪʃn/ (n) \TU/LatinModernRoman(0)/m/n/12 —
 []


Overfull \hbox (13.99991pt too wide) in paragraph at lines 33--33
[]\TU/LatinModernSans(0)/b/n/14.4 Epidemic[] \TU/TimesNewRoman(0)/m/it/12 /ˌepɪ
ˈdemɪk/ (n) \TU/LatinModernRoman(0)/m/n/12 — A widespread
 []


Underfull \hbox (badness 7273) in paragraph at lines 51--51
\TU/LatinModernRoman(0)/m/n/12 of providing or obtaining the food
 []


Underfull \hbox (badness 10000) in paragraph at lines 63--63
[]\TU/LatinModernSans(0)/b/n/14.4 Sedentary[] \TU/TimesNewRoman(0)/m/it/12 /ˈse
dnteri/ (adj) \TU/LatinModernRoman(0)/m/n/12 — (Of a
 []


Underfull \hbox (badness 10000) in paragraph at lines 69--69
[]\TU/LatinModernSans(0)/b/n/14.4 Therapy[] \TU/TimesNewRoman(0)/m/it/12 /ˈθerə
pi/ (n) \TU/LatinModernRoman(0)/m/n/12 — Treatment
 []

File: ../wm/logoTF.png Graphic file (type bmp)
<../wm/logoTF.png>
[1

]
Underfull \hbox (badness 10000) in paragraph at lines 75--75
[]\TU/LatinModernSans(0)/b/n/14.4 Antibiotic[] \TU/TimesNewRoman(0)/m/it/12 /ˌæ
ntibaɪˈɑːtɪk/ (n) \TU/LatinModernRoman(0)/m/n/12 — A
 []


Underfull \hbox (badness 10000) in paragraph at lines 87--87
[]\TU/LatinModernSans(0)/b/n/14.4 Infectious[] \TU/TimesNewRoman(0)/m/it/12 /ɪn
ˈfekʃəs/ (adj) \TU/LatinModernRoman(0)/m/n/12 — (Of a
 []


Overfull \hbox (4.24023pt too wide) in paragraph at lines 105--105
[]\TU/LatinModernSans(0)/b/n/14.4 Fatigue[] \TU/TimesNewRoman(0)/m/it/12 /fəˈti
ːɡ/ (n) \TU/LatinModernRoman(0)/m/n/12 — Extreme tiredness
 []


Underfull \hbox (badness 10000) in paragraph at lines 105--105
\TU/LatinModernRoman(0)/m/it/12 symptom of an underlying medical
 []


Underfull \hbox (badness 10000) in paragraph at lines 123--123
[]\TU/LatinModernSans(0)/b/n/14.4 Rehabilitation[] \TU/TimesNewRoman(0)/m/it/12
 /ˌriːəˌbɪlɪˈteɪʃn/ (n) \TU/LatinModernRoman(0)/m/n/12 —
 []


Underfull \hbox (badness 10000) in paragraph at lines 123--123
[]\TU/LatinModernRoman(0)/b/it/12 Example: \TU/LatinModernRoman(0)/m/it/12 The 
center provides
 []


Underfull \hbox (badness 10000) in paragraph at lines 123--123
\TU/LatinModernRoman(0)/m/it/12 rehabilitation services for patients
 []


Underfull \hbox (badness 10000) in paragraph at lines 135--135
[]\TU/LatinModernSans(0)/b/n/14.4 Ailment[] \TU/TimesNewRoman(0)/m/it/12 /ˈeɪlm
ənt/ (n) \TU/LatinModernRoman(0)/m/n/12 — An illness,
 []


Underfull \hbox (badness 10000) in paragraph at lines 141--141
[]\TU/LatinModernSans(0)/b/n/14.4 Allergy[] \TU/TimesNewRoman(0)/m/it/12 /ˈælər
dʒi/ (n) \TU/LatinModernRoman(0)/m/n/12 — A damaging
 []

File: ../wm/logoTF.png Graphic file (type bmp)
<../wm/logoTF.png>
[2]
Underfull \hbox (badness 10000) in paragraph at lines 147--147
[]\TU/LatinModernSans(0)/b/n/14.4 Ambulance[] \TU/TimesNewRoman(0)/m/it/12 /ˈæm
bjələns/ (n) \TU/LatinModernRoman(0)/m/n/12 — A
 []


Underfull \hbox (badness 7576) in paragraph at lines 153--153
[]\TU/LatinModernSans(0)/b/n/14.4 Anemia[] \TU/TimesNewRoman(0)/m/it/12 /əˈniːm
iə/ (n) \TU/LatinModernRoman(0)/m/n/12 — A condition
 []


Underfull \hbox (badness 10000) in paragraph at lines 153--153
[]\TU/LatinModernRoman(0)/b/it/12 Example: \TU/LatinModernRoman(0)/m/it/12 She 
was diagnosed with
 []


Overfull \hbox (23.4933pt too wide) in paragraph at lines 159--159
[]\TU/LatinModernSans(0)/b/n/14.4 Anesthesia[] \TU/TimesNewRoman(0)/m/it/12 /ˌæ
nəsˈθiːʒə/ (n) \TU/LatinModernRoman(0)/m/n/12 — Insensitivity
 []


Underfull \hbox (badness 10000) in paragraph at lines 165--165
[]\TU/LatinModernSans(0)/b/n/14.4 Antiseptic[] \TU/TimesNewRoman(0)/m/it/12 /ˌæ
ntiˈseptɪk/ (n) \TU/LatinModernRoman(0)/m/n/12 — A
 []


Underfull \hbox (badness 10000) in paragraph at lines 177--177
[]\TU/LatinModernSans(0)/b/n/14.4 Appetite[] \TU/TimesNewRoman(0)/m/it/12 /ˈæpɪ
taɪt/ (n) \TU/LatinModernRoman(0)/m/n/12 — A natural
 []


Underfull \hbox (badness 10000) in paragraph at lines 183--183
[]\TU/LatinModernSans(0)/b/n/14.4 Artery[] \TU/TimesNewRoman(0)/m/it/12 /ˈɑːrtə
ri/ (n) \TU/LatinModernRoman(0)/m/n/12 — Any of the
 []


Underfull \hbox (badness 6575) in paragraph at lines 189--189
[]\TU/LatinModernSans(0)/b/n/14.4 Asthma[] \TU/TimesNewRoman(0)/m/it/12 /ˈæzmə/
 (n) \TU/LatinModernRoman(0)/m/n/12 — A respiratory
 []


Underfull \hbox (badness 10000) in paragraph at lines 195--195
[]\TU/LatinModernSans(0)/b/n/14.4 Bacteria[] \TU/TimesNewRoman(0)/m/it/12 /bækˈ
tɪriə/ (n) \TU/LatinModernRoman(0)/m/n/12 — Unicellular
 []


Underfull \hbox (badness 7522) in paragraph at lines 213--213
\TU/LatinModernRoman(0)/m/n/12 The pressure of the blood in the
 []


Underfull \hbox (badness 10000) in paragraph at lines 213--213
[]\TU/LatinModernRoman(0)/b/it/12 Example: \TU/LatinModernRoman(0)/m/it/12 High
 blood pressure can
 []


Underfull \hbox (badness 7759) in paragraph at lines 219--219
[]\TU/LatinModernSans(0)/b/n/14.4 Blood vessel[] \TU/TimesNewRoman(0)/m/it/12 /
ˈblʌd ˌvesl/ (n) \TU/LatinModernRoman(0)/m/n/12 — A
 []


Underfull \hbox (badness 10000) in paragraph at lines 219--219
[]\TU/LatinModernRoman(0)/b/it/12 Example: \TU/LatinModernRoman(0)/m/it/12 Smal
l blood vessels are
 []

File: ../wm/logoTF.png Graphic file (type bmp)
<../wm/logoTF.png>
[3]
Underfull \hbox (badness 10000) in paragraph at lines 237--237
[]\TU/LatinModernSans(0)/b/n/14.4 Brainstorm[] \TU/TimesNewRoman(0)/m/it/12 /ˈb
reɪnstɔːrm/ (n) \TU/LatinModernRoman(0)/m/n/12 — A
 []


Underfull \hbox (badness 6157) in paragraph at lines 237--237
\TU/LatinModernRoman(0)/m/it/12 lead to a temporary brainstorm or
 []


Overfull \hbox (25.70073pt too wide) in paragraph at lines 243--243
[]\TU/LatinModernSans(0)/b/n/14.4 Bronchitis[] \TU/TimesNewRoman(0)/m/it/12 /br
ɑːŋˈkaɪtɪs/ (n) \TU/LatinModernRoman(0)/m/n/12 — Inflammation
 []


Underfull \hbox (badness 10000) in paragraph at lines 249--249
[]\TU/LatinModernSans(0)/b/n/14.4 Bruise[] \TU/TimesNewRoman(0)/m/it/12 /bruːz/
 (n) \TU/LatinModernRoman(0)/m/n/12 — An injury
 []


Underfull \hbox (badness 10000) in paragraph at lines 261--261
[]\TU/LatinModernSans(0)/b/n/14.4 Cancer[] \TU/TimesNewRoman(0)/m/it/12 /ˈkænsə
r/ (n) \TU/LatinModernRoman(0)/m/n/12 — A disease
 []


Underfull \hbox (badness 10000) in paragraph at lines 273--273
[]\TU/LatinModernSans(0)/b/n/14.4 Carbohydrate[] \TU/TimesNewRoman(0)/m/it/12 /
ˌkɑːrboʊˈhaɪdreɪt/ (n)
 []


Underfull \hbox (badness 10000) in paragraph at lines 273--273
[]\TU/LatinModernRoman(0)/b/it/12 Example: \TU/LatinModernRoman(0)/m/it/12 Athl
etes often eat high-
 []


Underfull \hbox (badness 10000) in paragraph at lines 285--285
[]\TU/LatinModernSans(0)/b/n/14.4 Cardiovascular[] \TU/TimesNewRoman(0)/m/it/12
 /ˌkɑːrdioʊˈvæskjələr/
 []


Underfull \hbox (badness 10000) in paragraph at lines 291--291
[]\TU/LatinModernSans(0)/b/n/14.4 Casualty[] \TU/TimesNewRoman(0)/m/it/12 /ˈkæʒ
uəlti/ (n) \TU/LatinModernRoman(0)/m/n/12 — A person
 []


Underfull \hbox (badness 10000) in paragraph at lines 291--291
[]\TU/LatinModernRoman(0)/b/it/12 Example: \TU/LatinModernRoman(0)/m/it/12 The 
casualties were
 []


Underfull \hbox (badness 10000) in paragraph at lines 297--297
[]\TU/LatinModernSans(0)/b/n/14.4 Checkup[] \TU/TimesNewRoman(0)/m/it/12 /ˈtʃek
ʌp/ (n) \TU/LatinModernRoman(0)/m/n/12 — A thorough
 []


Underfull \hbox (badness 7203) in paragraph at lines 303--303
[]\TU/LatinModernSans(0)/b/n/14.4 Chemotherapy[] \TU/TimesNewRoman(0)/m/it/12 /
ˌkiːmoʊˈθerəpi/ (n) \TU/LatinModernRoman(0)/m/n/12 —
 []


Underfull \hbox (badness 10000) in paragraph at lines 309--309
[]\TU/LatinModernSans(0)/b/n/14.4 Cholesterol[] \TU/TimesNewRoman(0)/m/it/12 /k
əˈlestərɔːl/ (n) \TU/LatinModernRoman(0)/m/n/12 — A
 []

File: ../wm/logoTF.png Graphic file (type bmp)
<../wm/logoTF.png>
[4]
Underfull \hbox (badness 5548) in paragraph at lines 333--333
\TU/LatinModernRoman(0)/m/n/12 disease) spread from one person or
 []


Underfull \hbox (badness 10000) in paragraph at lines 333--333
[]\TU/LatinModernRoman(0)/b/it/12 Example: \TU/LatinModernRoman(0)/m/it/12 Chic
kenpox is extremely
 []


Underfull \hbox (badness 10000) in paragraph at lines 339--339
[]\TU/LatinModernSans(0)/b/n/14.4 Convalescence[] \TU/TimesNewRoman(0)/m/it/12 
/ˌkɑːnvəˈlesns/ (n) \TU/LatinModernRoman(0)/m/n/12 —
 []


Underfull \hbox (badness 10000) in paragraph at lines 357--357
[]\TU/LatinModernSans(0)/b/n/14.4 Dehydration[] \TU/TimesNewRoman(0)/m/it/12 /ˌ
diːhaɪˈdreɪʃn/ (n) \TU/LatinModernRoman(0)/m/n/12 — A
 []


Underfull \hbox (badness 10000) in paragraph at lines 363--363
[]\TU/LatinModernRoman(0)/b/it/12 Example: \TU/LatinModernRoman(0)/m/it/12 Alzh
eimer’s is the most
 []


Underfull \hbox (badness 10000) in paragraph at lines 369--369
[]\TU/LatinModernSans(0)/b/n/14.4 Dentistry[] \TU/TimesNewRoman(0)/m/it/12 /ˈde
ntɪstri/ (n) \TU/LatinModernRoman(0)/m/n/12 — The
 []


Underfull \hbox (badness 10000) in paragraph at lines 375--375
\TU/LatinModernRoman(0)/m/n/12 health disorder characterized by
 []


Underfull \hbox (badness 10000) in paragraph at lines 381--381
[]\TU/LatinModernSans(0)/b/n/14.4 Dermatologist[] \TU/TimesNewRoman(0)/m/it/12 
/ˌdɜːrməˈtɑːlədʒɪst/ (n)
 []

File: ../wm/logoTF.png Graphic file (type bmp)
<../wm/logoTF.png>
[5]
Underfull \hbox (badness 10000) in paragraph at lines 405--405
[]\TU/LatinModernSans(0)/b/n/14.4 Digest[] \TU/TimesNewRoman(0)/m/it/12 /daɪˈdʒ
est/ (v) \TU/LatinModernRoman(0)/m/n/12 — Break down
 []


Underfull \hbox (badness 10000) in paragraph at lines 405--405
\TU/LatinModernRoman(0)/m/n/12 food in the alimentary canal into
 []


Underfull \hbox (badness 5893) in paragraph at lines 423--423
[]\TU/LatinModernSans(0)/b/n/14.4 Dose[] \TU/TimesNewRoman(0)/m/it/12 /doʊs/ (n
) \TU/LatinModernRoman(0)/m/n/12 — A quantity of a
 []


Underfull \hbox (badness 10000) in paragraph at lines 429--429
[]\TU/LatinModernSans(0)/b/n/14.4 Drugstore[] \TU/TimesNewRoman(0)/m/it/12 /ˈdr
ʌɡstɔːr/ (n) \TU/LatinModernRoman(0)/m/n/12 — A shop
 []


Underfull \hbox (badness 10000) in paragraph at lines 435--435
[]\TU/LatinModernSans(0)/b/n/14.4 Dyslexia[] \TU/TimesNewRoman(0)/m/it/12 /dɪsˈ
leksiə/ (n) \TU/LatinModernRoman(0)/m/n/12 — A general
 []


Underfull \hbox (badness 10000) in paragraph at lines 459--459
[]\TU/LatinModernSans(0)/b/n/14.4 Emergency[] \TU/TimesNewRoman(0)/m/it/12 /ɪˈm
ɜːrdʒənsi/ (n) \TU/LatinModernRoman(0)/m/n/12 — A
 []


Underfull \hbox (badness 10000) in paragraph at lines 489--489
[]\TU/LatinModernSans(0)/b/n/14.4 Examination[] \TU/TimesNewRoman(0)/m/it/12 /ɪ
ɡˌzæmɪˈneɪʃn/ (n) \TU/LatinModernRoman(0)/m/n/12 — A
 []

File: ../wm/logoTF.png Graphic file (type bmp)
<../wm/logoTF.png>
[6]
Underfull \hbox (badness 10000) in paragraph at lines 495--495
[]\TU/LatinModernSans(0)/b/n/14.4 Exercise[] \TU/TimesNewRoman(0)/m/it/12 /ˈeks
ərsaɪz/ (n/v) \TU/LatinModernRoman(0)/m/n/12 — Activity
 []


Underfull \hbox (badness 10000) in paragraph at lines 519--519
[]\TU/LatinModernSans(0)/b/n/14.4 Fever[] \TU/TimesNewRoman(0)/m/it/12 /ˈfiːvər
/ (n) \TU/LatinModernRoman(0)/m/n/12 — An abnormally
 []


Underfull \hbox (badness 10000) in paragraph at lines 537--537
[]\TU/LatinModernSans(0)/b/n/14.4 Flu[] \TU/TimesNewRoman(0)/m/it/12 /fluː/ (n)
 \TU/LatinModernRoman(0)/m/n/12 — Influenza; a highly
 []


Underfull \hbox (badness 10000) in paragraph at lines 537--537
\TU/LatinModernRoman(0)/m/n/12 contagious viral infection of the
 []


Underfull \hbox (badness 10000) in paragraph at lines 543--543
[]\TU/LatinModernSans(0)/b/n/14.4 Fracture[] \TU/TimesNewRoman(0)/m/it/12 /ˈfræ
ktʃər/ (n/v) \TU/LatinModernRoman(0)/m/n/12 — The
 []


Underfull \hbox (badness 10000) in paragraph at lines 555--555
[]\TU/LatinModernSans(0)/b/n/14.4 General practitioner[] \TU/TimesNewRoman(0)/m
/it/12 /ˌdʒenrəl
 []


Underfull \hbox (badness 10000) in paragraph at lines 579--579
[]\TU/LatinModernSans(0)/b/n/14.4 Glucose[] \TU/TimesNewRoman(0)/m/it/12 /ˈɡluː
koʊs/ (n) \TU/LatinModernRoman(0)/m/n/12 — A simple
 []


Overfull \hbox (2.1472pt too wide) in paragraph at lines 579--579
[]\TU/LatinModernRoman(0)/b/it/12 Example: \TU/LatinModernRoman(0)/m/it/12 The 
body converts carbohydrates
 []

File: ../wm/logoTF.png Graphic file (type bmp)
<../wm/logoTF.png>
[7]
Overfull \hbox (8.02255pt too wide) in paragraph at lines 585--585
[]\TU/LatinModernSans(0)/b/n/14.4 Handicap[] \TU/TimesNewRoman(0)/m/it/12 /ˈhæn
dikæp/ (n) \TU/LatinModernRoman(0)/m/n/12 — A condition
 []


Underfull \hbox (badness 10000) in paragraph at lines 585--585
\TU/LatinModernRoman(0)/m/n/12 to function physically, mentally, or
 []


Underfull \hbox (badness 10000) in paragraph at lines 597--597
[]\TU/LatinModernSans(0)/b/n/14.4 Healthcare[] \TU/TimesNewRoman(0)/m/it/12 /ˈh
elθker/ (n) \TU/LatinModernRoman(0)/m/n/12 — The
 []


Underfull \hbox (badness 10000) in paragraph at lines 615--615
[]\TU/LatinModernSans(0)/b/n/14.4 Heartbeat[] \TU/TimesNewRoman(0)/m/it/12 /ˈhɑ
ːrtbiːt/ (n) \TU/LatinModernRoman(0)/m/n/12 — The
 []


Underfull \hbox (badness 10000) in paragraph at lines 627--627
[]\TU/LatinModernSans(0)/b/n/14.4 Homeopathy[] \TU/TimesNewRoman(0)/m/it/12 /ˌh
oʊmiˈɑːpəθi/ (n) \TU/LatinModernRoman(0)/m/n/12 —
 []


Overfull \hbox (9.23907pt too wide) in paragraph at lines 633--633
[]\TU/LatinModernSans(0)/b/n/14.4 Hormone[] \TU/TimesNewRoman(0)/m/it/12 /ˈhɔːr
moʊn/ (n) \TU/LatinModernRoman(0)/m/n/12 — A regulatory
 []


Underfull \hbox (badness 10000) in paragraph at lines 633--633
[]\TU/LatinModernRoman(0)/b/it/12 Example: \TU/LatinModernRoman(0)/m/it/12 Horm
ones control many
 []


Underfull \hbox (badness 10000) in paragraph at lines 639--639
[]\TU/LatinModernSans(0)/b/n/14.4 Hospice[] \TU/TimesNewRoman(0)/m/it/12 /ˈhɑːs
pɪs/ (n) \TU/LatinModernRoman(0)/m/n/12 — A home
 []


Overfull \hbox (0.71246pt too wide) in paragraph at lines 645--645
[]\TU/LatinModernSans(0)/b/n/14.4 Hospital[] \TU/TimesNewRoman(0)/m/it/12 /ˈhɑː
spɪtl/ (n) \TU/LatinModernRoman(0)/m/n/12 — An institution
 []


Underfull \hbox (badness 10000) in paragraph at lines 651--651
[]\TU/LatinModernSans(0)/b/n/14.4 Hydrotherapy[] \TU/TimesNewRoman(0)/m/it/12 /
ˌhaɪdroʊˈθerəpi/ (n) \TU/LatinModernRoman(0)/m/n/12 —
 []


Underfull \hbox (badness 10000) in paragraph at lines 657--657
[]\TU/LatinModernSans(0)/b/n/14.4 Hypothermia[] \TU/TimesNewRoman(0)/m/it/12 /ˌ
haɪpoʊˈθɜːrmiə/ (n) \TU/LatinModernRoman(0)/m/n/12 —
 []

File: ../wm/logoTF.png Graphic file (type bmp)
<../wm/logoTF.png>
[8]
Underfull \hbox (badness 10000) in paragraph at lines 663--663
[]\TU/LatinModernRoman(0)/b/it/12 Example: \TU/LatinModernRoman(0)/m/it/12 Vacc
ination makes you
 []


Underfull \hbox (badness 6859) in paragraph at lines 669--669
[]\TU/LatinModernRoman(0)/b/it/12 Example: \TU/LatinModernRoman(0)/m/it/12 Babi
es get some natural
 []


Underfull \hbox (badness 6792) in paragraph at lines 675--675
[]\TU/LatinModernSans(0)/b/n/14.4 Immunize[] \TU/TimesNewRoman(0)/m/it/12 /ˈɪmj
unaɪz/ (v) \TU/LatinModernRoman(0)/m/n/12 — Make (a
 []


Underfull \hbox (badness 10000) in paragraph at lines 675--675
\TU/LatinModernRoman(0)/m/it/12 children against common childhood
 []


Underfull \hbox (badness 10000) in paragraph at lines 699--699
[]\TU/LatinModernSans(0)/b/n/14.4 Inflammation[] \TU/TimesNewRoman(0)/m/it/12 /
ˌɪnfləˈmeɪʃn/ (n) \TU/LatinModernRoman(0)/m/n/12 — A
 []


Underfull \hbox (badness 10000) in paragraph at lines 699--699
[]\TU/LatinModernRoman(0)/b/it/12 Example: \TU/LatinModernRoman(0)/m/it/12 Arth
ritis causes painful
 []


Underfull \hbox (badness 10000) in paragraph at lines 705--705
[]\TU/LatinModernSans(0)/b/n/14.4 Influenza[] \TU/TimesNewRoman(0)/m/it/12 /ˌɪn
fluˈenzə/ (n) \TU/LatinModernRoman(0)/m/n/12 — Flu; a
 []


Underfull \hbox (badness 10000) in paragraph at lines 735--735
[]\TU/LatinModernSans(0)/b/n/14.4 Inpatient[] \TU/TimesNewRoman(0)/m/it/12 /ˈɪn
peɪʃnt/ (n) \TU/LatinModernRoman(0)/m/n/12 — A patient
 []


Underfull \hbox (badness 10000) in paragraph at lines 741--741
[]\TU/LatinModernSans(0)/b/n/14.4 Insomnia[] \TU/TimesNewRoman(0)/m/it/12 /ɪnˈs
ɑːmniə/ (n) \TU/LatinModernRoman(0)/m/n/12 — Habitual
 []


Underfull \hbox (badness 10000) in paragraph at lines 747--747
[]\TU/LatinModernSans(0)/b/n/14.4 Insulin[] \TU/TimesNewRoman(0)/m/it/12 /ˈɪnsə
lɪn/ (n) \TU/LatinModernRoman(0)/m/n/12 — A hormone
 []


Underfull \hbox (badness 10000) in paragraph at lines 759--759
[]\TU/LatinModernSans(0)/b/n/14.4 Internal[] \TU/TimesNewRoman(0)/m/it/12 /ɪnˈt
ɜːrnl/ (adj) \TU/LatinModernRoman(0)/m/n/12 — Of or
 []

File: ../wm/logoTF.png Graphic file (type bmp)
<../wm/logoTF.png>
[9]
Underfull \hbox (badness 10000) in paragraph at lines 771--771
[]\TU/LatinModernSans(0)/b/n/14.4 Itch[] \TU/TimesNewRoman(0)/m/it/12 /ɪtʃ/ (n/
v) \TU/LatinModernRoman(0)/m/n/12 — An uncomfortable
 []


Overfull \hbox (5.56613pt too wide) in paragraph at lines 819--819
[]\TU/LatinModernSans(0)/b/n/14.4 Leukemia[] \TU/TimesNewRoman(0)/m/it/12 /luːˈ
kiːmiə/ (n) \TU/LatinModernRoman(0)/m/n/12 — A malignant
 []


Underfull \hbox (badness 10000) in paragraph at lines 825--825
[]\TU/LatinModernRoman(0)/b/it/12 Example: \TU/LatinModernRoman(0)/m/it/12 Mode
rn medicine has
 []


Underfull \hbox (badness 10000) in paragraph at lines 831--831
[]\TU/LatinModernSans(0)/b/n/14.4 Ligament[] \TU/TimesNewRoman(0)/m/it/12 /ˈlɪɡ
əmənt/ (n) \TU/LatinModernRoman(0)/m/n/12 — A short
 []


Underfull \hbox (badness 10000) in paragraph at lines 837--837
[]\TU/LatinModernSans(0)/b/n/14.4 Liver[] \TU/TimesNewRoman(0)/m/it/12 /ˈlɪvər/
 (n) \TU/LatinModernRoman(0)/m/n/12 — A large lobed
 []


Underfull \hbox (badness 5374) in paragraph at lines 837--837
\TU/LatinModernRoman(0)/m/n/12 glandular organ in the abdomen of
 []


Underfull \hbox (badness 10000) in paragraph at lines 843--843
[]\TU/LatinModernSans(0)/b/n/14.4 Longevity[] \TU/TimesNewRoman(0)/m/it/12 /lɔː
nˈdʒevəti/ (n) \TU/LatinModernRoman(0)/m/n/12 — Long
 []

File: ../wm/logoTF.png Graphic file (type bmp)
<../wm/logoTF.png>
[10]
Overfull \hbox (4.20375pt too wide) in paragraph at lines 861--861
[]\TU/LatinModernSans(0)/b/n/14.4 Malaria[] \TU/TimesNewRoman(0)/m/it/12 /məˈle
riə/ (n) \TU/LatinModernRoman(0)/m/n/12 — An intermittent
 []


Underfull \hbox (badness 10000) in paragraph at lines 873--873
[]\TU/LatinModernSans(0)/b/n/14.4 Malnutrition[] \TU/TimesNewRoman(0)/m/it/12 /
ˌmælnuˈtrɪʃn/ (n) \TU/LatinModernRoman(0)/m/n/12 —
 []


Underfull \hbox (badness 10000) in paragraph at lines 885--885
[]\TU/LatinModernSans(0)/b/n/14.4 Medication[] \TU/TimesNewRoman(0)/m/it/12 /ˌm
edɪˈkeɪʃn/ (n) \TU/LatinModernRoman(0)/m/n/12 — A
 []


Underfull \hbox (badness 10000) in paragraph at lines 891--891
[]\TU/LatinModernRoman(0)/b/it/12 Example: \TU/LatinModernRoman(0)/m/it/12 He h
as been practicing
 []


Underfull \hbox (badness 10000) in paragraph at lines 897--897
[]\TU/LatinModernSans(0)/b/n/14.4 Melanoma[] \TU/TimesNewRoman(0)/m/it/12 /ˌmel
əˈnoʊmə/ (n) \TU/LatinModernRoman(0)/m/n/12 — A
 []


Underfull \hbox (badness 10000) in paragraph at lines 927--927
[]\TU/LatinModernSans(0)/b/n/14.4 Nausea[] \TU/TimesNewRoman(0)/m/it/12 /ˈnɔːzi
ə/ (n) \TU/LatinModernRoman(0)/m/n/12 — A feeling of
 []


Underfull \hbox (badness 10000) in paragraph at lines 933--933
[]\TU/LatinModernSans(0)/b/n/14.4 Neurological[] \TU/TimesNewRoman(0)/m/it/12 /
ˌnʊrəˈlɑːdʒɪkl/ (adj) \TU/LatinModernRoman(0)/m/n/12 —
 []


Underfull \hbox (badness 7613) in paragraph at lines 933--933
[]\TU/LatinModernRoman(0)/b/it/12 Example: \TU/LatinModernRoman(0)/m/it/12 Park
inson’s disease is a
 []

File: ../wm/logoTF.png Graphic file (type bmp)
<../wm/logoTF.png>
[11]
Overfull \hbox (12.32428pt too wide) in paragraph at lines 945--945
[]\TU/LatinModernSans(0)/b/n/14.4 Nightmare[] \TU/TimesNewRoman(0)/m/it/12 /ˈna
ɪtmer/ (n) \TU/LatinModernRoman(0)/m/n/12 — A frightening
 []


Underfull \hbox (badness 7704) in paragraph at lines 975--975
[]\TU/LatinModernSans(0)/b/n/14.4 Nutritious[] \TU/TimesNewRoman(0)/m/it/12 /nu
ˈtrɪʃəs/ (adj) \TU/LatinModernRoman(0)/m/n/12 — Efficient
 []


Underfull \hbox (badness 10000) in paragraph at lines 993--993
[]\TU/LatinModernSans(0)/b/n/14.4 Optician[] \TU/TimesNewRoman(0)/m/it/12 /ɑːpˈ
tɪʃn/ (n) \TU/LatinModernRoman(0)/m/n/12 — A person
 []


Underfull \hbox (badness 10000) in paragraph at lines 999--999
[]\TU/LatinModernSans(0)/b/n/14.4 Orthopedic[] \TU/TimesNewRoman(0)/m/it/12 /ˌɔ
ːrθəˈpiːdɪk/ (adj) \TU/LatinModernRoman(0)/m/n/12 —
 []


Underfull \hbox (badness 10000) in paragraph at lines 1005--1005
[]\TU/LatinModernSans(0)/b/n/14.4 Outpatient[] \TU/TimesNewRoman(0)/m/it/12 /ˈa
ʊtpeɪʃnt/ (n) \TU/LatinModernRoman(0)/m/n/12 — A
 []


Underfull \hbox (badness 7238) in paragraph at lines 1005--1005
\TU/LatinModernRoman(0)/m/n/12 patient who attends a hospital for
 []


Underfull \hbox (badness 10000) in paragraph at lines 1011--1011
[]\TU/LatinModernRoman(0)/b/it/12 Example: \TU/LatinModernRoman(0)/m/it/12 You 
can buy common
 []


Underfull \hbox (badness 10000) in paragraph at lines 1017--1017
[]\TU/LatinModernSans(0)/b/n/14.4 Overweight[] \TU/TimesNewRoman(0)/m/it/12 /ˌo
ʊvərˈweɪt/ (adj) \TU/LatinModernRoman(0)/m/n/12 —
 []

File: ../wm/logoTF.png Graphic file (type bmp)
<../wm/logoTF.png>
[12]
Underfull \hbox (badness 10000) in paragraph at lines 1029--1029
[]\TU/LatinModernSans(0)/b/n/14.4 Pacemaker[] \TU/TimesNewRoman(0)/m/it/12 /ˈpe
ɪsmeɪkər/ (n) \TU/LatinModernRoman(0)/m/n/12 — An
 []


Underfull \hbox (badness 10000) in paragraph at lines 1047--1047
[]\TU/LatinModernSans(0)/b/n/14.4 Pancreas[] \TU/TimesNewRoman(0)/m/it/12 /ˈpæŋ
kriəs/ (n) \TU/LatinModernRoman(0)/m/n/12 — A large
 []


Underfull \hbox (badness 10000) in paragraph at lines 1053--1053
[]\TU/LatinModernSans(0)/b/n/14.4 Pandemic[] \TU/TimesNewRoman(0)/m/it/12 /pænˈ
demɪk/ (n) \TU/LatinModernRoman(0)/m/n/12 — (Of a
 []


Overfull \hbox (15.47884pt too wide) in paragraph at lines 1065--1065
[]\TU/LatinModernSans(0)/b/n/14.4 Pathogen[] \TU/TimesNewRoman(0)/m/it/12 /ˈpæθ
ədʒən/ (n) \TU/LatinModernRoman(0)/m/n/12 — A bacterium,
 []


Underfull \hbox (badness 10000) in paragraph at lines 1071--1071
[]\TU/LatinModernSans(0)/b/n/14.4 Patient[] \TU/TimesNewRoman(0)/m/it/12 /ˈpeɪʃ
nt/ (n) \TU/LatinModernRoman(0)/m/n/12 — A person
 []


Underfull \hbox (badness 10000) in paragraph at lines 1077--1077
[]\TU/LatinModernSans(0)/b/n/14.4 Pediatrician[] \TU/TimesNewRoman(0)/m/it/12 /
ˌpiːdiəˈtrɪʃn/ (n) \TU/LatinModernRoman(0)/m/n/12 — A
 []


Underfull \hbox (badness 10000) in paragraph at lines 1077--1077
\TU/LatinModernRoman(0)/m/n/12 medical practitioner specializing in
 []


Underfull \hbox (badness 10000) in paragraph at lines 1083--1083
[]\TU/LatinModernSans(0)/b/n/14.4 Pharmaceutical[] \TU/TimesNewRoman(0)/m/it/12
 /ˌfɑːrməˈsuːtɪkl/ (adj)
 []


Underfull \hbox (badness 10000) in paragraph at lines 1089--1089
[]\TU/LatinModernSans(0)/b/n/14.4 Pharmacist[] \TU/TimesNewRoman(0)/m/it/12 /ˈf
ɑːrməsɪst/ (n) \TU/LatinModernRoman(0)/m/n/12 — A
 []


Underfull \hbox (badness 8189) in paragraph at lines 1095--1095
\TU/LatinModernRoman(0)/m/n/12 hospital department where medicinal
 []


Underfull \hbox (badness 10000) in paragraph at lines 1101--1101
[]\TU/LatinModernSans(0)/b/n/14.4 Physical[] \TU/TimesNewRoman(0)/m/it/12 /ˈfɪz
ɪkl/ (adj) \TU/LatinModernRoman(0)/m/n/12 — Relating to
 []


Underfull \hbox (badness 10000) in paragraph at lines 1107--1107
[]\TU/LatinModernSans(0)/b/n/14.4 Physician[] \TU/TimesNewRoman(0)/m/it/12 /fɪˈ
zɪʃn/ (n) \TU/LatinModernRoman(0)/m/n/12 — A person
 []

File: ../wm/logoTF.png Graphic file (type bmp)
<../wm/logoTF.png>
[13]
Underfull \hbox (badness 10000) in paragraph at lines 1113--1113
[]\TU/LatinModernSans(0)/b/n/14.4 Physiotherapy[] \TU/TimesNewRoman(0)/m/it/12 
/ˌfɪzioʊˈθerəpi/ (n) \TU/LatinModernRoman(0)/m/n/12 —
 []


Underfull \hbox (badness 10000) in paragraph at lines 1125--1125
[]\TU/LatinModernSans(0)/b/n/14.4 Pneumonia[] \TU/TimesNewRoman(0)/m/it/12 /nuː
ˈmoʊniə/ (n) \TU/LatinModernRoman(0)/m/n/12 — Lung
 []


Underfull \hbox (badness 5133) in paragraph at lines 1125--1125
\TU/LatinModernRoman(0)/m/it/12 serious illness, especially for elderly
 []


Underfull \hbox (badness 10000) in paragraph at lines 1131--1131
[]\TU/LatinModernSans(0)/b/n/14.4 Poison[] \TU/TimesNewRoman(0)/m/it/12 /ˈpɔɪzn
/ (n/v) \TU/LatinModernRoman(0)/m/n/12 — A substance
 []


Underfull \hbox (badness 10000) in paragraph at lines 1131--1131
[]\TU/LatinModernRoman(0)/b/it/12 Example: \TU/LatinModernRoman(0)/m/it/12 Many
 common household
 []


Underfull \hbox (badness 10000) in paragraph at lines 1143--1143
[]\TU/LatinModernSans(0)/b/n/14.4 Practitioner[] \TU/TimesNewRoman(0)/m/it/12 /
prækˈtɪʃənər/ (n) \TU/LatinModernRoman(0)/m/n/12 — A
 []


Underfull \hbox (badness 7613) in paragraph at lines 1143--1143
\TU/LatinModernRoman(0)/m/n/12 person actively engaged in an art,
 []


Underfull \hbox (badness 10000) in paragraph at lines 1143--1143
\TU/LatinModernRoman(0)/m/n/12 discipline, or profession, especially
 []


Overfull \hbox (14.02351pt too wide) in paragraph at lines 1149--1149
[]\TU/LatinModernSans(0)/b/n/14.4 Prevent[] \TU/TimesNewRoman(0)/m/it/12 /prɪˈv
ent/ (v) \TU/LatinModernRoman(0)/m/n/12 — Keep (something)
 []


Underfull \hbox (badness 8000) in paragraph at lines 1149--1149
[]\TU/LatinModernRoman(0)/b/it/12 Example: \TU/LatinModernRoman(0)/m/it/12 Vacc
ination is the most
 []


Underfull \hbox (badness 10000) in paragraph at lines 1155--1155
[]\TU/LatinModernSans(0)/b/n/14.4 Prevention[] \TU/TimesNewRoman(0)/m/it/12 /pr
ɪˈvenʃn/ (n) \TU/LatinModernRoman(0)/m/n/12 — The
 []


Underfull \hbox (badness 10000) in paragraph at lines 1155--1155
\TU/LatinModernRoman(0)/m/n/12 action of stopping something from
 []


Underfull \hbox (badness 5119) in paragraph at lines 1161--1161
[]\TU/LatinModernSans(0)/b/n/14.4 Primary care[] \TU/TimesNewRoman(0)/m/it/12 /
ˌpraɪmeri ˈker/ (n) \TU/LatinModernRoman(0)/m/n/12 —
 []


Underfull \hbox (badness 10000) in paragraph at lines 1167--1167
[]\TU/LatinModernSans(0)/b/n/14.4 Prognosis[] \TU/TimesNewRoman(0)/m/it/12 /prɑ
ːɡˈnoʊsɪs/ (n) \TU/LatinModernRoman(0)/m/n/12 — The
 []


Underfull \hbox (badness 10000) in paragraph at lines 1179--1179
[]\TU/LatinModernSans(0)/b/n/14.4 Psychological[] \TU/TimesNewRoman(0)/m/it/12 
/ˌsaɪkəˈlɑːdʒɪkl/ (adj) \TU/LatinModernRoman(0)/m/n/12 —
 []


Underfull \hbox (badness 10000) in paragraph at lines 1185--1185
[]\TU/LatinModernSans(0)/b/n/14.4 Pulse[] \TU/TimesNewRoman(0)/m/it/12 /pʌls/ (
n) \TU/LatinModernRoman(0)/m/n/12 — A rhythmical
 []


Underfull \hbox (badness 10000) in paragraph at lines 1191--1191
[]\TU/LatinModernSans(0)/b/n/14.4 Quarantine[] \TU/TimesNewRoman(0)/m/it/12 /ˈk
wɔːrəntiːn/ (n/v) \TU/LatinModernRoman(0)/m/n/12 — A
 []

File: ../wm/logoTF.png Graphic file (type bmp)
<../wm/logoTF.png>
[14]
Underfull \hbox (badness 10000) in paragraph at lines 1197--1197
[]\TU/LatinModernSans(0)/b/n/14.4 Radiation[] \TU/TimesNewRoman(0)/m/it/12 /ˌre
ɪdiˈeɪʃn/ (n) \TU/LatinModernRoman(0)/m/n/12 — The
 []

)

File: ../wm/logoTF.png Graphic file (type bmp)
<../wm/logoTF.png>
[15] (./healthVocab.aux)
 ***********
LaTeX2e <2024-11-01> patch level 2
L3 programming layer <2025-01-18>
 ***********
 ) 
Here is how much of TeX's memory you used:
 19004 strings out of 473832
 442926 string characters out of 5729481
 868975 words of memory out of 5000000
 41755 multiletter control sequences out of 15000+600000
 559173 words of font info for 78 fonts, out of 8000000 for 9000
 1348 hyphenation exceptions out of 8191
 131i,16n,135p,461b,981s stack positions out of 10000i,1000n,20000p,200000b,200000s

Output written on healthVocab.pdf (15 pages).
